2022-03-26 01:49:50,107 - ERROR - [-] Unknown Exceptions for Bird Mountain wrenbabbler
2022-03-26 01:51:02,303 - ERROR - [-] Unknown Exceptions for Bird Mousecolored antshrike
2022-03-26 01:51:11,022 - ERROR - [-] Unknown Exceptions for Bird Mousecolored thistletail
2022-03-26 01:51:19,390 - ERROR - [-] Unknown Exceptions for Bird Mousecolored tyrannulet
2022-03-26 01:51:27,149 - ERROR - [-] Unknown Exceptions for Bird Mousecoloured penduline tit
2022-03-26 01:51:35,239 - ERROR - [-] Unknown Exceptions for Bird Mousecoloured tapaculo
2022-03-26 01:53:04,311 - ERROR - [-] Unknown Exceptions for Bird Moustached hawkcuckoo
2022-03-26 01:54:57,633 - ERROR - [-] Unknown Exceptions for Bird Mrs Humes pheasant
2022-03-26 01:55:15,041 - ERROR - [-] Unknown Exceptions for Bird Mrs. Humes pheasant
2022-03-26 01:55:43,491 - ERROR - [-] Unknown Exceptions for Bird Multicoloured tanager
2022-03-26 01:57:03,366 - ERROR - [-] Unknown Exceptions for Bird Mussau monarch
2022-03-26 01:57:30,761 - ERROR - [-] Unknown Exceptions for Bird Myrtle warbler
2022-03-26 01:57:39,032 - ERROR - [-] Unknown Exceptions for Bird Mérida flowerpiercer
2022-03-26 01:57:46,811 - ERROR - [-] Unknown Exceptions for Bird Mérida sunangel
2022-03-26 01:57:55,306 - ERROR - [-] Unknown Exceptions for Bird Mérida tapaculo
2022-03-26 01:58:03,680 - ERROR - [-] Unknown Exceptions for Bird Mérida wren
2022-03-26 01:58:21,794 - ERROR - [-] Unknown Exceptions for Bird Naga wrenbabbler
2022-03-26 01:58:29,354 - ERROR - [-] Unknown Exceptions for Bird Nahans partridge
2022-03-26 01:58:37,271 - ERROR - [-] Unknown Exceptions for Bird Nahans partridge1
2022-03-26 01:58:45,719 - ERROR - [-] Unknown Exceptions for Bird Nakedfaced barbet
2022-03-26 01:58:53,428 - ERROR - [-] Unknown Exceptions for Bird Nakedfaced spiderhunter
2022-03-26 02:01:11,560 - ERROR - [-] Unknown Exceptions for Bird Narina trogon
2022-03-26 02:01:29,321 - ERROR - [-] Unknown Exceptions for Bird Narrowbilled antwren
2022-03-26 02:01:37,039 - ERROR - [-] Unknown Exceptions for Bird Narrowbilled tody
2022-03-26 02:01:44,818 - ERROR - [-] Unknown Exceptions for Bird Narrowbilled woodcreeper
2022-03-26 02:01:53,155 - ERROR - [-] Unknown Exceptions for Bird Narrowtailed emerald
2022-03-26 02:02:00,336 - ERROR - [-] Unknown Exceptions for Bird Narrowtailed starling
2022-03-26 02:02:18,766 - ERROR - [-] Unknown Exceptions for Bird Natal spurfowl
2022-03-26 02:04:33,795 - ERROR - [-] Unknown Exceptions for Bird Neddicky
2022-03-26 02:04:42,501 - ERROR - [-] Unknown Exceptions for Bird Needlebilled hermit
2022-03-26 02:05:00,290 - ERROR - [-] Unknown Exceptions for Bird Negros bleedingheart
2022-03-26 02:05:08,195 - ERROR - [-] Unknown Exceptions for Bird Negros bleedingheart pigeon
2022-03-26 02:05:29,047 - ERROR - [-] Unknown Exceptions for Bird Negros leaf warbler
2022-03-26 02:06:40,908 - ERROR - [-] Unknown Exceptions for Bird Neotropical palm swift
2022-03-26 02:06:49,046 - ERROR - [-] Unknown Exceptions for Bird Nepal cupwing
2022-03-26 02:08:49,633 - ERROR - [-] Unknown Exceptions for Bird New Britain thicketbird
2022-03-26 02:08:59,499 - ERROR - [-] Unknown Exceptions for Bird New Caledonian crow
2022-03-26 02:09:08,603 - ERROR - [-] Unknown Exceptions for Bird New Caledonian cuckooshrike
2022-03-26 02:09:18,482 - ERROR - [-] Unknown Exceptions for Bird New Caledonian friarbird
2022-03-26 02:09:37,037 - ERROR - [-] Unknown Exceptions for Bird New Caledonian myzomela
2022-03-26 02:09:46,672 - ERROR - [-] Unknown Exceptions for Bird New Caledonian nightjar
2022-03-26 02:09:53,808 - ERROR - [-] Unknown Exceptions for Bird New Caledonian owletnightjar
2022-03-26 02:10:03,449 - ERROR - [-] Unknown Exceptions for Bird New Caledonian parakeet
2022-03-26 02:10:12,786 - ERROR - [-] Unknown Exceptions for Bird New Caledonian rail
2022-03-26 02:10:19,686 - ERROR - [-] Unknown Exceptions for Bird New Caledonian thicketbird
2022-03-26 02:10:29,689 - ERROR - [-] Unknown Exceptions for Bird New Caledonian whistler
2022-03-26 02:11:07,122 - ERROR - [-] Unknown Exceptions for Bird New Guinea friarbird
2022-03-26 02:11:23,759 - ERROR - [-] Unknown Exceptions for Bird New Guinea thornbill
2022-03-26 02:11:53,208 - ERROR - [-] Unknown Exceptions for Bird New Ireland boobook
2022-03-26 02:12:46,436 - ERROR - [-] Unknown Exceptions for Bird New Zealand dotterel
2022-03-26 02:13:53,390 - ERROR - [-] Unknown Exceptions for Bird New Zealand merganser
2022-03-26 02:14:10,909 - ERROR - [-] Unknown Exceptions for Bird New Zealand rock wren
2022-03-26 02:15:07,150 - ERROR - [-] Unknown Exceptions for Bird NiamNiam parrot
2022-03-26 02:15:14,731 - ERROR - [-] Unknown Exceptions for Bird Nias hill myna
2022-03-26 02:16:51,567 - ERROR - [-] Unknown Exceptions for Bird Nicobar megapode
2022-03-26 02:18:35,612 - ERROR - [-] Unknown Exceptions for Bird Nilgiri blue robin
2022-03-26 02:20:51,635 - ERROR - [-] Unknown Exceptions for Bird Noisy scrubbird
2022-03-26 02:22:07,767 - ERROR - [-] Unknown Exceptions for Bird Norfolk robin
2022-03-26 02:22:41,874 - ERROR - [-] Unknown Exceptions for Bird North Island k\u014dkako
2022-03-26 02:23:28,099 - ERROR - [-] Unknown Exceptions for Bird North Island takah\u0113
2022-03-26 02:25:03,197 - ERROR - [-] Unknown Exceptions for Bird Northern black korhaan
2022-03-26 02:25:41,018 - ERROR - [-] Unknown Exceptions for Bird Northern brownthroated weaver
2022-03-26 02:25:58,432 - ERROR - [-] Unknown Exceptions for Bird Northern carmine beeeater
2022-03-26 02:26:26,017 - ERROR - [-] Unknown Exceptions for Bird Northern chestnuttailed antbird
2022-03-26 02:26:43,873 - ERROR - [-] Unknown Exceptions for Bird Northern dark newtonia
2022-03-26 02:26:51,997 - ERROR - [-] Unknown Exceptions for Bird Northern doublecollared sunbird
2022-03-26 02:27:59,347 - ERROR - [-] Unknown Exceptions for Bird Northern golden bulbul
2022-03-26 02:28:20,916 - ERROR - [-] Unknown Exceptions for Bird Northern greyheaded sparrow
2022-03-26 02:28:28,678 - ERROR - [-] Unknown Exceptions for Bird Northern grosbeakcanary
2022-03-26 02:28:46,289 - ERROR - [-] Unknown Exceptions for Bird Northern hawkowl
2022-03-26 02:29:24,288 - ERROR - [-] Unknown Exceptions for Bird Northern mealy amazon
2022-03-26 02:29:41,423 - ERROR - [-] Unknown Exceptions for Bird Northern mountain cacique
2022-03-26 02:29:48,627 - ERROR - [-] Unknown Exceptions for Bird Northern nightingalewren
2022-03-26 02:31:05,872 - ERROR - [-] Unknown Exceptions for Bird Northern redbilled hornbill
2022-03-26 02:31:13,340 - ERROR - [-] Unknown Exceptions for Bird Northern rockhopper penguin
2022-03-26 02:31:33,414 - ERROR - [-] Unknown Exceptions for Bird Northern roughwinged swallow
2022-03-26 02:31:40,889 - ERROR - [-] Unknown Exceptions for Bird Northern royal albatross
2022-03-26 02:31:49,069 - ERROR - [-] Unknown Exceptions for Bird Northern royal flycatcher
2022-03-26 02:31:57,269 - ERROR - [-] Unknown Exceptions for Bird Northern sawwhet owl
2022-03-26 02:33:27,522 - ERROR - [-] Unknown Exceptions for Bird Northern tufted flycatcher
2022-03-26 02:33:47,595 - ERROR - [-] Unknown Exceptions for Bird Northern waterthrush
2022-03-26 02:34:04,997 - ERROR - [-] Unknown Exceptions for Bird Northern whitecrowned shrike
2022-03-26 02:34:13,542 - ERROR - [-] Unknown Exceptions for Bird Northern whitecrowned tapaculo
2022-03-26 02:34:20,440 - ERROR - [-] Unknown Exceptions for Bird Northern whitefaced owl
2022-03-26 02:34:28,095 - ERROR - [-] Unknown Exceptions for Bird Northern whitefringed antwren
2022-03-26 02:34:35,687 - ERROR - [-] Unknown Exceptions for Bird Northern yellow whiteeye
2022-03-26 02:35:23,638 - ERROR - [-] Unknown Exceptions for Bird Nullarbor quailthrush
2022-03-26 02:36:46,443 - ERROR - [-] Unknown Exceptions for Bird Oahu alauahio
2022-03-26 02:37:21,245 - ERROR - [-] Unknown Exceptions for Bird Oahu \u014d\u014d
2022-03-26 02:37:49,262 - ERROR - [-] Unknown Exceptions for Bird Oaxaca hummingbird
2022-03-26 02:38:15,528 - ERROR - [-] Unknown Exceptions for Bird Oberholsers fruit dove
2022-03-26 02:38:23,835 - ERROR - [-] Unknown Exceptions for Bird Oberholsers fruit dove   
2022-03-26 02:38:40,157 - ERROR - [-] Unknown Exceptions for Bird Obi paradisecrow
2022-03-26 02:39:08,384 - ERROR - [-] Unknown Exceptions for Bird Oceanic flycatcher
2022-03-26 02:41:31,128 - ERROR - [-] Unknown Exceptions for Bird Ochraceousbreasted flycatcher
2022-03-26 02:41:38,972 - ERROR - [-] Unknown Exceptions for Bird Ochre oriole
2022-03-26 02:41:46,203 - ERROR - [-] Unknown Exceptions for Bird Ochrebacked woodpecker
2022-03-26 02:41:53,839 - ERROR - [-] Unknown Exceptions for Bird Ochrebellied boobook
2022-03-26 02:42:01,470 - ERROR - [-] Unknown Exceptions for Bird Ochrebellied dove
2022-03-26 02:42:09,150 - ERROR - [-] Unknown Exceptions for Bird Ochrebellied flycatcher
2022-03-26 02:42:16,398 - ERROR - [-] Unknown Exceptions for Bird Ochrebreasted antpitta
2022-03-26 02:42:23,667 - ERROR - [-] Unknown Exceptions for Bird Ochrebreasted brushfinch
2022-03-26 02:42:30,818 - ERROR - [-] Unknown Exceptions for Bird Ochrebreasted catbird
2022-03-26 02:42:38,414 - ERROR - [-] Unknown Exceptions for Bird Ochrebreasted foliagegleaner
2022-03-26 02:42:45,875 - ERROR - [-] Unknown Exceptions for Bird Ochrebreasted pipit
2022-03-26 02:42:53,451 - ERROR - [-] Unknown Exceptions for Bird Ochrebreasted tanager
2022-03-26 02:43:00,600 - ERROR - [-] Unknown Exceptions for Bird Ochrebrowed thistletail
2022-03-26 02:43:07,824 - ERROR - [-] Unknown Exceptions for Bird Ochrecheeked spinetail
2022-03-26 02:43:16,238 - ERROR - [-] Unknown Exceptions for Bird Ochrecollared monarch
2022-03-26 02:43:24,901 - ERROR - [-] Unknown Exceptions for Bird Ochrecollared piculet
2022-03-26 02:43:32,250 - ERROR - [-] Unknown Exceptions for Bird Ochrefaced todyflycatcher
2022-03-26 02:43:39,619 - ERROR - [-] Unknown Exceptions for Bird Ochreflanked tapaculo
2022-03-26 02:43:47,110 - ERROR - [-] Unknown Exceptions for Bird Ochrefronted antpitta
2022-03-26 02:43:54,246 - ERROR - [-] Unknown Exceptions for Bird Ochrelored flatbill
2022-03-26 02:44:01,999 - ERROR - [-] Unknown Exceptions for Bird Ochremarked parakeet
2022-03-26 02:44:09,272 - ERROR - [-] Unknown Exceptions for Bird Ochrenaped ground tyrant
2022-03-26 02:44:16,463 - ERROR - [-] Unknown Exceptions for Bird Ochrerumped antbird
2022-03-26 02:44:23,811 - ERROR - [-] Unknown Exceptions for Bird Ochrestriped antpitta
2022-03-26 02:46:27,444 - ERROR - [-] Unknown Exceptions for Bird Olivaceous siskin  female
2022-03-26 02:46:55,320 - ERROR - [-] Unknown Exceptions for Bird Olive beeeater
2022-03-26 02:48:02,485 - ERROR - [-] Unknown Exceptions for Bird Olive longtailed cuckoo
2022-03-26 02:49:28,594 - ERROR - [-] Unknown Exceptions for Bird Olive tufted flycatcher
2022-03-26 02:50:04,909 - ERROR - [-] Unknown Exceptions for Bird Olivebacked euphonia
2022-03-26 02:50:12,137 - ERROR - [-] Unknown Exceptions for Bird Olivebacked flowerpecker
2022-03-26 02:50:19,044 - ERROR - [-] Unknown Exceptions for Bird Olivebacked foliagegleaner
2022-03-26 02:50:27,417 - ERROR - [-] Unknown Exceptions for Bird Olivebacked oriole
2022-03-26 02:50:36,105 - ERROR - [-] Unknown Exceptions for Bird Olivebacked pipit
2022-03-26 02:50:43,682 - ERROR - [-] Unknown Exceptions for Bird Olivebacked quaildove
2022-03-26 02:50:50,641 - ERROR - [-] Unknown Exceptions for Bird Olivebacked sunbird
2022-03-26 02:50:58,284 - ERROR - [-] Unknown Exceptions for Bird Olivebacked tailorbird
2022-03-26 02:51:05,609 - ERROR - [-] Unknown Exceptions for Bird Olivebacked tanager
2022-03-26 02:51:13,559 - ERROR - [-] Unknown Exceptions for Bird Olivebacked woodcreeper
2022-03-26 02:51:20,719 - ERROR - [-] Unknown Exceptions for Bird Olivebacked woodpecker
2022-03-26 02:51:28,393 - ERROR - [-] Unknown Exceptions for Bird Olivebellied sunbird
2022-03-26 02:51:35,891 - ERROR - [-] Unknown Exceptions for Bird Olivebreasted greenbul
2022-03-26 02:51:44,065 - ERROR - [-] Unknown Exceptions for Bird Olivebreasted greenbul   
2022-03-26 02:51:51,192 - ERROR - [-] Unknown Exceptions for Bird Olivebrown oriole
2022-03-26 02:51:58,808 - ERROR - [-] Unknown Exceptions for Bird Olivecapped flowerpecker
2022-03-26 02:52:06,134 - ERROR - [-] Unknown Exceptions for Bird Olivecapped warbler
2022-03-26 02:52:13,484 - ERROR - [-] Unknown Exceptions for Bird Olivechested flycatcher
2022-03-26 02:52:20,772 - ERROR - [-] Unknown Exceptions for Bird Olivecolored whiteeye
2022-03-26 02:52:28,591 - ERROR - [-] Unknown Exceptions for Bird Olivecrowned crescentchest
2022-03-26 02:52:35,697 - ERROR - [-] Unknown Exceptions for Bird Olivecrowned flowerpecker
2022-03-26 02:52:43,278 - ERROR - [-] Unknown Exceptions for Bird Olivecrowned yellowthroat
2022-03-26 02:52:50,709 - ERROR - [-] Unknown Exceptions for Bird Olivefaced flatbill
2022-03-26 02:52:58,561 - ERROR - [-] Unknown Exceptions for Bird Oliveflanked ground robin
2022-03-26 02:53:05,791 - ERROR - [-] Unknown Exceptions for Bird Olivegreen camaroptera
2022-03-26 02:53:13,929 - ERROR - [-] Unknown Exceptions for Bird Olivegreen tanager
2022-03-26 02:53:21,149 - ERROR - [-] Unknown Exceptions for Bird Olivegreen tyrannulet
2022-03-26 02:53:28,619 - ERROR - [-] Unknown Exceptions for Bird Oliveheaded greenbul
2022-03-26 02:53:36,262 - ERROR - [-] Unknown Exceptions for Bird Oliveheaded greenbul   
2022-03-26 02:53:44,446 - ERROR - [-] Unknown Exceptions for Bird Oliveheaded lorikeet
2022-03-26 02:53:52,026 - ERROR - [-] Unknown Exceptions for Bird Oliveheaded weaver
2022-03-26 02:53:59,970 - ERROR - [-] Unknown Exceptions for Bird Olivesided flycatcher
2022-03-26 02:54:07,647 - ERROR - [-] Unknown Exceptions for Bird Olivespotted hummingbird
2022-03-26 02:54:14,928 - ERROR - [-] Unknown Exceptions for Bird Olivestriped flycatcher
2022-03-26 02:54:22,596 - ERROR - [-] Unknown Exceptions for Bird Olivethroated parakeet
2022-03-26 02:54:29,941 - ERROR - [-] Unknown Exceptions for Bird Olivetree warbler
2022-03-26 02:54:36,967 - ERROR - [-] Unknown Exceptions for Bird Olivewinged bulbul
2022-03-26 02:54:46,411 - ERROR - [-] Unknown Exceptions for Bird Olomao
2022-03-26 02:55:14,187 - ERROR - [-] Unknown Exceptions for Bird Olsons petrel
2022-03-26 02:55:31,100 - ERROR - [-] Unknown Exceptions for Bird Onecolored becard
2022-03-26 02:55:39,108 - ERROR - [-] Unknown Exceptions for Bird Opalcrowned manakin
2022-03-26 02:55:46,962 - ERROR - [-] Unknown Exceptions for Bird Opalcrowned tanager
2022-03-26 02:55:54,343 - ERROR - [-] Unknown Exceptions for Bird Opalrumped tanager
2022-03-26 02:56:31,368 - ERROR - [-] Unknown Exceptions for Bird Orange River whiteeye
2022-03-26 02:57:46,237 - ERROR - [-] Unknown Exceptions for Bird Orangebacked troupial
2022-03-26 02:57:53,557 - ERROR - [-] Unknown Exceptions for Bird Orangebacked woodpecker
2022-03-26 02:58:01,071 - ERROR - [-] Unknown Exceptions for Bird Orangebanded flycatcher
2022-03-26 02:58:10,423 - ERROR - [-] Unknown Exceptions for Bird Orangebellied antwren
2022-03-26 02:58:18,457 - ERROR - [-] Unknown Exceptions for Bird Orangebellied euphonia
2022-03-26 02:58:25,575 - ERROR - [-] Unknown Exceptions for Bird Orangebellied flowerpecker
2022-03-26 02:58:33,767 - ERROR - [-] Unknown Exceptions for Bird Orangebellied fruit dove
2022-03-26 02:58:41,049 - ERROR - [-] Unknown Exceptions for Bird Orangebellied leafbird
2022-03-26 02:58:49,013 - ERROR - [-] Unknown Exceptions for Bird Orangebellied manakin
2022-03-26 02:58:56,367 - ERROR - [-] Unknown Exceptions for Bird Orangebellied parrot
2022-03-26 02:59:03,789 - ERROR - [-] Unknown Exceptions for Bird Orangebilled babbler
2022-03-26 02:59:10,791 - ERROR - [-] Unknown Exceptions for Bird Orangebilled lorikeet
2022-03-26 02:59:18,545 - ERROR - [-] Unknown Exceptions for Bird Orangebilled nightingalethrush
2022-03-26 02:59:26,104 - ERROR - [-] Unknown Exceptions for Bird Orangebilled sparrow
2022-03-26 02:59:33,413 - ERROR - [-] Unknown Exceptions for Bird Orangebreasted bunting
2022-03-26 02:59:40,883 - ERROR - [-] Unknown Exceptions for Bird Orangebreasted bushshrike
2022-03-26 02:59:48,417 - ERROR - [-] Unknown Exceptions for Bird Orangebreasted falcon
2022-03-26 02:59:55,718 - ERROR - [-] Unknown Exceptions for Bird Orangebreasted fig parrot
2022-03-26 03:00:04,216 - ERROR - [-] Unknown Exceptions for Bird Orangebreasted fruiteater
2022-03-26 03:00:11,440 - ERROR - [-] Unknown Exceptions for Bird Orangebreasted green pigeon
2022-03-26 03:00:19,703 - ERROR - [-] Unknown Exceptions for Bird Orangebreasted laughingthrush
2022-03-26 03:00:27,250 - ERROR - [-] Unknown Exceptions for Bird Orangebreasted sunbird
2022-03-26 03:00:35,299 - ERROR - [-] Unknown Exceptions for Bird Orangebreasted thornbird
2022-03-26 03:00:43,461 - ERROR - [-] Unknown Exceptions for Bird Orangebreasted trogon
2022-03-26 03:00:51,555 - ERROR - [-] Unknown Exceptions for Bird Orangebreasted waxbill
2022-03-26 03:00:58,920 - ERROR - [-] Unknown Exceptions for Bird Orangebrowed hemispingus
2022-03-26 03:01:06,935 - ERROR - [-] Unknown Exceptions for Bird Orangecheeked honeyeater
2022-03-26 03:01:16,018 - ERROR - [-] Unknown Exceptions for Bird Orangecheeked parrot
2022-03-26 03:01:23,816 - ERROR - [-] Unknown Exceptions for Bird Orangecheeked waxbill
2022-03-26 03:01:31,527 - ERROR - [-] Unknown Exceptions for Bird Orangechinned parakeet
2022-03-26 03:01:39,025 - ERROR - [-] Unknown Exceptions for Bird Orangecollared manakin
2022-03-26 03:01:45,774 - ERROR - [-] Unknown Exceptions for Bird Orangecrested flycatcher
2022-03-26 03:01:52,880 - ERROR - [-] Unknown Exceptions for Bird Orangecrested manakin
2022-03-26 03:02:00,980 - ERROR - [-] Unknown Exceptions for Bird Orangecrowned euphonia
2022-03-26 03:02:08,993 - ERROR - [-] Unknown Exceptions for Bird Orangecrowned fairywren
2022-03-26 03:02:16,351 - ERROR - [-] Unknown Exceptions for Bird Orangecrowned oriole
2022-03-26 03:02:23,959 - ERROR - [-] Unknown Exceptions for Bird Orangecrowned warbler
2022-03-26 03:02:31,327 - ERROR - [-] Unknown Exceptions for Bird Orangeeared tanager
2022-03-26 03:02:38,895 - ERROR - [-] Unknown Exceptions for Bird Orangeeyed flatbill
2022-03-26 03:02:46,058 - ERROR - [-] Unknown Exceptions for Bird Orangeeyed thornbird
2022-03-26 03:02:54,238 - ERROR - [-] Unknown Exceptions for Bird Orangefooted scrubfowl
2022-03-26 03:03:01,697 - ERROR - [-] Unknown Exceptions for Bird Orangefronted barbet
2022-03-26 03:03:08,929 - ERROR - [-] Unknown Exceptions for Bird Orangefronted fruit dove
2022-03-26 03:03:16,175 - ERROR - [-] Unknown Exceptions for Bird Orangefronted hanging parrot
2022-03-26 03:03:24,233 - ERROR - [-] Unknown Exceptions for Bird Orangefronted parakeet
2022-03-26 03:03:31,618 - ERROR - [-] Unknown Exceptions for Bird Orangefronted plushcrown
2022-03-26 03:03:38,920 - ERROR - [-] Unknown Exceptions for Bird Orangefronted yellow finch
2022-03-26 03:03:46,253 - ERROR - [-] Unknown Exceptions for Bird Orangeheaded tanager
2022-03-26 03:03:53,950 - ERROR - [-] Unknown Exceptions for Bird Orangeheaded thrush
2022-03-26 03:04:01,369 - ERROR - [-] Unknown Exceptions for Bird Orangenecked partridge
2022-03-26 03:04:19,616 - ERROR - [-] Unknown Exceptions for Bird Orangesided thrush
2022-03-26 03:04:27,037 - ERROR - [-] Unknown Exceptions for Bird Orangespotted bulbul
2022-03-26 03:04:34,386 - ERROR - [-] Unknown Exceptions for Bird Orangethroated sunangel
2022-03-26 03:04:42,056 - ERROR - [-] Unknown Exceptions for Bird Orangethroated tanager
2022-03-26 03:04:49,156 - ERROR - [-] Unknown Exceptions for Bird Orangetufted spiderhunter
2022-03-26 03:04:56,801 - ERROR - [-] Unknown Exceptions for Bird Orangetufted sunbird
2022-03-26 03:05:04,676 - ERROR - [-] Unknown Exceptions for Bird Orangewinged amazon
2022-03-26 03:05:12,307 - ERROR - [-] Unknown Exceptions for Bird Orangewinged pytilia
2022-03-26 03:06:13,253 - ERROR - [-] Unknown Exceptions for Bird Oriental dollarbird
2022-03-26 03:06:20,852 - ERROR - [-] Unknown Exceptions for Bird Oriental dwarf kingfisher
2022-03-26 03:06:47,638 - ERROR - [-] Unknown Exceptions for Bird Oriental magpierobin
2022-03-26 03:08:45,972 - ERROR - [-] Unknown Exceptions for Bird Orinoco saltator
2022-03-26 03:10:01,926 - ERROR - [-] Unknown Exceptions for Bird Ornate hawkeagle
2022-03-26 03:11:06,985 - ERROR - [-] Unknown Exceptions for Bird Otago shag
2022-03-26 03:11:53,167 - ERROR - [-] Unknown Exceptions for Bird Ouvea parakeet
2022-03-26 03:12:29,781 - ERROR - [-] Unknown Exceptions for Bird O‘ahu ‘\u014d‘\u014d
2022-03-26 03:13:56,644 - ERROR - [-] Unknown Exceptions for Bird Pacific hornero
2022-03-26 03:14:33,952 - ERROR - [-] Unknown Exceptions for Bird Pacific longtailed cuckoo
2022-03-26 03:15:11,142 - ERROR - [-] Unknown Exceptions for Bird Pacific pygmy owl
2022-03-26 03:15:41,316 - ERROR - [-] Unknown Exceptions for Bird Pacific royal flycatcher
2022-03-26 03:16:17,509 - ERROR - [-] Unknown Exceptions for Bird Pacific tuftedcheek
2022-03-26 03:16:35,141 - ERROR - [-] Unknown Exceptions for Bird Pacificslope flycatcher
2022-03-26 03:17:13,036 - ERROR - [-] Unknown Exceptions for Bird Paintbilled crake
2022-03-26 03:17:49,498 - ERROR - [-] Unknown Exceptions for Bird Painted finch
2022-03-26 03:18:37,949 - ERROR - [-] Unknown Exceptions for Bird Painted quailthrush
2022-03-26 03:19:23,579 - ERROR - [-] Unknown Exceptions for Bird Painted todyflycatcher
2022-03-26 03:19:31,573 - ERROR - [-] Unknown Exceptions for Bird Painted whitestart
2022-03-26 03:19:57,471 - ERROR - [-] Unknown Exceptions for Bird Palau cicadabird
2022-03-26 03:20:25,397 - ERROR - [-] Unknown Exceptions for Bird Palau fruit dove
2022-03-26 03:21:17,553 - ERROR - [-] Unknown Exceptions for Bird Palawan bulbul
2022-03-26 03:21:25,708 - ERROR - [-] Unknown Exceptions for Bird Palawan drongo
2022-03-26 03:22:10,107 - ERROR - [-] Unknown Exceptions for Bird Palawan peacockpheasant
2022-03-26 03:23:30,990 - ERROR - [-] Unknown Exceptions for Bird Pale crag martin
2022-03-26 03:24:56,327 - ERROR - [-] Unknown Exceptions for Bird Pale whiteeye
2022-03-26 03:25:03,098 - ERROR - [-] Unknown Exceptions for Bird Palebellied hermit
2022-03-26 03:25:10,294 - ERROR - [-] Unknown Exceptions for Bird Palebellied mourner
2022-03-26 03:25:17,145 - ERROR - [-] Unknown Exceptions for Bird Palebellied myna
2022-03-26 03:25:24,073 - ERROR - [-] Unknown Exceptions for Bird Palebellied tapaculo
2022-03-26 03:25:30,613 - ERROR - [-] Unknown Exceptions for Bird Palebellied tyrantmanakin
2022-03-26 03:25:38,147 - ERROR - [-] Unknown Exceptions for Bird Palebellied whiteeye
2022-03-26 03:25:45,105 - ERROR - [-] Unknown Exceptions for Bird Palebilled antpitta
2022-03-26 03:25:52,165 - ERROR - [-] Unknown Exceptions for Bird Palebilled flowerpecker
2022-03-26 03:25:59,407 - ERROR - [-] Unknown Exceptions for Bird Palebilled hornbill
2022-03-26 03:26:06,251 - ERROR - [-] Unknown Exceptions for Bird Palebilled parrotbill
2022-03-26 03:26:13,334 - ERROR - [-] Unknown Exceptions for Bird Palebilled scrubwren
2022-03-26 03:26:20,682 - ERROR - [-] Unknown Exceptions for Bird Palebilled sicklebill
2022-03-26 03:26:27,667 - ERROR - [-] Unknown Exceptions for Bird Palebilled woodpecker
2022-03-26 03:26:34,143 - ERROR - [-] Unknown Exceptions for Bird Paleblue monarch
2022-03-26 03:26:41,268 - ERROR - [-] Unknown Exceptions for Bird Palebreasted illadopsis
2022-03-26 03:26:48,263 - ERROR - [-] Unknown Exceptions for Bird Palebreasted spinetail
2022-03-26 03:26:55,701 - ERROR - [-] Unknown Exceptions for Bird Palebreasted thrush
2022-03-26 03:27:03,139 - ERROR - [-] Unknown Exceptions for Bird Palebrowed tinamou
2022-03-26 03:27:10,252 - ERROR - [-] Unknown Exceptions for Bird Palebrowed treehunter
2022-03-26 03:27:17,515 - ERROR - [-] Unknown Exceptions for Bird Palecapped pigeon
2022-03-26 03:27:24,260 - ERROR - [-] Unknown Exceptions for Bird Palechinned blue flycatcher
2022-03-26 03:27:31,760 - ERROR - [-] Unknown Exceptions for Bird Palecrested woodpecker
2022-03-26 03:27:39,383 - ERROR - [-] Unknown Exceptions for Bird Palecrowned cisticola
2022-03-26 03:27:46,606 - ERROR - [-] Unknown Exceptions for Bird Paleedged flycatcher
2022-03-26 03:27:53,341 - ERROR - [-] Unknown Exceptions for Bird Paleeyed blackbird
2022-03-26 03:28:00,466 - ERROR - [-] Unknown Exceptions for Bird Paleeyed pygmy tyrant
2022-03-26 03:28:07,390 - ERROR - [-] Unknown Exceptions for Bird Paleeyed thrush
2022-03-26 03:28:14,212 - ERROR - [-] Unknown Exceptions for Bird Palefaced bareeye
2022-03-26 03:28:21,587 - ERROR - [-] Unknown Exceptions for Bird Palefaced bulbul
2022-03-26 03:28:28,837 - ERROR - [-] Unknown Exceptions for Bird Palefooted bush warbler
2022-03-26 03:28:36,522 - ERROR - [-] Unknown Exceptions for Bird Palefooted swallow
2022-03-26 03:28:43,340 - ERROR - [-] Unknown Exceptions for Bird Palefronted nigrita
2022-03-26 03:28:51,183 - ERROR - [-] Unknown Exceptions for Bird Paleheaded brushfinch
2022-03-26 03:28:58,586 - ERROR - [-] Unknown Exceptions for Bird Paleheaded jacamar
2022-03-26 03:29:05,475 - ERROR - [-] Unknown Exceptions for Bird Paleheaded munia
2022-03-26 03:29:13,147 - ERROR - [-] Unknown Exceptions for Bird Paleheaded rosella
2022-03-26 03:29:20,204 - ERROR - [-] Unknown Exceptions for Bird Paleheaded woodpecker
2022-03-26 03:29:27,838 - ERROR - [-] Unknown Exceptions for Bird Palelegged hornero
2022-03-26 03:29:35,252 - ERROR - [-] Unknown Exceptions for Bird Palelegged leaf warbler
2022-03-26 03:29:42,441 - ERROR - [-] Unknown Exceptions for Bird Palelegged warbler
2022-03-26 03:29:50,067 - ERROR - [-] Unknown Exceptions for Bird Palemandibled aracari
2022-03-26 03:29:57,225 - ERROR - [-] Unknown Exceptions for Bird Palenaped brushfinch
2022-03-26 03:30:04,250 - ERROR - [-] Unknown Exceptions for Bird Paleolive greenbul
2022-03-26 03:30:11,371 - ERROR - [-] Unknown Exceptions for Bird Palerumped swift
2022-03-26 03:30:18,459 - ERROR - [-] Unknown Exceptions for Bird Paleshouldered cicadabird
2022-03-26 03:30:34,759 - ERROR - [-] Unknown Exceptions for Bird Paletailed barbthroat
2022-03-26 03:30:42,493 - ERROR - [-] Unknown Exceptions for Bird Paletailed canastero
2022-03-26 03:30:49,217 - ERROR - [-] Unknown Exceptions for Bird Palethroated wrenbabbler
2022-03-26 03:30:56,804 - ERROR - [-] Unknown Exceptions for Bird Paletipped inezia
2022-03-26 03:31:03,629 - ERROR - [-] Unknown Exceptions for Bird Palevented bushhen
2022-03-26 03:31:10,603 - ERROR - [-] Unknown Exceptions for Bird Palevented pigeon
2022-03-26 03:31:17,745 - ERROR - [-] Unknown Exceptions for Bird Palevented thrush
2022-03-26 03:31:25,059 - ERROR - [-] Unknown Exceptions for Bird Palewinged starling
2022-03-26 03:31:32,215 - ERROR - [-] Unknown Exceptions for Bird Palewinged trumpeter
2022-03-26 03:31:39,724 - ERROR - [-] Unknown Exceptions for Bird Paleyellow robin
2022-03-26 03:32:32,430 - ERROR - [-] Unknown Exceptions for Bird Pallass reed bunting
2022-03-26 03:35:00,743 - ERROR - [-] Unknown Exceptions for Bird Palmnut vulture
2022-03-26 03:35:36,172 - ERROR - [-] Unknown Exceptions for Bird Panamanian flycatcher
2022-03-26 03:35:43,448 - ERROR - [-] Unknown Exceptions for Bird Panamanian tyrannulet
2022-03-26 03:36:00,135 - ERROR - [-] Unknown Exceptions for Bird Panders ground jay
2022-03-26 03:37:14,699 - ERROR - [-] Unknown Exceptions for Bird Papuan eagle
2022-03-26 03:37:49,519 - ERROR - [-] Unknown Exceptions for Bird Papuan hawkowl
2022-03-26 03:39:54,425 - ERROR - [-] Unknown Exceptions for Bird Papuan whiteeye
2022-03-26 03:40:26,587 - ERROR - [-] Unknown Exceptions for Bird Para foliagegleaner
2022-03-26 03:40:33,709 - ERROR - [-] Unknown Exceptions for Bird Para gnatcatcher
2022-03-26 03:40:40,911 - ERROR - [-] Unknown Exceptions for Bird Paradise drongo
2022-03-26 03:41:55,635 - ERROR - [-] Unknown Exceptions for Bird Paramo ground tyrant
2022-03-26 03:43:10,819 - ERROR - [-] Unknown Exceptions for Bird Paria whitestart
2022-03-26 03:43:54,610 - ERROR - [-] Unknown Exceptions for Bird Parrotbilled seedeater
2022-03-26 03:44:02,643 - ERROR - [-] Unknown Exceptions for Bird Parrotbilled sparrow
2022-03-26 03:44:28,295 - ERROR - [-] Unknown Exceptions for Bird Passerella iliaca megarhyncha
2022-03-26 03:46:20,689 - ERROR - [-] Unknown Exceptions for Bird Peachfronted parakeet
2022-03-26 03:46:46,085 - ERROR - [-] Unknown Exceptions for Bird Pearlbellied whiteeye
2022-03-26 03:46:53,391 - ERROR - [-] Unknown Exceptions for Bird Pearlbreasted swallow
2022-03-26 03:47:11,279 - ERROR - [-] Unknown Exceptions for Bird Pearlspotted owlet
2022-03-26 03:47:37,251 - ERROR - [-] Unknown Exceptions for Bird Pearlybellied seedeater
2022-03-26 03:47:45,015 - ERROR - [-] Unknown Exceptions for Bird Pearlybreasted conebill
2022-03-26 03:47:52,806 - ERROR - [-] Unknown Exceptions for Bird Pearlybreasted cuckoo
2022-03-26 03:48:00,943 - ERROR - [-] Unknown Exceptions for Bird Pearlyeyed thrasher
2022-03-26 03:48:08,686 - ERROR - [-] Unknown Exceptions for Bird Pearlyvented todytyrant
2022-03-26 03:48:54,018 - ERROR - [-] Unknown Exceptions for Bird Pectoralpatch cisticola
2022-03-26 03:49:01,148 - ERROR - [-] Unknown Exceptions for Bird Pegbilled finch
2022-03-26 03:49:18,652 - ERROR - [-] Unknown Exceptions for Bird Peleng fantail
2022-03-26 03:49:25,054 - ERROR - [-] Unknown Exceptions for Bird Peleng leaf warbler
2022-03-26 03:49:42,023 - ERROR - [-] Unknown Exceptions for Bird Pelzelns todytyrant
2022-03-26 03:50:17,716 - ERROR - [-] Unknown Exceptions for Bird Pemba whiteeye
2022-03-26 03:50:34,417 - ERROR - [-] Unknown Exceptions for Bird Pennantwinged nightjar
2022-03-26 03:50:50,302 - ERROR - [-] Unknown Exceptions for Bird Perijá brushfinch
2022-03-26 03:50:57,077 - ERROR - [-] Unknown Exceptions for Bird Perijá metaltail
2022-03-26 03:51:04,480 - ERROR - [-] Unknown Exceptions for Bird Perijá tapaculo
2022-03-26 03:51:11,686 - ERROR - [-] Unknown Exceptions for Bird Perijá thistletail
2022-03-26 03:51:18,380 - ERROR - [-] Unknown Exceptions for Bird Pernambuco foliagegleaner
2022-03-26 03:51:26,749 - ERROR - [-] Unknown Exceptions for Bird Pernambuco pygmy owl
2022-03-26 03:51:41,897 - ERROR - [-] Unknown Exceptions for Bird Persian nuthatch
2022-03-26 03:53:28,501 - ERROR - [-] Unknown Exceptions for Bird Peruvian rackettail
2022-03-26 03:53:44,659 - ERROR - [-] Unknown Exceptions for Bird Peruvian seaside cinclodes
2022-03-26 03:54:20,745 - ERROR - [-] Unknown Exceptions for Bird Peruvian thickknee
2022-03-26 03:54:28,630 - ERROR - [-] Unknown Exceptions for Bird Peruvian treehunter
2022-03-26 03:55:44,415 - ERROR - [-] Unknown Exceptions for Bird Pharaoh eagleowl
2022-03-26 03:56:19,544 - ERROR - [-] Unknown Exceptions for Bird Pheasanttailed jacana
2022-03-26 03:56:46,011 - ERROR - [-] Unknown Exceptions for Bird Philippas crombec
2022-03-26 03:57:22,108 - ERROR - [-] Unknown Exceptions for Bird Philippine cuckoodove
2022-03-26 03:57:30,159 - ERROR - [-] Unknown Exceptions for Bird Philippine drongocuckoo
2022-03-26 03:58:03,835 - ERROR - [-] Unknown Exceptions for Bird Philippine eagleowl
2022-03-26 03:58:12,225 - ERROR - [-] Unknown Exceptions for Bird Philippine fairybluebird
2022-03-26 03:58:56,426 - ERROR - [-] Unknown Exceptions for Bird Philippine hawkcuckoo
2022-03-26 03:59:03,826 - ERROR - [-] Unknown Exceptions for Bird Philippine hawkeagle
2022-03-26 03:59:38,880 - ERROR - [-] Unknown Exceptions for Bird Philippine magpierobin
2022-03-26 03:59:45,496 - ERROR - [-] Unknown Exceptions for Bird Philippine megapode
2022-03-26 04:00:18,962 - ERROR - [-] Unknown Exceptions for Bird Philippine pitta
2022-03-26 04:00:25,367 - ERROR - [-] Unknown Exceptions for Bird Philippine pygmy woodpecker
2022-03-26 04:00:34,203 - ERROR - [-] Unknown Exceptions for Bird Philippine scops owl
2022-03-26 04:01:19,773 - ERROR - [-] Unknown Exceptions for Bird Philippine tailorbird
2022-03-26 04:02:13,149 - ERROR - [-] Unknown Exceptions for Bird Pictorella mannikin
2022-03-26 04:02:37,925 - ERROR - [-] Unknown Exceptions for Bird Pied bush chat
2022-03-26 04:03:03,882 - ERROR - [-] Unknown Exceptions for Bird Pied cuckoodove
2022-03-26 04:04:42,004 - ERROR - [-] Unknown Exceptions for Bird Pied myna
2022-03-26 04:04:57,273 - ERROR - [-] Unknown Exceptions for Bird Pied plover
2022-03-26 04:05:12,615 - ERROR - [-] Unknown Exceptions for Bird Pied shrikebabbler
2022-03-26 04:06:19,131 - ERROR - [-] Unknown Exceptions for Bird Piedbilled grebe
2022-03-26 04:06:25,743 - ERROR - [-] Unknown Exceptions for Bird Piedcrested tittyrant
2022-03-26 04:06:33,594 - ERROR - [-] Unknown Exceptions for Bird Piedwinged swallow
2022-03-26 04:08:45,286 - ERROR - [-] Unknown Exceptions for Bird Pinkbacked pelican
2022-03-26 04:08:52,097 - ERROR - [-] Unknown Exceptions for Bird Pinkbellied imperial pigeon
2022-03-26 04:08:59,472 - ERROR - [-] Unknown Exceptions for Bird Pinkbilled lark
2022-03-26 04:09:06,462 - ERROR - [-] Unknown Exceptions for Bird Pinkbilled parrotfinch
2022-03-26 04:09:13,903 - ERROR - [-] Unknown Exceptions for Bird Pinkbreasted lark
2022-03-26 04:09:21,360 - ERROR - [-] Unknown Exceptions for Bird Pinkbrowed rosefinch
2022-03-26 04:09:28,701 - ERROR - [-] Unknown Exceptions for Bird Pinkeared duck
2022-03-26 04:09:35,750 - ERROR - [-] Unknown Exceptions for Bird Pinkfooted goose
2022-03-26 04:09:42,829 - ERROR - [-] Unknown Exceptions for Bird Pinkfooted puffback
2022-03-26 04:09:50,018 - ERROR - [-] Unknown Exceptions for Bird Pinkfooted shearwater
2022-03-26 04:09:57,492 - ERROR - [-] Unknown Exceptions for Bird Pinkheaded duck
2022-03-26 04:10:04,381 - ERROR - [-] Unknown Exceptions for Bird Pinkheaded fruit dove
2022-03-26 04:10:11,666 - ERROR - [-] Unknown Exceptions for Bird Pinkheaded imperial pigeon
2022-03-26 04:10:19,247 - ERROR - [-] Unknown Exceptions for Bird Pinkheaded warbler
2022-03-26 04:10:26,242 - ERROR - [-] Unknown Exceptions for Bird Pinklegged graveteiro
2022-03-26 04:10:33,575 - ERROR - [-] Unknown Exceptions for Bird Pinklegged rail
2022-03-26 04:10:40,834 - ERROR - [-] Unknown Exceptions for Bird Pinknecked green pigeon
2022-03-26 04:10:47,463 - ERROR - [-] Unknown Exceptions for Bird Pinkrumped rosefinch
2022-03-26 04:10:54,837 - ERROR - [-] Unknown Exceptions for Bird Pinkspotted fruit dove
2022-03-26 04:11:01,861 - ERROR - [-] Unknown Exceptions for Bird Pinkthroated becard
2022-03-26 04:11:09,069 - ERROR - [-] Unknown Exceptions for Bird Pinkthroated brilliant
2022-03-26 04:11:15,623 - ERROR - [-] Unknown Exceptions for Bird Pinkthroated twinspot
2022-03-26 04:11:41,119 - ERROR - [-] Unknown Exceptions for Bird Pinskers hawkeagle
2022-03-26 04:11:49,042 - ERROR - [-] Unknown Exceptions for Bird Pinstriped titbabbler
2022-03-26 04:11:55,993 - ERROR - [-] Unknown Exceptions for Bird Pintailed green pigeon
2022-03-26 04:12:02,773 - ERROR - [-] Unknown Exceptions for Bird Pintailed manakin
2022-03-26 04:12:10,213 - ERROR - [-] Unknown Exceptions for Bird Pintailed parrotfinch
2022-03-26 04:12:17,582 - ERROR - [-] Unknown Exceptions for Bird Pintailed sandgrouse
2022-03-26 04:12:24,510 - ERROR - [-] Unknown Exceptions for Bird Pintailed snipe
2022-03-26 04:12:31,944 - ERROR - [-] Unknown Exceptions for Bird Pintailed whydah
2022-03-26 04:13:54,150 - ERROR - [-] Unknown Exceptions for Bird Pirre bush tanager
2022-03-26 04:14:43,651 - ERROR - [-] Unknown Exceptions for Bird Pittalike ground roller
2022-03-26 04:14:50,653 - ERROR - [-] Unknown Exceptions for Bird Piura chattyrant
2022-03-26 04:14:57,738 - ERROR - [-] Unknown Exceptions for Bird Piura hemispingus
2022-03-26 04:15:04,903 - ERROR - [-] Unknown Exceptions for Bird Placid greenbul
2022-03-26 04:15:24,804 - ERROR - [-] Unknown Exceptions for Bird Plain bushhen
2022-03-26 04:16:18,098 - ERROR - [-] Unknown Exceptions for Bird Plain inezia
2022-03-26 04:16:25,366 - ERROR - [-] Unknown Exceptions for Bird Plain laughingthrush
2022-03-26 04:17:52,404 - ERROR - [-] Unknown Exceptions for Bird Plain thornbird
2022-03-26 04:17:59,619 - ERROR - [-] Unknown Exceptions for Bird Plain whiteeye
2022-03-26 04:18:15,891 - ERROR - [-] Unknown Exceptions for Bird Plainbacked antpitta
2022-03-26 04:18:23,900 - ERROR - [-] Unknown Exceptions for Bird Plainbacked pipit
2022-03-26 04:18:31,881 - ERROR - [-] Unknown Exceptions for Bird Plainbacked sparrow
2022-03-26 04:18:38,774 - ERROR - [-] Unknown Exceptions for Bird Plainbacked sunbird
2022-03-26 04:18:45,975 - ERROR - [-] Unknown Exceptions for Bird Plainbellied emerald
2022-03-26 04:18:52,902 - ERROR - [-] Unknown Exceptions for Bird Plainbreasted ground dove
2022-03-26 04:19:00,214 - ERROR - [-] Unknown Exceptions for Bird Plainbreasted hawk
2022-03-26 04:19:06,963 - ERROR - [-] Unknown Exceptions for Bird Plainbreasted piculet
2022-03-26 04:19:14,764 - ERROR - [-] Unknown Exceptions for Bird Plainbrown woodcreeper
2022-03-26 04:19:22,106 - ERROR - [-] Unknown Exceptions for Bird Plaincapped starthroat
2022-03-26 04:19:29,296 - ERROR - [-] Unknown Exceptions for Bird Plaincolored seedeater
2022-03-26 04:19:36,006 - ERROR - [-] Unknown Exceptions for Bird Plaincolored tanager
2022-03-26 04:19:42,936 - ERROR - [-] Unknown Exceptions for Bird Plaincrested elaenia
2022-03-26 04:19:49,735 - ERROR - [-] Unknown Exceptions for Bird Plaincrowned spinetail
2022-03-26 04:19:56,784 - ERROR - [-] Unknown Exceptions for Bird Plainflanked rail
2022-03-26 04:20:03,860 - ERROR - [-] Unknown Exceptions for Bird Plainmantled titspinetail
2022-03-26 04:20:11,947 - ERROR - [-] Unknown Exceptions for Bird Plainpouched hornbill
2022-03-26 04:20:18,517 - ERROR - [-] Unknown Exceptions for Bird Plainswanderer
2022-03-26 04:20:25,665 - ERROR - [-] Unknown Exceptions for Bird Plaintailed nighthawk
2022-03-26 04:20:32,377 - ERROR - [-] Unknown Exceptions for Bird Plaintailed warbling finch
2022-03-26 04:20:39,669 - ERROR - [-] Unknown Exceptions for Bird Plaintailed wren
2022-03-26 04:20:46,600 - ERROR - [-] Unknown Exceptions for Bird Plainthroated antwren
2022-03-26 04:21:02,499 - ERROR - [-] Unknown Exceptions for Bird Plainwinged antshrike
2022-03-26 04:21:09,726 - ERROR - [-] Unknown Exceptions for Bird Plainwinged antwren
2022-03-26 04:21:17,709 - ERROR - [-] Unknown Exceptions for Bird Plainwinged woodcreeper
2022-03-26 04:21:25,042 - ERROR - [-] Unknown Exceptions for Bird Planalto foliagegleaner
2022-03-26 04:22:20,578 - ERROR - [-] Unknown Exceptions for Bird Platebilled mountain toucan
2022-03-26 04:22:36,996 - ERROR - [-] Unknown Exceptions for Bird Pleskes ground jay
2022-03-26 04:24:55,278 - ERROR - [-] Unknown Exceptions for Bird Plumbeous water redstart
2022-03-26 04:25:02,475 - ERROR - [-] Unknown Exceptions for Bird Plumbeousbacked thrush
2022-03-26 04:25:10,850 - ERROR - [-] Unknown Exceptions for Bird Plumbeouscrowned tyrannulet
2022-03-26 04:25:38,684 - ERROR - [-] Unknown Exceptions for Bird Plumetoed swiftlet
2022-03-26 04:25:45,232 - ERROR - [-] Unknown Exceptions for Bird Plumfaced lorikeet
2022-03-26 04:25:52,081 - ERROR - [-] Unknown Exceptions for Bird Plumheaded finch
2022-03-26 04:25:59,246 - ERROR - [-] Unknown Exceptions for Bird Plumheaded parakeet
2022-03-26 04:26:07,354 - ERROR - [-] Unknown Exceptions for Bird Plumthroated cotinga
2022-03-26 04:26:23,977 - ERROR - [-] Unknown Exceptions for Bird Plushcrested jay
2022-03-26 04:26:32,237 - ERROR - [-] Unknown Exceptions for Bird Pohnpei cicadabird
2022-03-26 04:26:40,974 - ERROR - [-] Unknown Exceptions for Bird Pohnpei fantail
2022-03-26 04:26:50,932 - ERROR - [-] Unknown Exceptions for Bird Pohnpei flycatcher
2022-03-26 04:26:59,732 - ERROR - [-] Unknown Exceptions for Bird Pohnpei kingfisher
2022-03-26 04:27:07,800 - ERROR - [-] Unknown Exceptions for Bird Pohnpei lorikeet
2022-03-26 04:27:24,515 - ERROR - [-] Unknown Exceptions for Bird Pointtailed palmcreeper
2022-03-26 04:28:27,170 - ERROR - [-] Unknown Exceptions for Bird Polynesian wattled honeyeater
2022-03-26 04:28:53,549 - ERROR - [-] Unknown Exceptions for Bird Poouli
2022-03-26 04:29:49,367 - ERROR - [-] Unknown Exceptions for Bird Preusss cliff swallow
2022-03-26 04:30:06,319 - ERROR - [-] Unknown Exceptions for Bird Prevosts ground sparrow
2022-03-26 04:30:14,519 - ERROR - [-] Unknown Exceptions for Bird Prigogines doublecollared sunbird
2022-03-26 04:30:29,557 - ERROR - [-] Unknown Exceptions for Bird Prigogines nightjar
2022-03-26 04:31:13,318 - ERROR - [-] Unknown Exceptions for Bird Prongbilled barbet
2022-03-26 04:31:44,820 - ERROR - [-] Unknown Exceptions for Bird Providencia vireo
2022-03-26 04:31:51,756 - ERROR - [-] Unknown Exceptions for Bird Providencia vireo   
2022-03-26 04:31:58,850 - ERROR - [-] Unknown Exceptions for Bird Przevalskis finch
2022-03-26 04:32:15,590 - ERROR - [-] Unknown Exceptions for Bird Przevalskis parrotbill
2022-03-26 04:32:33,013 - ERROR - [-] Unknown Exceptions for Bird Przevalskis redstart
2022-03-26 04:32:41,318 - ERROR - [-] Unknown Exceptions for Bird Príncipe seedeater
2022-03-26 04:32:47,965 - ERROR - [-] Unknown Exceptions for Bird Príncipe speirops
2022-03-26 04:32:54,556 - ERROR - [-] Unknown Exceptions for Bird Príncipe sunbird
2022-03-26 04:33:02,320 - ERROR - [-] Unknown Exceptions for Bird Príncipe thrush
2022-03-26 04:33:09,481 - ERROR - [-] Unknown Exceptions for Bird Príncipe weaver
2022-03-26 04:33:16,828 - ERROR - [-] Unknown Exceptions for Bird Príncipe whiteeye
2022-03-26 04:33:33,166 - ERROR - [-] Unknown Exceptions for Bird Puerto Rican amazon
2022-03-26 04:35:37,889 - ERROR - [-] Unknown Exceptions for Bird Puffbacked bulbul
2022-03-26 04:35:46,099 - ERROR - [-] Unknown Exceptions for Bird Puffbacked honeyeater
2022-03-26 04:35:52,829 - ERROR - [-] Unknown Exceptions for Bird Puffthroated babbler
2022-03-26 04:36:00,553 - ERROR - [-] Unknown Exceptions for Bird Puffthroated bulbul
2022-03-26 04:36:54,012 - ERROR - [-] Unknown Exceptions for Bird Puna pipit
2022-03-26 04:37:02,104 - ERROR - [-] Unknown Exceptions for Bird Puna pipit   
2022-03-26 04:39:45,582 - ERROR - [-] Unknown Exceptions for Bird Purple quaildove
2022-03-26 04:40:29,159 - ERROR - [-] Unknown Exceptions for Bird Purplebacked fairywren
2022-03-26 04:40:36,762 - ERROR - [-] Unknown Exceptions for Bird Purplebacked sunbeam
2022-03-26 04:40:43,695 - ERROR - [-] Unknown Exceptions for Bird Purplebacked thornbill
2022-03-26 04:40:50,974 - ERROR - [-] Unknown Exceptions for Bird Purplebanded sunbird
2022-03-26 04:40:58,105 - ERROR - [-] Unknown Exceptions for Bird Purplebearded beeeater
2022-03-26 04:41:05,147 - ERROR - [-] Unknown Exceptions for Bird Purplebellied lory
2022-03-26 04:41:12,512 - ERROR - [-] Unknown Exceptions for Bird Purplebibbed whitetip
2022-03-26 04:41:20,052 - ERROR - [-] Unknown Exceptions for Bird Purplebreasted cotinga
2022-03-26 04:41:27,193 - ERROR - [-] Unknown Exceptions for Bird Purplebreasted sunbird
2022-03-26 04:41:34,458 - ERROR - [-] Unknown Exceptions for Bird Purplecapped fruit dove
2022-03-26 04:41:42,310 - ERROR - [-] Unknown Exceptions for Bird Purplechested hummingbird
2022-03-26 04:41:48,986 - ERROR - [-] Unknown Exceptions for Bird Purplecollared woodstar
2022-03-26 04:41:56,416 - ERROR - [-] Unknown Exceptions for Bird Purplecrested turaco
2022-03-26 04:42:03,338 - ERROR - [-] Unknown Exceptions for Bird Purplecrowned fairy
2022-03-26 04:42:10,627 - ERROR - [-] Unknown Exceptions for Bird Purplecrowned fairywren
2022-03-26 04:42:17,883 - ERROR - [-] Unknown Exceptions for Bird Purplecrowned lorikeet
2022-03-26 04:42:25,061 - ERROR - [-] Unknown Exceptions for Bird Purplecrowned plovercrest
2022-03-26 04:42:32,753 - ERROR - [-] Unknown Exceptions for Bird Purplegaped honeyeater
2022-03-26 04:42:40,248 - ERROR - [-] Unknown Exceptions for Bird Purpleheaded starling
2022-03-26 04:42:47,286 - ERROR - [-] Unknown Exceptions for Bird Purplenaped lory
2022-03-26 04:42:54,249 - ERROR - [-] Unknown Exceptions for Bird Purplenaped sunbird
2022-03-26 04:43:00,733 - ERROR - [-] Unknown Exceptions for Bird Purplerumped sunbird
2022-03-26 04:43:07,888 - ERROR - [-] Unknown Exceptions for Bird Purpletailed imperial pigeon
2022-03-26 04:43:14,684 - ERROR - [-] Unknown Exceptions for Bird Purplethroated carib
2022-03-26 04:43:22,413 - ERROR - [-] Unknown Exceptions for Bird Purplethroated cotinga
2022-03-26 04:43:29,488 - ERROR - [-] Unknown Exceptions for Bird Purplethroated cuckooshrike
2022-03-26 04:43:36,647 - ERROR - [-] Unknown Exceptions for Bird Purplethroated euphonia
2022-03-26 04:43:43,549 - ERROR - [-] Unknown Exceptions for Bird Purplethroated fruitcrow
2022-03-26 04:43:50,826 - ERROR - [-] Unknown Exceptions for Bird Purplethroated mountaingem
2022-03-26 04:43:57,899 - ERROR - [-] Unknown Exceptions for Bird Purplethroated sunangel
2022-03-26 04:44:05,066 - ERROR - [-] Unknown Exceptions for Bird Purplethroated sunbird
2022-03-26 04:44:11,804 - ERROR - [-] Unknown Exceptions for Bird Purplethroated woodstar
2022-03-26 04:44:19,050 - ERROR - [-] Unknown Exceptions for Bird Purplewinged ground dove
2022-03-26 04:44:26,495 - ERROR - [-] Unknown Exceptions for Bird Purplewinged roller
2022-03-26 04:44:51,150 - ERROR - [-] Unknown Exceptions for Bird Purplishbacked jay
2022-03-26 04:44:59,215 - ERROR - [-] Unknown Exceptions for Bird Purplishbacked quaildove
2022-03-26 04:45:06,958 - ERROR - [-] Unknown Exceptions for Bird Purplishmantled tanager
2022-03-26 04:45:59,595 - ERROR - [-] Unknown Exceptions for Bird Pygmy bushtit
2022-03-26 04:47:58,599 - ERROR - [-] Unknown Exceptions for Bird Pygmy palm swift
2022-03-26 04:48:27,275 - ERROR - [-] Unknown Exceptions for Bird Pygmy whiteeye
2022-03-26 04:48:44,793 - ERROR - [-] Unknown Exceptions for Bird Père Davids owl
2022-03-26 04:48:51,970 - ERROR - [-] Unknown Exceptions for Bird Père Davids snowfinch
2022-03-26 04:48:59,279 - ERROR - [-] Unknown Exceptions for Bird Père Davids tit
2022-03-26 04:49:25,531 - ERROR - [-] Unknown Exceptions for Bird Quailplover
2022-03-26 04:49:52,049 - ERROR - [-] Unknown Exceptions for Bird Rackettailed coquette
2022-03-26 04:49:58,936 - ERROR - [-] Unknown Exceptions for Bird Rackettailed roller
2022-03-26 04:50:06,402 - ERROR - [-] Unknown Exceptions for Bird Rackettailed treepie
2022-03-26 04:50:53,222 - ERROR - [-] Unknown Exceptions for Bird Raggiana birdofparadise
2022-03-26 04:51:08,628 - ERROR - [-] Unknown Exceptions for Bird Railbabbler
2022-03-26 04:51:34,341 - ERROR - [-] Unknown Exceptions for Bird Rainbow beeeater
2022-03-26 04:52:09,576 - ERROR - [-] Unknown Exceptions for Bird Rainbowbearded thornbill
2022-03-26 04:52:17,266 - ERROR - [-] Unknown Exceptions for Bird Rainforest scops owl
2022-03-26 04:52:52,498 - ERROR - [-] Unknown Exceptions for Bird Ranongga whiteeye
2022-03-26 04:53:37,033 - ERROR - [-] Unknown Exceptions for Bird Raso lark
2022-03-26 04:53:44,064 - ERROR - [-] Unknown Exceptions for Bird Ratchettailed treepie
2022-03-26 04:54:09,946 - ERROR - [-] Unknown Exceptions for Bird Razorbilled curassow
2022-03-26 04:54:17,504 - ERROR - [-] Unknown Exceptions for Bird Recurvebilled bushbird
2022-03-26 04:54:24,834 - ERROR - [-] Unknown Exceptions for Bird Red Sea cliff swallow
2022-03-26 04:54:39,575 - ERROR - [-] Unknown Exceptions for Bird Red birdofparadise
2022-03-26 04:55:15,554 - ERROR - [-] Unknown Exceptions for Bird Red fox sparrow
2022-03-26 04:56:44,320 - ERROR - [-] Unknown Exceptions for Bird Red pileated finch
2022-03-26 04:56:53,532 - ERROR - [-] Unknown Exceptions for Bird Red rail
2022-03-26 04:57:00,752 - ERROR - [-] Unknown Exceptions for Bird Red satinbird
2022-03-26 04:58:04,351 - ERROR - [-] Unknown Exceptions for Bird Redandblack grosbeak
2022-03-26 04:58:12,074 - ERROR - [-] Unknown Exceptions for Bird Redandblack thrush
2022-03-26 04:58:19,338 - ERROR - [-] Unknown Exceptions for Bird Redandblue lory
2022-03-26 04:58:26,891 - ERROR - [-] Unknown Exceptions for Bird Redandgreen macaw
2022-03-26 04:58:33,871 - ERROR - [-] Unknown Exceptions for Bird Redandwhite antpitta
2022-03-26 04:58:40,961 - ERROR - [-] Unknown Exceptions for Bird Redandwhite crake
2022-03-26 04:58:47,868 - ERROR - [-] Unknown Exceptions for Bird Redandwhite spinetail
2022-03-26 04:58:55,573 - ERROR - [-] Unknown Exceptions for Bird Redandyellow barbet
2022-03-26 04:59:02,981 - ERROR - [-] Unknown Exceptions for Bird Redbacked buttonquail
2022-03-26 04:59:10,869 - ERROR - [-] Unknown Exceptions for Bird Redbacked fairywren
2022-03-26 04:59:17,894 - ERROR - [-] Unknown Exceptions for Bird Redbacked flameback
2022-03-26 04:59:25,270 - ERROR - [-] Unknown Exceptions for Bird Redbacked kingfisher
2022-03-26 04:59:32,044 - ERROR - [-] Unknown Exceptions for Bird Redbacked mannikin
2022-03-26 04:59:39,322 - ERROR - [-] Unknown Exceptions for Bird Redbacked mousebird
2022-03-26 04:59:46,255 - ERROR - [-] Unknown Exceptions for Bird Redbacked shrike
2022-03-26 04:59:53,389 - ERROR - [-] Unknown Exceptions for Bird Redbacked sierra finch
2022-03-26 05:00:00,595 - ERROR - [-] Unknown Exceptions for Bird Redbacked thrush
2022-03-26 05:00:08,899 - ERROR - [-] Unknown Exceptions for Bird Redbanded flowerpecker
2022-03-26 05:00:16,628 - ERROR - [-] Unknown Exceptions for Bird Redbanded fruiteater
2022-03-26 05:00:23,860 - ERROR - [-] Unknown Exceptions for Bird Redbearded beeeater
2022-03-26 05:00:31,121 - ERROR - [-] Unknown Exceptions for Bird Redbellied fruit dove
2022-03-26 05:00:38,205 - ERROR - [-] Unknown Exceptions for Bird Redbellied grackle
2022-03-26 05:00:44,696 - ERROR - [-] Unknown Exceptions for Bird Redbellied macaw
2022-03-26 05:00:52,043 - ERROR - [-] Unknown Exceptions for Bird Redbellied malimbe
2022-03-26 05:01:00,123 - ERROR - [-] Unknown Exceptions for Bird Redbellied paradise flycatcher
2022-03-26 05:01:07,310 - ERROR - [-] Unknown Exceptions for Bird Redbellied parrot
2022-03-26 05:01:14,536 - ERROR - [-] Unknown Exceptions for Bird Redbellied woodpecker
2022-03-26 05:01:22,302 - ERROR - [-] Unknown Exceptions for Bird Redbilled blue magpie
2022-03-26 05:01:29,065 - ERROR - [-] Unknown Exceptions for Bird Redbilled brushturkey
2022-03-26 05:01:37,421 - ERROR - [-] Unknown Exceptions for Bird Redbilled buffalo weaver
2022-03-26 05:01:44,659 - ERROR - [-] Unknown Exceptions for Bird Redbilled chough
2022-03-26 05:01:52,705 - ERROR - [-] Unknown Exceptions for Bird Redbilled curassow
2022-03-26 05:01:59,880 - ERROR - [-] Unknown Exceptions for Bird Redbilled dwarf hornbill
2022-03-26 05:02:07,913 - ERROR - [-] Unknown Exceptions for Bird Redbilled emerald
2022-03-26 05:02:15,499 - ERROR - [-] Unknown Exceptions for Bird Redbilled firefinch
2022-03-26 05:02:23,078 - ERROR - [-] Unknown Exceptions for Bird Redbilled ground cuckoo
2022-03-26 05:02:30,434 - ERROR - [-] Unknown Exceptions for Bird Redbilled helmetshrike
2022-03-26 05:02:38,629 - ERROR - [-] Unknown Exceptions for Bird Redbilled leiothrix
2022-03-26 05:02:45,666 - ERROR - [-] Unknown Exceptions for Bird Redbilled malkoha
2022-03-26 05:02:53,699 - ERROR - [-] Unknown Exceptions for Bird Redbilled oxpecker
2022-03-26 05:03:01,078 - ERROR - [-] Unknown Exceptions for Bird Redbilled parrot
2022-03-26 05:03:08,830 - ERROR - [-] Unknown Exceptions for Bird Redbilled partridge
2022-03-26 05:03:16,545 - ERROR - [-] Unknown Exceptions for Bird Redbilled pied tanager
2022-03-26 05:03:23,907 - ERROR - [-] Unknown Exceptions for Bird Redbilled pigeon
2022-03-26 05:03:30,868 - ERROR - [-] Unknown Exceptions for Bird Redbilled pytilia
2022-03-26 05:03:37,712 - ERROR - [-] Unknown Exceptions for Bird Redbilled quelea
2022-03-26 05:03:45,171 - ERROR - [-] Unknown Exceptions for Bird Redbilled scimitar babbler
2022-03-26 05:03:52,539 - ERROR - [-] Unknown Exceptions for Bird Redbilled scythebill
2022-03-26 05:03:59,439 - ERROR - [-] Unknown Exceptions for Bird Redbilled spurfowl
2022-03-26 05:04:06,733 - ERROR - [-] Unknown Exceptions for Bird Redbilled starling
2022-03-26 05:04:13,463 - ERROR - [-] Unknown Exceptions for Bird Redbilled streamertail
2022-03-26 05:04:20,892 - ERROR - [-] Unknown Exceptions for Bird Redbilled teal
2022-03-26 05:04:27,641 - ERROR - [-] Unknown Exceptions for Bird Redbilled tropicbird
2022-03-26 05:04:34,970 - ERROR - [-] Unknown Exceptions for Bird Redbilled tyrannulet
2022-03-26 05:04:42,777 - ERROR - [-] Unknown Exceptions for Bird Redbilled woodcreeper
2022-03-26 05:04:50,310 - ERROR - [-] Unknown Exceptions for Bird Redbreasted chat
2022-03-26 05:04:57,488 - ERROR - [-] Unknown Exceptions for Bird Redbreasted coua
2022-03-26 05:05:05,621 - ERROR - [-] Unknown Exceptions for Bird Redbreasted flycatcher
2022-03-26 05:05:12,539 - ERROR - [-] Unknown Exceptions for Bird Redbreasted goose
2022-03-26 05:05:20,065 - ERROR - [-] Unknown Exceptions for Bird Redbreasted meadowlark
2022-03-26 05:05:27,373 - ERROR - [-] Unknown Exceptions for Bird Redbreasted merganser
2022-03-26 05:05:34,613 - ERROR - [-] Unknown Exceptions for Bird Redbreasted nuthatch
2022-03-26 05:05:41,239 - ERROR - [-] Unknown Exceptions for Bird Redbreasted paradise kingfisher
2022-03-26 05:05:48,456 - ERROR - [-] Unknown Exceptions for Bird Redbreasted parakeet
2022-03-26 05:05:56,135 - ERROR - [-] Unknown Exceptions for Bird Redbreasted partridge
2022-03-26 05:06:03,311 - ERROR - [-] Unknown Exceptions for Bird Redbreasted pygmy parrot
2022-03-26 05:06:10,319 - ERROR - [-] Unknown Exceptions for Bird Redbreasted sapsucker
2022-03-26 05:06:17,514 - ERROR - [-] Unknown Exceptions for Bird Redbreasted swallow
2022-03-26 05:06:24,590 - ERROR - [-] Unknown Exceptions for Bird Redbreasted wheatear
2022-03-26 05:06:32,045 - ERROR - [-] Unknown Exceptions for Bird Redbrowed amazon
2022-03-26 05:06:39,041 - ERROR - [-] Unknown Exceptions for Bird Redbrowed finch
2022-03-26 05:06:46,611 - ERROR - [-] Unknown Exceptions for Bird Redbrowed pardalote
2022-03-26 05:06:53,738 - ERROR - [-] Unknown Exceptions for Bird Redbrowed treecreeper
2022-03-26 05:07:01,052 - ERROR - [-] Unknown Exceptions for Bird Redcapped cardinal
2022-03-26 05:07:07,876 - ERROR - [-] Unknown Exceptions for Bird Redcapped coua
2022-03-26 05:07:15,421 - ERROR - [-] Unknown Exceptions for Bird Redcapped crombec
2022-03-26 05:07:22,004 - ERROR - [-] Unknown Exceptions for Bird Redcapped flowerpecker
2022-03-26 05:07:28,823 - ERROR - [-] Unknown Exceptions for Bird Redcapped forest warbler
2022-03-26 05:07:35,652 - ERROR - [-] Unknown Exceptions for Bird Redcapped lark
2022-03-26 05:07:43,100 - ERROR - [-] Unknown Exceptions for Bird Redcapped manakin
2022-03-26 05:07:50,922 - ERROR - [-] Unknown Exceptions for Bird Redcapped myzomela
2022-03-26 05:07:59,080 - ERROR - [-] Unknown Exceptions for Bird Redcapped parrot
2022-03-26 05:08:06,451 - ERROR - [-] Unknown Exceptions for Bird Redcapped plover
2022-03-26 05:08:13,523 - ERROR - [-] Unknown Exceptions for Bird Redcapped robin
2022-03-26 05:08:20,728 - ERROR - [-] Unknown Exceptions for Bird Redcapped robinchat
2022-03-26 05:08:27,907 - ERROR - [-] Unknown Exceptions for Bird Redcheeked cordonbleu
2022-03-26 05:08:34,735 - ERROR - [-] Unknown Exceptions for Bird Redcheeked parrot
2022-03-26 05:08:41,629 - ERROR - [-] Unknown Exceptions for Bird Redcheeked wattleeye
2022-03-26 05:08:49,254 - ERROR - [-] Unknown Exceptions for Bird Redchested buttonquail
2022-03-26 05:08:57,007 - ERROR - [-] Unknown Exceptions for Bird Redchested cuckoo
2022-03-26 05:09:04,667 - ERROR - [-] Unknown Exceptions for Bird Redchested flufftail
2022-03-26 05:09:12,421 - ERROR - [-] Unknown Exceptions for Bird Redchested goshawk
2022-03-26 05:09:20,025 - ERROR - [-] Unknown Exceptions for Bird Redchested owlet
2022-03-26 05:09:27,073 - ERROR - [-] Unknown Exceptions for Bird Redchested sunbird
2022-03-26 05:09:34,495 - ERROR - [-] Unknown Exceptions for Bird Redchested swallow
2022-03-26 05:09:41,772 - ERROR - [-] Unknown Exceptions for Bird Redchinned lorikeet
2022-03-26 05:09:48,890 - ERROR - [-] Unknown Exceptions for Bird Redcockaded woodpecker
2022-03-26 05:09:56,398 - ERROR - [-] Unknown Exceptions for Bird Redcollared babbler
2022-03-26 05:10:04,466 - ERROR - [-] Unknown Exceptions for Bird Redcollared lorikeet
2022-03-26 05:10:12,319 - ERROR - [-] Unknown Exceptions for Bird Redcollared myzomela
2022-03-26 05:10:19,645 - ERROR - [-] Unknown Exceptions for Bird Redcollared widowbird
2022-03-26 05:10:27,768 - ERROR - [-] Unknown Exceptions for Bird Redcollared woodpecker
2022-03-26 05:10:34,451 - ERROR - [-] Unknown Exceptions for Bird Redcowled cardinal
2022-03-26 05:10:41,699 - ERROR - [-] Unknown Exceptions for Bird Redcrested cardinal
2022-03-26 05:10:48,373 - ERROR - [-] Unknown Exceptions for Bird Redcrested cotinga
2022-03-26 05:10:55,676 - ERROR - [-] Unknown Exceptions for Bird Redcrested korhaan
2022-03-26 05:11:02,891 - ERROR - [-] Unknown Exceptions for Bird Redcrested pochard
2022-03-26 05:11:10,763 - ERROR - [-] Unknown Exceptions for Bird Redcrested turaco
2022-03-26 05:11:17,938 - ERROR - [-] Unknown Exceptions for Bird Redcrowned amazon
2022-03-26 05:11:25,470 - ERROR - [-] Unknown Exceptions for Bird Redcrowned ant tanager
2022-03-26 05:11:32,711 - ERROR - [-] Unknown Exceptions for Bird Redcrowned barbet
2022-03-26 05:11:40,134 - ERROR - [-] Unknown Exceptions for Bird Redcrowned crane
2022-03-26 05:11:47,542 - ERROR - [-] Unknown Exceptions for Bird Redcrowned malimbe
2022-03-26 05:11:55,030 - ERROR - [-] Unknown Exceptions for Bird Redcrowned parakeet
2022-03-26 05:12:01,988 - ERROR - [-] Unknown Exceptions for Bird Redcrowned woodpecker
2022-03-26 05:12:38,034 - ERROR - [-] Unknown Exceptions for Bird Reddishwinged bareeye
2022-03-26 05:12:45,976 - ERROR - [-] Unknown Exceptions for Bird Redeared firetail
2022-03-26 05:12:53,209 - ERROR - [-] Unknown Exceptions for Bird Redeared fruit dove
2022-03-26 05:13:01,270 - ERROR - [-] Unknown Exceptions for Bird Redeared parrotfinch
2022-03-26 05:13:09,512 - ERROR - [-] Unknown Exceptions for Bird Redeyed dove
2022-03-26 05:13:18,439 - ERROR - [-] Unknown Exceptions for Bird Redeyed puffback
2022-03-26 05:13:25,683 - ERROR - [-] Unknown Exceptions for Bird Redeyed vireo
2022-03-26 05:13:33,067 - ERROR - [-] Unknown Exceptions for Bird Redfaced barbet
2022-03-26 05:13:40,327 - ERROR - [-] Unknown Exceptions for Bird Redfaced cisticola
2022-03-26 05:13:48,108 - ERROR - [-] Unknown Exceptions for Bird Redfaced cormorant
2022-03-26 05:13:55,207 - ERROR - [-] Unknown Exceptions for Bird Redfaced crimsonwing
2022-03-26 05:14:02,172 - ERROR - [-] Unknown Exceptions for Bird Redfaced crombec
2022-03-26 05:14:09,081 - ERROR - [-] Unknown Exceptions for Bird Redfaced guan
2022-03-26 05:14:15,909 - ERROR - [-] Unknown Exceptions for Bird Redfaced liocichla
2022-03-26 05:14:22,851 - ERROR - [-] Unknown Exceptions for Bird Redfaced malkoha
2022-03-26 05:14:30,098 - ERROR - [-] Unknown Exceptions for Bird Redfaced mousebird
2022-03-26 05:14:37,685 - ERROR - [-] Unknown Exceptions for Bird Redfaced parrot
2022-03-26 05:14:44,598 - ERROR - [-] Unknown Exceptions for Bird Redfaced spinetail
2022-03-26 05:14:52,334 - ERROR - [-] Unknown Exceptions for Bird Redfaced warbler
2022-03-26 05:15:00,178 - ERROR - [-] Unknown Exceptions for Bird Redfaced woodland warbler
2022-03-26 05:15:08,509 - ERROR - [-] Unknown Exceptions for Bird Redfan parrot
2022-03-26 05:15:15,891 - ERROR - [-] Unknown Exceptions for Bird Redflanked bluetail
2022-03-26 05:15:23,512 - ERROR - [-] Unknown Exceptions for Bird Redflanked lorikeet
2022-03-26 05:15:31,152 - ERROR - [-] Unknown Exceptions for Bird Redfooted booby
2022-03-26 05:15:38,469 - ERROR - [-] Unknown Exceptions for Bird Redfooted falcon
2022-03-26 05:15:45,716 - ERROR - [-] Unknown Exceptions for Bird Redfronted antpecker
2022-03-26 05:15:53,068 - ERROR - [-] Unknown Exceptions for Bird Redfronted barbet
2022-03-26 05:16:00,538 - ERROR - [-] Unknown Exceptions for Bird Redfronted coot
2022-03-26 05:16:07,827 - ERROR - [-] Unknown Exceptions for Bird Redfronted coua
2022-03-26 05:16:15,719 - ERROR - [-] Unknown Exceptions for Bird Redfronted lorikeet
2022-03-26 05:16:23,041 - ERROR - [-] Unknown Exceptions for Bird Redfronted macaw
2022-03-26 05:16:30,816 - ERROR - [-] Unknown Exceptions for Bird Redfronted parrot
2022-03-26 05:16:38,139 - ERROR - [-] Unknown Exceptions for Bird Redfronted parrotlet
2022-03-26 05:16:45,825 - ERROR - [-] Unknown Exceptions for Bird Redfronted prinia
2022-03-26 05:16:52,985 - ERROR - [-] Unknown Exceptions for Bird Redfronted rosefinch
2022-03-26 05:17:00,726 - ERROR - [-] Unknown Exceptions for Bird Redfronted serin
2022-03-26 05:17:08,500 - ERROR - [-] Unknown Exceptions for Bird Redfronted tinkerbird
2022-03-26 05:17:16,787 - ERROR - [-] Unknown Exceptions for Bird Redgartered coot
2022-03-26 05:17:35,587 - ERROR - [-] Unknown Exceptions for Bird Redheaded barbet
2022-03-26 05:17:43,230 - ERROR - [-] Unknown Exceptions for Bird Redheaded bluebill
2022-03-26 05:17:50,136 - ERROR - [-] Unknown Exceptions for Bird Redheaded bullfinch
2022-03-26 05:17:57,221 - ERROR - [-] Unknown Exceptions for Bird Redheaded bunting
2022-03-26 05:18:04,759 - ERROR - [-] Unknown Exceptions for Bird Redheaded finch
2022-03-26 05:18:11,807 - ERROR - [-] Unknown Exceptions for Bird Redheaded flameback
2022-03-26 05:18:18,672 - ERROR - [-] Unknown Exceptions for Bird Redheaded lovebird
2022-03-26 05:18:26,548 - ERROR - [-] Unknown Exceptions for Bird Redheaded malimbe
2022-03-26 05:18:34,187 - ERROR - [-] Unknown Exceptions for Bird Redheaded manakin
2022-03-26 05:18:41,889 - ERROR - [-] Unknown Exceptions for Bird Redheaded myzomela
2022-03-26 05:18:49,276 - ERROR - [-] Unknown Exceptions for Bird Redheaded parrotfinch
2022-03-26 05:18:56,651 - ERROR - [-] Unknown Exceptions for Bird Redheaded quelea
2022-03-26 05:19:03,658 - ERROR - [-] Unknown Exceptions for Bird Redheaded tanager
2022-03-26 05:19:11,056 - ERROR - [-] Unknown Exceptions for Bird Redheaded trogon
2022-03-26 05:19:18,026 - ERROR - [-] Unknown Exceptions for Bird Redheaded vulture
2022-03-26 05:19:25,767 - ERROR - [-] Unknown Exceptions for Bird Redheaded weaver
2022-03-26 05:19:32,772 - ERROR - [-] Unknown Exceptions for Bird Redheaded woodpecker
2022-03-26 05:19:40,474 - ERROR - [-] Unknown Exceptions for Bird Redhooded tanager
2022-03-26 05:19:47,758 - ERROR - [-] Unknown Exceptions for Bird Redkeeled flowerpecker
2022-03-26 05:19:54,877 - ERROR - [-] Unknown Exceptions for Bird Redkneed dotterel
2022-03-26 05:20:02,107 - ERROR - [-] Unknown Exceptions for Bird Redknobbed coot
2022-03-26 05:20:09,252 - ERROR - [-] Unknown Exceptions for Bird Redknobbed imperial pigeon
2022-03-26 05:20:16,654 - ERROR - [-] Unknown Exceptions for Bird Redlegged cormorant
2022-03-26 05:20:23,937 - ERROR - [-] Unknown Exceptions for Bird Redlegged crake
2022-03-26 05:20:31,074 - ERROR - [-] Unknown Exceptions for Bird Redlegged honeycreeper
2022-03-26 05:20:38,314 - ERROR - [-] Unknown Exceptions for Bird Redlegged kittiwake
2022-03-26 05:20:46,155 - ERROR - [-] Unknown Exceptions for Bird Redlegged partridge
2022-03-26 05:20:53,614 - ERROR - [-] Unknown Exceptions for Bird Redlegged seriema
2022-03-26 05:21:00,811 - ERROR - [-] Unknown Exceptions for Bird Redlegged thrush
2022-03-26 05:21:08,331 - ERROR - [-] Unknown Exceptions for Bird Redlegged tinamou
2022-03-26 05:21:15,327 - ERROR - [-] Unknown Exceptions for Bird Redlored amazon
2022-03-26 05:21:22,833 - ERROR - [-] Unknown Exceptions for Bird Redlored whistler
2022-03-26 05:21:29,734 - ERROR - [-] Unknown Exceptions for Bird Redmantled rosefinch
2022-03-26 05:21:36,977 - ERROR - [-] Unknown Exceptions for Bird Redmasked parakeet
2022-03-26 05:21:43,508 - ERROR - [-] Unknown Exceptions for Bird Redmoustached fruit dove
2022-03-26 05:21:51,229 - ERROR - [-] Unknown Exceptions for Bird Rednaped bushshrike
2022-03-26 05:21:58,110 - ERROR - [-] Unknown Exceptions for Bird Rednaped fruit dove
2022-03-26 05:22:05,213 - ERROR - [-] Unknown Exceptions for Bird Rednaped ibis
2022-03-26 05:22:12,316 - ERROR - [-] Unknown Exceptions for Bird Rednaped sapsucker
2022-03-26 05:22:19,476 - ERROR - [-] Unknown Exceptions for Bird Rednaped trogon
2022-03-26 05:22:27,505 - ERROR - [-] Unknown Exceptions for Bird Rednecked amazon
2022-03-26 05:22:34,938 - ERROR - [-] Unknown Exceptions for Bird Rednecked aracari
2022-03-26 05:22:42,213 - ERROR - [-] Unknown Exceptions for Bird Rednecked avocet
2022-03-26 05:22:50,356 - ERROR - [-] Unknown Exceptions for Bird Rednecked buzzard
2022-03-26 05:22:57,840 - ERROR - [-] Unknown Exceptions for Bird Rednecked crake
2022-03-26 05:23:05,586 - ERROR - [-] Unknown Exceptions for Bird Rednecked falcon
2022-03-26 05:23:13,478 - ERROR - [-] Unknown Exceptions for Bird Rednecked grebe
2022-03-26 05:23:21,115 - ERROR - [-] Unknown Exceptions for Bird Rednecked nightjar
2022-03-26 05:23:28,846 - ERROR - [-] Unknown Exceptions for Bird Rednecked phalarope
