2022-03-26 01:49:37,629 - ERROR - [-] Unknown Exceptions for Bird Bluethroated blue flycatcher
2022-03-26 01:49:45,177 - ERROR - [-] Unknown Exceptions for Bird Bluethroated brown sunbird
2022-03-26 01:49:52,485 - ERROR - [-] Unknown Exceptions for Bird Bluethroated hillstar
2022-03-26 01:49:58,743 - ERROR - [-] Unknown Exceptions for Bird Bluethroated macaw
2022-03-26 01:50:06,183 - ERROR - [-] Unknown Exceptions for Bird Bluethroated motmot
2022-03-26 01:50:13,827 - ERROR - [-] Unknown Exceptions for Bird Bluethroated mountaingem
2022-03-26 01:50:20,367 - ERROR - [-] Unknown Exceptions for Bird Bluethroated piping guan
2022-03-26 01:50:26,836 - ERROR - [-] Unknown Exceptions for Bird Bluethroated roller
2022-03-26 01:50:33,700 - ERROR - [-] Unknown Exceptions for Bird Bluethroated sapphire
2022-03-26 01:50:40,431 - ERROR - [-] Unknown Exceptions for Bird Bluethroated starfrontlet
2022-03-26 01:50:48,124 - ERROR - [-] Unknown Exceptions for Bird Bluethroated toucanet
2022-03-26 01:50:55,236 - ERROR - [-] Unknown Exceptions for Bird Bluetufted starthroat
2022-03-26 01:51:02,938 - ERROR - [-] Unknown Exceptions for Bird Bluevented hummingbird
2022-03-26 01:51:09,674 - ERROR - [-] Unknown Exceptions for Bird Bluewattled bulbul
2022-03-26 01:51:16,960 - ERROR - [-] Unknown Exceptions for Bird Bluewhiskered tanager
2022-03-26 01:51:24,635 - ERROR - [-] Unknown Exceptions for Bird Bluewinged goose
2022-03-26 01:51:32,549 - ERROR - [-] Unknown Exceptions for Bird Bluewinged kookaburra
2022-03-26 01:51:39,595 - ERROR - [-] Unknown Exceptions for Bird Bluewinged laughingthrush
2022-03-26 01:51:46,677 - ERROR - [-] Unknown Exceptions for Bird Bluewinged leafbird
2022-03-26 01:51:54,014 - ERROR - [-] Unknown Exceptions for Bird Bluewinged macaw
2022-03-26 01:52:01,067 - ERROR - [-] Unknown Exceptions for Bird Bluewinged minla
2022-03-26 01:52:07,873 - ERROR - [-] Unknown Exceptions for Bird Bluewinged mountain tanager
2022-03-26 01:52:14,758 - ERROR - [-] Unknown Exceptions for Bird Bluewinged parakeet
2022-03-26 01:52:22,242 - ERROR - [-] Unknown Exceptions for Bird Bluewinged parrot
2022-03-26 01:52:29,552 - ERROR - [-] Unknown Exceptions for Bird Bluewinged parrotlet
2022-03-26 01:52:37,362 - ERROR - [-] Unknown Exceptions for Bird Bluewinged pitta
2022-03-26 01:52:44,501 - ERROR - [-] Unknown Exceptions for Bird Bluewinged rackettail
2022-03-26 01:52:51,377 - ERROR - [-] Unknown Exceptions for Bird Bluewinged teal
2022-03-26 01:52:57,586 - ERROR - [-] Unknown Exceptions for Bird Bluewinged warbler
2022-03-26 01:53:25,315 - ERROR - [-] Unknown Exceptions for Bird Bluishfronted jacamar
2022-03-26 01:53:32,921 - ERROR - [-] Unknown Exceptions for Bird Bluishslate antshrike
2022-03-26 01:53:39,576 - ERROR - [-] Unknown Exceptions for Bird Bluntwinged warbler
2022-03-26 01:53:57,298 - ERROR - [-] Unknown Exceptions for Bird Blyths hawkeagle
2022-03-26 01:55:12,516 - ERROR - [-] Unknown Exceptions for Bird Blyths shrikebabbler
2022-03-26 01:55:38,401 - ERROR - [-] Unknown Exceptions for Bird Boatbilled flycatcher
2022-03-26 01:55:45,263 - ERROR - [-] Unknown Exceptions for Bird Boatbilled heron
2022-03-26 01:55:52,679 - ERROR - [-] Unknown Exceptions for Bird Boatbilled todytyrant
2022-03-26 01:56:00,114 - ERROR - [-] Unknown Exceptions for Bird Boattailed grackle
2022-03-26 01:56:07,385 - ERROR - [-] Unknown Exceptions for Bird Bobtailed weaver
2022-03-26 01:56:33,766 - ERROR - [-] Unknown Exceptions for Bird Bocages bushshrike
2022-03-26 01:56:58,764 - ERROR - [-] Unknown Exceptions for Bird Bogotá rail
2022-03-26 01:57:25,018 - ERROR - [-] Unknown Exceptions for Bird Bokikokiko
2022-03-26 01:57:41,974 - ERROR - [-] Unknown Exceptions for Bird Boldstriped titbabbler
2022-03-26 01:59:03,217 - ERROR - [-] Unknown Exceptions for Bird Bolivian whitecrowned tapaculo
2022-03-26 01:59:55,609 - ERROR - [-] Unknown Exceptions for Bird Bonin greenfinch
2022-03-26 02:00:28,669 - ERROR - [-] Unknown Exceptions for Bird Bonin whiteeye
2022-03-26 02:00:35,324 - ERROR - [-] Unknown Exceptions for Bird Bonin wood pigeon
2022-03-26 02:01:41,927 - ERROR - [-] Unknown Exceptions for Bird Bornean blue flycatcher
2022-03-26 02:02:06,078 - ERROR - [-] Unknown Exceptions for Bird Bornean forktail
2022-03-26 02:02:49,230 - ERROR - [-] Unknown Exceptions for Bird Bornean peacockpheasant
2022-03-26 02:03:53,873 - ERROR - [-] Unknown Exceptions for Bird Bornean wrenbabbler
2022-03-26 02:04:29,117 - ERROR - [-] Unknown Exceptions for Bird Bougainville bush warbler
2022-03-26 02:07:13,244 - ERROR - [-] Unknown Exceptions for Bird Brancolored flycatcher
2022-03-26 02:07:29,669 - ERROR - [-] Unknown Exceptions for Bird Brandts mountain finch
2022-03-26 02:07:50,061 - ERROR - [-] Unknown Exceptions for Bird Brassybreasted tanager
2022-03-26 02:07:56,613 - ERROR - [-] Unknown Exceptions for Bird Brasília tapaculo
2022-03-26 02:08:11,787 - ERROR - [-] Unknown Exceptions for Bird Brazilian laniisoma
2022-03-26 02:09:30,378 - ERROR - [-] Unknown Exceptions for Bird Bridled quaildove
2022-03-26 02:09:57,321 - ERROR - [-] Unknown Exceptions for Bird Bridled whiteeye
2022-03-26 02:10:03,675 - ERROR - [-] Unknown Exceptions for Bird Brightrumped attila
2022-03-26 02:10:10,141 - ERROR - [-] Unknown Exceptions for Bird Brightrumped yellow finch
2022-03-26 02:10:17,094 - ERROR - [-] Unknown Exceptions for Bird Brigidas woodcreeper
2022-03-26 02:10:34,447 - ERROR - [-] Unknown Exceptions for Bird Bristlecrowned starling
2022-03-26 02:10:40,673 - ERROR - [-] Unknown Exceptions for Bird Bristlenosed barbet
2022-03-26 02:10:47,752 - ERROR - [-] Unknown Exceptions for Bird Bristlethighed curlew
2022-03-26 02:11:01,033 - ERROR - [-] Unknown Exceptions for Bird Broadbilled fairywren
2022-03-26 02:11:07,042 - ERROR - [-] Unknown Exceptions for Bird Broadbilled flycatcher
2022-03-26 02:11:13,411 - ERROR - [-] Unknown Exceptions for Bird Broadbilled hummingbird
2022-03-26 02:11:19,623 - ERROR - [-] Unknown Exceptions for Bird Broadbilled motmot
2022-03-26 02:11:25,507 - ERROR - [-] Unknown Exceptions for Bird Broadbilled parrot
2022-03-26 02:11:31,343 - ERROR - [-] Unknown Exceptions for Bird Broadbilled prion
2022-03-26 02:11:37,338 - ERROR - [-] Unknown Exceptions for Bird Broadbilled roller
2022-03-26 02:11:43,471 - ERROR - [-] Unknown Exceptions for Bird Broadbilled sandpiper
2022-03-26 02:11:49,953 - ERROR - [-] Unknown Exceptions for Bird Broadbilled tody
2022-03-26 02:11:56,118 - ERROR - [-] Unknown Exceptions for Bird Broadbilled warbler
2022-03-26 02:12:02,543 - ERROR - [-] Unknown Exceptions for Bird Broadringed whiteeye
2022-03-26 02:12:08,987 - ERROR - [-] Unknown Exceptions for Bird Broadtailed grassbird
2022-03-26 02:12:16,084 - ERROR - [-] Unknown Exceptions for Bird Broadtailed hummingbird
2022-03-26 02:12:22,602 - ERROR - [-] Unknown Exceptions for Bird Broadtailed paradise whydah
2022-03-26 02:12:28,847 - ERROR - [-] Unknown Exceptions for Bird Broadtipped hermit
2022-03-26 02:12:35,326 - ERROR - [-] Unknown Exceptions for Bird Broadwinged hawk
2022-03-26 02:13:10,658 - ERROR - [-] Unknown Exceptions for Bird Bronzebrown cowbird
2022-03-26 02:13:16,212 - ERROR - [-] Unknown Exceptions for Bird Bronzegreen euphonia
2022-03-26 02:13:22,224 - ERROR - [-] Unknown Exceptions for Bird Bronzeolive pygmy tyrant
2022-03-26 02:13:27,927 - ERROR - [-] Unknown Exceptions for Bird Bronzetailed comet
2022-03-26 02:13:34,057 - ERROR - [-] Unknown Exceptions for Bird Bronzetailed peacockpheasant
2022-03-26 02:13:39,832 - ERROR - [-] Unknown Exceptions for Bird Bronzetailed plumeleteer
2022-03-26 02:13:45,759 - ERROR - [-] Unknown Exceptions for Bird Bronzetailed starling
2022-03-26 02:13:51,388 - ERROR - [-] Unknown Exceptions for Bird Bronzetailed thornbill
2022-03-26 02:13:56,933 - ERROR - [-] Unknown Exceptions for Bird Bronzewinged courser
2022-03-26 02:14:02,595 - ERROR - [-] Unknown Exceptions for Bird Bronzewinged duck
2022-03-26 02:14:08,026 - ERROR - [-] Unknown Exceptions for Bird Bronzewinged jacana
2022-03-26 02:14:14,882 - ERROR - [-] Unknown Exceptions for Bird Bronzewinged parrot
2022-03-26 02:14:20,936 - ERROR - [-] Unknown Exceptions for Bird Bronzewinged woodpecker
2022-03-26 02:15:01,744 - ERROR - [-] Unknown Exceptions for Bird Bronzy sunbird
2022-03-26 02:16:16,148 - ERROR - [-] Unknown Exceptions for Bird Brown cuckoodove
2022-03-26 02:17:35,195 - ERROR - [-] Unknown Exceptions for Bird Brown hawkowl
2022-03-26 02:20:47,757 - ERROR - [-] Unknown Exceptions for Bird Brown titbabbler
2022-03-26 02:21:42,364 - ERROR - [-] Unknown Exceptions for Bird Brownandyellow marshbird
2022-03-26 02:21:48,259 - ERROR - [-] Unknown Exceptions for Bird Brownbacked chattyrant
2022-03-26 02:21:54,679 - ERROR - [-] Unknown Exceptions for Bird Brownbacked flowerpecker
2022-03-26 02:22:00,921 - ERROR - [-] Unknown Exceptions for Bird Brownbacked honeybird
2022-03-26 02:22:06,904 - ERROR - [-] Unknown Exceptions for Bird Brownbacked honeyeater
2022-03-26 02:22:12,916 - ERROR - [-] Unknown Exceptions for Bird Brownbacked mockingbird
2022-03-26 02:22:18,755 - ERROR - [-] Unknown Exceptions for Bird Brownbacked needletail
2022-03-26 02:22:24,668 - ERROR - [-] Unknown Exceptions for Bird Brownbacked parrotlet
2022-03-26 02:22:31,462 - ERROR - [-] Unknown Exceptions for Bird Brownbacked scrub robin
2022-03-26 02:22:37,290 - ERROR - [-] Unknown Exceptions for Bird Brownbacked solitaire
2022-03-26 02:22:43,671 - ERROR - [-] Unknown Exceptions for Bird Brownbacked whistler
2022-03-26 02:22:49,792 - ERROR - [-] Unknown Exceptions for Bird Brownbacked woodpecker
2022-03-26 02:22:56,229 - ERROR - [-] Unknown Exceptions for Bird Brownbanded antpitta
2022-03-26 02:23:02,177 - ERROR - [-] Unknown Exceptions for Bird Brownbanded puffbird
2022-03-26 02:23:08,162 - ERROR - [-] Unknown Exceptions for Bird Brownbanded rail
2022-03-26 02:23:14,174 - ERROR - [-] Unknown Exceptions for Bird Brownbellied stipplethroat
2022-03-26 02:23:20,373 - ERROR - [-] Unknown Exceptions for Bird Brownbellied swallow
2022-03-26 02:23:26,444 - ERROR - [-] Unknown Exceptions for Bird Brownbilled scythebill
2022-03-26 02:23:32,205 - ERROR - [-] Unknown Exceptions for Bird Brownbreasted bamboo tyrant
2022-03-26 02:23:38,044 - ERROR - [-] Unknown Exceptions for Bird Brownbreasted barbet
2022-03-26 02:23:44,212 - ERROR - [-] Unknown Exceptions for Bird Brownbreasted bulbul
2022-03-26 02:23:51,274 - ERROR - [-] Unknown Exceptions for Bird Brownbreasted flycatcher
2022-03-26 02:23:57,687 - ERROR - [-] Unknown Exceptions for Bird Brownbreasted gerygone
2022-03-26 02:24:03,645 - ERROR - [-] Unknown Exceptions for Bird Browncapped babbler
2022-03-26 02:24:09,755 - ERROR - [-] Unknown Exceptions for Bird Browncapped fantail
2022-03-26 02:24:16,177 - ERROR - [-] Unknown Exceptions for Bird Browncapped laughingthrush
2022-03-26 02:24:22,802 - ERROR - [-] Unknown Exceptions for Bird Browncapped pygmy woodpecker
2022-03-26 02:24:28,928 - ERROR - [-] Unknown Exceptions for Bird Browncapped rosy finch
2022-03-26 02:24:35,261 - ERROR - [-] Unknown Exceptions for Bird Browncapped titspinetail
2022-03-26 02:24:41,201 - ERROR - [-] Unknown Exceptions for Bird Browncapped tyrannulet
2022-03-26 02:24:47,057 - ERROR - [-] Unknown Exceptions for Bird Browncapped vireo
2022-03-26 02:24:53,217 - ERROR - [-] Unknown Exceptions for Bird Browncapped weaver
2022-03-26 02:24:59,223 - ERROR - [-] Unknown Exceptions for Bird Browncapped whitestart
2022-03-26 02:25:05,788 - ERROR - [-] Unknown Exceptions for Bird Browncheeked bulbul
2022-03-26 02:25:11,587 - ERROR - [-] Unknown Exceptions for Bird Browncheeked fulvetta
2022-03-26 02:25:17,610 - ERROR - [-] Unknown Exceptions for Bird Browncheeked hornbill
2022-03-26 02:25:23,792 - ERROR - [-] Unknown Exceptions for Bird Browncheeked laughingthrush
2022-03-26 02:25:30,783 - ERROR - [-] Unknown Exceptions for Bird Browncheeked rail
2022-03-26 02:25:37,320 - ERROR - [-] Unknown Exceptions for Bird Brownchested alethe
2022-03-26 02:25:42,977 - ERROR - [-] Unknown Exceptions for Bird Brownchested barbet
2022-03-26 02:25:48,905 - ERROR - [-] Unknown Exceptions for Bird Brownchested jungle flycatcher
2022-03-26 02:25:55,103 - ERROR - [-] Unknown Exceptions for Bird Brownchested lapwing
2022-03-26 02:26:01,032 - ERROR - [-] Unknown Exceptions for Bird Brownchested martin
2022-03-26 02:26:06,649 - ERROR - [-] Unknown Exceptions for Bird Browncrested flycatcher
2022-03-26 02:26:12,563 - ERROR - [-] Unknown Exceptions for Bird Browncrowned tchagra
2022-03-26 02:26:18,575 - ERROR - [-] Unknown Exceptions for Bird Browneared bulbul
2022-03-26 02:26:24,618 - ERROR - [-] Unknown Exceptions for Bird Browneared woodpecker
2022-03-26 02:26:30,513 - ERROR - [-] Unknown Exceptions for Bird Brownflanked bush warbler
2022-03-26 02:26:36,461 - ERROR - [-] Unknown Exceptions for Bird Brownflanked tanager
2022-03-26 02:26:42,654 - ERROR - [-] Unknown Exceptions for Bird Brownfronted woodpecker
2022-03-26 02:26:49,058 - ERROR - [-] Unknown Exceptions for Bird Brownheaded apalis
2022-03-26 02:26:55,883 - ERROR - [-] Unknown Exceptions for Bird Brownheaded barbet
2022-03-26 02:27:02,711 - ERROR - [-] Unknown Exceptions for Bird Brownheaded cowbird
2022-03-26 02:27:08,708 - ERROR - [-] Unknown Exceptions for Bird Brownheaded crow
2022-03-26 02:27:14,844 - ERROR - [-] Unknown Exceptions for Bird Brownheaded greenlet
2022-03-26 02:27:21,641 - ERROR - [-] Unknown Exceptions for Bird Brownheaded gull
2022-03-26 02:27:27,806 - ERROR - [-] Unknown Exceptions for Bird Brownheaded honeyeater
2022-03-26 02:27:33,472 - ERROR - [-] Unknown Exceptions for Bird Brownheaded jewelbabbler
2022-03-26 02:27:39,620 - ERROR - [-] Unknown Exceptions for Bird Brownheaded nuthatch
2022-03-26 02:27:45,353 - ERROR - [-] Unknown Exceptions for Bird Brownheaded paradise kingfisher
2022-03-26 02:27:52,526 - ERROR - [-] Unknown Exceptions for Bird Brownheaded thrush
2022-03-26 02:27:59,866 - ERROR - [-] Unknown Exceptions for Bird Brownhooded gull
2022-03-26 02:28:06,313 - ERROR - [-] Unknown Exceptions for Bird Brownhooded kingfisher
2022-03-26 02:28:12,598 - ERROR - [-] Unknown Exceptions for Bird Brownhooded parrot
2022-03-26 02:28:18,532 - ERROR - [-] Unknown Exceptions for Bird Brownmandibled aracari
2022-03-26 02:28:35,711 - ERROR - [-] Unknown Exceptions for Bird Brownnecked parrot
2022-03-26 02:28:47,926 - ERROR - [-] Unknown Exceptions for Bird Brownnecked raven
2022-03-26 02:30:07,104 - ERROR - [-] Unknown Exceptions for Bird Brownrumped bunting
2022-03-26 02:30:14,897 - ERROR - [-] Unknown Exceptions for Bird Brownrumped foliagegleaner
2022-03-26 02:30:21,581 - ERROR - [-] Unknown Exceptions for Bird Brownrumped seedeater
2022-03-26 02:30:28,703 - ERROR - [-] Unknown Exceptions for Bird Brownrumped tapaculo
2022-03-26 02:30:35,672 - ERROR - [-] Unknown Exceptions for Bird Brownstreaked flycatcher
2022-03-26 02:30:42,148 - ERROR - [-] Unknown Exceptions for Bird Browntailed rock chat
2022-03-26 02:30:48,514 - ERROR - [-] Unknown Exceptions for Bird Brownthroated barbet
2022-03-26 02:30:55,026 - ERROR - [-] Unknown Exceptions for Bird Brownthroated fulvetta
2022-03-26 02:31:01,132 - ERROR - [-] Unknown Exceptions for Bird Brownthroated martin
2022-03-26 02:31:07,625 - ERROR - [-] Unknown Exceptions for Bird Brownthroated parakeet
2022-03-26 02:31:13,916 - ERROR - [-] Unknown Exceptions for Bird Brownthroated sunbird
2022-03-26 02:31:20,529 - ERROR - [-] Unknown Exceptions for Bird Brownthroated wattleeye
2022-03-26 02:31:27,157 - ERROR - [-] Unknown Exceptions for Bird Brownwinged kingfisher
2022-03-26 02:31:33,877 - ERROR - [-] Unknown Exceptions for Bird Brownwinged parrotbill
2022-03-26 02:31:41,480 - ERROR - [-] Unknown Exceptions for Bird Brownwinged schiffornis
2022-03-26 02:31:48,136 - ERROR - [-] Unknown Exceptions for Bird Brownwinged starling
2022-03-26 02:31:54,815 - ERROR - [-] Unknown Exceptions for Bird Brownwinged whistling thrush
2022-03-26 02:32:15,529 - ERROR - [-] Unknown Exceptions for Bird Brownishheaded antbird
2022-03-26 02:33:36,240 - ERROR - [-] Unknown Exceptions for Bird Buffbanded rail
2022-03-26 02:33:42,840 - ERROR - [-] Unknown Exceptions for Bird Buffbanded thicketbird
2022-03-26 02:33:49,124 - ERROR - [-] Unknown Exceptions for Bird Buffbanded tyrannulet
2022-03-26 02:33:55,342 - ERROR - [-] Unknown Exceptions for Bird Buffbarred warbler
2022-03-26 02:34:01,770 - ERROR - [-] Unknown Exceptions for Bird Buffbellied hermit
2022-03-26 02:34:08,344 - ERROR - [-] Unknown Exceptions for Bird Buffbellied hummingbird
2022-03-26 02:34:15,440 - ERROR - [-] Unknown Exceptions for Bird Buffbellied mannikin
2022-03-26 02:34:21,692 - ERROR - [-] Unknown Exceptions for Bird Buffbellied monarch
2022-03-26 02:34:28,163 - ERROR - [-] Unknown Exceptions for Bird Buffbellied pipit
2022-03-26 02:34:34,286 - ERROR - [-] Unknown Exceptions for Bird Buffbellied puffbird
2022-03-26 02:34:40,697 - ERROR - [-] Unknown Exceptions for Bird Buffbellied tanager
2022-03-26 02:34:46,913 - ERROR - [-] Unknown Exceptions for Bird Buffbellied warbler
2022-03-26 02:34:52,466 - ERROR - [-] Unknown Exceptions for Bird Buffbreasted babbler
2022-03-26 02:34:58,272 - ERROR - [-] Unknown Exceptions for Bird Buffbreasted buttonquail
2022-03-26 02:35:04,198 - ERROR - [-] Unknown Exceptions for Bird Buffbreasted earthcreeper
2022-03-26 02:35:10,676 - ERROR - [-] Unknown Exceptions for Bird Buffbreasted flycatcher
2022-03-26 02:35:17,330 - ERROR - [-] Unknown Exceptions for Bird Buffbreasted mountain tanager
2022-03-26 02:35:23,095 - ERROR - [-] Unknown Exceptions for Bird Buffbreasted paradise kingfisher
2022-03-26 02:35:29,826 - ERROR - [-] Unknown Exceptions for Bird Buffbreasted sabrewing
2022-03-26 02:35:36,121 - ERROR - [-] Unknown Exceptions for Bird Buffbreasted sandpiper
2022-03-26 02:35:42,476 - ERROR - [-] Unknown Exceptions for Bird Buffbreasted todytyrant
2022-03-26 02:35:48,567 - ERROR - [-] Unknown Exceptions for Bird Buffbreasted wren
2022-03-26 02:35:55,068 - ERROR - [-] Unknown Exceptions for Bird Buffbridled Inca finch
2022-03-26 02:36:01,784 - ERROR - [-] Unknown Exceptions for Bird Buffbrowed chachalaca
2022-03-26 02:36:08,839 - ERROR - [-] Unknown Exceptions for Bird Buffbrowed foliagegleaner
2022-03-26 02:36:14,829 - ERROR - [-] Unknown Exceptions for Bird Buffcheeked greenlet
2022-03-26 02:36:21,217 - ERROR - [-] Unknown Exceptions for Bird Buffcheeked todyflycatcher
2022-03-26 02:36:27,364 - ERROR - [-] Unknown Exceptions for Bird Buffchested babbler
2022-03-26 02:36:33,626 - ERROR - [-] Unknown Exceptions for Bird Buffcollared nightjar
2022-03-26 02:36:40,241 - ERROR - [-] Unknown Exceptions for Bird Buffcrested bustard
2022-03-26 02:36:47,229 - ERROR - [-] Unknown Exceptions for Bird Bufffaced pygmy parrot
2022-03-26 02:36:53,755 - ERROR - [-] Unknown Exceptions for Bird Bufffaced scrubwren
2022-03-26 02:37:00,310 - ERROR - [-] Unknown Exceptions for Bird Bufffronted foliagegleaner
2022-03-26 02:37:06,619 - ERROR - [-] Unknown Exceptions for Bird Bufffronted owl
2022-03-26 02:37:12,809 - ERROR - [-] Unknown Exceptions for Bird Bufffronted quaildove
2022-03-26 02:37:19,174 - ERROR - [-] Unknown Exceptions for Bird Buffheaded coucal
2022-03-26 02:37:25,439 - ERROR - [-] Unknown Exceptions for Bird Buffnecked ibis
2022-03-26 02:37:31,578 - ERROR - [-] Unknown Exceptions for Bird Buffnecked woodpecker
2022-03-26 02:37:37,356 - ERROR - [-] Unknown Exceptions for Bird Buffrumped thornbill
2022-03-26 02:37:42,907 - ERROR - [-] Unknown Exceptions for Bird Buffrumped warbler
2022-03-26 02:37:49,444 - ERROR - [-] Unknown Exceptions for Bird Buffrumped woodpecker
2022-03-26 02:37:55,282 - ERROR - [-] Unknown Exceptions for Bird Buffsided robin
2022-03-26 02:38:01,386 - ERROR - [-] Unknown Exceptions for Bird Buffspotted flameback
2022-03-26 02:38:07,593 - ERROR - [-] Unknown Exceptions for Bird Buffspotted flufftail
2022-03-26 02:38:13,511 - ERROR - [-] Unknown Exceptions for Bird Buffspotted woodpecker
2022-03-26 02:38:19,774 - ERROR - [-] Unknown Exceptions for Bird Buffstreaked chat
2022-03-26 02:38:25,924 - ERROR - [-] Unknown Exceptions for Bird Bufftailed coronet
2022-03-26 02:38:32,128 - ERROR - [-] Unknown Exceptions for Bird Bufftailed sicklebill
2022-03-26 02:38:38,276 - ERROR - [-] Unknown Exceptions for Bird Buffthighed puffleg
2022-03-26 02:38:45,096 - ERROR - [-] Unknown Exceptions for Bird Buffthroated apalis
2022-03-26 02:38:51,102 - ERROR - [-] Unknown Exceptions for Bird Buffthroated foliagegleaner
2022-03-26 02:38:56,963 - ERROR - [-] Unknown Exceptions for Bird Buffthroated purpletuft
2022-03-26 02:39:02,721 - ERROR - [-] Unknown Exceptions for Bird Buffthroated saltator
2022-03-26 02:39:08,711 - ERROR - [-] Unknown Exceptions for Bird Buffthroated sunbird
2022-03-26 02:39:14,951 - ERROR - [-] Unknown Exceptions for Bird Buffthroated todytyrant
2022-03-26 02:39:22,008 - ERROR - [-] Unknown Exceptions for Bird Buffthroated warbler
2022-03-26 02:39:27,882 - ERROR - [-] Unknown Exceptions for Bird Buffthroated warbling finch
2022-03-26 02:39:33,884 - ERROR - [-] Unknown Exceptions for Bird Buffthroated woodcreeper
2022-03-26 02:39:39,694 - ERROR - [-] Unknown Exceptions for Bird Buffvented bulbul
2022-03-26 02:39:45,473 - ERROR - [-] Unknown Exceptions for Bird Buffwinged cinclodes
2022-03-26 02:39:51,748 - ERROR - [-] Unknown Exceptions for Bird Buffwinged starfrontlet
2022-03-26 02:40:52,060 - ERROR - [-] Unknown Exceptions for Bird Buffycrowned wood partridge
2022-03-26 02:40:57,553 - ERROR - [-] Unknown Exceptions for Bird Buffyfronted seedeater
2022-03-26 02:41:17,726 - ERROR - [-] Unknown Exceptions for Bird Bullheaded shrike
2022-03-26 02:42:12,583 - ERROR - [-] Unknown Exceptions for Bird Burchells coucal
2022-03-26 02:42:40,809 - ERROR - [-] Unknown Exceptions for Bird Burmese bush lark
2022-03-26 02:42:46,869 - ERROR - [-] Unknown Exceptions for Bird Burmese bushtit
2022-03-26 02:43:22,815 - ERROR - [-] Unknown Exceptions for Bird Burnishedbuff tanager
2022-03-26 02:43:29,471 - ERROR - [-] Unknown Exceptions for Bird Burntnecked eremomela
2022-03-26 02:43:42,636 - ERROR - [-] Unknown Exceptions for Bird Burrowing parrot
2022-03-26 02:44:45,355 - ERROR - [-] Unknown Exceptions for Bird Buru rackettail
2022-03-26 02:44:58,962 - ERROR - [-] Unknown Exceptions for Bird Buru whiteeye
2022-03-26 02:45:11,917 - ERROR - [-] Unknown Exceptions for Bird Bush stonecurlew
2022-03-26 02:45:17,612 - ERROR - [-] Unknown Exceptions for Bird Bushveld pipit
2022-03-26 02:45:23,394 - ERROR - [-] Unknown Exceptions for Bird Bushwren
2022-03-26 02:45:29,345 - ERROR - [-] Unknown Exceptions for Bird Bushycrested hornbill
2022-03-26 02:45:35,084 - ERROR - [-] Unknown Exceptions for Bird Bushycrested jay
2022-03-26 02:45:48,569 - ERROR - [-] Unknown Exceptions for Bird Buzzing flowerpecker
2022-03-26 02:45:54,942 - ERROR - [-] Unknown Exceptions for Bird Böhms beeeater
2022-03-26 02:46:08,116 - ERROR - [-] Unknown Exceptions for Bird Böhms spinetail
2022-03-26 02:46:28,269 - ERROR - [-] Unknown Exceptions for Bird Caatinga parakeet
2022-03-26 02:46:34,093 - ERROR - [-] Unknown Exceptions for Bird Caatinga puffbird
2022-03-26 02:47:01,943 - ERROR - [-] Unknown Exceptions for Bird Cabaniss seedeater
2022-03-26 02:47:21,601 - ERROR - [-] Unknown Exceptions for Bird Cabots tern
2022-03-26 02:47:41,727 - ERROR - [-] Unknown Exceptions for Bird Cachar wedgebilled babbler
2022-03-26 02:49:59,949 - ERROR - [-] Unknown Exceptions for Bird Cameroon olive pigeon
2022-03-26 02:50:19,799 - ERROR - [-] Unknown Exceptions for Bird Camiguin hawkowl
2022-03-26 02:50:25,586 - ERROR - [-] Unknown Exceptions for Bird Campbell albatross
2022-03-26 02:51:50,476 - ERROR - [-] Unknown Exceptions for Bird Canary Islands oystercatcher
2022-03-26 02:51:56,439 - ERROR - [-] Unknown Exceptions for Bird Canary Islands stonechat
2022-03-26 02:52:02,528 - ERROR - [-] Unknown Exceptions for Bird Canary flyrobin
2022-03-26 02:52:08,810 - ERROR - [-] Unknown Exceptions for Bird Canary whiteeye
2022-03-26 02:53:38,936 - ERROR - [-] Unknown Exceptions for Bird Cape Verde swift
2022-03-26 02:54:40,736 - ERROR - [-] Unknown Exceptions for Bird Cape eagleowl
2022-03-26 02:55:00,948 - ERROR - [-] Unknown Exceptions for Bird Cape longbilled lark
2022-03-26 02:55:07,102 - ERROR - [-] Unknown Exceptions for Bird Cape longclaw
2022-03-26 02:55:20,132 - ERROR - [-] Unknown Exceptions for Bird Cape penduline tit
2022-03-26 02:55:32,637 - ERROR - [-] Unknown Exceptions for Bird Cape robinchat
2022-03-26 02:56:18,565 - ERROR - [-] Unknown Exceptions for Bird Cape spurfowl
2022-03-26 02:56:47,655 - ERROR - [-] Unknown Exceptions for Bird Cape vulture
2022-03-26 02:57:08,771 - ERROR - [-] Unknown Exceptions for Bird Cape whiteeye
2022-03-26 02:57:39,390 - ERROR - [-] Unknown Exceptions for Bird Capped whiteeye
2022-03-26 02:58:01,859 - ERROR - [-] Unknown Exceptions for Bird Caquetá seedeater
2022-03-26 02:59:24,923 - ERROR - [-] Unknown Exceptions for Bird Caribbean hornero
2022-03-26 03:00:28,497 - ERROR - [-] Unknown Exceptions for Bird Carolinian reed warbler
2022-03-26 03:01:57,073 - ERROR - [-] Unknown Exceptions for Bird Casqued oropendola
2022-03-26 03:02:31,051 - ERROR - [-] Unknown Exceptions for Bird Cassins hawkeagle
2022-03-26 03:02:36,631 - ERROR - [-] Unknown Exceptions for Bird Cassins honeybird
2022-03-26 03:02:49,091 - ERROR - [-] Unknown Exceptions for Bird Cassins malimbe
2022-03-26 03:04:22,319 - ERROR - [-] Unknown Exceptions for Bird Cayenne nightjar
2022-03-26 03:04:34,617 - ERROR - [-] Unknown Exceptions for Bird Ceará gnateater
2022-03-26 03:04:46,608 - ERROR - [-] Unknown Exceptions for Bird Cebu hawkowl
2022-03-26 03:05:21,206 - ERROR - [-] Unknown Exceptions for Bird Cerulean kingfisher
2022-03-26 03:05:27,160 - ERROR - [-] Unknown Exceptions for Bird Cerulean paradise flycatcher
2022-03-26 03:05:39,872 - ERROR - [-] Unknown Exceptions for Bird Ceruleancapped manakin
2022-03-26 03:06:30,810 - ERROR - [-] Unknown Exceptions for Bird Chaco puffbird
2022-03-26 03:06:36,829 - ERROR - [-] Unknown Exceptions for Bird Chad firefinch
2022-03-26 03:06:42,878 - ERROR - [-] Unknown Exceptions for Bird Chalkbrowed mockingbird
2022-03-26 03:06:48,421 - ERROR - [-] Unknown Exceptions for Bird Changeable hawkeagle
2022-03-26 03:06:54,118 - ERROR - [-] Unknown Exceptions for Bird Channelbilled cuckoo
2022-03-26 03:07:00,229 - ERROR - [-] Unknown Exceptions for Bird Channelbilled toucan
2022-03-26 03:10:06,875 - ERROR - [-] Unknown Exceptions for Bird Checkerthroated stipplethroat
2022-03-26 03:10:12,805 - ERROR - [-] Unknown Exceptions for Bird Checkerthroated woodpecker
2022-03-26 03:10:39,034 - ERROR - [-] Unknown Exceptions for Bird Cherrythroated tanager
2022-03-26 03:11:28,907 - ERROR - [-] Unknown Exceptions for Bird Chestnut quailthrush
2022-03-26 03:12:09,642 - ERROR - [-] Unknown Exceptions for Bird Chestnut wattleeye
2022-03-26 03:12:37,571 - ERROR - [-] Unknown Exceptions for Bird Chestnutbacked antbird
2022-03-26 03:12:43,273 - ERROR - [-] Unknown Exceptions for Bird Chestnutbacked antshrike
2022-03-26 03:12:49,971 - ERROR - [-] Unknown Exceptions for Bird Chestnutbacked buttonquail
2022-03-26 03:12:56,503 - ERROR - [-] Unknown Exceptions for Bird Chestnutbacked chickadee
2022-03-26 03:13:03,646 - ERROR - [-] Unknown Exceptions for Bird Chestnutbacked jewelbabbler
2022-03-26 03:13:09,421 - ERROR - [-] Unknown Exceptions for Bird Chestnutbacked laughingthrush
2022-03-26 03:13:15,796 - ERROR - [-] Unknown Exceptions for Bird Chestnutbacked owlet
2022-03-26 03:13:22,223 - ERROR - [-] Unknown Exceptions for Bird Chestnutbacked scimitar babbler
2022-03-26 03:13:29,186 - ERROR - [-] Unknown Exceptions for Bird Chestnutbacked sparrowlark
2022-03-26 03:13:36,086 - ERROR - [-] Unknown Exceptions for Bird Chestnutbacked sparrowweaver
2022-03-26 03:13:41,945 - ERROR - [-] Unknown Exceptions for Bird Chestnutbacked tanager
2022-03-26 03:13:48,124 - ERROR - [-] Unknown Exceptions for Bird Chestnutbacked thornbird
2022-03-26 03:13:54,099 - ERROR - [-] Unknown Exceptions for Bird Chestnutbacked thrush
2022-03-26 03:14:00,258 - ERROR - [-] Unknown Exceptions for Bird Chestnutbanded plover
2022-03-26 03:14:06,188 - ERROR - [-] Unknown Exceptions for Bird Chestnutbellied cotinga
2022-03-26 03:14:12,572 - ERROR - [-] Unknown Exceptions for Bird Chestnutbellied cuckoo
2022-03-26 03:14:19,142 - ERROR - [-] Unknown Exceptions for Bird Chestnutbellied euphonia
2022-03-26 03:14:25,161 - ERROR - [-] Unknown Exceptions for Bird Chestnutbellied fantail
2022-03-26 03:14:31,194 - ERROR - [-] Unknown Exceptions for Bird Chestnutbellied flowerpiercer
2022-03-26 03:14:37,129 - ERROR - [-] Unknown Exceptions for Bird Chestnutbellied guan
2022-03-26 03:14:43,796 - ERROR - [-] Unknown Exceptions for Bird Chestnutbellied hummingbird
2022-03-26 03:14:50,127 - ERROR - [-] Unknown Exceptions for Bird Chestnutbellied imperial pigeon
2022-03-26 03:14:55,995 - ERROR - [-] Unknown Exceptions for Bird Chestnutbellied malkoha
2022-03-26 03:15:02,009 - ERROR - [-] Unknown Exceptions for Bird Chestnutbellied monarch
2022-03-26 03:15:08,466 - ERROR - [-] Unknown Exceptions for Bird Chestnutbellied mountain tanager
2022-03-26 03:15:14,238 - ERROR - [-] Unknown Exceptions for Bird Chestnutbellied nuthatch
2022-03-26 03:15:20,016 - ERROR - [-] Unknown Exceptions for Bird Chestnutbellied partridge
2022-03-26 03:15:25,692 - ERROR - [-] Unknown Exceptions for Bird Chestnutbellied rock thrush
2022-03-26 03:15:31,747 - ERROR - [-] Unknown Exceptions for Bird Chestnutbellied sandgrouse
2022-03-26 03:15:38,247 - ERROR - [-] Unknown Exceptions for Bird Chestnutbellied seed finch
2022-03-26 03:15:45,207 - ERROR - [-] Unknown Exceptions for Bird Chestnutbellied seedeater
2022-03-26 03:15:51,109 - ERROR - [-] Unknown Exceptions for Bird Chestnutbellied starling
2022-03-26 03:15:57,430 - ERROR - [-] Unknown Exceptions for Bird Chestnutbellied thrush
2022-03-26 03:16:03,891 - ERROR - [-] Unknown Exceptions for Bird Chestnutbellied tit
2022-03-26 03:16:10,273 - ERROR - [-] Unknown Exceptions for Bird Chestnutbelted gnateater
2022-03-26 03:16:16,239 - ERROR - [-] Unknown Exceptions for Bird Chestnutbreasted chlorophonia
2022-03-26 03:16:22,807 - ERROR - [-] Unknown Exceptions for Bird Chestnutbreasted coronet
2022-03-26 03:16:28,712 - ERROR - [-] Unknown Exceptions for Bird Chestnutbreasted cuckoo
2022-03-26 03:16:35,015 - ERROR - [-] Unknown Exceptions for Bird Chestnutbreasted malkoha
2022-03-26 03:16:41,301 - ERROR - [-] Unknown Exceptions for Bird Chestnutbreasted mannikin
2022-03-26 03:16:47,307 - ERROR - [-] Unknown Exceptions for Bird Chestnutbreasted mountain finch
2022-03-26 03:16:54,080 - ERROR - [-] Unknown Exceptions for Bird Chestnutbreasted nigrita
2022-03-26 03:17:00,487 - ERROR - [-] Unknown Exceptions for Bird Chestnutbreasted partridge
2022-03-26 03:17:06,889 - ERROR - [-] Unknown Exceptions for Bird Chestnutbreasted quailthrush
2022-03-26 03:17:12,774 - ERROR - [-] Unknown Exceptions for Bird Chestnutbreasted whiteface
2022-03-26 03:17:18,991 - ERROR - [-] Unknown Exceptions for Bird Chestnutbreasted wren
2022-03-26 03:17:25,252 - ERROR - [-] Unknown Exceptions for Bird Chestnutcapped babbler
2022-03-26 03:17:31,574 - ERROR - [-] Unknown Exceptions for Bird Chestnutcapped blackbird
2022-03-26 03:17:37,629 - ERROR - [-] Unknown Exceptions for Bird Chestnutcapped brushfinch
2022-03-26 03:17:44,247 - ERROR - [-] Unknown Exceptions for Bird Chestnutcapped flycatcher
2022-03-26 03:17:50,292 - ERROR - [-] Unknown Exceptions for Bird Chestnutcapped laughingthrush
2022-03-26 03:17:56,675 - ERROR - [-] Unknown Exceptions for Bird Chestnutcapped piha
2022-03-26 03:18:02,693 - ERROR - [-] Unknown Exceptions for Bird Chestnutcapped puffbird
2022-03-26 03:18:09,314 - ERROR - [-] Unknown Exceptions for Bird Chestnutcapped thrush
2022-03-26 03:18:16,070 - ERROR - [-] Unknown Exceptions for Bird Chestnutcheeked starling
2022-03-26 03:18:22,234 - ERROR - [-] Unknown Exceptions for Bird Chestnutcollared longspur
2022-03-26 03:18:28,933 - ERROR - [-] Unknown Exceptions for Bird Chestnutcollared swallow
2022-03-26 03:18:35,086 - ERROR - [-] Unknown Exceptions for Bird Chestnutcollared swift
2022-03-26 03:18:41,675 - ERROR - [-] Unknown Exceptions for Bird Chestnutcolored woodpecker
2022-03-26 03:18:48,053 - ERROR - [-] Unknown Exceptions for Bird Chestnutcrested antbird
2022-03-26 03:18:54,632 - ERROR - [-] Unknown Exceptions for Bird Chestnutcrested cotinga
2022-03-26 03:19:01,213 - ERROR - [-] Unknown Exceptions for Bird Chestnutcrested yuhina
2022-03-26 03:19:07,572 - ERROR - [-] Unknown Exceptions for Bird Chestnutcrowned antpitta
2022-03-26 03:19:13,621 - ERROR - [-] Unknown Exceptions for Bird Chestnutcrowned babbler
2022-03-26 03:19:19,942 - ERROR - [-] Unknown Exceptions for Bird Chestnutcrowned becard
2022-03-26 03:19:25,863 - ERROR - [-] Unknown Exceptions for Bird Chestnutcrowned bush warbler
2022-03-26 03:19:32,775 - ERROR - [-] Unknown Exceptions for Bird Chestnutcrowned foliagegleaner
2022-03-26 03:19:39,010 - ERROR - [-] Unknown Exceptions for Bird Chestnutcrowned gnateater
2022-03-26 03:19:45,202 - ERROR - [-] Unknown Exceptions for Bird Chestnutcrowned laughingthrush
2022-03-26 03:19:51,503 - ERROR - [-] Unknown Exceptions for Bird Chestnutcrowned sparrowweaver
2022-03-26 03:19:58,033 - ERROR - [-] Unknown Exceptions for Bird Chestnutcrowned warbler
2022-03-26 03:20:04,298 - ERROR - [-] Unknown Exceptions for Bird Chestnuteared aracari
2022-03-26 03:20:11,410 - ERROR - [-] Unknown Exceptions for Bird Chestnuteared bunting
2022-03-26 03:20:17,523 - ERROR - [-] Unknown Exceptions for Bird Chestnuteared laughingthrush
2022-03-26 03:20:24,153 - ERROR - [-] Unknown Exceptions for Bird Chestnutfaced babbler
2022-03-26 03:20:30,708 - ERROR - [-] Unknown Exceptions for Bird Chestnutflanked sparrowhawk
2022-03-26 03:20:36,712 - ERROR - [-] Unknown Exceptions for Bird Chestnutflanked whiteeye
2022-03-26 03:20:42,732 - ERROR - [-] Unknown Exceptions for Bird Chestnutfronted helmetshrike
2022-03-26 03:20:48,758 - ERROR - [-] Unknown Exceptions for Bird Chestnutfronted macaw
2022-03-26 03:20:54,865 - ERROR - [-] Unknown Exceptions for Bird Chestnutheaded beeeater
2022-03-26 03:21:00,996 - ERROR - [-] Unknown Exceptions for Bird Chestnutheaded chachalaca
2022-03-26 03:21:06,949 - ERROR - [-] Unknown Exceptions for Bird Chestnutheaded crake
2022-03-26 03:21:13,254 - ERROR - [-] Unknown Exceptions for Bird Chestnutheaded flufftail
2022-03-26 03:21:19,664 - ERROR - [-] Unknown Exceptions for Bird Chestnutheaded nunlet
2022-03-26 03:21:25,648 - ERROR - [-] Unknown Exceptions for Bird Chestnutheaded oropendola
2022-03-26 03:21:31,728 - ERROR - [-] Unknown Exceptions for Bird Chestnutheaded partridge
2022-03-26 03:21:37,906 - ERROR - [-] Unknown Exceptions for Bird Chestnutheaded sparrowlark
2022-03-26 03:21:44,199 - ERROR - [-] Unknown Exceptions for Bird Chestnutheaded tanager
2022-03-26 03:21:50,498 - ERROR - [-] Unknown Exceptions for Bird Chestnutheaded tesia
2022-03-26 03:21:57,506 - ERROR - [-] Unknown Exceptions for Bird Chestnuthooded laughingthrush
2022-03-26 03:22:03,631 - ERROR - [-] Unknown Exceptions for Bird Chestnutnaped antpitta
2022-03-26 03:22:09,581 - ERROR - [-] Unknown Exceptions for Bird Chestnutnaped forktail
2022-03-26 03:22:15,518 - ERROR - [-] Unknown Exceptions for Bird Chestnutnaped spurfowl
2022-03-26 03:22:21,327 - ERROR - [-] Unknown Exceptions for Bird Chestnutnecklaced partridge
2022-03-26 03:22:27,235 - ERROR - [-] Unknown Exceptions for Bird Chestnutquilled rock pigeon
2022-03-26 03:22:33,538 - ERROR - [-] Unknown Exceptions for Bird Chestnutrumped babbler
2022-03-26 03:22:39,498 - ERROR - [-] Unknown Exceptions for Bird Chestnutrumped heathwren
2022-03-26 03:22:45,656 - ERROR - [-] Unknown Exceptions for Bird Chestnutrumped thornbill
2022-03-26 03:22:51,829 - ERROR - [-] Unknown Exceptions for Bird Chestnutrumped woodcreeper
2022-03-26 03:22:57,923 - ERROR - [-] Unknown Exceptions for Bird Chestnutshouldered antwren
2022-03-26 03:23:03,822 - ERROR - [-] Unknown Exceptions for Bird Chestnutshouldered goshawk
2022-03-26 03:23:09,952 - ERROR - [-] Unknown Exceptions for Bird Chestnutsided shrikevireo
2022-03-26 03:23:15,922 - ERROR - [-] Unknown Exceptions for Bird Chestnutsided warbler
2022-03-26 03:23:22,002 - ERROR - [-] Unknown Exceptions for Bird Chestnuttailed starling
2022-03-26 03:23:28,179 - ERROR - [-] Unknown Exceptions for Bird Chestnutthroated apalis
2022-03-26 03:23:34,412 - ERROR - [-] Unknown Exceptions for Bird Chestnutthroated flycatcher
2022-03-26 03:23:40,678 - ERROR - [-] Unknown Exceptions for Bird Chestnutthroated huethuet
2022-03-26 03:23:47,028 - ERROR - [-] Unknown Exceptions for Bird Chestnutthroated seedeater
2022-03-26 03:23:53,116 - ERROR - [-] Unknown Exceptions for Bird Chestnutthroated spinetail
2022-03-26 03:23:58,999 - ERROR - [-] Unknown Exceptions for Bird Chestnuttipped toucanet
2022-03-26 03:24:04,778 - ERROR - [-] Unknown Exceptions for Bird Chestnutvented conebill
2022-03-26 03:24:11,343 - ERROR - [-] Unknown Exceptions for Bird Chestnutvented nuthatch
2022-03-26 03:24:17,305 - ERROR - [-] Unknown Exceptions for Bird Chestnutvented warbler
2022-03-26 03:24:23,471 - ERROR - [-] Unknown Exceptions for Bird Chestnutwinged babbler
2022-03-26 03:24:29,462 - ERROR - [-] Unknown Exceptions for Bird Chestnutwinged chachalaca
2022-03-26 03:24:35,618 - ERROR - [-] Unknown Exceptions for Bird Chestnutwinged cinclodes
2022-03-26 03:24:41,752 - ERROR - [-] Unknown Exceptions for Bird Chestnutwinged cuckoo
2022-03-26 03:24:48,027 - ERROR - [-] Unknown Exceptions for Bird Chestnutwinged foliagegleaner
2022-03-26 03:24:54,308 - ERROR - [-] Unknown Exceptions for Bird Chestnutwinged hookbill
2022-03-26 03:25:00,265 - ERROR - [-] Unknown Exceptions for Bird Chestnutwinged starling
2022-03-26 03:25:28,412 - ERROR - [-] Unknown Exceptions for Bird Chilean elaenia
2022-03-26 03:25:50,620 - ERROR - [-] Unknown Exceptions for Bird Chilean hawk
2022-03-26 03:26:11,910 - ERROR - [-] Unknown Exceptions for Bird Chilean seaside cinclodes
2022-03-26 03:26:46,420 - ERROR - [-] Unknown Exceptions for Bird Chiloé wigeon
2022-03-26 03:27:12,933 - ERROR - [-] Unknown Exceptions for Bird Chin Hills wrenbabbler
2022-03-26 03:28:58,090 - ERROR - [-] Unknown Exceptions for Bird Chinese grey shrike
2022-03-26 03:29:04,367 - ERROR - [-] Unknown Exceptions for Bird Chinese grosbeak
2022-03-26 03:29:11,011 - ERROR - [-] Unknown Exceptions for Bird Chinese grouse
2022-03-26 03:29:38,145 - ERROR - [-] Unknown Exceptions for Bird Chinese nuthatch
2022-03-26 03:30:25,874 - ERROR - [-] Unknown Exceptions for Bird Chinese whitebrowed rosefinch
2022-03-26 03:31:07,463 - ERROR - [-] Unknown Exceptions for Bird Chiriqui foliagegleaner
2022-03-26 03:31:13,574 - ERROR - [-] Unknown Exceptions for Bird Chiriqui quaildove
2022-03-26 03:31:20,290 - ERROR - [-] Unknown Exceptions for Bird Chiriqui yellowthroat
2022-03-26 03:31:49,395 - ERROR - [-] Unknown Exceptions for Bird Choco brushfinch
2022-03-26 03:32:18,181 - ERROR - [-] Unknown Exceptions for Bird Choco warbler
2022-03-26 03:32:31,492 - ERROR - [-] Unknown Exceptions for Bird Chocolatebacked kingfisher
2022-03-26 03:32:37,415 - ERROR - [-] Unknown Exceptions for Bird Chocolatevented tyrant
2022-03-26 03:32:43,738 - ERROR - [-] Unknown Exceptions for Bird Chocó poorwill
2022-03-26 03:32:50,561 - ERROR - [-] Unknown Exceptions for Bird Chocó screech owl
2022-03-26 03:32:57,142 - ERROR - [-] Unknown Exceptions for Bird Chocó tapaculo
2022-03-26 03:33:03,884 - ERROR - [-] Unknown Exceptions for Bird Chocó trogon
2022-03-26 03:33:10,018 - ERROR - [-] Unknown Exceptions for Bird Chocó vireo
2022-03-26 03:33:15,941 - ERROR - [-] Unknown Exceptions for Bird Chocó woodpecker
2022-03-26 03:33:35,535 - ERROR - [-] Unknown Exceptions for Bird Chorister robinchat
2022-03-26 03:34:26,317 - ERROR - [-] Unknown Exceptions for Bird Christmas sandpiper
2022-03-26 03:34:39,934 - ERROR - [-] Unknown Exceptions for Bird Christmas whiteeye
2022-03-26 03:34:53,648 - ERROR - [-] Unknown Exceptions for Bird Chubut steamer duck
2022-03-26 03:35:08,371 - ERROR - [-] Unknown Exceptions for Bird Chuckwillswidow
2022-03-26 03:35:14,286 - ERROR - [-] Unknown Exceptions for Bird Chukar partridge
2022-03-26 03:35:37,949 - ERROR - [-] Unknown Exceptions for Bird Chuuk monarch
2022-03-26 03:37:58,464 - ERROR - [-] Unknown Exceptions for Bird Cinereousbreasted spinetail
2022-03-26 03:39:09,845 - ERROR - [-] Unknown Exceptions for Bird Cinnamon neopipo
2022-03-26 03:39:16,489 - ERROR - [-] Unknown Exceptions for Bird Cinnamon quailthrush
2022-03-26 03:40:09,804 - ERROR - [-] Unknown Exceptions for Bird Cinnamonbanded kingfisher
2022-03-26 03:40:16,573 - ERROR - [-] Unknown Exceptions for Bird Cinnamonbellied flowerpiercer
2022-03-26 03:40:22,495 - ERROR - [-] Unknown Exceptions for Bird Cinnamonbellied ground tyrant
2022-03-26 03:40:29,171 - ERROR - [-] Unknown Exceptions for Bird Cinnamonbellied imperial pigeon
2022-03-26 03:40:35,621 - ERROR - [-] Unknown Exceptions for Bird Cinnamonbreasted bunting
2022-03-26 03:40:41,533 - ERROR - [-] Unknown Exceptions for Bird Cinnamonbreasted tit
2022-03-26 03:40:47,843 - ERROR - [-] Unknown Exceptions for Bird Cinnamonbreasted todytyrant
2022-03-26 03:40:54,360 - ERROR - [-] Unknown Exceptions for Bird Cinnamonbreasted warbler
2022-03-26 03:41:00,482 - ERROR - [-] Unknown Exceptions for Bird Cinnamonbreasted whistler
2022-03-26 03:41:06,611 - ERROR - [-] Unknown Exceptions for Bird Cinnamonbrowed melidectes
2022-03-26 03:41:13,878 - ERROR - [-] Unknown Exceptions for Bird Cinnamonchested beeeater
2022-03-26 03:41:20,105 - ERROR - [-] Unknown Exceptions for Bird Cinnamonchested flycatcher
2022-03-26 03:41:26,351 - ERROR - [-] Unknown Exceptions for Bird Cinnamoncrested spadebill
2022-03-26 03:41:32,782 - ERROR - [-] Unknown Exceptions for Bird Cinnamonfaced tyrannulet
2022-03-26 03:41:38,965 - ERROR - [-] Unknown Exceptions for Bird Cinnamonheaded green pigeon
2022-03-26 03:41:45,199 - ERROR - [-] Unknown Exceptions for Bird Cinnamonrumped foliagegleaner
2022-03-26 03:41:51,162 - ERROR - [-] Unknown Exceptions for Bird Cinnamonrumped seedeater
2022-03-26 03:41:57,143 - ERROR - [-] Unknown Exceptions for Bird Cinnamonrumped trogon
2022-03-26 03:42:03,474 - ERROR - [-] Unknown Exceptions for Bird Cinnamonsided hummingbird
2022-03-26 03:42:09,502 - ERROR - [-] Unknown Exceptions for Bird Cinnamontailed fantail
2022-03-26 03:42:15,969 - ERROR - [-] Unknown Exceptions for Bird Cinnamontailed sparrow
2022-03-26 03:42:22,089 - ERROR - [-] Unknown Exceptions for Bird Cinnamonthroated hermit
2022-03-26 03:42:28,534 - ERROR - [-] Unknown Exceptions for Bird Cinnamonthroated woodcreeper
2022-03-26 03:42:35,208 - ERROR - [-] Unknown Exceptions for Bird Cinnamonvented piha
2022-03-26 03:43:14,472 - ERROR - [-] Unknown Exceptions for Bird Citrine canaryflycatcher
2022-03-26 03:43:21,107 - ERROR - [-] Unknown Exceptions for Bird Citrine lorikeet
2022-03-26 03:43:43,778 - ERROR - [-] Unknown Exceptions for Bird Citrine whiteeye
2022-03-26 03:43:50,594 - ERROR - [-] Unknown Exceptions for Bird Citronbellied attila
2022-03-26 03:43:56,908 - ERROR - [-] Unknown Exceptions for Bird Citronheaded yellow finch
2022-03-26 03:44:03,781 - ERROR - [-] Unknown Exceptions for Bird Citronthroated toucan
2022-03-26 03:44:25,510 - ERROR - [-] Unknown Exceptions for Bird Clappertons spurfowl
2022-03-26 03:44:31,678 - ERROR - [-] Unknown Exceptions for Bird Claretbreasted fruit dove
2022-03-26 03:44:38,075 - ERROR - [-] Unknown Exceptions for Bird Clarión wren
2022-03-26 03:45:16,666 - ERROR - [-] Unknown Exceptions for Bird Claycolored sparrow
2022-03-26 03:45:22,990 - ERROR - [-] Unknown Exceptions for Bird Claycolored thrush
2022-03-26 03:45:29,087 - ERROR - [-] Unknown Exceptions for Bird Clicking shrikebabbler
2022-03-26 03:45:43,685 - ERROR - [-] Unknown Exceptions for Bird Cliff parakeet
2022-03-26 03:46:07,378 - ERROR - [-] Unknown Exceptions for Bird Cloudforest pygmy owl
2022-03-26 03:46:14,133 - ERROR - [-] Unknown Exceptions for Bird Cloudforest screech owl
2022-03-26 03:46:20,761 - ERROR - [-] Unknown Exceptions for Bird Clovenfeathered dove
2022-03-26 03:46:27,586 - ERROR - [-] Unknown Exceptions for Bird Clubwinged manakin
2022-03-26 03:46:42,596 - ERROR - [-] Unknown Exceptions for Bird Coalcrested finch
2022-03-26 03:47:03,398 - ERROR - [-] Unknown Exceptions for Bird Cobaltwinged parakeet
2022-03-26 03:47:33,365 - ERROR - [-] Unknown Exceptions for Bird Cocktailed tyrant
2022-03-26 03:49:43,989 - ERROR - [-] Unknown Exceptions for Bird Collared brushturkey
2022-03-26 03:53:34,592 - ERROR - [-] Unknown Exceptions for Bird Collared whitestart
2022-03-26 03:54:02,381 - ERROR - [-] Unknown Exceptions for Bird Colombian mountain grackle
2022-03-26 03:54:26,219 - ERROR - [-] Unknown Exceptions for Bird Combcrested jacana
2022-03-26 03:54:48,164 - ERROR - [-] Unknown Exceptions for Bird Common blackbird
2022-03-26 03:55:12,301 - ERROR - [-] Unknown Exceptions for Bird Common bush tanager
2022-03-26 03:55:18,902 - ERROR - [-] Unknown Exceptions for Bird Common buttonquail
2022-03-26 03:56:20,801 - ERROR - [-] Unknown Exceptions for Bird Common diuca finch
2022-03-26 03:56:45,831 - ERROR - [-] Unknown Exceptions for Bird Common emerald dove
2022-03-26 03:58:08,129 - ERROR - [-] Unknown Exceptions for Bird Common hawkcuckoo
2022-03-26 03:58:44,754 - ERROR - [-] Unknown Exceptions for Bird Common kestrel
2022-03-26 03:58:57,882 - ERROR - [-] Unknown Exceptions for Bird Common linnet
2022-03-26 03:59:29,808 - ERROR - [-] Unknown Exceptions for Bird Common moorhen
2022-03-26 04:00:28,721 - ERROR - [-] Unknown Exceptions for Bird Common pheasant
2022-03-26 04:00:35,401 - ERROR - [-] Unknown Exceptions for Bird Common pochard
2022-03-26 04:01:31,403 - ERROR - [-] Unknown Exceptions for Bird Common reed bunting
2022-03-26 04:01:45,107 - ERROR - [-] Unknown Exceptions for Bird Common rock thrush
2022-03-26 04:02:07,496 - ERROR - [-] Unknown Exceptions for Bird Common scalebacked antbird
2022-03-26 04:02:35,846 - ERROR - [-] Unknown Exceptions for Bird Common smoky honeyeater
2022-03-26 04:02:49,143 - ERROR - [-] Unknown Exceptions for Bird Common squaretailed drongo
2022-03-26 04:02:55,626 - ERROR - [-] Unknown Exceptions for Bird Common starling
2022-03-26 04:03:02,546 - ERROR - [-] Unknown Exceptions for Bird Common sunbirdasity
2022-03-26 04:03:32,223 - ERROR - [-] Unknown Exceptions for Bird Common todyflycatcher
2022-03-26 04:03:45,981 - ERROR - [-] Unknown Exceptions for Bird Common whitethroat
2022-03-26 04:04:15,692 - ERROR - [-] Unknown Exceptions for Bird Comoros blue pigeon
2022-03-26 04:04:30,353 - ERROR - [-] Unknown Exceptions for Bird Comoros fody
2022-03-26 04:04:44,266 - ERROR - [-] Unknown Exceptions for Bird Comoros olive pigeon
2022-03-26 04:04:51,189 - ERROR - [-] Unknown Exceptions for Bird Comoros thrush
2022-03-26 04:05:05,684 - ERROR - [-] Unknown Exceptions for Bird Conebilled tanager
2022-03-26 04:05:35,299 - ERROR - [-] Unknown Exceptions for Bird Congo peafowl
2022-03-26 04:06:44,332 - ERROR - [-] Unknown Exceptions for Bird Coopmanss tyrannulet
2022-03-26 04:07:15,107 - ERROR - [-] Unknown Exceptions for Bird Copperrumped hummingbird
2022-03-26 04:07:22,179 - ERROR - [-] Unknown Exceptions for Bird Coppertailed starling
2022-03-26 04:07:28,693 - ERROR - [-] Unknown Exceptions for Bird Copperthroated sunbird
2022-03-26 04:07:35,317 - ERROR - [-] Unknown Exceptions for Bird Copperback quailthrush
2022-03-26 04:08:06,228 - ERROR - [-] Unknown Exceptions for Bird Copperybellied puffleg
2022-03-26 04:08:13,649 - ERROR - [-] Unknown Exceptions for Bird Copperychested jacamar
2022-03-26 04:08:20,549 - ERROR - [-] Unknown Exceptions for Bird Copperyheaded emerald
2022-03-26 04:08:27,529 - ERROR - [-] Unknown Exceptions for Bird Copperytailed coucal
2022-03-26 04:08:48,517 - ERROR - [-] Unknown Exceptions for Bird Coralbilled ground cuckoo
2022-03-26 04:08:55,266 - ERROR - [-] Unknown Exceptions for Bird Coralbilled scimitar babbler
2022-03-26 04:09:42,115 - ERROR - [-] Unknown Exceptions for Bird Cordilleran parakeet
2022-03-26 04:12:00,315 - ERROR - [-] Unknown Exceptions for Bird Crabplover
2022-03-26 04:12:31,220 - ERROR - [-] Unknown Exceptions for Bird Creambacked woodpecker
2022-03-26 04:12:37,685 - ERROR - [-] Unknown Exceptions for Bird Creambreasted fruit dove
2022-03-26 04:12:43,924 - ERROR - [-] Unknown Exceptions for Bird Creambrowed whiteeye
2022-03-26 04:12:50,586 - ERROR - [-] Unknown Exceptions for Bird Creamcolored courser
2022-03-26 04:12:56,826 - ERROR - [-] Unknown Exceptions for Bird Creamcolored woodpecker
2022-03-26 04:13:03,150 - ERROR - [-] Unknown Exceptions for Bird Creameyed bulbul
2022-03-26 04:13:09,886 - ERROR - [-] Unknown Exceptions for Bird Creamstriped bulbul
2022-03-26 04:13:16,292 - ERROR - [-] Unknown Exceptions for Bird Creamthroated whiteeye
2022-03-26 04:13:23,272 - ERROR - [-] Unknown Exceptions for Bird Creamvented bulbul
2022-03-26 04:13:30,238 - ERROR - [-] Unknown Exceptions for Bird Creamwinged cinclodes
2022-03-26 04:13:37,256 - ERROR - [-] Unknown Exceptions for Bird Creamybellied antwren
2022-03-26 04:13:44,266 - ERROR - [-] Unknown Exceptions for Bird Creamybellied gnatcatcher
2022-03-26 04:13:51,284 - ERROR - [-] Unknown Exceptions for Bird Creamybellied thrush
2022-03-26 04:13:58,011 - ERROR - [-] Unknown Exceptions for Bird Creamycrested spinetail
2022-03-26 04:14:04,814 - ERROR - [-] Unknown Exceptions for Bird Creamyrumped miner
2022-03-26 04:14:19,713 - ERROR - [-] Unknown Exceptions for Bird Crescentchested babbler
2022-03-26 04:14:25,831 - ERROR - [-] Unknown Exceptions for Bird Crescentchested puffbird
2022-03-26 04:14:32,412 - ERROR - [-] Unknown Exceptions for Bird Crescentchested warbler
2022-03-26 04:14:38,870 - ERROR - [-] Unknown Exceptions for Bird Crescentfaced antpitta
2022-03-26 04:16:04,135 - ERROR - [-] Unknown Exceptions for Bird Crested cuckoodove
2022-03-26 04:17:28,711 - ERROR - [-] Unknown Exceptions for Bird Crested honey buzzard
2022-03-26 04:18:51,755 - ERROR - [-] Unknown Exceptions for Bird Crested quaildove
2022-03-26 04:19:25,306 - ERROR - [-] Unknown Exceptions for Bird Crested shriketit
2022-03-26 04:19:38,874 - ERROR - [-] Unknown Exceptions for Bird Crested titwarbler
2022-03-26 04:19:51,908 - ERROR - [-] Unknown Exceptions for Bird Crested whiteeye
2022-03-26 04:20:25,948 - ERROR - [-] Unknown Exceptions for Bird Cricket warbler
2022-03-26 04:21:32,991 - ERROR - [-] Unknown Exceptions for Bird Crimsonbacked flameback
2022-03-26 04:21:38,883 - ERROR - [-] Unknown Exceptions for Bird Crimsonbacked sunbird
2022-03-26 04:21:44,756 - ERROR - [-] Unknown Exceptions for Bird Crimsonbacked tanager
2022-03-26 04:21:50,719 - ERROR - [-] Unknown Exceptions for Bird Crimsonbellied parakeet
2022-03-26 04:21:56,924 - ERROR - [-] Unknown Exceptions for Bird Crimsonbellied woodpecker
2022-03-26 04:22:03,156 - ERROR - [-] Unknown Exceptions for Bird Crimsonbreasted finch
2022-03-26 04:22:23,796 - ERROR - [-] Unknown Exceptions for Bird Crimsonbreasted flowerpecker
2022-03-26 04:22:30,445 - ERROR - [-] Unknown Exceptions for Bird Crimsonbreasted shrike
2022-03-26 04:22:36,721 - ERROR - [-] Unknown Exceptions for Bird Crimsonbreasted woodpecker
2022-03-26 04:22:42,660 - ERROR - [-] Unknown Exceptions for Bird Crimsonbrowed finch
2022-03-26 04:22:49,523 - ERROR - [-] Unknown Exceptions for Bird Crimsoncollared grosbeak
2022-03-26 04:22:56,158 - ERROR - [-] Unknown Exceptions for Bird Crimsoncollared tanager
2022-03-26 04:23:02,199 - ERROR - [-] Unknown Exceptions for Bird Crimsoncrested woodpecker
2022-03-26 04:23:09,261 - ERROR - [-] Unknown Exceptions for Bird Crimsoncrowned flowerpecker
2022-03-26 04:23:15,666 - ERROR - [-] Unknown Exceptions for Bird Crimsoncrowned fruit dove
2022-03-26 04:23:21,609 - ERROR - [-] Unknown Exceptions for Bird Crimsonfronted barbet
2022-03-26 04:23:27,623 - ERROR - [-] Unknown Exceptions for Bird Crimsonfronted cardinal
2022-03-26 04:23:33,620 - ERROR - [-] Unknown Exceptions for Bird Crimsonheaded partridge
2022-03-26 04:23:40,102 - ERROR - [-] Unknown Exceptions for Bird Crimsonhooded manakin
2022-03-26 04:23:45,996 - ERROR - [-] Unknown Exceptions for Bird Crimsonhooded myzomela
2022-03-26 04:23:51,975 - ERROR - [-] Unknown Exceptions for Bird Crimsonmantled woodpecker
2022-03-26 04:23:58,132 - ERROR - [-] Unknown Exceptions for Bird Crimsonrumped myzomela
2022-03-26 04:24:05,115 - ERROR - [-] Unknown Exceptions for Bird Crimsonrumped toucanet
2022-03-26 04:24:11,264 - ERROR - [-] Unknown Exceptions for Bird Crimsonrumped waxbill
2022-03-26 04:24:17,347 - ERROR - [-] Unknown Exceptions for Bird Crimsonwinged woodpecker
2022-03-26 04:24:23,256 - ERROR - [-] Unknown Exceptions for Bird Crinklecollared manucode
2022-03-26 04:25:07,181 - ERROR - [-] Unknown Exceptions for Bird Crow honeyeater
2022-03-26 04:25:12,647 - ERROR - [-] Unknown Exceptions for Bird Crowbilled drongo
2022-03-26 04:25:18,858 - ERROR - [-] Unknown Exceptions for Bird Crowned chattyrant
2022-03-26 04:26:20,399 - ERROR - [-] Unknown Exceptions for Bird Cryptic antthrush
2022-03-26 04:27:02,471 - ERROR - [-] Unknown Exceptions for Bird Cuban amazon
2022-03-26 04:28:08,102 - ERROR - [-] Unknown Exceptions for Bird Cuban kite
2022-03-26 04:28:27,823 - ERROR - [-] Unknown Exceptions for Bird Cuban nightjar
2022-03-26 04:28:42,512 - ERROR - [-] Unknown Exceptions for Bird Cuban palm crow
2022-03-26 04:29:45,455 - ERROR - [-] Unknown Exceptions for Bird Cuckoofinch
2022-03-26 04:29:58,790 - ERROR - [-] Unknown Exceptions for Bird Curlcrested aracari
2022-03-26 04:30:04,672 - ERROR - [-] Unknown Exceptions for Bird Curlcrested jay
2022-03-26 04:30:10,719 - ERROR - [-] Unknown Exceptions for Bird Curlcrested manucode
2022-03-26 04:30:25,247 - ERROR - [-] Unknown Exceptions for Bird Curvebilled reedhaunter
2022-03-26 04:30:31,838 - ERROR - [-] Unknown Exceptions for Bird Curvebilled scythebill
2022-03-26 04:30:37,728 - ERROR - [-] Unknown Exceptions for Bird Curvebilled thrasher
2022-03-26 04:30:43,839 - ERROR - [-] Unknown Exceptions for Bird Curvebilled tinamou
2022-03-26 04:30:49,857 - ERROR - [-] Unknown Exceptions for Bird Curvewinged sabrewing
2022-03-26 04:30:55,714 - ERROR - [-] Unknown Exceptions for Bird Cutthroat finch
2022-03-26 04:31:31,676 - ERROR - [-] Unknown Exceptions for Bird Córdoba cinclodes
2022-03-26 04:31:45,178 - ERROR - [-] Unknown Exceptions for Bird DOrbignys chattyrant
2022-03-26 04:31:51,222 - ERROR - [-] Unknown Exceptions for Bird Dagua thrush
2022-03-26 04:31:59,098 - ERROR - [-] Unknown Exceptions for Bird Dalat bush warbler
2022-03-26 04:32:04,913 - ERROR - [-] Unknown Exceptions for Bird Dalat shrikebabbler
2022-03-26 04:32:25,001 - ERROR - [-] Unknown Exceptions for Bird Damara redbilled hornbill
2022-03-26 04:32:44,679 - ERROR - [-] Unknown Exceptions for Bird Dapplethroat
2022-03-26 04:33:11,905 - ERROR - [-] Unknown Exceptions for Bird Dark hawkcuckoo
2022-03-26 04:34:35,399 - ERROR - [-] Unknown Exceptions for Bird Darkbacked imperial pigeon
2022-03-26 04:34:43,498 - ERROR - [-] Unknown Exceptions for Bird Darkbacked sibia
2022-03-26 04:34:50,254 - ERROR - [-] Unknown Exceptions for Bird Darkbacked weaver
2022-03-26 04:34:56,737 - ERROR - [-] Unknown Exceptions for Bird Darkbacked wood quail
2022-03-26 04:35:02,651 - ERROR - [-] Unknown Exceptions for Bird Darkbellied cinclodes
2022-03-26 04:35:08,958 - ERROR - [-] Unknown Exceptions for Bird Darkbilled cuckoo
2022-03-26 04:35:15,500 - ERROR - [-] Unknown Exceptions for Bird Darkbreasted rosefinch
2022-03-26 04:35:21,931 - ERROR - [-] Unknown Exceptions for Bird Darkbreasted spinetail
2022-03-26 04:35:28,166 - ERROR - [-] Unknown Exceptions for Bird Darkcapped bulbul
2022-03-26 04:35:34,072 - ERROR - [-] Unknown Exceptions for Bird Darkeared myza
2022-03-26 04:35:40,573 - ERROR - [-] Unknown Exceptions for Bird Darkeyed junco
2022-03-26 04:35:47,024 - ERROR - [-] Unknown Exceptions for Bird Darkeyed whiteeye
2022-03-26 04:35:53,237 - ERROR - [-] Unknown Exceptions for Bird Darkfaced ground tyrant
2022-03-26 04:35:59,999 - ERROR - [-] Unknown Exceptions for Bird Darkfronted babbler
2022-03-26 04:36:06,411 - ERROR - [-] Unknown Exceptions for Bird Darknecked tailorbird
2022-03-26 04:36:12,544 - ERROR - [-] Unknown Exceptions for Bird Darkrumped rosefinch
2022-03-26 04:36:18,305 - ERROR - [-] Unknown Exceptions for Bird Darkrumped swift
2022-03-26 04:36:24,345 - ERROR - [-] Unknown Exceptions for Bird Darksided flycatcher
2022-03-26 04:36:30,465 - ERROR - [-] Unknown Exceptions for Bird Darksided thrush
2022-03-26 04:36:37,116 - ERROR - [-] Unknown Exceptions for Bird Darkthroated oriole
2022-03-26 04:36:43,859 - ERROR - [-] Unknown Exceptions for Bird Darkthroated seedeater
2022-03-26 04:36:50,176 - ERROR - [-] Unknown Exceptions for Bird Darkwinged canastero
2022-03-26 04:36:56,890 - ERROR - [-] Unknown Exceptions for Bird Darkwinged miner
2022-03-26 04:37:03,505 - ERROR - [-] Unknown Exceptions for Bird Darkwinged trumpeter
2022-03-26 04:37:17,972 - ERROR - [-] Unknown Exceptions for Bird Darwins flycatcher
2022-03-26 04:37:31,644 - ERROR - [-] Unknown Exceptions for Bird Darwins rhea
2022-03-26 04:38:20,701 - ERROR - [-] Unknown Exceptions for Bird De Filippis petrel
2022-03-26 04:38:36,295 - ERROR - [-] Unknown Exceptions for Bird Deignans prinia
2022-03-26 04:38:42,261 - ERROR - [-] Unknown Exceptions for Bird Delalandes coua
2022-03-26 04:39:57,754 - ERROR - [-] Unknown Exceptions for Bird Desert whitethroat
2022-03-26 04:40:03,660 - ERROR - [-] Unknown Exceptions for Bird Desertas petrel
2022-03-26 04:40:09,273 - ERROR - [-] Unknown Exceptions for Bird Diademed amazon
2022-03-26 04:40:15,202 - ERROR - [-] Unknown Exceptions for Bird Diademed sandpiperplover
2022-03-26 04:41:15,803 - ERROR - [-] Unknown Exceptions for Bird Diederik cuckoo
2022-03-26 04:41:34,267 - ERROR - [-] Unknown Exceptions for Bird Dimorphic egret
2022-03-26 04:41:53,757 - ERROR - [-] Unknown Exceptions for Bird Dja River scrub warbler
2022-03-26 04:41:59,684 - ERROR - [-] Unknown Exceptions for Bird Djibouti spurfowl
2022-03-26 04:42:11,594 - ERROR - [-] Unknown Exceptions for Bird Dodsons bulbul
2022-03-26 04:42:25,445 - ERROR - [-] Unknown Exceptions for Bird Dohrns warbler
2022-03-26 04:42:45,605 - ERROR - [-] Unknown Exceptions for Bird Donaldson Smiths sparrowweaver
2022-03-26 04:43:05,583 - ERROR - [-] Unknown Exceptions for Bird Dotbacked antbird
2022-03-26 04:43:11,218 - ERROR - [-] Unknown Exceptions for Bird Doteared coquette
2022-03-26 04:43:16,882 - ERROR - [-] Unknown Exceptions for Bird Dotfronted woodpecker
2022-03-26 04:43:22,874 - ERROR - [-] Unknown Exceptions for Bird Dotwinged antwren
2022-03-26 04:43:28,682 - ERROR - [-] Unknown Exceptions for Bird Dotwinged crake
2022-03-26 04:43:41,259 - ERROR - [-] Unknown Exceptions for Bird Doublebanded courser
2022-03-26 04:43:46,744 - ERROR - [-] Unknown Exceptions for Bird Doublebanded greytail
2022-03-26 04:43:52,456 - ERROR - [-] Unknown Exceptions for Bird Doublebanded plover
2022-03-26 04:43:58,693 - ERROR - [-] Unknown Exceptions for Bird Doublebanded pygmy tyrant
2022-03-26 04:44:06,187 - ERROR - [-] Unknown Exceptions for Bird Doublebanded sandgrouse
2022-03-26 04:44:12,754 - ERROR - [-] Unknown Exceptions for Bird Doublebarred finch
2022-03-26 04:44:23,313 - ERROR - [-] Unknown Exceptions for Bird Doublecollared crescentchest
2022-03-26 04:44:40,028 - ERROR - [-] Unknown Exceptions for Bird Doublecollared seedeater
2022-03-26 04:44:55,685 - ERROR - [-] Unknown Exceptions for Bird Doublecrested cormorant
2022-03-26 04:45:06,680 - ERROR - [-] Unknown Exceptions for Bird Doubleeyed fig parrot
2022-03-26 04:45:17,059 - ERROR - [-] Unknown Exceptions for Bird Doublespurred spurfowl
2022-03-26 04:45:23,226 - ERROR - [-] Unknown Exceptions for Bird Doublestriped thickknee
2022-03-26 04:45:28,958 - ERROR - [-] Unknown Exceptions for Bird Doubletoothed barbet
2022-03-26 04:45:35,825 - ERROR - [-] Unknown Exceptions for Bird Doubletoothed kite
2022-03-26 04:45:42,088 - ERROR - [-] Unknown Exceptions for Bird Doubledays hummingbird
2022-03-26 04:46:04,027 - ERROR - [-] Unknown Exceptions for Bird Drab myzomela
2022-03-26 04:51:12,069 - ERROR - [-] Unknown Exceptions for Bird Drab swiftlet
2022-03-26 04:51:32,379 - ERROR - [-] Unknown Exceptions for Bird Drabbreasted bamboo tyrant
2022-03-26 04:52:13,807 - ERROR - [-] Unknown Exceptions for Bird Duchess lorikeet
