2022-03-26 01:50:26,725 - ERROR - [-] Unknown Exceptions for Bird Whiteheaded babbler
2022-03-26 01:50:35,105 - ERROR - [-] Unknown Exceptions for Bird Whiteheaded barbet
2022-03-26 01:50:43,561 - ERROR - [-] Unknown Exceptions for Bird Whiteheaded brushfinch
2022-03-26 01:50:51,820 - ERROR - [-] Unknown Exceptions for Bird Whiteheaded buffalo weaver
2022-03-26 01:51:00,557 - ERROR - [-] Unknown Exceptions for Bird Whiteheaded bulbul
2022-03-26 01:51:09,738 - ERROR - [-] Unknown Exceptions for Bird Whiteheaded duck
2022-03-26 01:51:17,586 - ERROR - [-] Unknown Exceptions for Bird Whiteheaded fruit dove
2022-03-26 01:51:24,833 - ERROR - [-] Unknown Exceptions for Bird Whiteheaded marsh tyrant
2022-03-26 01:51:32,290 - ERROR - [-] Unknown Exceptions for Bird Whiteheaded mousebird
2022-03-26 01:51:39,443 - ERROR - [-] Unknown Exceptions for Bird Whiteheaded munia
2022-03-26 01:51:47,013 - ERROR - [-] Unknown Exceptions for Bird Whiteheaded petrel
2022-03-26 01:51:54,638 - ERROR - [-] Unknown Exceptions for Bird Whiteheaded pigeon
2022-03-26 01:52:02,229 - ERROR - [-] Unknown Exceptions for Bird Whiteheaded robinchat
2022-03-26 01:52:10,453 - ERROR - [-] Unknown Exceptions for Bird Whiteheaded sawwing
2022-03-26 01:52:18,244 - ERROR - [-] Unknown Exceptions for Bird Whiteheaded starling
2022-03-26 01:52:25,598 - ERROR - [-] Unknown Exceptions for Bird Whiteheaded vanga
2022-03-26 01:52:32,840 - ERROR - [-] Unknown Exceptions for Bird Whiteheaded vulture
2022-03-26 01:52:41,055 - ERROR - [-] Unknown Exceptions for Bird Whiteheaded wood hoopoe
2022-03-26 01:52:48,640 - ERROR - [-] Unknown Exceptions for Bird Whiteheaded woodpecker
2022-03-26 01:52:57,459 - ERROR - [-] Unknown Exceptions for Bird Whiteheaded wren
2022-03-26 01:53:49,955 - ERROR - [-] Unknown Exceptions for Bird Whitehooded babbler
2022-03-26 01:53:57,339 - ERROR - [-] Unknown Exceptions for Bird Whitelined antbird
2022-03-26 01:54:06,519 - ERROR - [-] Unknown Exceptions for Bird Whitelined honeyeater
2022-03-26 01:54:14,254 - ERROR - [-] Unknown Exceptions for Bird Whitelined tanager
2022-03-26 01:54:21,867 - ERROR - [-] Unknown Exceptions for Bird Whitelored antpitta
2022-03-26 01:54:30,516 - ERROR - [-] Unknown Exceptions for Bird Whitelored antpitta1
2022-03-26 01:54:38,561 - ERROR - [-] Unknown Exceptions for Bird Whitelored euphonia
2022-03-26 01:54:46,696 - ERROR - [-] Unknown Exceptions for Bird Whitelored gnatcatcher
2022-03-26 01:54:54,820 - ERROR - [-] Unknown Exceptions for Bird Whitelored oriole
2022-03-26 01:55:02,834 - ERROR - [-] Unknown Exceptions for Bird Whitelored spinetail
2022-03-26 01:55:10,618 - ERROR - [-] Unknown Exceptions for Bird Whitelored tyrannulet
2022-03-26 01:55:18,336 - ERROR - [-] Unknown Exceptions for Bird Whitelored warbler
2022-03-26 01:55:25,912 - ERROR - [-] Unknown Exceptions for Bird Whitemantled barbet
2022-03-26 01:55:33,747 - ERROR - [-] Unknown Exceptions for Bird Whitemantled kingfisher
2022-03-26 01:55:41,956 - ERROR - [-] Unknown Exceptions for Bird Whitemasked antbird
2022-03-26 01:55:49,738 - ERROR - [-] Unknown Exceptions for Bird Whitenaped brush finch
2022-03-26 01:55:57,577 - ERROR - [-] Unknown Exceptions for Bird Whitenaped brushfinch
2022-03-26 01:56:05,836 - ERROR - [-] Unknown Exceptions for Bird Whitenaped crane
2022-03-26 01:56:13,403 - ERROR - [-] Unknown Exceptions for Bird Whitenaped honeyeater
2022-03-26 01:56:24,593 - ERROR - [-] Unknown Exceptions for Bird Whitenaped jay
2022-03-26 01:56:32,262 - ERROR - [-] Unknown Exceptions for Bird Whitenaped lory
2022-03-26 01:56:39,319 - ERROR - [-] Unknown Exceptions for Bird Whitenaped monarch
2022-03-26 01:56:47,006 - ERROR - [-] Unknown Exceptions for Bird Whitenaped pigeon
2022-03-26 01:56:54,920 - ERROR - [-] Unknown Exceptions for Bird Whitenaped seedeater
2022-03-26 01:57:02,173 - ERROR - [-] Unknown Exceptions for Bird Whitenaped swift
2022-03-26 01:57:09,806 - ERROR - [-] Unknown Exceptions for Bird Whitenaped tit
2022-03-26 01:57:17,473 - ERROR - [-] Unknown Exceptions for Bird Whitenaped woodpecker
2022-03-26 01:57:25,424 - ERROR - [-] Unknown Exceptions for Bird Whitenaped xenopsaris
2022-03-26 01:57:33,842 - ERROR - [-] Unknown Exceptions for Bird Whitenaped yuhina
2022-03-26 01:57:41,757 - ERROR - [-] Unknown Exceptions for Bird Whitenecked babbler
2022-03-26 01:57:54,223 - ERROR - [-] Unknown Exceptions for Bird Whitenecked coucal
2022-03-26 01:58:02,407 - ERROR - [-] Unknown Exceptions for Bird Whitenecked crow
2022-03-26 01:58:10,720 - ERROR - [-] Unknown Exceptions for Bird Whitenecked hawk
2022-03-26 01:58:18,230 - ERROR - [-] Unknown Exceptions for Bird Whitenecked heron
2022-03-26 01:58:26,413 - ERROR - [-] Unknown Exceptions for Bird Whitenecked jacobin
2022-03-26 01:58:34,157 - ERROR - [-] Unknown Exceptions for Bird Whitenecked laughingthrush
2022-03-26 01:58:42,056 - ERROR - [-] Unknown Exceptions for Bird Whitenecked myna
2022-03-26 01:58:52,209 - ERROR - [-] Unknown Exceptions for Bird Whitenecked petrel
2022-03-26 01:58:59,865 - ERROR - [-] Unknown Exceptions for Bird Whitenecked puffbird
2022-03-26 01:59:08,109 - ERROR - [-] Unknown Exceptions for Bird Whitenecked raven
2022-03-26 01:59:15,968 - ERROR - [-] Unknown Exceptions for Bird Whitenecked rockfowl
2022-03-26 01:59:23,841 - ERROR - [-] Unknown Exceptions for Bird Whitenecked thrush
2022-03-26 01:59:31,706 - ERROR - [-] Unknown Exceptions for Bird Whitenecklaced partridge
2022-03-26 01:59:42,620 - ERROR - [-] Unknown Exceptions for Bird Whiteplumed antbird
2022-03-26 01:59:50,113 - ERROR - [-] Unknown Exceptions for Bird Whiteplumed honeyeater
2022-03-26 02:00:00,126 - ERROR - [-] Unknown Exceptions for Bird Whitequilled rock pigeon
2022-03-26 02:00:09,188 - ERROR - [-] Unknown Exceptions for Bird Whiterimmed brushfinch
2022-03-26 02:00:17,427 - ERROR - [-] Unknown Exceptions for Bird Whiterimmed warbler
2022-03-26 02:00:25,759 - ERROR - [-] Unknown Exceptions for Bird Whiteringed flycatcher
2022-03-26 02:00:34,395 - ERROR - [-] Unknown Exceptions for Bird Whiteruffed manakin
2022-03-26 02:00:42,068 - ERROR - [-] Unknown Exceptions for Bird Whiterumped babbler
2022-03-26 02:00:52,561 - ERROR - [-] Unknown Exceptions for Bird Whiterumped cuckooshrike
2022-03-26 02:01:00,993 - ERROR - [-] Unknown Exceptions for Bird Whiterumped falcon
2022-03-26 02:01:09,883 - ERROR - [-] Unknown Exceptions for Bird Whiterumped hawk
2022-03-26 02:01:17,388 - ERROR - [-] Unknown Exceptions for Bird Whiterumped monjita
2022-03-26 02:01:25,106 - ERROR - [-] Unknown Exceptions for Bird Whiterumped munia
2022-03-26 02:01:33,060 - ERROR - [-] Unknown Exceptions for Bird Whiterumped robin
2022-03-26 02:01:40,725 - ERROR - [-] Unknown Exceptions for Bird Whiterumped sandpiper
2022-03-26 02:01:47,984 - ERROR - [-] Unknown Exceptions for Bird Whiterumped seedeater
2022-03-26 02:01:56,005 - ERROR - [-] Unknown Exceptions for Bird Whiterumped shama
2022-03-26 02:02:03,148 - ERROR - [-] Unknown Exceptions for Bird Whiterumped sirystes
2022-03-26 02:02:10,806 - ERROR - [-] Unknown Exceptions for Bird Whiterumped snowfinch
2022-03-26 02:02:18,511 - ERROR - [-] Unknown Exceptions for Bird Whiterumped spinetail
2022-03-26 02:02:26,046 - ERROR - [-] Unknown Exceptions for Bird Whiterumped swallow
2022-03-26 02:02:33,396 - ERROR - [-] Unknown Exceptions for Bird Whiterumped swift
2022-03-26 02:02:41,211 - ERROR - [-] Unknown Exceptions for Bird Whiterumped swiftlet
2022-03-26 02:02:49,006 - ERROR - [-] Unknown Exceptions for Bird Whiterumped tanager
2022-03-26 02:02:57,511 - ERROR - [-] Unknown Exceptions for Bird Whiterumped triller
2022-03-26 02:03:04,923 - ERROR - [-] Unknown Exceptions for Bird Whiterumped vulture
2022-03-26 02:03:24,760 - ERROR - [-] Unknown Exceptions for Bird Whiteshouldered antbird
2022-03-26 02:03:33,079 - ERROR - [-] Unknown Exceptions for Bird Whiteshouldered antshrike
2022-03-26 02:03:41,059 - ERROR - [-] Unknown Exceptions for Bird Whiteshouldered black tit
2022-03-26 02:03:48,628 - ERROR - [-] Unknown Exceptions for Bird Whiteshouldered fairywren
2022-03-26 02:03:56,226 - ERROR - [-] Unknown Exceptions for Bird Whiteshouldered fireeye
2022-03-26 02:04:05,000 - ERROR - [-] Unknown Exceptions for Bird Whiteshouldered ibis
2022-03-26 02:04:13,357 - ERROR - [-] Unknown Exceptions for Bird Whiteshouldered starling
2022-03-26 02:04:21,733 - ERROR - [-] Unknown Exceptions for Bird Whiteshouldered tanager
2022-03-26 02:04:30,192 - ERROR - [-] Unknown Exceptions for Bird Whiteshouldered triller
2022-03-26 02:04:37,711 - ERROR - [-] Unknown Exceptions for Bird Whitesided flowerpiercer
2022-03-26 02:04:45,614 - ERROR - [-] Unknown Exceptions for Bird Whitesided hillstar
2022-03-26 02:04:53,418 - ERROR - [-] Unknown Exceptions for Bird Whitespeckled laughingthrush
2022-03-26 02:05:00,935 - ERROR - [-] Unknown Exceptions for Bird Whitespectacled bulbul
2022-03-26 02:05:08,626 - ERROR - [-] Unknown Exceptions for Bird Whitespectacled warbler
2022-03-26 02:05:15,519 - ERROR - [-] Unknown Exceptions for Bird Whitespotted fantail
2022-03-26 02:05:23,080 - ERROR - [-] Unknown Exceptions for Bird Whitespotted flufftail
2022-03-26 02:05:30,324 - ERROR - [-] Unknown Exceptions for Bird Whitespotted mannikin
2022-03-26 02:05:38,056 - ERROR - [-] Unknown Exceptions for Bird Whitespotted wattleeye
2022-03-26 02:05:45,471 - ERROR - [-] Unknown Exceptions for Bird Whitespotted woodpecker
2022-03-26 02:05:53,953 - ERROR - [-] Unknown Exceptions for Bird Whitestarred robin
2022-03-26 02:06:01,888 - ERROR - [-] Unknown Exceptions for Bird Whitestarred robin1
2022-03-26 02:06:09,654 - ERROR - [-] Unknown Exceptions for Bird Whitestreaked antvireo
2022-03-26 02:06:17,280 - ERROR - [-] Unknown Exceptions for Bird Whitestreaked friarbird
2022-03-26 02:06:24,745 - ERROR - [-] Unknown Exceptions for Bird Whitestreaked honeyeater
2022-03-26 02:06:32,056 - ERROR - [-] Unknown Exceptions for Bird Whitestriped forest rail
2022-03-26 02:06:40,166 - ERROR - [-] Unknown Exceptions for Bird Whitestriped warbler
2022-03-26 02:06:47,692 - ERROR - [-] Unknown Exceptions for Bird Whitestriped woodcreeper
2022-03-26 02:06:54,917 - ERROR - [-] Unknown Exceptions for Bird Whitetailed alethe
2022-03-26 02:07:01,800 - ERROR - [-] Unknown Exceptions for Bird Whitetailed ant thrush
2022-03-26 02:07:09,406 - ERROR - [-] Unknown Exceptions for Bird Whitetailed blue flycatcher
2022-03-26 02:07:16,325 - ERROR - [-] Unknown Exceptions for Bird Whitetailed cotinga
2022-03-26 02:07:23,555 - ERROR - [-] Unknown Exceptions for Bird Whitetailed crested flycatcher
2022-03-26 02:07:31,416 - ERROR - [-] Unknown Exceptions for Bird Whitetailed eagle
2022-03-26 02:07:38,738 - ERROR - [-] Unknown Exceptions for Bird Whitetailed emerald
2022-03-26 02:07:46,365 - ERROR - [-] Unknown Exceptions for Bird Whitetailed flycatcher
2022-03-26 02:07:54,259 - ERROR - [-] Unknown Exceptions for Bird Whitetailed goldenthroat
2022-03-26 02:08:02,537 - ERROR - [-] Unknown Exceptions for Bird Whitetailed hawk
2022-03-26 02:08:10,073 - ERROR - [-] Unknown Exceptions for Bird Whitetailed hummingbird
2022-03-26 02:08:16,553 - ERROR - [-] Unknown Exceptions for Bird Whitetailed jay
2022-03-26 02:08:23,570 - ERROR - [-] Unknown Exceptions for Bird Whitetailed kite
2022-03-26 02:08:30,908 - ERROR - [-] Unknown Exceptions for Bird Whitetailed lapwing
2022-03-26 02:08:38,246 - ERROR - [-] Unknown Exceptions for Bird Whitetailed lark
2022-03-26 02:08:45,154 - ERROR - [-] Unknown Exceptions for Bird Whitetailed monarch
2022-03-26 02:08:52,106 - ERROR - [-] Unknown Exceptions for Bird Whitetailed nightjar
2022-03-26 02:08:59,095 - ERROR - [-] Unknown Exceptions for Bird Whitetailed nuthatch
2022-03-26 02:09:06,425 - ERROR - [-] Unknown Exceptions for Bird Whitetailed ptarmigan
2022-03-26 02:09:13,623 - ERROR - [-] Unknown Exceptions for Bird Whitetailed robin
2022-03-26 02:09:20,951 - ERROR - [-] Unknown Exceptions for Bird Whitetailed sabrewing
2022-03-26 02:09:27,466 - ERROR - [-] Unknown Exceptions for Bird Whitetailed shrike
2022-03-26 02:09:34,887 - ERROR - [-] Unknown Exceptions for Bird Whitetailed shriketyrant
2022-03-26 02:09:41,877 - ERROR - [-] Unknown Exceptions for Bird Whitetailed starfrontlet
2022-03-26 02:09:50,396 - ERROR - [-] Unknown Exceptions for Bird Whitetailed stonechat
2022-03-26 02:09:57,712 - ERROR - [-] Unknown Exceptions for Bird Whitetailed swallow
2022-03-26 02:10:05,116 - ERROR - [-] Unknown Exceptions for Bird Whitetailed trogon
2022-03-26 02:10:13,087 - ERROR - [-] Unknown Exceptions for Bird Whitetailed tropicbird
2022-03-26 02:10:20,288 - ERROR - [-] Unknown Exceptions for Bird Whitetailed tyrannulet
2022-03-26 02:10:27,531 - ERROR - [-] Unknown Exceptions for Bird Whitetailed warbler
2022-03-26 02:10:34,793 - ERROR - [-] Unknown Exceptions for Bird Whitethighed hornbill
2022-03-26 02:10:42,110 - ERROR - [-] Unknown Exceptions for Bird Whitethighed swallow
2022-03-26 02:10:49,503 - ERROR - [-] Unknown Exceptions for Bird Whitethroated Gerygone
2022-03-26 02:10:57,339 - ERROR - [-] Unknown Exceptions for Bird Whitethroated antbird
2022-03-26 02:11:04,933 - ERROR - [-] Unknown Exceptions for Bird Whitethroated antpitta
2022-03-26 02:11:12,118 - ERROR - [-] Unknown Exceptions for Bird Whitethroated babbler
2022-03-26 02:11:20,006 - ERROR - [-] Unknown Exceptions for Bird Whitethroated barbtail
2022-03-26 02:11:27,432 - ERROR - [-] Unknown Exceptions for Bird Whitethroated beeeater
2022-03-26 02:11:35,478 - ERROR - [-] Unknown Exceptions for Bird Whitethroated bulbul
2022-03-26 02:11:42,987 - ERROR - [-] Unknown Exceptions for Bird Whitethroated bush chat
2022-03-26 02:11:51,266 - ERROR - [-] Unknown Exceptions for Bird Whitethroated bushtit
2022-03-26 02:11:59,305 - ERROR - [-] Unknown Exceptions for Bird Whitethroated cachalote
2022-03-26 02:12:06,979 - ERROR - [-] Unknown Exceptions for Bird Whitethroated cacholote
2022-03-26 02:12:14,367 - ERROR - [-] Unknown Exceptions for Bird Whitethroated canary
2022-03-26 02:12:22,892 - ERROR - [-] Unknown Exceptions for Bird Whitethroated caracara
2022-03-26 02:12:31,110 - ERROR - [-] Unknown Exceptions for Bird Whitethroated crake
2022-03-26 02:12:38,837 - ERROR - [-] Unknown Exceptions for Bird Whitethroated daggerbill
2022-03-26 02:12:45,841 - ERROR - [-] Unknown Exceptions for Bird Whitethroated dipper
2022-03-26 02:12:52,861 - ERROR - [-] Unknown Exceptions for Bird Whitethroated earthcreeper
2022-03-26 02:12:59,879 - ERROR - [-] Unknown Exceptions for Bird Whitethroated fantail
2022-03-26 02:13:07,005 - ERROR - [-] Unknown Exceptions for Bird Whitethroated flycatcher
2022-03-26 02:13:14,638 - ERROR - [-] Unknown Exceptions for Bird Whitethroated francolin
2022-03-26 02:13:22,185 - ERROR - [-] Unknown Exceptions for Bird Whitethroated gerygone
2022-03-26 02:13:29,629 - ERROR - [-] Unknown Exceptions for Bird Whitethroated grasswren
2022-03-26 02:13:36,462 - ERROR - [-] Unknown Exceptions for Bird Whitethroated greenbul
2022-03-26 02:13:44,774 - ERROR - [-] Unknown Exceptions for Bird Whitethroated ground dove
2022-03-26 02:13:52,287 - ERROR - [-] Unknown Exceptions for Bird Whitethroated hawk
2022-03-26 02:14:00,112 - ERROR - [-] Unknown Exceptions for Bird Whitethroated honeyeater
2022-03-26 02:14:07,811 - ERROR - [-] Unknown Exceptions for Bird Whitethroated hummingbird
2022-03-26 02:14:16,061 - ERROR - [-] Unknown Exceptions for Bird Whitethroated jacamar
2022-03-26 02:14:24,484 - ERROR - [-] Unknown Exceptions for Bird Whitethroated jay
2022-03-26 02:14:32,203 - ERROR - [-] Unknown Exceptions for Bird Whitethroated jungle flycatcher
2022-03-26 02:14:39,937 - ERROR - [-] Unknown Exceptions for Bird Whitethroated kingbird
2022-03-26 02:14:47,642 - ERROR - [-] Unknown Exceptions for Bird Whitethroated kingfisher
2022-03-26 02:14:55,075 - ERROR - [-] Unknown Exceptions for Bird Whitethroated laughingthrush
2022-03-26 02:15:03,387 - ERROR - [-] Unknown Exceptions for Bird Whitethroated magpiejay
2022-03-26 02:15:11,417 - ERROR - [-] Unknown Exceptions for Bird Whitethroated manakin
2022-03-26 02:15:19,765 - ERROR - [-] Unknown Exceptions for Bird Whitethroated mountain babbler
2022-03-26 02:15:27,273 - ERROR - [-] Unknown Exceptions for Bird Whitethroated mountaingem
2022-03-26 02:15:34,618 - ERROR - [-] Unknown Exceptions for Bird Whitethroated needletail
2022-03-26 02:15:41,622 - ERROR - [-] Unknown Exceptions for Bird Whitethroated nightjar
2022-03-26 02:15:50,270 - ERROR - [-] Unknown Exceptions for Bird Whitethroated oxylabes
2022-03-26 02:15:57,804 - ERROR - [-] Unknown Exceptions for Bird Whitethroated pewee
2022-03-26 02:16:04,448 - ERROR - [-] Unknown Exceptions for Bird Whitethroated quaildove
2022-03-26 02:16:11,538 - ERROR - [-] Unknown Exceptions for Bird Whitethroated rail
2022-03-26 02:16:18,715 - ERROR - [-] Unknown Exceptions for Bird Whitethroated redstart
2022-03-26 02:16:25,468 - ERROR - [-] Unknown Exceptions for Bird Whitethroated robin
2022-03-26 02:16:33,469 - ERROR - [-] Unknown Exceptions for Bird Whitethroated robinchat
2022-03-26 02:16:40,658 - ERROR - [-] Unknown Exceptions for Bird Whitethroated rock thrush
2022-03-26 02:16:48,078 - ERROR - [-] Unknown Exceptions for Bird Whitethroated screech owl
2022-03-26 02:16:55,041 - ERROR - [-] Unknown Exceptions for Bird Whitethroated seedeater
2022-03-26 02:17:01,957 - ERROR - [-] Unknown Exceptions for Bird Whitethroated shriketanager
2022-03-26 02:17:09,750 - ERROR - [-] Unknown Exceptions for Bird Whitethroated sierra finch
2022-03-26 02:17:17,236 - ERROR - [-] Unknown Exceptions for Bird Whitethroated spadebill
2022-03-26 02:17:25,229 - ERROR - [-] Unknown Exceptions for Bird Whitethroated sparrow
2022-03-26 02:17:33,368 - ERROR - [-] Unknown Exceptions for Bird Whitethroated swallow
2022-03-26 02:17:40,926 - ERROR - [-] Unknown Exceptions for Bird Whitethroated swift
2022-03-26 02:17:48,024 - ERROR - [-] Unknown Exceptions for Bird Whitethroated tapaculo
2022-03-26 02:17:55,154 - ERROR - [-] Unknown Exceptions for Bird Whitethroated thrush
2022-03-26 02:18:05,153 - ERROR - [-] Unknown Exceptions for Bird Whitethroated tinamou
2022-03-26 02:18:12,472 - ERROR - [-] Unknown Exceptions for Bird Whitethroated toucan
2022-03-26 02:18:19,712 - ERROR - [-] Unknown Exceptions for Bird Whitethroated toucanet
2022-03-26 02:18:28,044 - ERROR - [-] Unknown Exceptions for Bird Whitethroated towhee
2022-03-26 02:18:36,252 - ERROR - [-] Unknown Exceptions for Bird Whitethroated treecreeper
2022-03-26 02:18:43,906 - ERROR - [-] Unknown Exceptions for Bird Whitethroated treerunner
2022-03-26 02:18:51,502 - ERROR - [-] Unknown Exceptions for Bird Whitethroated tyrannulet
2022-03-26 02:18:59,946 - ERROR - [-] Unknown Exceptions for Bird Whitethroated woodcreeper
2022-03-26 02:19:07,386 - ERROR - [-] Unknown Exceptions for Bird Whitethroated woodpecker
2022-03-26 02:19:14,481 - ERROR - [-] Unknown Exceptions for Bird Whitethroated wrenbabbler
2022-03-26 02:19:21,907 - ERROR - [-] Unknown Exceptions for Bird Whitetipped Dove
2022-03-26 02:19:29,302 - ERROR - [-] Unknown Exceptions for Bird Whitetipped dove
2022-03-26 02:19:36,986 - ERROR - [-] Unknown Exceptions for Bird Whitetipped monarch
2022-03-26 02:19:44,433 - ERROR - [-] Unknown Exceptions for Bird Whitetipped plantcutter
2022-03-26 02:19:51,965 - ERROR - [-] Unknown Exceptions for Bird Whitetipped quetzal
2022-03-26 02:19:59,557 - ERROR - [-] Unknown Exceptions for Bird Whitetipped sicklebill
2022-03-26 02:20:06,920 - ERROR - [-] Unknown Exceptions for Bird Whitetipped swift
2022-03-26 02:20:14,216 - ERROR - [-] Unknown Exceptions for Bird Whitetufted grebe
2022-03-26 02:20:21,931 - ERROR - [-] Unknown Exceptions for Bird Whitetufted sunbeam
2022-03-26 02:20:29,118 - ERROR - [-] Unknown Exceptions for Bird Whitevented euphonia
2022-03-26 02:20:36,504 - ERROR - [-] Unknown Exceptions for Bird Whitevented plumeleteer
2022-03-26 02:20:43,581 - ERROR - [-] Unknown Exceptions for Bird Whitevented shama
2022-03-26 02:20:51,087 - ERROR - [-] Unknown Exceptions for Bird Whitevented violetear
2022-03-26 02:20:58,493 - ERROR - [-] Unknown Exceptions for Bird Whitevented whistler
2022-03-26 02:21:06,186 - ERROR - [-] Unknown Exceptions for Bird Whitewedged piculet
2022-03-26 02:21:13,245 - ERROR - [-] Unknown Exceptions for Bird Whitewhiskered hermit
2022-03-26 02:21:21,140 - ERROR - [-] Unknown Exceptions for Bird Whitewhiskered laughingthrush
2022-03-26 02:21:29,297 - ERROR - [-] Unknown Exceptions for Bird Whitewhiskered puffbird
2022-03-26 02:21:37,547 - ERROR - [-] Unknown Exceptions for Bird Whitewhiskered spinetail
2022-03-26 02:21:44,645 - ERROR - [-] Unknown Exceptions for Bird Whitewinged apalis
2022-03-26 02:21:52,719 - ERROR - [-] Unknown Exceptions for Bird Whitewinged becard
2022-03-26 02:21:59,992 - ERROR - [-] Unknown Exceptions for Bird Whitewinged black tit
2022-03-26 02:22:08,425 - ERROR - [-] Unknown Exceptions for Bird Whitewinged black tyrant
2022-03-26 02:22:15,905 - ERROR - [-] Unknown Exceptions for Bird Whitewinged brushfinch
2022-03-26 02:22:23,666 - ERROR - [-] Unknown Exceptions for Bird Whitewinged chough
2022-03-26 02:22:30,617 - ERROR - [-] Unknown Exceptions for Bird Whitewinged cinclodes
2022-03-26 02:22:38,329 - ERROR - [-] Unknown Exceptions for Bird Whitewinged cliff chat
2022-03-26 02:22:45,151 - ERROR - [-] Unknown Exceptions for Bird Whitewinged collared dove
2022-03-26 02:22:52,471 - ERROR - [-] Unknown Exceptions for Bird Whitewinged coot
2022-03-26 02:23:00,832 - ERROR - [-] Unknown Exceptions for Bird Whitewinged cotinga
2022-03-26 02:23:08,527 - ERROR - [-] Unknown Exceptions for Bird Whitewinged cuckooshrike
2022-03-26 02:23:15,227 - ERROR - [-] Unknown Exceptions for Bird Whitewinged diuca finch
2022-03-26 02:23:22,345 - ERROR - [-] Unknown Exceptions for Bird Whitewinged dove
2022-03-26 02:23:30,005 - ERROR - [-] Unknown Exceptions for Bird Whitewinged duck
2022-03-26 02:23:37,637 - ERROR - [-] Unknown Exceptions for Bird Whitewinged fairywren
2022-03-26 02:23:44,856 - ERROR - [-] Unknown Exceptions for Bird Whitewinged flufftail
2022-03-26 02:23:52,270 - ERROR - [-] Unknown Exceptions for Bird Whitewinged grosbeak
2022-03-26 02:23:59,325 - ERROR - [-] Unknown Exceptions for Bird Whitewinged guan
2022-03-26 02:24:06,870 - ERROR - [-] Unknown Exceptions for Bird Whitewinged lark
2022-03-26 02:24:14,277 - ERROR - [-] Unknown Exceptions for Bird Whitewinged magpie
2022-03-26 02:24:21,609 - ERROR - [-] Unknown Exceptions for Bird Whitewinged nightjar
2022-03-26 02:24:29,038 - ERROR - [-] Unknown Exceptions for Bird Whitewinged parakeet
2022-03-26 02:24:35,933 - ERROR - [-] Unknown Exceptions for Bird Whitewinged potoo
2022-03-26 02:24:43,213 - ERROR - [-] Unknown Exceptions for Bird Whitewinged robin
2022-03-26 02:24:51,256 - ERROR - [-] Unknown Exceptions for Bird Whitewinged scoter
2022-03-26 02:24:58,660 - ERROR - [-] Unknown Exceptions for Bird Whitewinged shriketanager
2022-03-26 02:25:05,666 - ERROR - [-] Unknown Exceptions for Bird Whitewinged snowfinch
2022-03-26 02:25:13,114 - ERROR - [-] Unknown Exceptions for Bird Whitewinged swallow
2022-03-26 02:25:20,935 - ERROR - [-] Unknown Exceptions for Bird Whitewinged swamp warbler
2022-03-26 02:25:28,762 - ERROR - [-] Unknown Exceptions for Bird Whitewinged tanager
2022-03-26 02:25:36,444 - ERROR - [-] Unknown Exceptions for Bird Whitewinged tapaculo
2022-03-26 02:25:43,625 - ERROR - [-] Unknown Exceptions for Bird Whitewinged tern
2022-03-26 02:25:51,382 - ERROR - [-] Unknown Exceptions for Bird Whitewinged triller
2022-03-26 02:25:58,694 - ERROR - [-] Unknown Exceptions for Bird Whitewinged warbler
2022-03-26 02:26:06,704 - ERROR - [-] Unknown Exceptions for Bird Whitewinged widowbird
2022-03-26 02:26:13,561 - ERROR - [-] Unknown Exceptions for Bird Whitewinged woodpecker
2022-03-26 02:27:05,515 - ERROR - [-] Unknown Exceptions for Bird Whytes doublecollared sunbird
2022-03-26 02:27:12,859 - ERROR - [-] Unknown Exceptions for Bird Wieds tyrantmanakin
2022-03-26 02:29:44,080 - ERROR - [-] Unknown Exceptions for Bird Wilsons birdofparadise
2022-03-26 02:30:58,748 - ERROR - [-] Unknown Exceptions for Bird Winchells kingfisher
2022-03-26 02:31:17,636 - ERROR - [-] Unknown Exceptions for Bird Winethroated hummingbird
2022-03-26 02:31:25,633 - ERROR - [-] Unknown Exceptions for Bird Wingbanded antbird
2022-03-26 02:31:32,800 - ERROR - [-] Unknown Exceptions for Bird Wingbanded wren
2022-03-26 02:31:39,895 - ERROR - [-] Unknown Exceptions for Bird Wingbarred piprites
2022-03-26 02:31:49,399 - ERROR - [-] Unknown Exceptions for Bird Wingbarred seedeater
2022-03-26 02:31:57,219 - ERROR - [-] Unknown Exceptions for Bird Wingsnapping cisticola
2022-03-26 02:32:05,342 - ERROR - [-] Unknown Exceptions for Bird Winifreds warbler
2022-03-26 02:32:24,596 - ERROR - [-] Unknown Exceptions for Bird Wirecrested thorntail
2022-03-26 02:32:31,942 - ERROR - [-] Unknown Exceptions for Bird Wiretailed manakin
2022-03-26 02:32:39,506 - ERROR - [-] Unknown Exceptions for Bird Wiretailed swallow
2022-03-26 02:35:29,160 - ERROR - [-] Unknown Exceptions for Bird Woodlark
2022-03-26 02:35:59,218 - ERROR - [-] Unknown Exceptions for Bird Woollynecked stork
2022-03-26 02:36:06,462 - ERROR - [-] Unknown Exceptions for Bird Worcesters buttonquail
2022-03-26 02:36:13,724 - ERROR - [-] Unknown Exceptions for Bird Wormeating warbler
2022-03-26 02:36:42,546 - ERROR - [-] Unknown Exceptions for Bird Wrenlike rushbird
2022-03-26 02:38:05,563 - ERROR - [-] Unknown Exceptions for Bird Xingu scalebacked antbird
2022-03-26 02:38:13,513 - ERROR - [-] Unknown Exceptions for Bird Yap cicadabird
2022-03-26 02:38:24,448 - ERROR - [-] Unknown Exceptions for Bird Yap monarch
2022-03-26 02:41:49,092 - ERROR - [-] Unknown Exceptions for Bird Yellowbacked oriole
2022-03-26 02:41:56,728 - ERROR - [-] Unknown Exceptions for Bird Yellowbacked tanager
2022-03-26 02:42:04,591 - ERROR - [-] Unknown Exceptions for Bird Yellowbearded greenbul
2022-03-26 02:42:11,544 - ERROR - [-] Unknown Exceptions for Bird Yellowbellied bulbul
2022-03-26 02:42:18,995 - ERROR - [-] Unknown Exceptions for Bird Yellowbellied bush warbler
2022-03-26 02:42:25,990 - ERROR - [-] Unknown Exceptions for Bird Yellowbellied chattyrant
2022-03-26 02:42:34,343 - ERROR - [-] Unknown Exceptions for Bird Yellowbellied dacnis
2022-03-26 02:42:42,019 - ERROR - [-] Unknown Exceptions for Bird Yellowbellied elaenia
2022-03-26 02:42:49,740 - ERROR - [-] Unknown Exceptions for Bird Yellowbellied eremomela
2022-03-26 02:42:56,860 - ERROR - [-] Unknown Exceptions for Bird Yellowbellied fantail
2022-03-26 02:43:04,664 - ERROR - [-] Unknown Exceptions for Bird Yellowbellied flowerpecker
2022-03-26 02:43:11,909 - ERROR - [-] Unknown Exceptions for Bird Yellowbellied flycatcher
2022-03-26 02:43:19,743 - ERROR - [-] Unknown Exceptions for Bird Yellowbellied flyrobin
2022-03-26 02:43:27,182 - ERROR - [-] Unknown Exceptions for Bird Yellowbellied gerygone
2022-03-26 02:43:34,729 - ERROR - [-] Unknown Exceptions for Bird Yellowbellied greenbul
2022-03-26 02:43:42,193 - ERROR - [-] Unknown Exceptions for Bird Yellowbellied hyliota
2022-03-26 02:43:49,841 - ERROR - [-] Unknown Exceptions for Bird Yellowbellied longbill
2022-03-26 02:43:57,308 - ERROR - [-] Unknown Exceptions for Bird Yellowbellied prinia
2022-03-26 02:44:05,088 - ERROR - [-] Unknown Exceptions for Bird Yellowbellied sapsucker
2022-03-26 02:44:12,080 - ERROR - [-] Unknown Exceptions for Bird Yellowbellied seedeater
2022-03-26 02:44:19,418 - ERROR - [-] Unknown Exceptions for Bird Yellowbellied siskin
2022-03-26 02:44:26,425 - ERROR - [-] Unknown Exceptions for Bird Yellowbellied sunbirdasity
2022-03-26 02:44:34,411 - ERROR - [-] Unknown Exceptions for Bird Yellowbellied tanager
2022-03-26 02:44:41,780 - ERROR - [-] Unknown Exceptions for Bird Yellowbellied tit
2022-03-26 02:44:49,074 - ERROR - [-] Unknown Exceptions for Bird Yellowbellied tyrannulet
2022-03-26 02:44:56,142 - ERROR - [-] Unknown Exceptions for Bird Yellowbellied warbler
2022-03-26 02:45:03,434 - ERROR - [-] Unknown Exceptions for Bird Yellowbellied wattleeye
2022-03-26 02:45:10,362 - ERROR - [-] Unknown Exceptions for Bird Yellowbellied waxbill
2022-03-26 02:45:19,543 - ERROR - [-] Unknown Exceptions for Bird Yellowbellied whistler
2022-03-26 02:45:27,496 - ERROR - [-] Unknown Exceptions for Bird Yellowbibbed fruit dove
2022-03-26 02:45:34,727 - ERROR - [-] Unknown Exceptions for Bird Yellowbibbed lory
2022-03-26 02:45:42,166 - ERROR - [-] Unknown Exceptions for Bird Yellowbilled amazon
2022-03-26 02:45:49,203 - ERROR - [-] Unknown Exceptions for Bird Yellowbilled babbler
2022-03-26 02:45:55,955 - ERROR - [-] Unknown Exceptions for Bird Yellowbilled barbet
2022-03-26 02:46:02,971 - ERROR - [-] Unknown Exceptions for Bird Yellowbilled blue magpie
2022-03-26 02:46:10,331 - ERROR - [-] Unknown Exceptions for Bird Yellowbilled cacique
2022-03-26 02:46:18,245 - ERROR - [-] Unknown Exceptions for Bird Yellowbilled cardinal
2022-03-26 02:46:26,496 - ERROR - [-] Unknown Exceptions for Bird Yellowbilled cotinga
2022-03-26 02:46:33,647 - ERROR - [-] Unknown Exceptions for Bird Yellowbilled cuckoo
2022-03-26 02:46:40,567 - ERROR - [-] Unknown Exceptions for Bird Yellowbilled duck
2022-03-26 02:46:48,819 - ERROR - [-] Unknown Exceptions for Bird Yellowbilled honeyeater
2022-03-26 02:46:56,542 - ERROR - [-] Unknown Exceptions for Bird Yellowbilled jacamar
2022-03-26 02:47:04,429 - ERROR - [-] Unknown Exceptions for Bird Yellowbilled kingfisher
2022-03-26 02:47:12,579 - ERROR - [-] Unknown Exceptions for Bird Yellowbilled kite
2022-03-26 02:47:20,886 - ERROR - [-] Unknown Exceptions for Bird Yellowbilled loon
2022-03-26 02:47:28,268 - ERROR - [-] Unknown Exceptions for Bird Yellowbilled lorikeet
2022-03-26 02:47:36,875 - ERROR - [-] Unknown Exceptions for Bird Yellowbilled magpie
2022-03-26 02:47:45,062 - ERROR - [-] Unknown Exceptions for Bird Yellowbilled malkoha
2022-03-26 02:47:51,892 - ERROR - [-] Unknown Exceptions for Bird Yellowbilled nunbird
2022-03-26 02:47:59,036 - ERROR - [-] Unknown Exceptions for Bird Yellowbilled nuthatch
2022-03-26 02:48:06,514 - ERROR - [-] Unknown Exceptions for Bird Yellowbilled oxpecker
2022-03-26 02:48:14,034 - ERROR - [-] Unknown Exceptions for Bird Yellowbilled pintail
2022-03-26 02:48:21,401 - ERROR - [-] Unknown Exceptions for Bird Yellowbilled shrike
2022-03-26 02:48:29,215 - ERROR - [-] Unknown Exceptions for Bird Yellowbilled spoonbill
2022-03-26 02:48:36,938 - ERROR - [-] Unknown Exceptions for Bird Yellowbilled stork
2022-03-26 02:48:44,601 - ERROR - [-] Unknown Exceptions for Bird Yellowbilled teal
2022-03-26 02:48:52,147 - ERROR - [-] Unknown Exceptions for Bird Yellowbilled tern
2022-03-26 02:48:59,408 - ERROR - [-] Unknown Exceptions for Bird Yellowbilled tittyrant
2022-03-26 02:49:07,451 - ERROR - [-] Unknown Exceptions for Bird Yellowbilled turaco
2022-03-26 02:49:14,660 - ERROR - [-] Unknown Exceptions for Bird Yellowbreasted antpitta
2022-03-26 02:49:22,580 - ERROR - [-] Unknown Exceptions for Bird Yellowbreasted antwren
2022-03-26 02:49:29,651 - ERROR - [-] Unknown Exceptions for Bird Yellowbreasted apalis
2022-03-26 02:49:36,981 - ERROR - [-] Unknown Exceptions for Bird Yellowbreasted barbet
2022-03-26 02:49:44,237 - ERROR - [-] Unknown Exceptions for Bird Yellowbreasted boatbill
2022-03-26 02:49:51,550 - ERROR - [-] Unknown Exceptions for Bird Yellowbreasted boubou
2022-03-26 02:49:59,006 - ERROR - [-] Unknown Exceptions for Bird Yellowbreasted bowerbird
2022-03-26 02:50:06,410 - ERROR - [-] Unknown Exceptions for Bird Yellowbreasted brushfinch
2022-03-26 02:50:14,150 - ERROR - [-] Unknown Exceptions for Bird Yellowbreasted bunting
2022-03-26 02:50:21,797 - ERROR - [-] Unknown Exceptions for Bird Yellowbreasted chat
2022-03-26 02:50:30,243 - ERROR - [-] Unknown Exceptions for Bird Yellowbreasted crake
2022-03-26 02:50:37,557 - ERROR - [-] Unknown Exceptions for Bird Yellowbreasted flowerpecker
2022-03-26 02:50:45,921 - ERROR - [-] Unknown Exceptions for Bird Yellowbreasted fruit dove
2022-03-26 02:50:53,217 - ERROR - [-] Unknown Exceptions for Bird Yellowbreasted greenfinch
2022-03-26 02:51:00,909 - ERROR - [-] Unknown Exceptions for Bird Yellowbreasted pipit
2022-03-26 02:51:07,959 - ERROR - [-] Unknown Exceptions for Bird Yellowbreasted rackettail
2022-03-26 02:51:15,935 - ERROR - [-] Unknown Exceptions for Bird Yellowbreasted satinbird
2022-03-26 02:51:23,694 - ERROR - [-] Unknown Exceptions for Bird Yellowbreasted tailorbird
2022-03-26 02:51:30,700 - ERROR - [-] Unknown Exceptions for Bird Yellowbreasted warbler
2022-03-26 02:51:37,861 - ERROR - [-] Unknown Exceptions for Bird Yellowbreasted warbling antbird
2022-03-26 02:51:45,430 - ERROR - [-] Unknown Exceptions for Bird Yellowbridled finch
2022-03-26 02:51:52,734 - ERROR - [-] Unknown Exceptions for Bird Yellowbrowed antbird
2022-03-26 02:52:00,045 - ERROR - [-] Unknown Exceptions for Bird Yellowbrowed bulbul
2022-03-26 02:52:07,726 - ERROR - [-] Unknown Exceptions for Bird Yellowbrowed bunting
2022-03-26 02:52:14,917 - ERROR - [-] Unknown Exceptions for Bird Yellowbrowed camaroptera
2022-03-26 02:52:22,223 - ERROR - [-] Unknown Exceptions for Bird Yellowbrowed melidectes
2022-03-26 02:52:29,425 - ERROR - [-] Unknown Exceptions for Bird Yellowbrowed seedeater
2022-03-26 02:52:36,706 - ERROR - [-] Unknown Exceptions for Bird Yellowbrowed shrikevireo
2022-03-26 02:52:43,878 - ERROR - [-] Unknown Exceptions for Bird Yellowbrowed sparrow
2022-03-26 02:52:51,198 - ERROR - [-] Unknown Exceptions for Bird Yellowbrowed tit
2022-03-26 02:52:59,374 - ERROR - [-] Unknown Exceptions for Bird Yellowbrowed todyflycatcher
2022-03-26 02:53:06,525 - ERROR - [-] Unknown Exceptions for Bird Yellowbrowed toucanet
2022-03-26 02:53:14,694 - ERROR - [-] Unknown Exceptions for Bird Yellowbrowed tyrant
2022-03-26 02:53:22,143 - ERROR - [-] Unknown Exceptions for Bird Yellowbrowed warbler
2022-03-26 02:53:29,872 - ERROR - [-] Unknown Exceptions for Bird Yellowbrowed woodpecker
2022-03-26 02:53:37,627 - ERROR - [-] Unknown Exceptions for Bird Yellowcapped pygmy parrot
2022-03-26 02:53:44,609 - ERROR - [-] Unknown Exceptions for Bird Yellowcapped weaver
2022-03-26 02:53:52,227 - ERROR - [-] Unknown Exceptions for Bird Yellowcasqued hornbill
2022-03-26 02:53:59,441 - ERROR - [-] Unknown Exceptions for Bird Yellowcheeked becard
2022-03-26 02:54:07,034 - ERROR - [-] Unknown Exceptions for Bird Yellowcheeked tit
2022-03-26 02:54:13,971 - ERROR - [-] Unknown Exceptions for Bird Yellowchevroned parakeet
2022-03-26 02:54:21,337 - ERROR - [-] Unknown Exceptions for Bird Yellowchinned spinetail
2022-03-26 02:54:28,577 - ERROR - [-] Unknown Exceptions for Bird Yellowcollared chlorophonia
2022-03-26 02:54:36,297 - ERROR - [-] Unknown Exceptions for Bird Yellowcollared lovebird
2022-03-26 02:54:43,928 - ERROR - [-] Unknown Exceptions for Bird Yellowcrested cockatoo
2022-03-26 02:54:51,659 - ERROR - [-] Unknown Exceptions for Bird Yellowcrested helmetshrike
2022-03-26 02:54:58,854 - ERROR - [-] Unknown Exceptions for Bird Yellowcrested manakin
2022-03-26 02:55:06,398 - ERROR - [-] Unknown Exceptions for Bird Yellowcrested tanager
2022-03-26 02:55:13,807 - ERROR - [-] Unknown Exceptions for Bird Yellowcrested woodpecker
2022-03-26 02:55:22,687 - ERROR - [-] Unknown Exceptions for Bird Yellowcrowned amazon
2022-03-26 02:55:30,079 - ERROR - [-] Unknown Exceptions for Bird Yellowcrowned barbet
2022-03-26 02:55:37,791 - ERROR - [-] Unknown Exceptions for Bird Yellowcrowned bishop
2022-03-26 02:55:45,270 - ERROR - [-] Unknown Exceptions for Bird Yellowcrowned canary
2022-03-26 02:55:52,615 - ERROR - [-] Unknown Exceptions for Bird Yellowcrowned elaenia
2022-03-26 02:55:59,942 - ERROR - [-] Unknown Exceptions for Bird Yellowcrowned euphonia
2022-03-26 02:56:07,507 - ERROR - [-] Unknown Exceptions for Bird Yellowcrowned gonolek
2022-03-26 02:56:14,802 - ERROR - [-] Unknown Exceptions for Bird Yellowcrowned night heron
2022-03-26 02:56:22,608 - ERROR - [-] Unknown Exceptions for Bird Yellowcrowned parakeet
2022-03-26 02:56:30,267 - ERROR - [-] Unknown Exceptions for Bird Yellowcrowned tyrannulet
2022-03-26 02:56:37,771 - ERROR - [-] Unknown Exceptions for Bird Yellowcrowned whitestart
2022-03-26 02:56:45,579 - ERROR - [-] Unknown Exceptions for Bird Yellowcrowned woodpecker
2022-03-26 02:56:53,275 - ERROR - [-] Unknown Exceptions for Bird Yelloweared barbet
2022-03-26 02:57:00,474 - ERROR - [-] Unknown Exceptions for Bird Yelloweared bulbul
2022-03-26 02:57:08,090 - ERROR - [-] Unknown Exceptions for Bird Yelloweared parrot
2022-03-26 02:57:17,106 - ERROR - [-] Unknown Exceptions for Bird Yelloweared spiderhunter
2022-03-26 02:57:24,822 - ERROR - [-] Unknown Exceptions for Bird Yelloweared toucanet
2022-03-26 02:57:32,438 - ERROR - [-] Unknown Exceptions for Bird Yelloweared woodpecker
2022-03-26 02:57:39,975 - ERROR - [-] Unknown Exceptions for Bird Yelloweyed babbler
2022-03-26 02:57:47,061 - ERROR - [-] Unknown Exceptions for Bird Yelloweyed black flycatcher
2022-03-26 02:57:54,562 - ERROR - [-] Unknown Exceptions for Bird Yelloweyed bristlebill
2022-03-26 02:58:01,895 - ERROR - [-] Unknown Exceptions for Bird Yelloweyed junco
2022-03-26 02:58:10,362 - ERROR - [-] Unknown Exceptions for Bird Yelloweyed penguin
2022-03-26 02:58:18,078 - ERROR - [-] Unknown Exceptions for Bird Yelloweyed pigeon
2022-03-26 02:58:25,417 - ERROR - [-] Unknown Exceptions for Bird Yelloweyed starling
2022-03-26 02:58:33,385 - ERROR - [-] Unknown Exceptions for Bird Yellowfaced flameback
2022-03-26 02:58:40,540 - ERROR - [-] Unknown Exceptions for Bird Yellowfaced grassquit
2022-03-26 02:58:48,340 - ERROR - [-] Unknown Exceptions for Bird Yellowfaced honeyeater
2022-03-26 02:58:56,239 - ERROR - [-] Unknown Exceptions for Bird Yellowfaced myna
2022-03-26 02:59:03,490 - ERROR - [-] Unknown Exceptions for Bird Yellowfaced parrot
2022-03-26 02:59:10,939 - ERROR - [-] Unknown Exceptions for Bird Yellowfaced parrotlet
2022-03-26 02:59:18,121 - ERROR - [-] Unknown Exceptions for Bird Yellowfaced siskin
2022-03-26 02:59:25,599 - ERROR - [-] Unknown Exceptions for Bird Yellowfooted flycatcher
2022-03-26 02:59:33,287 - ERROR - [-] Unknown Exceptions for Bird Yellowfooted green pigeon
2022-03-26 02:59:41,209 - ERROR - [-] Unknown Exceptions for Bird Yellowfooted gull
2022-03-26 02:59:48,313 - ERROR - [-] Unknown Exceptions for Bird Yellowfooted honeyguide
2022-03-26 02:59:55,958 - ERROR - [-] Unknown Exceptions for Bird Yellowfronted barbet
2022-03-26 03:00:03,360 - ERROR - [-] Unknown Exceptions for Bird Yellowfronted canary
2022-03-26 03:00:10,727 - ERROR - [-] Unknown Exceptions for Bird Yellowfronted parrot
2022-03-26 03:00:17,756 - ERROR - [-] Unknown Exceptions for Bird Yellowfronted tinkerbird
2022-03-26 03:00:25,863 - ERROR - [-] Unknown Exceptions for Bird Yellowfronted woodpecker
2022-03-26 03:00:33,241 - ERROR - [-] Unknown Exceptions for Bird Yellowgaped honeyeater
2022-03-26 03:00:40,915 - ERROR - [-] Unknown Exceptions for Bird Yellowgreen brushfinch
2022-03-26 03:00:48,422 - ERROR - [-] Unknown Exceptions for Bird Yellowgreen grosbeak
2022-03-26 03:00:56,036 - ERROR - [-] Unknown Exceptions for Bird Yellowgreen tanager
2022-03-26 03:01:03,875 - ERROR - [-] Unknown Exceptions for Bird Yellowgreen vireo
2022-03-26 03:01:33,538 - ERROR - [-] Unknown Exceptions for Bird Yellowheaded amazon
2022-03-26 03:01:40,577 - ERROR - [-] Unknown Exceptions for Bird Yellowheaded blackbird
2022-03-26 03:01:48,544 - ERROR - [-] Unknown Exceptions for Bird Yellowheaded brushfinch
2022-03-26 03:01:55,374 - ERROR - [-] Unknown Exceptions for Bird Yellowheaded caracara
2022-03-26 03:02:03,240 - ERROR - [-] Unknown Exceptions for Bird Yellowheaded manakin
2022-03-26 03:02:11,239 - ERROR - [-] Unknown Exceptions for Bird Yellowheaded warbler
2022-03-26 03:02:18,052 - ERROR - [-] Unknown Exceptions for Bird Yellowhooded blackbird
2022-03-26 03:03:09,561 - ERROR - [-] Unknown Exceptions for Bird Yellowish whiteeye
2022-03-26 03:03:16,996 - ERROR - [-] Unknown Exceptions for Bird Yellowishstreaked honeyeater
2022-03-26 03:03:24,929 - ERROR - [-] Unknown Exceptions for Bird Yellowishstreaked lory
2022-03-26 03:03:32,643 - ERROR - [-] Unknown Exceptions for Bird Yellowknobbed curassow
2022-03-26 03:03:40,061 - ERROR - [-] Unknown Exceptions for Bird Yellowlegged buttonquail
2022-03-26 03:03:47,739 - ERROR - [-] Unknown Exceptions for Bird Yellowlegged flyrobin
2022-03-26 03:03:55,813 - ERROR - [-] Unknown Exceptions for Bird Yellowlegged gull
2022-03-26 03:04:03,382 - ERROR - [-] Unknown Exceptions for Bird Yellowlegged pigeon
2022-03-26 03:04:10,803 - ERROR - [-] Unknown Exceptions for Bird Yellowlegged thrush
2022-03-26 03:04:17,980 - ERROR - [-] Unknown Exceptions for Bird Yellowlegged tinamou
2022-03-26 03:04:25,286 - ERROR - [-] Unknown Exceptions for Bird Yellowlegged weaver
2022-03-26 03:04:32,575 - ERROR - [-] Unknown Exceptions for Bird Yellowlored bristlebill
2022-03-26 03:04:39,686 - ERROR - [-] Unknown Exceptions for Bird Yellowlored todyflycatcher
2022-03-26 03:04:47,151 - ERROR - [-] Unknown Exceptions for Bird Yellowmantled weaver
2022-03-26 03:04:54,385 - ERROR - [-] Unknown Exceptions for Bird Yellowmantled widowbird
2022-03-26 03:05:02,113 - ERROR - [-] Unknown Exceptions for Bird Yellowmargined flatbill
2022-03-26 03:05:10,085 - ERROR - [-] Unknown Exceptions for Bird Yellownaped amazon
2022-03-26 03:05:16,960 - ERROR - [-] Unknown Exceptions for Bird Yellownecked spurfowl
2022-03-26 03:05:24,549 - ERROR - [-] Unknown Exceptions for Bird Yellowolive flatbill
2022-03-26 03:05:32,035 - ERROR - [-] Unknown Exceptions for Bird Yellowplumed honeyeater
2022-03-26 03:05:39,082 - ERROR - [-] Unknown Exceptions for Bird Yellowringed whiteeye
2022-03-26 03:05:47,059 - ERROR - [-] Unknown Exceptions for Bird Yellowrumped antwren
2022-03-26 03:05:54,018 - ERROR - [-] Unknown Exceptions for Bird Yellowrumped cacique
2022-03-26 03:06:01,807 - ERROR - [-] Unknown Exceptions for Bird Yellowrumped flowerpecker
2022-03-26 03:06:09,538 - ERROR - [-] Unknown Exceptions for Bird Yellowrumped flycatcher
2022-03-26 03:06:16,561 - ERROR - [-] Unknown Exceptions for Bird Yellowrumped honeyguide
2022-03-26 03:06:23,771 - ERROR - [-] Unknown Exceptions for Bird Yellowrumped mannikin
2022-03-26 03:06:31,387 - ERROR - [-] Unknown Exceptions for Bird Yellowrumped marshbird
2022-03-26 03:06:38,715 - ERROR - [-] Unknown Exceptions for Bird Yellowrumped seedeater
2022-03-26 03:06:45,991 - ERROR - [-] Unknown Exceptions for Bird Yellowrumped siskin
2022-03-26 03:06:54,009 - ERROR - [-] Unknown Exceptions for Bird Yellowrumped thornbill
2022-03-26 03:07:01,718 - ERROR - [-] Unknown Exceptions for Bird Yellowrumped tinkerbird
2022-03-26 03:07:08,841 - ERROR - [-] Unknown Exceptions for Bird Yellowrumped warbler
2022-03-26 03:07:16,459 - ERROR - [-] Unknown Exceptions for Bird Yellowscarfed tanager
2022-03-26 03:07:24,065 - ERROR - [-] Unknown Exceptions for Bird Yellowshouldered amazon
2022-03-26 03:07:31,317 - ERROR - [-] Unknown Exceptions for Bird Yellowshouldered blackbird
2022-03-26 03:07:38,868 - ERROR - [-] Unknown Exceptions for Bird Yellowshouldered grassquit
2022-03-26 03:07:46,890 - ERROR - [-] Unknown Exceptions for Bird Yellowshouldered grosbeak
2022-03-26 03:07:54,245 - ERROR - [-] Unknown Exceptions for Bird Yellowsided flowerpecker
2022-03-26 03:08:01,796 - ERROR - [-] Unknown Exceptions for Bird Yellowspotted bush sparrow
2022-03-26 03:08:08,879 - ERROR - [-] Unknown Exceptions for Bird Yellowspotted honeyeater
2022-03-26 03:08:16,660 - ERROR - [-] Unknown Exceptions for Bird Yellowstreaked greenbul
2022-03-26 03:08:23,932 - ERROR - [-] Unknown Exceptions for Bird Yellowstreaked warbler
2022-03-26 03:08:31,870 - ERROR - [-] Unknown Exceptions for Bird Yellowstriped brushfinch
2022-03-26 03:08:39,430 - ERROR - [-] Unknown Exceptions for Bird Yellowtailed black cockatoo
2022-03-26 03:08:46,876 - ERROR - [-] Unknown Exceptions for Bird Yellowtailed oriole
2022-03-26 03:08:54,656 - ERROR - [-] Unknown Exceptions for Bird Yellowtailed parrot
2022-03-26 03:09:02,581 - ERROR - [-] Unknown Exceptions for Bird Yellowthighed brushfinch
2022-03-26 03:09:10,627 - ERROR - [-] Unknown Exceptions for Bird Yellowthroated antwren
2022-03-26 03:09:17,906 - ERROR - [-] Unknown Exceptions for Bird Yellowthroated apalis
2022-03-26 03:09:25,977 - ERROR - [-] Unknown Exceptions for Bird Yellowthroated bulbul
2022-03-26 03:09:33,282 - ERROR - [-] Unknown Exceptions for Bird Yellowthroated bunting
2022-03-26 03:09:40,644 - ERROR - [-] Unknown Exceptions for Bird Yellowthroated bush sparrow
2022-03-26 03:09:48,172 - ERROR - [-] Unknown Exceptions for Bird Yellowthroated bush tanager
2022-03-26 03:09:56,133 - ERROR - [-] Unknown Exceptions for Bird Yellowthroated cuckoo
2022-03-26 03:10:03,752 - ERROR - [-] Unknown Exceptions for Bird Yellowthroated euphonia
2022-03-26 03:10:11,312 - ERROR - [-] Unknown Exceptions for Bird Yellowthroated flycatcher
2022-03-26 03:10:18,346 - ERROR - [-] Unknown Exceptions for Bird Yellowthroated fulvetta
2022-03-26 03:10:25,347 - ERROR - [-] Unknown Exceptions for Bird Yellowthroated greenbul
2022-03-26 03:10:32,778 - ERROR - [-] Unknown Exceptions for Bird Yellowthroated hanging parrot
2022-03-26 03:10:40,111 - ERROR - [-] Unknown Exceptions for Bird Yellowthroated honeyeater
2022-03-26 03:10:46,934 - ERROR - [-] Unknown Exceptions for Bird Yellowthroated laughingthrush
2022-03-26 03:10:53,940 - ERROR - [-] Unknown Exceptions for Bird Yellowthroated leafbird
2022-03-26 03:11:01,609 - ERROR - [-] Unknown Exceptions for Bird Yellowthroated leaflove
2022-03-26 03:11:09,129 - ERROR - [-] Unknown Exceptions for Bird Yellowthroated longclaw
2022-03-26 03:11:16,235 - ERROR - [-] Unknown Exceptions for Bird Yellowthroated miner
2022-03-26 03:11:24,521 - ERROR - [-] Unknown Exceptions for Bird Yellowthroated nicator
2022-03-26 03:11:32,003 - ERROR - [-] Unknown Exceptions for Bird Yellowthroated sandgrouse
2022-03-26 03:11:39,482 - ERROR - [-] Unknown Exceptions for Bird Yellowthroated scrubwren
2022-03-26 03:11:47,100 - ERROR - [-] Unknown Exceptions for Bird Yellowthroated seedeater
2022-03-26 03:11:54,550 - ERROR - [-] Unknown Exceptions for Bird Yellowthroated spadebill
2022-03-26 03:12:02,109 - ERROR - [-] Unknown Exceptions for Bird Yellowthroated sparrow
2022-03-26 03:12:09,220 - ERROR - [-] Unknown Exceptions for Bird Yellowthroated tanager
2022-03-26 03:12:16,328 - ERROR - [-] Unknown Exceptions for Bird Yellowthroated tinkerbird
2022-03-26 03:12:24,277 - ERROR - [-] Unknown Exceptions for Bird Yellowthroated toucan
2022-03-26 03:12:32,056 - ERROR - [-] Unknown Exceptions for Bird Yellowthroated vireo
2022-03-26 03:12:39,372 - ERROR - [-] Unknown Exceptions for Bird Yellowthroated warbler
2022-03-26 03:12:47,621 - ERROR - [-] Unknown Exceptions for Bird Yellowthroated whistler
2022-03-26 03:12:54,848 - ERROR - [-] Unknown Exceptions for Bird Yellowthroated whiteeye
2022-03-26 03:13:02,383 - ERROR - [-] Unknown Exceptions for Bird Yellowthroated woodland warbler
2022-03-26 03:13:09,419 - ERROR - [-] Unknown Exceptions for Bird Yellowthroated woodpecker
2022-03-26 03:13:16,707 - ERROR - [-] Unknown Exceptions for Bird Yellowtinted honeyeater
2022-03-26 03:13:24,023 - ERROR - [-] Unknown Exceptions for Bird Yellowtufted dacnis
2022-03-26 03:13:31,777 - ERROR - [-] Unknown Exceptions for Bird Yellowtufted honeyeater
2022-03-26 03:13:39,396 - ERROR - [-] Unknown Exceptions for Bird Yellowtufted woodpecker
2022-03-26 03:13:47,233 - ERROR - [-] Unknown Exceptions for Bird Yellowvented bulbul
2022-03-26 03:13:54,380 - ERROR - [-] Unknown Exceptions for Bird Yellowvented eremomela
2022-03-26 03:14:01,751 - ERROR - [-] Unknown Exceptions for Bird Yellowvented flowerpecker
2022-03-26 03:14:08,911 - ERROR - [-] Unknown Exceptions for Bird Yellowvented green pigeon
2022-03-26 03:14:16,438 - ERROR - [-] Unknown Exceptions for Bird Yellowvented warbler
2022-03-26 03:14:23,518 - ERROR - [-] Unknown Exceptions for Bird Yellowvented woodpecker
2022-03-26 03:14:30,904 - ERROR - [-] Unknown Exceptions for Bird Yellowwattled bulbul
2022-03-26 03:14:38,220 - ERROR - [-] Unknown Exceptions for Bird Yellowwattled lapwing
2022-03-26 03:14:46,030 - ERROR - [-] Unknown Exceptions for Bird Yellowwhiskered bush tanager
2022-03-26 03:14:52,966 - ERROR - [-] Unknown Exceptions for Bird Yellowwhiskered greenbul
2022-03-26 03:15:00,064 - ERROR - [-] Unknown Exceptions for Bird Yellowwinged blackbird
2022-03-26 03:15:08,000 - ERROR - [-] Unknown Exceptions for Bird Yellowwinged pytilia
2022-03-26 03:15:15,041 - ERROR - [-] Unknown Exceptions for Bird Yellowwinged tanager
2022-03-26 03:15:22,672 - ERROR - [-] Unknown Exceptions for Bird Yellowwinged vireo
2022-03-26 03:16:14,282 - ERROR - [-] Unknown Exceptions for Bird Yucatan amazon
2022-03-26 03:16:21,775 - ERROR - [-] Unknown Exceptions for Bird Yucatan bobwhite
2022-03-26 03:17:53,535 - ERROR - [-] Unknown Exceptions for Bird Yungas antwren
2022-03-26 03:18:01,274 - ERROR - [-] Unknown Exceptions for Bird Yungas dove
2022-03-26 03:18:42,838 - ERROR - [-] Unknown Exceptions for Bird Yungas screech owl
2022-03-26 03:19:01,768 - ERROR - [-] Unknown Exceptions for Bird Yungas todytyrant
2022-03-26 03:19:21,351 - ERROR - [-] Unknown Exceptions for Bird Yungas warbler
2022-03-26 03:19:53,462 - ERROR - [-] Unknown Exceptions for Bird Zambezi indigobird
2022-03-26 03:22:10,960 - ERROR - [-] Unknown Exceptions for Bird Zimmers flatbill
2022-03-26 03:22:28,642 - ERROR - [-] Unknown Exceptions for Bird Zimmers todytyrant
2022-03-26 03:23:18,776 - ERROR - [-] Unknown Exceptions for Bird Zonetailed hawk
2022-03-26 03:23:25,970 - ERROR - [-] Unknown Exceptions for Bird brownbacked needle tail
2022-03-26 03:23:33,331 - ERROR - [-] Unknown Exceptions for Bird brownheaded parrot
2022-03-26 03:23:40,183 - ERROR - [-] Unknown Exceptions for Bird yellowfronted parrot
2022-03-26 03:23:48,176 - ERROR - [-] Unknown Exceptions for Bird \u0100kohekohe
2022-03-26 03:23:55,378 - ERROR - [-] Unknown Exceptions for Bird \u014cmao
2022-03-26 03:24:02,876 - ERROR - [-] Unknown Exceptions for Bird \u014c\u016b
