2022-03-26 01:50:47,689 - ERROR - [-] Unknown Exceptions for Bird Spotted jewelbabbler
2022-03-26 01:51:37,345 - ERROR - [-] Unknown Exceptions for Bird Spotted nutcracker
2022-03-26 01:52:05,216 - ERROR - [-] Unknown Exceptions for Bird Spotted palm thrush
2022-03-26 01:52:44,527 - ERROR - [-] Unknown Exceptions for Bird Spotted quailthrush
2022-03-26 01:53:35,085 - ERROR - [-] Unknown Exceptions for Bird Spotted scrubwren
2022-03-26 01:54:02,334 - ERROR - [-] Unknown Exceptions for Bird Spotted thickknee
2022-03-26 01:54:10,242 - ERROR - [-] Unknown Exceptions for Bird Spotted thrushbabbler
2022-03-26 01:54:18,081 - ERROR - [-] Unknown Exceptions for Bird Spotted todyflycatcher
2022-03-26 01:54:49,599 - ERROR - [-] Unknown Exceptions for Bird Spotted wood kingfisher
2022-03-26 01:55:40,030 - ERROR - [-] Unknown Exceptions for Bird Spotthroat
2022-03-26 01:55:47,500 - ERROR - [-] Unknown Exceptions for Bird Spotthroated babbler
2022-03-26 01:55:55,260 - ERROR - [-] Unknown Exceptions for Bird Spotthroated flameback
2022-03-26 01:56:03,047 - ERROR - [-] Unknown Exceptions for Bird Spotthroated hummingbird
2022-03-26 01:56:10,748 - ERROR - [-] Unknown Exceptions for Bird Spotthroated woodcreeper
2022-03-26 01:56:18,300 - ERROR - [-] Unknown Exceptions for Bird Spotwinged antbird
2022-03-26 01:56:25,507 - ERROR - [-] Unknown Exceptions for Bird Spotwinged antshrike
2022-03-26 01:56:33,131 - ERROR - [-] Unknown Exceptions for Bird Spotwinged falconet
2022-03-26 01:56:40,438 - ERROR - [-] Unknown Exceptions for Bird Spotwinged grosbeak
2022-03-26 01:56:48,214 - ERROR - [-] Unknown Exceptions for Bird Spotwinged monarch
2022-03-26 01:56:55,740 - ERROR - [-] Unknown Exceptions for Bird Spotwinged parrotlet
2022-03-26 01:57:03,545 - ERROR - [-] Unknown Exceptions for Bird Spotwinged pigeon
2022-03-26 01:57:10,869 - ERROR - [-] Unknown Exceptions for Bird Spotwinged rosefinch
2022-03-26 01:57:18,086 - ERROR - [-] Unknown Exceptions for Bird Spotwinged starling
2022-03-26 01:57:29,505 - ERROR - [-] Unknown Exceptions for Bird Spotwinged thrush
2022-03-26 01:57:56,192 - ERROR - [-] Unknown Exceptions for Bird Spotwinged wood quail
2022-03-26 01:58:25,702 - ERROR - [-] Unknown Exceptions for Bird Spurwinged goose
2022-03-26 01:58:33,396 - ERROR - [-] Unknown Exceptions for Bird Spurwinged lapwing
2022-03-26 01:59:01,941 - ERROR - [-] Unknown Exceptions for Bird Squaretailed bulbul
2022-03-26 01:59:10,151 - ERROR - [-] Unknown Exceptions for Bird Squaretailed drongocuckoo
2022-03-26 01:59:18,605 - ERROR - [-] Unknown Exceptions for Bird Squaretailed kite
2022-03-26 01:59:26,446 - ERROR - [-] Unknown Exceptions for Bird Squaretailed nightjar
2022-03-26 01:59:35,203 - ERROR - [-] Unknown Exceptions for Bird Squaretailed sawwing
2022-03-26 02:01:13,102 - ERROR - [-] Unknown Exceptions for Bird Sri Lanka grey hornbill
2022-03-26 02:01:32,232 - ERROR - [-] Unknown Exceptions for Bird Sri Lanka hill myna
2022-03-26 02:02:28,813 - ERROR - [-] Unknown Exceptions for Bird Sri Lanka whiteeye
2022-03-26 02:02:55,287 - ERROR - [-] Unknown Exceptions for Bird Sri Lankan junglefowl
2022-03-26 02:03:03,190 - ERROR - [-] Unknown Exceptions for Bird Standardwing birdofparadise
2022-03-26 02:03:11,013 - ERROR - [-] Unknown Exceptions for Bird Standardwinged nightjar
2022-03-26 02:03:27,739 - ERROR - [-] Unknown Exceptions for Bird Starchested treerunner
2022-03-26 02:03:57,160 - ERROR - [-] Unknown Exceptions for Bird Starry owletnightjar
2022-03-26 02:04:05,428 - ERROR - [-] Unknown Exceptions for Bird Starspotted nightjar
2022-03-26 02:04:14,912 - ERROR - [-] Unknown Exceptions for Bird Starthroated antwren
2022-03-26 02:04:22,678 - ERROR - [-] Unknown Exceptions for Bird Steelblue flycatcher
2022-03-26 02:04:31,301 - ERROR - [-] Unknown Exceptions for Bird Steelblue whydah
2022-03-26 02:04:39,332 - ERROR - [-] Unknown Exceptions for Bird Steelyvented hummingbird
2022-03-26 02:05:29,298 - ERROR - [-] Unknown Exceptions for Bird Stejnegers stonechat
2022-03-26 02:06:17,971 - ERROR - [-] Unknown Exceptions for Bird Stephans emerald dove
2022-03-26 02:06:54,233 - ERROR - [-] Unknown Exceptions for Bird Stierlings wrenwarbler
2022-03-26 02:07:20,967 - ERROR - [-] Unknown Exceptions for Bird Stipplethroated antwren
2022-03-26 02:08:06,184 - ERROR - [-] Unknown Exceptions for Bird Storkbilled kingfisher
2022-03-26 02:08:32,752 - ERROR - [-] Unknown Exceptions for Bird Stoutbilled cinclodes
2022-03-26 02:08:40,890 - ERROR - [-] Unknown Exceptions for Bird Stoutbilled cuckooshrike
2022-03-26 02:08:49,703 - ERROR - [-] Unknown Exceptions for Bird Straightbilled earthcreeper
2022-03-26 02:08:56,704 - ERROR - [-] Unknown Exceptions for Bird Straightbilled hermit
2022-03-26 02:09:04,189 - ERROR - [-] Unknown Exceptions for Bird Straightbilled reedhaunter
2022-03-26 02:09:11,212 - ERROR - [-] Unknown Exceptions for Bird Straightbilled woodcreeper
2022-03-26 02:09:37,002 - ERROR - [-] Unknown Exceptions for Bird Strangetailed tyrant
2022-03-26 02:09:44,374 - ERROR - [-] Unknown Exceptions for Bird Strawbacked tanager
2022-03-26 02:09:51,471 - ERROR - [-] Unknown Exceptions for Bird Strawheaded bulbul
2022-03-26 02:09:58,462 - ERROR - [-] Unknown Exceptions for Bird Strawnecked ibis
2022-03-26 02:10:06,296 - ERROR - [-] Unknown Exceptions for Bird Strawtailed whydah
2022-03-26 02:10:14,456 - ERROR - [-] Unknown Exceptions for Bird Streakbacked antshrike
2022-03-26 02:10:21,729 - ERROR - [-] Unknown Exceptions for Bird Streakbacked canastero
2022-03-26 02:10:28,867 - ERROR - [-] Unknown Exceptions for Bird Streakbacked oriole
2022-03-26 02:10:35,945 - ERROR - [-] Unknown Exceptions for Bird Streakbacked titspinetail
2022-03-26 02:10:43,496 - ERROR - [-] Unknown Exceptions for Bird Streakbreasted bulbul
2022-03-26 02:10:51,445 - ERROR - [-] Unknown Exceptions for Bird Streakbreasted fantail
2022-03-26 02:10:59,738 - ERROR - [-] Unknown Exceptions for Bird Streakbreasted honeyeater
2022-03-26 02:11:07,114 - ERROR - [-] Unknown Exceptions for Bird Streakbreasted jungle flycatcher
2022-03-26 02:11:14,696 - ERROR - [-] Unknown Exceptions for Bird Streakbreasted scimitar babbler
2022-03-26 02:11:21,709 - ERROR - [-] Unknown Exceptions for Bird Streakbreasted treehunter
2022-03-26 02:11:29,203 - ERROR - [-] Unknown Exceptions for Bird Streakbreasted woodpecker
2022-03-26 02:11:36,114 - ERROR - [-] Unknown Exceptions for Bird Streakcapped antwren
2022-03-26 02:11:43,418 - ERROR - [-] Unknown Exceptions for Bird Streakcapped spinetail
2022-03-26 02:11:52,124 - ERROR - [-] Unknown Exceptions for Bird Streakcapped treehunter
2022-03-26 02:11:59,396 - ERROR - [-] Unknown Exceptions for Bird Streakchested antpitta
2022-03-26 02:12:06,919 - ERROR - [-] Unknown Exceptions for Bird Streakcrowned antvireo
2022-03-26 02:12:14,487 - ERROR - [-] Unknown Exceptions for Bird Streakeared bulbul
2022-03-26 02:13:49,895 - ERROR - [-] Unknown Exceptions for Bird Streaked scrub warbler
2022-03-26 02:14:39,318 - ERROR - [-] Unknown Exceptions for Bird Streaked wrenbabbler
2022-03-26 02:14:57,363 - ERROR - [-] Unknown Exceptions for Bird Streakfronted thornbird
2022-03-26 02:15:05,086 - ERROR - [-] Unknown Exceptions for Bird Streakheaded antbird
2022-03-26 02:15:13,095 - ERROR - [-] Unknown Exceptions for Bird Streakheaded honeyeater
2022-03-26 02:15:20,592 - ERROR - [-] Unknown Exceptions for Bird Streakheaded mannikin
2022-03-26 02:15:29,083 - ERROR - [-] Unknown Exceptions for Bird Streakheaded whiteeye
2022-03-26 02:15:36,428 - ERROR - [-] Unknown Exceptions for Bird Streakheaded woodcreeper
2022-03-26 02:15:43,488 - ERROR - [-] Unknown Exceptions for Bird Streaknecked flycatcher
2022-03-26 02:15:51,284 - ERROR - [-] Unknown Exceptions for Bird Streakthroated barwing
2022-03-26 02:15:58,394 - ERROR - [-] Unknown Exceptions for Bird Streakthroated bush tyrant
2022-03-26 02:16:05,576 - ERROR - [-] Unknown Exceptions for Bird Streakthroated canastero
2022-03-26 02:16:13,284 - ERROR - [-] Unknown Exceptions for Bird Streakthroated hermit
2022-03-26 02:16:20,314 - ERROR - [-] Unknown Exceptions for Bird Streakthroated swallow
2022-03-26 02:16:27,959 - ERROR - [-] Unknown Exceptions for Bird Streakthroated woodpecker
2022-03-26 02:16:44,584 - ERROR - [-] Unknown Exceptions for Bird Streakybreasted flufftail
2022-03-26 02:16:51,647 - ERROR - [-] Unknown Exceptions for Bird Streakybreasted spiderhunter
2022-03-26 02:16:58,750 - ERROR - [-] Unknown Exceptions for Bird Streakyheaded seedeater
2022-03-26 02:17:06,170 - ERROR - [-] Unknown Exceptions for Bird Streamertailed tyrant
2022-03-26 02:17:24,299 - ERROR - [-] Unknown Exceptions for Bird Stresemanns bushcrow
2022-03-26 02:19:59,647 - ERROR - [-] Unknown Exceptions for Bird Striated starling
2022-03-26 02:20:27,785 - ERROR - [-] Unknown Exceptions for Bird Striated wrenbabbler
2022-03-26 02:21:12,021 - ERROR - [-] Unknown Exceptions for Bird Striolated titspinetail
2022-03-26 02:21:19,268 - ERROR - [-] Unknown Exceptions for Bird Stripebacked antbird
2022-03-26 02:21:26,564 - ERROR - [-] Unknown Exceptions for Bird Stripebacked bittern
2022-03-26 02:21:34,205 - ERROR - [-] Unknown Exceptions for Bird Stripebacked wren
2022-03-26 02:21:41,729 - ERROR - [-] Unknown Exceptions for Bird Stripebilled aracari
2022-03-26 02:21:49,735 - ERROR - [-] Unknown Exceptions for Bird Stripebreasted rhabdornis
2022-03-26 02:21:56,981 - ERROR - [-] Unknown Exceptions for Bird Stripebreasted spinetail
2022-03-26 02:22:04,825 - ERROR - [-] Unknown Exceptions for Bird Stripebreasted starthroat
2022-03-26 02:22:11,985 - ERROR - [-] Unknown Exceptions for Bird Stripebreasted tit
2022-03-26 02:22:19,597 - ERROR - [-] Unknown Exceptions for Bird Stripebreasted woodpecker
2022-03-26 02:22:26,854 - ERROR - [-] Unknown Exceptions for Bird Stripebreasted wren
2022-03-26 02:22:35,067 - ERROR - [-] Unknown Exceptions for Bird Stripecapped sparrow
2022-03-26 02:22:42,340 - ERROR - [-] Unknown Exceptions for Bird Stripecheeked greenbul
2022-03-26 02:22:49,272 - ERROR - [-] Unknown Exceptions for Bird Stripecheeked woodpecker
2022-03-26 02:22:56,454 - ERROR - [-] Unknown Exceptions for Bird Stripechested antwren
2022-03-26 02:23:04,640 - ERROR - [-] Unknown Exceptions for Bird Stripecrowned sparrow
2022-03-26 02:23:12,508 - ERROR - [-] Unknown Exceptions for Bird Stripecrowned spinetail
2022-03-26 02:23:39,041 - ERROR - [-] Unknown Exceptions for Bird Striped flowerpecker
2022-03-26 02:25:23,629 - ERROR - [-] Unknown Exceptions for Bird Striped wrenbabbler
2022-03-26 02:25:31,544 - ERROR - [-] Unknown Exceptions for Bird Stripefaced greenbul
2022-03-26 02:25:38,728 - ERROR - [-] Unknown Exceptions for Bird Stripefaced wood quail
2022-03-26 02:25:46,498 - ERROR - [-] Unknown Exceptions for Bird Stripeheaded antpitta
2022-03-26 02:25:54,156 - ERROR - [-] Unknown Exceptions for Bird Stripeheaded rhabdornis
2022-03-26 02:26:01,668 - ERROR - [-] Unknown Exceptions for Bird Stripeheaded sparrow
2022-03-26 02:26:09,153 - ERROR - [-] Unknown Exceptions for Bird Stripenecked todytyrant
2022-03-26 02:26:17,216 - ERROR - [-] Unknown Exceptions for Bird Stripetailed hummingbird
2022-03-26 02:26:24,422 - ERROR - [-] Unknown Exceptions for Bird Stripetailed yellow finch
2022-03-26 02:26:34,263 - ERROR - [-] Unknown Exceptions for Bird Stripethroated bulbul
2022-03-26 02:26:42,427 - ERROR - [-] Unknown Exceptions for Bird Stripethroated hermit
2022-03-26 02:26:49,723 - ERROR - [-] Unknown Exceptions for Bird Stripethroated jery
2022-03-26 02:26:57,181 - ERROR - [-] Unknown Exceptions for Bird Stripethroated wren
2022-03-26 02:27:04,787 - ERROR - [-] Unknown Exceptions for Bird Stripethroated yuhina
2022-03-26 02:27:12,520 - ERROR - [-] Unknown Exceptions for Bird Strongbilled honeyeater
2022-03-26 02:27:19,744 - ERROR - [-] Unknown Exceptions for Bird Strongbilled woodcreeper
2022-03-26 02:27:38,133 - ERROR - [-] Unknown Exceptions for Bird Stubtailed antbird
2022-03-26 02:27:45,512 - ERROR - [-] Unknown Exceptions for Bird Stubtailed spadebill
2022-03-26 02:28:14,470 - ERROR - [-] Unknown Exceptions for Bird Styans grasshopper warbler
2022-03-26 02:29:10,182 - ERROR - [-] Unknown Exceptions for Bird Subtropical cacique
2022-03-26 02:30:16,000 - ERROR - [-] Unknown Exceptions for Bird Sula cuckoodove
2022-03-26 02:31:03,596 - ERROR - [-] Unknown Exceptions for Bird Sula megapode
2022-03-26 02:33:21,381 - ERROR - [-] Unknown Exceptions for Bird Sulawesi hawkeagle
2022-03-26 02:35:17,911 - ERROR - [-] Unknown Exceptions for Bird Sulawesi streaked flycatcher
2022-03-26 02:35:53,782 - ERROR - [-] Unknown Exceptions for Bird Sulphurbearded reedhaunter
2022-03-26 02:36:01,326 - ERROR - [-] Unknown Exceptions for Bird Sulphurbellied bulbul
2022-03-26 02:36:08,521 - ERROR - [-] Unknown Exceptions for Bird Sulphurbellied flycatcher
2022-03-26 02:36:15,648 - ERROR - [-] Unknown Exceptions for Bird Sulphurbellied tyrannulet
2022-03-26 02:36:23,014 - ERROR - [-] Unknown Exceptions for Bird Sulphurbellied tyrantmanakin
2022-03-26 02:36:29,998 - ERROR - [-] Unknown Exceptions for Bird Sulphurbellied warbler
2022-03-26 02:36:37,948 - ERROR - [-] Unknown Exceptions for Bird Sulphurbilled nuthatch
2022-03-26 02:36:45,435 - ERROR - [-] Unknown Exceptions for Bird Sulphurbreasted myzomela
2022-03-26 02:36:52,961 - ERROR - [-] Unknown Exceptions for Bird Sulphurbreasted parakeet
2022-03-26 02:36:59,904 - ERROR - [-] Unknown Exceptions for Bird Sulphurbreasted warbler
2022-03-26 02:37:06,985 - ERROR - [-] Unknown Exceptions for Bird Sulphurcrested cockatoo
2022-03-26 02:37:13,950 - ERROR - [-] Unknown Exceptions for Bird Sulphurrumped myiobius
2022-03-26 02:37:20,902 - ERROR - [-] Unknown Exceptions for Bird Sulphurrumped tanager
2022-03-26 02:37:28,634 - ERROR - [-] Unknown Exceptions for Bird Sulphurthroated finch
2022-03-26 02:37:36,092 - ERROR - [-] Unknown Exceptions for Bird Sulphurvented whistler
2022-03-26 02:37:43,343 - ERROR - [-] Unknown Exceptions for Bird Sulphurwinged parakeet
2022-03-26 02:38:08,499 - ERROR - [-] Unknown Exceptions for Bird Sultans cuckoodove
2022-03-26 02:38:15,591 - ERROR - [-] Unknown Exceptions for Bird Sulu bleedingheart
2022-03-26 02:38:22,931 - ERROR - [-] Unknown Exceptions for Bird Sulu hawkowl
2022-03-26 02:38:59,596 - ERROR - [-] Unknown Exceptions for Bird Sumatran blue robin
2022-03-26 02:39:35,660 - ERROR - [-] Unknown Exceptions for Bird Sumatran green pigeon
2022-03-26 02:40:38,980 - ERROR - [-] Unknown Exceptions for Bird Sumatran wrenbabbler
2022-03-26 02:48:35,022 - ERROR - [-] Unknown Exceptions for Bird Swainsons spurfowl
2022-03-26 02:49:13,309 - ERROR - [-] Unknown Exceptions for Bird Swallowtailed beeeater
2022-03-26 02:49:21,531 - ERROR - [-] Unknown Exceptions for Bird Swallowtailed cotinga
2022-03-26 02:49:28,621 - ERROR - [-] Unknown Exceptions for Bird Swallowtailed gull
2022-03-26 02:49:36,118 - ERROR - [-] Unknown Exceptions for Bird Swallowtailed hummingbird
2022-03-26 02:49:44,165 - ERROR - [-] Unknown Exceptions for Bird Swallowtailed kite
2022-03-26 02:49:51,446 - ERROR - [-] Unknown Exceptions for Bird Swallowtailed nightjar
2022-03-26 02:49:58,390 - ERROR - [-] Unknown Exceptions for Bird Swallowwinged puffbird
2022-03-26 02:50:05,550 - ERROR - [-] Unknown Exceptions for Bird Swamp boubou
2022-03-26 02:51:01,174 - ERROR - [-] Unknown Exceptions for Bird Swamp palm bulbul
2022-03-26 02:51:38,887 - ERROR - [-] Unknown Exceptions for Bird Swierstras spurfowl
2022-03-26 02:51:55,970 - ERROR - [-] Unknown Exceptions for Bird Swinhoes minivet
2022-03-26 02:52:13,534 - ERROR - [-] Unknown Exceptions for Bird Swinhoes prinia
2022-03-26 02:52:52,382 - ERROR - [-] Unknown Exceptions for Bird Swinhoes whiteeye
2022-03-26 02:52:59,800 - ERROR - [-] Unknown Exceptions for Bird Swordbilled hummingbird
2022-03-26 02:53:17,973 - ERROR - [-] Unknown Exceptions for Bird Sykess lark
2022-03-26 02:54:06,073 - ERROR - [-] Unknown Exceptions for Bird Szechenyis monalpartridge
2022-03-26 02:54:13,259 - ERROR - [-] Unknown Exceptions for Bird São Francisco sparrow
2022-03-26 02:54:20,508 - ERROR - [-] Unknown Exceptions for Bird São Paulo tyrannulet
2022-03-26 02:54:27,929 - ERROR - [-] Unknown Exceptions for Bird São Tomé fiscal
2022-03-26 02:54:35,487 - ERROR - [-] Unknown Exceptions for Bird São Tomé green pigeon
2022-03-26 02:54:42,888 - ERROR - [-] Unknown Exceptions for Bird São Tomé grosbeak
2022-03-26 02:54:51,282 - ERROR - [-] Unknown Exceptions for Bird São Tomé ibis
2022-03-26 02:54:58,772 - ERROR - [-] Unknown Exceptions for Bird São Tomé olive pigeon
2022-03-26 02:55:06,255 - ERROR - [-] Unknown Exceptions for Bird São Tomé oriole
2022-03-26 02:55:13,465 - ERROR - [-] Unknown Exceptions for Bird São Tomé paradise flycatcher
2022-03-26 02:55:20,863 - ERROR - [-] Unknown Exceptions for Bird São Tomé prinia
2022-03-26 02:55:28,149 - ERROR - [-] Unknown Exceptions for Bird São Tomé scops owl
2022-03-26 02:55:36,442 - ERROR - [-] Unknown Exceptions for Bird São Tomé shorttail
2022-03-26 02:55:44,258 - ERROR - [-] Unknown Exceptions for Bird São Tomé spinetail
2022-03-26 02:55:51,620 - ERROR - [-] Unknown Exceptions for Bird São Tomé thrush
2022-03-26 02:55:58,888 - ERROR - [-] Unknown Exceptions for Bird São Tomé weaver
2022-03-26 02:56:06,753 - ERROR - [-] Unknown Exceptions for Bird São Tomé whiteeye
2022-03-26 02:56:53,797 - ERROR - [-] Unknown Exceptions for Bird Tacarcuna bush tanager
2022-03-26 02:57:57,933 - ERROR - [-] Unknown Exceptions for Bird Taczanowskis ground tyrant1
2022-03-26 02:58:53,208 - ERROR - [-] Unknown Exceptions for Bird Tagula whiteeye
2022-03-26 02:59:00,656 - ERROR - [-] Unknown Exceptions for Bird Tahiti crake
2022-03-26 02:59:47,106 - ERROR - [-] Unknown Exceptions for Bird Tahiti sandpiper
2022-03-26 02:59:54,424 - ERROR - [-] Unknown Exceptions for Bird Tahiti swiftlet
2022-03-26 03:01:02,438 - ERROR - [-] Unknown Exceptions for Bird Taita whiteeye
2022-03-26 03:02:59,720 - ERROR - [-] Unknown Exceptions for Bird Taiwan shortwing
2022-03-26 03:03:34,906 - ERROR - [-] Unknown Exceptions for Bird Talaud bushhen
2022-03-26 03:04:30,467 - ERROR - [-] Unknown Exceptions for Bird Taliabu grasshopper warbler
2022-03-26 03:04:37,819 - ERROR - [-] Unknown Exceptions for Bird Taliabu leaf warbler
2022-03-26 03:04:45,276 - ERROR - [-] Unknown Exceptions for Bird Taliabu leaf warbler   
2022-03-26 03:05:03,899 - ERROR - [-] Unknown Exceptions for Bird Taliabu myzomela
2022-03-26 03:05:13,669 - ERROR - [-] Unknown Exceptions for Bird Taliabu myzomela   
2022-03-26 03:06:16,877 - ERROR - [-] Unknown Exceptions for Bird Tanahjampea blue flycatcher
2022-03-26 03:06:24,138 - ERROR - [-] Unknown Exceptions for Bird Tancapped catbird
2022-03-26 03:07:03,819 - ERROR - [-] Unknown Exceptions for Bird Tanimbar cuckoodove
2022-03-26 03:07:11,936 - ERROR - [-] Unknown Exceptions for Bird Tanimbar cuckoodove   
2022-03-26 03:07:38,436 - ERROR - [-] Unknown Exceptions for Bird Tanimbar megapode
2022-03-26 03:08:26,592 - ERROR - [-] Unknown Exceptions for Bird Tanzanian masked weaver
2022-03-26 03:08:35,059 - ERROR - [-] Unknown Exceptions for Bird Tanzanian redbilled hornbill
2022-03-26 03:09:01,560 - ERROR - [-] Unknown Exceptions for Bird Tapajos fireeye
2022-03-26 03:09:10,190 - ERROR - [-] Unknown Exceptions for Bird Tapajos fireeye   
2022-03-26 03:09:17,496 - ERROR - [-] Unknown Exceptions for Bird Tapajós hermit
2022-03-26 03:09:35,402 - ERROR - [-] Unknown Exceptions for Bird Tasman starling
2022-03-26 03:09:43,642 - ERROR - [-] Unknown Exceptions for Bird Tasmanian native hen
2022-03-26 03:12:28,630 - ERROR - [-] Unknown Exceptions for Bird Tawny titspinetail
2022-03-26 03:12:35,751 - ERROR - [-] Unknown Exceptions for Bird Tawnybacked fantail
2022-03-26 03:12:43,927 - ERROR - [-] Unknown Exceptions for Bird Tawnybellied babbler
2022-03-26 03:12:51,479 - ERROR - [-] Unknown Exceptions for Bird Tawnybellied hermit
2022-03-26 03:12:58,829 - ERROR - [-] Unknown Exceptions for Bird Tawnybellied screech owl
2022-03-26 03:13:06,197 - ERROR - [-] Unknown Exceptions for Bird Tawnybellied seedeater
2022-03-26 03:13:13,744 - ERROR - [-] Unknown Exceptions for Bird Tawnybreasted honeyeater
2022-03-26 03:13:20,835 - ERROR - [-] Unknown Exceptions for Bird Tawnybreasted myiobius
2022-03-26 03:13:28,295 - ERROR - [-] Unknown Exceptions for Bird Tawnybreasted parrotfinch
2022-03-26 03:13:35,614 - ERROR - [-] Unknown Exceptions for Bird Tawnybreasted tinamou
2022-03-26 03:13:42,615 - ERROR - [-] Unknown Exceptions for Bird Tawnybreasted wrenbabbler
2022-03-26 03:13:50,114 - ERROR - [-] Unknown Exceptions for Bird Tawnybrowed owl
2022-03-26 03:13:57,449 - ERROR - [-] Unknown Exceptions for Bird Tawnycapped euphonia
2022-03-26 03:14:04,993 - ERROR - [-] Unknown Exceptions for Bird Tawnychested flycatcher
2022-03-26 03:14:12,471 - ERROR - [-] Unknown Exceptions for Bird Tawnycollared nightjar
2022-03-26 03:14:19,516 - ERROR - [-] Unknown Exceptions for Bird Tawnycrested tanager
2022-03-26 03:14:26,994 - ERROR - [-] Unknown Exceptions for Bird Tawnycrowned greenlet
2022-03-26 03:14:34,317 - ERROR - [-] Unknown Exceptions for Bird Tawnycrowned honeyeater
2022-03-26 03:14:41,974 - ERROR - [-] Unknown Exceptions for Bird Tawnycrowned pygmy tyrant
2022-03-26 03:14:49,108 - ERROR - [-] Unknown Exceptions for Bird Tawnyfaced gnatwren
2022-03-26 03:14:56,002 - ERROR - [-] Unknown Exceptions for Bird Tawnyfaced quail
2022-03-26 03:15:02,953 - ERROR - [-] Unknown Exceptions for Bird Tawnyflanked prinia
2022-03-26 03:15:10,845 - ERROR - [-] Unknown Exceptions for Bird Tawnyheaded swallow
2022-03-26 03:15:17,715 - ERROR - [-] Unknown Exceptions for Bird Tawnyrumped tyrannulet
2022-03-26 03:15:25,990 - ERROR - [-] Unknown Exceptions for Bird Tawnyshouldered blackbird
2022-03-26 03:15:33,881 - ERROR - [-] Unknown Exceptions for Bird Tawnythroated dotterel
2022-03-26 03:15:41,699 - ERROR - [-] Unknown Exceptions for Bird Tawnythroated leaftosser
2022-03-26 03:15:49,043 - ERROR - [-] Unknown Exceptions for Bird Tawnytufted toucanet
2022-03-26 03:15:56,412 - ERROR - [-] Unknown Exceptions for Bird Tawnywinged woodcreeper
2022-03-26 03:16:03,199 - ERROR - [-] Unknown Exceptions for Bird Teardrop whiteeye
2022-03-26 03:16:12,080 - ERROR - [-] Unknown Exceptions for Bird Temmincks babbler
2022-03-26 03:17:38,058 - ERROR - [-] Unknown Exceptions for Bird Tenca Chilean mockingbird
2022-03-26 03:18:04,771 - ERROR - [-] Unknown Exceptions for Bird Tenerife blue chaffinch
2022-03-26 03:19:14,056 - ERROR - [-] Unknown Exceptions for Bird Tepui flycatcher
2022-03-26 03:19:22,954 - ERROR - [-] Unknown Exceptions for Bird Tepui foliagegleaner
2022-03-26 03:20:39,332 - ERROR - [-] Unknown Exceptions for Bird Tepui whitestart
2022-03-26 03:21:46,008 - ERROR - [-] Unknown Exceptions for Bird Thickbilled cuckoo
2022-03-26 03:21:53,035 - ERROR - [-] Unknown Exceptions for Bird Thickbilled euphonia
2022-03-26 03:21:59,747 - ERROR - [-] Unknown Exceptions for Bird Thickbilled flowerpecker
2022-03-26 03:22:06,947 - ERROR - [-] Unknown Exceptions for Bird Thickbilled fox sparrow
2022-03-26 03:22:14,333 - ERROR - [-] Unknown Exceptions for Bird Thickbilled grasswren
2022-03-26 03:22:21,269 - ERROR - [-] Unknown Exceptions for Bird Thickbilled green pigeon
2022-03-26 03:22:28,445 - ERROR - [-] Unknown Exceptions for Bird Thickbilled ground dove
2022-03-26 03:22:35,722 - ERROR - [-] Unknown Exceptions for Bird Thickbilled ground pigeon
2022-03-26 03:22:42,809 - ERROR - [-] Unknown Exceptions for Bird Thickbilled heleia
2022-03-26 03:22:51,098 - ERROR - [-] Unknown Exceptions for Bird Thickbilled honeyguide
2022-03-26 03:22:58,192 - ERROR - [-] Unknown Exceptions for Bird Thickbilled kingbird
2022-03-26 03:23:05,716 - ERROR - [-] Unknown Exceptions for Bird Thickbilled lark
2022-03-26 03:23:12,677 - ERROR - [-] Unknown Exceptions for Bird Thickbilled longspur
2022-03-26 03:23:20,632 - ERROR - [-] Unknown Exceptions for Bird Thickbilled miner
2022-03-26 03:23:27,497 - ERROR - [-] Unknown Exceptions for Bird Thickbilled murre
2022-03-26 03:23:34,380 - ERROR - [-] Unknown Exceptions for Bird Thickbilled parrot
2022-03-26 03:23:41,407 - ERROR - [-] Unknown Exceptions for Bird Thickbilled raven
2022-03-26 03:23:48,466 - ERROR - [-] Unknown Exceptions for Bird Thickbilled saltator
2022-03-26 03:23:55,654 - ERROR - [-] Unknown Exceptions for Bird Thickbilled seed finch
2022-03-26 03:24:02,859 - ERROR - [-] Unknown Exceptions for Bird Thickbilled seedeater
2022-03-26 03:24:10,236 - ERROR - [-] Unknown Exceptions for Bird Thickbilled siskin
2022-03-26 03:24:17,498 - ERROR - [-] Unknown Exceptions for Bird Thickbilled spiderhunter
2022-03-26 03:24:24,906 - ERROR - [-] Unknown Exceptions for Bird Thickbilled vireo
2022-03-26 03:24:32,810 - ERROR - [-] Unknown Exceptions for Bird Thickbilled warbler
2022-03-26 03:24:40,089 - ERROR - [-] Unknown Exceptions for Bird Thickbilled weaver
2022-03-26 03:25:05,927 - ERROR - [-] Unknown Exceptions for Bird Thorntailed rayadito
2022-03-26 03:25:13,124 - ERROR - [-] Unknown Exceptions for Bird Threebanded courser
2022-03-26 03:25:20,162 - ERROR - [-] Unknown Exceptions for Bird Threebanded plover
2022-03-26 03:25:26,734 - ERROR - [-] Unknown Exceptions for Bird Threebanded rosefinch
2022-03-26 03:25:33,643 - ERROR - [-] Unknown Exceptions for Bird Threebanded warbler
2022-03-26 03:25:40,669 - ERROR - [-] Unknown Exceptions for Bird Threestreaked tchagra
2022-03-26 03:25:48,136 - ERROR - [-] Unknown Exceptions for Bird Threestriped flycatcher
2022-03-26 03:25:55,695 - ERROR - [-] Unknown Exceptions for Bird Threestriped hemispingus
2022-03-26 03:26:02,748 - ERROR - [-] Unknown Exceptions for Bird Threestriped warbler
2022-03-26 03:26:10,039 - ERROR - [-] Unknown Exceptions for Bird Threestriped warbler
2022-03-26 03:26:17,069 - ERROR - [-] Unknown Exceptions for Bird Threetoed jacamar
2022-03-26 03:26:23,894 - ERROR - [-] Unknown Exceptions for Bird Threetoed parrotbill
2022-03-26 03:26:31,616 - ERROR - [-] Unknown Exceptions for Bird Threetoed swiftlet
2022-03-26 03:26:38,212 - ERROR - [-] Unknown Exceptions for Bird Threewattled bellbird
2022-03-26 03:26:55,505 - ERROR - [-] Unknown Exceptions for Bird Thrushlike antpitta
2022-03-26 03:27:02,076 - ERROR - [-] Unknown Exceptions for Bird Thrushlike wren
2022-03-26 03:27:08,749 - ERROR - [-] Unknown Exceptions for Bird Thyolo alethe
2022-03-26 03:29:07,227 - ERROR - [-] Unknown Exceptions for Bird Tickells blueflycatcher
2022-03-26 03:29:14,670 - ERROR - [-] Unknown Exceptions for Bird Tickells brown hornbill
2022-03-26 03:30:09,517 - ERROR - [-] Unknown Exceptions for Bird Timneh parrot
2022-03-26 03:30:42,943 - ERROR - [-] Unknown Exceptions for Bird Timor cuckoodove
2022-03-26 03:32:32,238 - ERROR - [-] Unknown Exceptions for Bird Tiny tyrantmanakin
2022-03-26 03:33:08,708 - ERROR - [-] Unknown Exceptions for Bird Titlike dacnis
2022-03-26 03:34:16,500 - ERROR - [-] Unknown Exceptions for Bird Togian whiteeye
2022-03-26 03:35:06,885 - ERROR - [-] Unknown Exceptions for Bird Tongan ground dove
2022-03-26 03:35:13,924 - ERROR - [-] Unknown Exceptions for Bird Tongan megapode
2022-03-26 03:35:30,911 - ERROR - [-] Unknown Exceptions for Bird Toothbilled bowerbird
2022-03-26 03:35:38,456 - ERROR - [-] Unknown Exceptions for Bird Toothbilled hummingbird
2022-03-26 03:35:45,951 - ERROR - [-] Unknown Exceptions for Bird Toothbilled pigeon
2022-03-26 03:35:53,778 - ERROR - [-] Unknown Exceptions for Bird Toothbilled tanager
2022-03-26 03:36:01,060 - ERROR - [-] Unknown Exceptions for Bird Toothbilled wren
2022-03-26 03:36:45,474 - ERROR - [-] Unknown Exceptions for Bird Torrent flyrobin
2022-03-26 03:37:01,853 - ERROR - [-] Unknown Exceptions for Bird Torrentlark
2022-03-26 03:39:19,739 - ERROR - [-] Unknown Exceptions for Bird Tres Marías amazon
2022-03-26 03:39:44,787 - ERROR - [-] Unknown Exceptions for Bird Tricolored grebe
2022-03-26 03:39:52,034 - ERROR - [-] Unknown Exceptions for Bird Tricolored grebe   
2022-03-26 03:40:17,736 - ERROR - [-] Unknown Exceptions for Bird Tricoloured munia
2022-03-26 03:40:34,185 - ERROR - [-] Unknown Exceptions for Bird Trilling gnatwren
2022-03-26 03:40:41,497 - ERROR - [-] Unknown Exceptions for Bird Trilling shrikebabbler
2022-03-26 03:40:48,413 - ERROR - [-] Unknown Exceptions for Bird Trilling tailorbird
2022-03-26 03:41:42,063 - ERROR - [-] Unknown Exceptions for Bird Tristan albatross
2022-03-26 03:41:51,423 - ERROR - [-] Unknown Exceptions for Bird Tristan moorhen
2022-03-26 03:45:42,267 - ERROR - [-] Unknown Exceptions for Bird Tschudis woodcreeper
2022-03-26 03:46:13,738 - ERROR - [-] Unknown Exceptions for Bird Tucumán amazon
2022-03-26 03:46:21,132 - ERROR - [-] Unknown Exceptions for Bird Tucumán mountain finch
2022-03-26 03:47:21,520 - ERROR - [-] Unknown Exceptions for Bird Tufted titspinetail
2022-03-26 03:47:28,674 - ERROR - [-] Unknown Exceptions for Bird Tufted tittyrant
2022-03-26 03:48:14,725 - ERROR - [-] Unknown Exceptions for Bird Tumbes pewee
2022-03-26 03:48:51,051 - ERROR - [-] Unknown Exceptions for Bird Tumbesian tyrannulet
2022-03-26 03:49:26,053 - ERROR - [-] Unknown Exceptions for Bird Turkestan shorttoed lark
2022-03-26 03:50:49,493 - ERROR - [-] Unknown Exceptions for Bird Turquoisebrowed motmot
2022-03-26 03:50:57,126 - ERROR - [-] Unknown Exceptions for Bird Turquoisefronted amazon
2022-03-26 03:51:04,428 - ERROR - [-] Unknown Exceptions for Bird Turquoisethroated barbet
2022-03-26 03:51:11,654 - ERROR - [-] Unknown Exceptions for Bird Turquoisethroated puffleg
2022-03-26 03:51:17,904 - ERROR - [-] Unknown Exceptions for Bird Turquoisewinged parrotlet
2022-03-26 03:51:25,303 - ERROR - [-] Unknown Exceptions for Bird Tuxtla quaildove
2022-03-26 03:51:32,055 - ERROR - [-] Unknown Exceptions for Bird Twelvewired birdofparadise
2022-03-26 03:51:49,125 - ERROR - [-] Unknown Exceptions for Bird Twobanded plover
2022-03-26 03:51:56,437 - ERROR - [-] Unknown Exceptions for Bird Twobanded puffbird
2022-03-26 03:52:03,403 - ERROR - [-] Unknown Exceptions for Bird Twobanded warbler
2022-03-26 03:52:10,964 - ERROR - [-] Unknown Exceptions for Bird Twobarred crossbill
2022-03-26 03:52:17,978 - ERROR - [-] Unknown Exceptions for Bird Twobarred warbler
2022-03-26 03:53:02,600 - ERROR - [-] Unknown Exceptions for Bird Táchira antpitta
2022-03-26 03:53:18,592 - ERROR - [-] Unknown Exceptions for Bird Udzungwa forest partridge
2022-03-26 03:53:36,340 - ERROR - [-] Unknown Exceptions for Bird Ulaaihawane
2022-03-26 03:53:43,117 - ERROR - [-] Unknown Exceptions for Bird Ulaaih\u0101wane
2022-03-26 03:54:47,892 - ERROR - [-] Unknown Exceptions for Bird Uluguru violetbacked sunbird
2022-03-26 03:57:11,823 - ERROR - [-] Unknown Exceptions for Bird Unspotted sawwhet owl
2022-03-26 03:57:19,805 - ERROR - [-] Unknown Exceptions for Bird Unstreaked tittyrant
2022-03-26 03:59:04,109 - ERROR - [-] Unknown Exceptions for Bird Usambara doublecollared sunbird
2022-03-26 03:59:11,725 - ERROR - [-] Unknown Exceptions for Bird Usambara eagleowl
2022-03-26 04:00:28,862 - ERROR - [-] Unknown Exceptions for Bird Vanikoro flycatcher
2022-03-26 04:00:46,069 - ERROR - [-] Unknown Exceptions for Bird Vanikoro whiteeye
2022-03-26 04:00:53,405 - ERROR - [-] Unknown Exceptions for Bird Vanuatu imperial pigeon
2022-03-26 04:01:09,349 - ERROR - [-] Unknown Exceptions for Bird Vanuatu megapode
2022-03-26 04:01:26,519 - ERROR - [-] Unknown Exceptions for Bird Vanuatu whiteeye
2022-03-26 04:02:12,838 - ERROR - [-] Unknown Exceptions for Bird Variable hawk
2022-03-26 04:05:35,697 - ERROR - [-] Unknown Exceptions for Bird Vauries nightjar
2022-03-26 04:05:59,999 - ERROR - [-] Unknown Exceptions for Bird Vega gull
2022-03-26 04:06:15,788 - ERROR - [-] Unknown Exceptions for Bird Velasquezs woodpecker
2022-03-26 04:06:22,822 - ERROR - [-] Unknown Exceptions for Bird Vella Lavella whiteeye
2022-03-26 04:06:41,209 - ERROR - [-] Unknown Exceptions for Bird Velvet flycatcher
2022-03-26 04:06:57,354 - ERROR - [-] Unknown Exceptions for Bird Velvetbrowed brilliant
2022-03-26 04:07:04,740 - ERROR - [-] Unknown Exceptions for Bird Velvetfronted euphonia
2022-03-26 04:07:12,346 - ERROR - [-] Unknown Exceptions for Bird Velvetfronted grackle
2022-03-26 04:07:19,634 - ERROR - [-] Unknown Exceptions for Bird Velvetfronted nuthatch
2022-03-26 04:07:27,137 - ERROR - [-] Unknown Exceptions for Bird Velvetmantled drongo
2022-03-26 04:07:34,064 - ERROR - [-] Unknown Exceptions for Bird Velvetpurple coronet
2022-03-26 04:08:17,684 - ERROR - [-] Unknown Exceptions for Bird Venezuelan parakeet
2022-03-26 04:09:01,475 - ERROR - [-] Unknown Exceptions for Bird Veracruz wren
2022-03-26 04:09:43,364 - ERROR - [-] Unknown Exceptions for Bird Vermiculated screech owl
2022-03-26 04:10:45,048 - ERROR - [-] Unknown Exceptions for Bird Verreauxs eagleowl
2022-03-26 04:10:53,134 - ERROR - [-] Unknown Exceptions for Bird Verreauxs monalpartridge
2022-03-26 04:11:16,656 - ERROR - [-] Unknown Exceptions for Bird Versicolored monarch
2022-03-26 04:12:17,090 - ERROR - [-] Unknown Exceptions for Bird Vieillots black weaver
2022-03-26 04:13:02,586 - ERROR - [-] Unknown Exceptions for Bird Vilcabamba brushfinch
2022-03-26 04:14:25,475 - ERROR - [-] Unknown Exceptions for Bird Vinaceousbreasted amazon
2022-03-26 04:14:43,764 - ERROR - [-] Unknown Exceptions for Bird Vinousbreasted sparrowhawk
2022-03-26 04:14:50,653 - ERROR - [-] Unknown Exceptions for Bird Vinousbreasted starling
2022-03-26 04:14:57,808 - ERROR - [-] Unknown Exceptions for Bird Vinousthroated parrotbill
2022-03-26 04:15:36,134 - ERROR - [-] Unknown Exceptions for Bird Violaceous quaildove
2022-03-26 04:16:24,407 - ERROR - [-] Unknown Exceptions for Bird Violet wood hoopoe
2022-03-26 04:16:31,709 - ERROR - [-] Unknown Exceptions for Bird Violetbacked hyliota
2022-03-26 04:16:38,592 - ERROR - [-] Unknown Exceptions for Bird Violetbacked starling
2022-03-26 04:16:46,074 - ERROR - [-] Unknown Exceptions for Bird Violetbellied hummingbird
2022-03-26 04:16:54,156 - ERROR - [-] Unknown Exceptions for Bird Violetbreasted sunbird
2022-03-26 04:17:00,721 - ERROR - [-] Unknown Exceptions for Bird Violetcapped hummingbird
2022-03-26 04:17:07,958 - ERROR - [-] Unknown Exceptions for Bird Violetcapped woodnymph
2022-03-26 04:17:15,209 - ERROR - [-] Unknown Exceptions for Bird Violetchested hummingbird
2022-03-26 04:17:22,143 - ERROR - [-] Unknown Exceptions for Bird Violetcrowned hummingbird
2022-03-26 04:17:29,185 - ERROR - [-] Unknown Exceptions for Bird Violeteared waxbill
2022-03-26 04:17:35,874 - ERROR - [-] Unknown Exceptions for Bird Violetfronted brilliant
2022-03-26 04:17:42,422 - ERROR - [-] Unknown Exceptions for Bird Violetgreen swallow
2022-03-26 04:17:49,399 - ERROR - [-] Unknown Exceptions for Bird Violetheaded hummingbird
2022-03-26 04:17:56,804 - ERROR - [-] Unknown Exceptions for Bird Violethooded starling
2022-03-26 04:18:03,999 - ERROR - [-] Unknown Exceptions for Bird Violetnecked lory
2022-03-26 04:18:11,269 - ERROR - [-] Unknown Exceptions for Bird Violettailed sunbird
2022-03-26 04:18:18,166 - ERROR - [-] Unknown Exceptions for Bird Violettailed sylph
2022-03-26 04:18:26,178 - ERROR - [-] Unknown Exceptions for Bird Violetthroated metaltail
2022-03-26 04:18:33,116 - ERROR - [-] Unknown Exceptions for Bird Violetthroated starfrontlet
2022-03-26 04:20:10,736 - ERROR - [-] Unknown Exceptions for Bird Visayan miniature babbler
2022-03-26 04:21:20,684 - ERROR - [-] Unknown Exceptions for Bird Vogelkop owletnightjar
2022-03-26 04:21:39,010 - ERROR - [-] Unknown Exceptions for Bird Vogelkop superb birdofparadise
2022-03-26 04:22:28,450 - ERROR - [-] Unknown Exceptions for Bird Von Schrencks bittern
2022-03-26 04:23:05,688 - ERROR - [-] Unknown Exceptions for Bird Várzea thrush
2022-03-26 04:23:12,994 - ERROR - [-] Unknown Exceptions for Bird Waglers toucanet
2022-03-26 04:24:11,040 - ERROR - [-] Unknown Exceptions for Bird Wakatobi whiteeye
2022-03-26 04:24:36,389 - ERROR - [-] Unknown Exceptions for Bird Waldens hornbill
2022-03-26 04:25:49,587 - ERROR - [-] Unknown Exceptions for Bird Wallaces hawkeagle
2022-03-26 04:25:56,758 - ERROR - [-] Unknown Exceptions for Bird Wallaces owletnightjar
2022-03-26 04:27:26,908 - ERROR - [-] Unknown Exceptions for Bird Warbling whiteeye
2022-03-26 04:28:28,165 - ERROR - [-] Unknown Exceptions for Bird Water thickknee
2022-03-26 04:28:57,341 - ERROR - [-] Unknown Exceptions for Bird Watkinss antpitta1
2022-03-26 04:30:26,374 - ERROR - [-] Unknown Exceptions for Bird Wattled smoky honeyeater
2022-03-26 04:31:14,132 - ERROR - [-] Unknown Exceptions for Bird Wedgebilled woodcreeper
2022-03-26 04:31:21,324 - ERROR - [-] Unknown Exceptions for Bird Wedgerumped storm petrel
2022-03-26 04:31:28,579 - ERROR - [-] Unknown Exceptions for Bird Wedgetailed eagle
2022-03-26 04:31:35,038 - ERROR - [-] Unknown Exceptions for Bird Wedgetailed grass finch
2022-03-26 04:31:42,046 - ERROR - [-] Unknown Exceptions for Bird Wedgetailed green pigeon
2022-03-26 04:31:48,893 - ERROR - [-] Unknown Exceptions for Bird Wedgetailed hillstar
2022-03-26 04:31:55,735 - ERROR - [-] Unknown Exceptions for Bird Wedgetailed jery
2022-03-26 04:32:02,575 - ERROR - [-] Unknown Exceptions for Bird Wedgetailed sabrewing
2022-03-26 04:32:10,854 - ERROR - [-] Unknown Exceptions for Bird Wedgetailed shearwater
2022-03-26 04:33:20,191 - ERROR - [-] Unknown Exceptions for Bird West African swallow
2022-03-26 04:33:28,361 - ERROR - [-] Unknown Exceptions for Bird West African wattleeye
2022-03-26 04:34:27,963 - ERROR - [-] Unknown Exceptions for Bird West Peruvian screech owl
2022-03-26 04:35:01,967 - ERROR - [-] Unknown Exceptions for Bird Western alpine mannikin
2022-03-26 04:35:09,315 - ERROR - [-] Unknown Exceptions for Bird Western banded snake eagle
2022-03-26 04:35:16,219 - ERROR - [-] Unknown Exceptions for Bird Western barn owl
2022-03-26 04:35:32,835 - ERROR - [-] Unknown Exceptions for Bird Western blackeared wheatear
2022-03-26 04:35:40,737 - ERROR - [-] Unknown Exceptions for Bird Western blackheaded batis
2022-03-26 04:36:26,065 - ERROR - [-] Unknown Exceptions for Bird Western bronzenaped pigeon
2022-03-26 04:36:42,759 - ERROR - [-] Unknown Exceptions for Bird Western cattle egret
2022-03-26 04:36:50,431 - ERROR - [-] Unknown Exceptions for Bird Western chattanager
2022-03-26 04:37:54,193 - ERROR - [-] Unknown Exceptions for Bird Western fireeye
2022-03-26 04:38:42,377 - ERROR - [-] Unknown Exceptions for Bird Western ground parrot
2022-03-26 04:38:59,369 - ERROR - [-] Unknown Exceptions for Bird Western hemispingus
2022-03-26 04:39:06,712 - ERROR - [-] Unknown Exceptions for Bird Western jackdaw
2022-03-26 04:39:22,831 - ERROR - [-] Unknown Exceptions for Bird Western marsh harrier
2022-03-26 04:40:07,323 - ERROR - [-] Unknown Exceptions for Bird Western osprey
2022-03-26 04:40:25,225 - ERROR - [-] Unknown Exceptions for Bird Western plantaineater
2022-03-26 04:40:32,781 - ERROR - [-] Unknown Exceptions for Bird Western quailthrush
2022-03-26 04:40:40,074 - ERROR - [-] Unknown Exceptions for Bird Western redbilled hornbill
2022-03-26 04:41:35,230 - ERROR - [-] Unknown Exceptions for Bird Western sirystes
2022-03-26 04:42:02,843 - ERROR - [-] Unknown Exceptions for Bird Western squaretailed drongo
2022-03-26 04:43:15,232 - ERROR - [-] Unknown Exceptions for Bird Western violetbacked sunbird
2022-03-26 04:43:32,885 - ERROR - [-] Unknown Exceptions for Bird Western wattled cuckooshrike
2022-03-26 04:43:58,920 - ERROR - [-] Unknown Exceptions for Bird Western woodhaunter
2022-03-26 04:44:24,088 - ERROR - [-] Unknown Exceptions for Bird Western yellowspotted barbet
2022-03-26 04:44:57,311 - ERROR - [-] Unknown Exceptions for Bird Wetar myzomela
2022-03-26 04:45:11,733 - ERROR - [-] Unknown Exceptions for Bird Whenua Hou diving petrel
2022-03-26 04:45:46,143 - ERROR - [-] Unknown Exceptions for Bird Whiskered myiobius
2022-03-26 04:47:09,963 - ERROR - [-] Unknown Exceptions for Bird Whistling fruit dove
2022-03-26 04:48:17,786 - ERROR - [-] Unknown Exceptions for Bird White eared pheasant
2022-03-26 04:48:55,679 - ERROR - [-] Unknown Exceptions for Bird White swamphen
2022-03-26 04:49:35,369 - ERROR - [-] Unknown Exceptions for Bird Whitebacked black tit
2022-03-26 04:49:42,541 - ERROR - [-] Unknown Exceptions for Bird Whitebacked duck
2022-03-26 04:49:49,780 - ERROR - [-] Unknown Exceptions for Bird Whitebacked mousebird
2022-03-26 04:49:57,338 - ERROR - [-] Unknown Exceptions for Bird Whitebacked night heron
2022-03-26 04:50:05,018 - ERROR - [-] Unknown Exceptions for Bird Whitebacked stilt
2022-03-26 04:50:11,868 - ERROR - [-] Unknown Exceptions for Bird Whitebacked swallow
2022-03-26 04:50:18,955 - ERROR - [-] Unknown Exceptions for Bird Whitebacked vulture
2022-03-26 04:50:26,209 - ERROR - [-] Unknown Exceptions for Bird Whitebacked woodpecker
2022-03-26 04:50:33,113 - ERROR - [-] Unknown Exceptions for Bird Whitebacked woodswallow
2022-03-26 04:50:40,191 - ERROR - [-] Unknown Exceptions for Bird Whitebanded mockingbird
2022-03-26 04:50:47,266 - ERROR - [-] Unknown Exceptions for Bird Whitebanded swallow
2022-03-26 04:50:54,466 - ERROR - [-] Unknown Exceptions for Bird Whitebanded tyrannulet
2022-03-26 04:51:01,814 - ERROR - [-] Unknown Exceptions for Bird Whitebarred piculet
2022-03-26 04:51:09,296 - ERROR - [-] Unknown Exceptions for Bird Whitebearded antshrike
2022-03-26 04:51:16,933 - ERROR - [-] Unknown Exceptions for Bird Whitebearded flycatcher
2022-03-26 04:51:24,162 - ERROR - [-] Unknown Exceptions for Bird Whitebearded greenbul
2022-03-26 04:51:31,495 - ERROR - [-] Unknown Exceptions for Bird Whitebearded helmetcrest
2022-03-26 04:51:39,512 - ERROR - [-] Unknown Exceptions for Bird Whitebearded hermit
2022-03-26 04:51:46,370 - ERROR - [-] Unknown Exceptions for Bird Whitebearded manakin
2022-03-26 04:51:53,943 - ERROR - [-] Unknown Exceptions for Bird Whitebellied antbird
2022-03-26 04:52:01,366 - ERROR - [-] Unknown Exceptions for Bird Whitebellied antpitta
2022-03-26 04:52:08,793 - ERROR - [-] Unknown Exceptions for Bird Whitebellied blue flycatcher
2022-03-26 04:52:16,375 - ERROR - [-] Unknown Exceptions for Bird Whitebellied blue robin
2022-03-26 04:52:24,322 - ERROR - [-] Unknown Exceptions for Bird Whitebellied bush chat
2022-03-26 04:52:31,273 - ERROR - [-] Unknown Exceptions for Bird Whitebellied bustard
2022-03-26 04:52:38,327 - ERROR - [-] Unknown Exceptions for Bird Whitebellied canary
2022-03-26 04:52:46,261 - ERROR - [-] Unknown Exceptions for Bird Whitebellied chachalaca
2022-03-26 04:52:53,484 - ERROR - [-] Unknown Exceptions for Bird Whitebellied cinclodes
2022-03-26 04:53:00,479 - ERROR - [-] Unknown Exceptions for Bird Whitebellied crested flycatcher
2022-03-26 04:53:08,502 - ERROR - [-] Unknown Exceptions for Bird Whitebellied cuckooshrike
2022-03-26 04:53:16,225 - ERROR - [-] Unknown Exceptions for Bird Whitebellied dacnis
2022-03-26 04:53:23,511 - ERROR - [-] Unknown Exceptions for Bird Whitebellied drongo
2022-03-26 04:53:31,026 - ERROR - [-] Unknown Exceptions for Bird Whitebellied emerald
2022-03-26 04:53:38,275 - ERROR - [-] Unknown Exceptions for Bird Whitebellied erpornis
2022-03-26 04:53:45,226 - ERROR - [-] Unknown Exceptions for Bird Whitebellied fantail
2022-03-26 04:53:53,123 - ERROR - [-] Unknown Exceptions for Bird Whitebellied goawaybird
2022-03-26 04:54:01,268 - ERROR - [-] Unknown Exceptions for Bird Whitebellied goshawk
2022-03-26 04:54:08,509 - ERROR - [-] Unknown Exceptions for Bird Whitebellied green pigeon
2022-03-26 04:54:15,353 - ERROR - [-] Unknown Exceptions for Bird Whitebellied heron
2022-03-26 04:54:22,491 - ERROR - [-] Unknown Exceptions for Bird Whitebellied honeyeater
2022-03-26 04:54:29,696 - ERROR - [-] Unknown Exceptions for Bird Whitebellied hummingbird
2022-03-26 04:54:37,653 - ERROR - [-] Unknown Exceptions for Bird Whitebellied imperial pigeon
2022-03-26 04:54:44,849 - ERROR - [-] Unknown Exceptions for Bird Whitebellied kingfisher
2022-03-26 04:54:52,092 - ERROR - [-] Unknown Exceptions for Bird Whitebellied minivet
2022-03-26 04:54:59,333 - ERROR - [-] Unknown Exceptions for Bird Whitebellied mountaingem
2022-03-26 04:55:06,633 - ERROR - [-] Unknown Exceptions for Bird Whitebellied munia
2022-03-26 04:55:13,987 - ERROR - [-] Unknown Exceptions for Bird Whitebellied nothura
2022-03-26 04:55:20,960 - ERROR - [-] Unknown Exceptions for Bird Whitebellied piculet
2022-03-26 04:55:30,422 - ERROR - [-] Unknown Exceptions for Bird Whitebellied pitohui
2022-03-26 04:55:37,488 - ERROR - [-] Unknown Exceptions for Bird Whitebellied pygmy tyrant
2022-03-26 04:55:46,009 - ERROR - [-] Unknown Exceptions for Bird Whitebellied redstart
2022-03-26 04:55:53,510 - ERROR - [-] Unknown Exceptions for Bird Whitebellied robinchat
2022-03-26 04:56:00,480 - ERROR - [-] Unknown Exceptions for Bird Whitebellied sea eagle
2022-03-26 04:56:08,096 - ERROR - [-] Unknown Exceptions for Bird Whitebellied seedeater
2022-03-26 04:56:15,454 - ERROR - [-] Unknown Exceptions for Bird Whitebellied seedsnipe
2022-03-26 04:56:22,214 - ERROR - [-] Unknown Exceptions for Bird Whitebellied spinetail
2022-03-26 04:56:28,979 - ERROR - [-] Unknown Exceptions for Bird Whitebellied storm petrel
2022-03-26 04:56:36,603 - ERROR - [-] Unknown Exceptions for Bird Whitebellied sunbird
2022-03-26 04:56:43,724 - ERROR - [-] Unknown Exceptions for Bird Whitebellied thicket fantail
2022-03-26 04:56:50,995 - ERROR - [-] Unknown Exceptions for Bird Whitebellied tit
2022-03-26 04:56:57,512 - ERROR - [-] Unknown Exceptions for Bird Whitebellied todytyrant
2022-03-26 04:57:04,931 - ERROR - [-] Unknown Exceptions for Bird Whitebellied treepie
2022-03-26 04:57:12,065 - ERROR - [-] Unknown Exceptions for Bird Whitebellied tyrannulet
2022-03-26 04:57:19,739 - ERROR - [-] Unknown Exceptions for Bird Whitebellied whipbird
2022-03-26 04:57:26,939 - ERROR - [-] Unknown Exceptions for Bird Whitebellied whistler
2022-03-26 04:57:33,915 - ERROR - [-] Unknown Exceptions for Bird Whitebellied woodpecker
2022-03-26 04:57:41,230 - ERROR - [-] Unknown Exceptions for Bird Whitebellied woodstar
2022-03-26 04:57:48,458 - ERROR - [-] Unknown Exceptions for Bird Whitebellied wren
2022-03-26 04:57:55,559 - ERROR - [-] Unknown Exceptions for Bird Whitebibbed antbird
2022-03-26 04:58:02,630 - ERROR - [-] Unknown Exceptions for Bird Whitebibbed babbler
2022-03-26 04:58:09,582 - ERROR - [-] Unknown Exceptions for Bird Whitebibbed fruit dove
2022-03-26 04:58:17,387 - ERROR - [-] Unknown Exceptions for Bird Whitebibbed manakin
2022-03-26 04:58:24,154 - ERROR - [-] Unknown Exceptions for Bird Whitebibbed swallow
2022-03-26 04:58:31,297 - ERROR - [-] Unknown Exceptions for Bird Whitebilled buffalo weaver
2022-03-26 04:58:38,364 - ERROR - [-] Unknown Exceptions for Bird Whitebilled crow
2022-03-26 04:58:45,199 - ERROR - [-] Unknown Exceptions for Bird Whitebilled starling
2022-03-26 04:58:52,709 - ERROR - [-] Unknown Exceptions for Bird Whitebooted rackettail
2022-03-26 04:59:00,035 - ERROR - [-] Unknown Exceptions for Bird Whitebreasted Parakeet
2022-03-26 04:59:07,376 - ERROR - [-] Unknown Exceptions for Bird Whitebreasted Robin
2022-03-26 04:59:15,387 - ERROR - [-] Unknown Exceptions for Bird Whitebreasted antbird
2022-03-26 04:59:23,396 - ERROR - [-] Unknown Exceptions for Bird Whitebreasted babbler
2022-03-26 04:59:30,283 - ERROR - [-] Unknown Exceptions for Bird Whitebreasted cormorant
2022-03-26 04:59:37,341 - ERROR - [-] Unknown Exceptions for Bird Whitebreasted cuckooshrike
2022-03-26 04:59:44,482 - ERROR - [-] Unknown Exceptions for Bird Whitebreasted ground dove
2022-03-26 04:59:51,052 - ERROR - [-] Unknown Exceptions for Bird Whitebreasted guineafowl
2022-03-26 04:59:58,123 - ERROR - [-] Unknown Exceptions for Bird Whitebreasted hawk
2022-03-26 05:00:05,061 - ERROR - [-] Unknown Exceptions for Bird Whitebreasted mesite
2022-03-26 05:00:12,075 - ERROR - [-] Unknown Exceptions for Bird Whitebreasted nigrita
2022-03-26 05:00:19,571 - ERROR - [-] Unknown Exceptions for Bird Whitebreasted nuthatch
2022-03-26 05:00:26,377 - ERROR - [-] Unknown Exceptions for Bird Whitebreasted parakeet
2022-03-26 05:00:33,809 - ERROR - [-] Unknown Exceptions for Bird Whitebreasted parrotbill
2022-03-26 05:00:40,693 - ERROR - [-] Unknown Exceptions for Bird Whitebreasted robin
2022-03-26 05:00:48,798 - ERROR - [-] Unknown Exceptions for Bird Whitebreasted tapaculo
2022-03-26 05:00:55,686 - ERROR - [-] Unknown Exceptions for Bird Whitebreasted thrasher
2022-03-26 05:01:02,995 - ERROR - [-] Unknown Exceptions for Bird Whitebreasted waterhen
2022-03-26 05:01:10,679 - ERROR - [-] Unknown Exceptions for Bird Whitebreasted whistler
2022-03-26 05:01:17,833 - ERROR - [-] Unknown Exceptions for Bird Whitebreasted wood wren
2022-03-26 05:01:25,054 - ERROR - [-] Unknown Exceptions for Bird Whitebreasted woodswallow
2022-03-26 05:01:32,269 - ERROR - [-] Unknown Exceptions for Bird Whitebridled finch
2022-03-26 05:01:39,433 - ERROR - [-] Unknown Exceptions for Bird Whitebrowed antbird
2022-03-26 05:01:46,737 - ERROR - [-] Unknown Exceptions for Bird Whitebrowed antpitta
2022-03-26 05:01:54,379 - ERROR - [-] Unknown Exceptions for Bird Whitebrowed babbler
2022-03-26 05:02:01,250 - ERROR - [-] Unknown Exceptions for Bird Whitebrowed babbler
2022-03-26 05:02:09,017 - ERROR - [-] Unknown Exceptions for Bird Whitebrowed brushfinch
2022-03-26 05:02:16,188 - ERROR - [-] Unknown Exceptions for Bird Whitebrowed bulbul
2022-03-26 05:02:23,737 - ERROR - [-] Unknown Exceptions for Bird Whitebrowed bush chat
2022-03-26 05:02:31,201 - ERROR - [-] Unknown Exceptions for Bird Whitebrowed bush robin
2022-03-26 05:02:38,370 - ERROR - [-] Unknown Exceptions for Bird Whitebrowed chattyrant
2022-03-26 05:02:45,475 - ERROR - [-] Unknown Exceptions for Bird Whitebrowed conebill
2022-03-26 05:02:53,660 - ERROR - [-] Unknown Exceptions for Bird Whitebrowed coucal
2022-03-26 05:03:01,304 - ERROR - [-] Unknown Exceptions for Bird Whitebrowed crake
2022-03-26 05:03:09,228 - ERROR - [-] Unknown Exceptions for Bird Whitebrowed crombec
2022-03-26 05:03:16,588 - ERROR - [-] Unknown Exceptions for Bird Whitebrowed fantail
2022-03-26 05:03:23,702 - ERROR - [-] Unknown Exceptions for Bird Whitebrowed foliagegleaner
2022-03-26 05:03:30,666 - ERROR - [-] Unknown Exceptions for Bird Whitebrowed forest flycatcher
2022-03-26 05:03:38,036 - ERROR - [-] Unknown Exceptions for Bird Whitebrowed fulvetta
2022-03-26 05:03:45,289 - ERROR - [-] Unknown Exceptions for Bird Whitebrowed ground tyrant
2022-03-26 05:03:53,022 - ERROR - [-] Unknown Exceptions for Bird Whitebrowed guan
2022-03-26 05:03:59,974 - ERROR - [-] Unknown Exceptions for Bird Whitebrowed hawk
2022-03-26 05:04:06,950 - ERROR - [-] Unknown Exceptions for Bird Whitebrowed hemispingus
2022-03-26 05:04:13,808 - ERROR - [-] Unknown Exceptions for Bird Whitebrowed hermit
2022-03-26 05:04:21,418 - ERROR - [-] Unknown Exceptions for Bird Whitebrowed jungle flycatcher
2022-03-26 05:04:28,963 - ERROR - [-] Unknown Exceptions for Bird Whitebrowed laughingthrush
2022-03-26 05:04:36,448 - ERROR - [-] Unknown Exceptions for Bird Whitebrowed meadowlark
2022-03-26 05:04:44,139 - ERROR - [-] Unknown Exceptions for Bird Whitebrowed nuthatch
2022-03-26 05:04:51,836 - ERROR - [-] Unknown Exceptions for Bird Whitebrowed owl
2022-03-26 05:04:59,143 - ERROR - [-] Unknown Exceptions for Bird Whitebrowed piculet
2022-03-26 05:05:07,188 - ERROR - [-] Unknown Exceptions for Bird Whitebrowed purpletuft
2022-03-26 05:05:14,325 - ERROR - [-] Unknown Exceptions for Bird Whitebrowed robin
2022-03-26 05:05:22,084 - ERROR - [-] Unknown Exceptions for Bird Whitebrowed robinchat
2022-03-26 05:05:29,030 - ERROR - [-] Unknown Exceptions for Bird Whitebrowed scimitar babbler
2022-03-26 05:05:35,785 - ERROR - [-] Unknown Exceptions for Bird Whitebrowed scrub robin
2022-03-26 05:05:43,000 - ERROR - [-] Unknown Exceptions for Bird Whitebrowed scrubwren
2022-03-26 05:05:50,351 - ERROR - [-] Unknown Exceptions for Bird Whitebrowed shama
2022-03-26 05:05:58,226 - ERROR - [-] Unknown Exceptions for Bird Whitebrowed shortwing
2022-03-26 05:06:05,538 - ERROR - [-] Unknown Exceptions for Bird Whitebrowed sparrowweaver
2022-03-26 05:06:12,853 - ERROR - [-] Unknown Exceptions for Bird Whitebrowed spinetail
2022-03-26 05:06:20,570 - ERROR - [-] Unknown Exceptions for Bird Whitebrowed tapaculo
2022-03-26 05:06:27,375 - ERROR - [-] Unknown Exceptions for Bird Whitebrowed tit
2022-03-26 05:06:34,646 - ERROR - [-] Unknown Exceptions for Bird Whitebrowed titspinetail
2022-03-26 05:06:42,404 - ERROR - [-] Unknown Exceptions for Bird Whitebrowed titwarbler
2022-03-26 05:06:50,025 - ERROR - [-] Unknown Exceptions for Bird Whitebrowed treecreeper
2022-03-26 05:06:57,193 - ERROR - [-] Unknown Exceptions for Bird Whitebrowed triller
2022-03-26 05:07:04,262 - ERROR - [-] Unknown Exceptions for Bird Whitebrowed wagtail
2022-03-26 05:07:12,110 - ERROR - [-] Unknown Exceptions for Bird Whitebrowed warbler
2022-03-26 05:07:18,895 - ERROR - [-] Unknown Exceptions for Bird Whitebrowed woodswallow
2022-03-26 05:07:26,526 - ERROR - [-] Unknown Exceptions for Bird Whitecapped bunting
2022-03-26 05:07:33,819 - ERROR - [-] Unknown Exceptions for Bird Whitecapped dipper
2022-03-26 05:07:40,946 - ERROR - [-] Unknown Exceptions for Bird Whitecapped fruit dove
2022-03-26 05:07:49,146 - ERROR - [-] Unknown Exceptions for Bird Whitecapped monarch
2022-03-26 05:07:56,116 - ERROR - [-] Unknown Exceptions for Bird Whitecapped munia
2022-03-26 05:08:03,230 - ERROR - [-] Unknown Exceptions for Bird Whitecapped parrot
2022-03-26 05:08:10,143 - ERROR - [-] Unknown Exceptions for Bird Whitecapped redstart
2022-03-26 05:08:17,550 - ERROR - [-] Unknown Exceptions for Bird Whitecapped tanager
2022-03-26 05:08:24,918 - ERROR - [-] Unknown Exceptions for Bird Whitecheeked antbird
2022-03-26 05:08:32,168 - ERROR - [-] Unknown Exceptions for Bird Whitecheeked barbet
2022-03-26 05:08:39,171 - ERROR - [-] Unknown Exceptions for Bird Whitecheeked bullfinch
2022-03-26 05:08:46,243 - ERROR - [-] Unknown Exceptions for Bird Whitecheeked bushtit
2022-03-26 05:08:53,016 - ERROR - [-] Unknown Exceptions for Bird Whitecheeked cotinga
2022-03-26 05:09:00,035 - ERROR - [-] Unknown Exceptions for Bird Whitecheeked honeyeater
2022-03-26 05:09:07,304 - ERROR - [-] Unknown Exceptions for Bird Whitecheeked laughingthrush
2022-03-26 05:09:14,233 - ERROR - [-] Unknown Exceptions for Bird Whitecheeked nuthatch
2022-03-26 05:09:21,212 - ERROR - [-] Unknown Exceptions for Bird Whitecheeked partridge
2022-03-26 05:09:28,989 - ERROR - [-] Unknown Exceptions for Bird Whitecheeked pintail
2022-03-26 05:09:36,396 - ERROR - [-] Unknown Exceptions for Bird Whitecheeked starling
2022-03-26 05:09:43,828 - ERROR - [-] Unknown Exceptions for Bird Whitecheeked tern
2022-03-26 05:09:51,784 - ERROR - [-] Unknown Exceptions for Bird Whitecheeked todyflycatcher
2022-03-26 05:09:59,369 - ERROR - [-] Unknown Exceptions for Bird Whitecheeked turaco
2022-03-26 05:10:06,435 - ERROR - [-] Unknown Exceptions for Bird Whitechested alethe
2022-03-26 05:10:13,633 - ERROR - [-] Unknown Exceptions for Bird Whitechested babbler
2022-03-26 05:10:20,593 - ERROR - [-] Unknown Exceptions for Bird Whitechested emerald
2022-03-26 05:10:27,880 - ERROR - [-] Unknown Exceptions for Bird Whitechested puffbird
2022-03-26 05:10:34,962 - ERROR - [-] Unknown Exceptions for Bird Whitechested swift
2022-03-26 05:10:42,348 - ERROR - [-] Unknown Exceptions for Bird Whitechested tinkerbird
2022-03-26 05:10:49,174 - ERROR - [-] Unknown Exceptions for Bird Whitechested whiteeye
2022-03-26 05:10:56,422 - ERROR - [-] Unknown Exceptions for Bird Whitechinned jacamar
2022-03-26 05:11:03,607 - ERROR - [-] Unknown Exceptions for Bird Whitechinned myzomela
2022-03-26 05:11:11,092 - ERROR - [-] Unknown Exceptions for Bird Whitechinned petrel
2022-03-26 05:11:18,313 - ERROR - [-] Unknown Exceptions for Bird Whitechinned prinia
2022-03-26 05:11:25,687 - ERROR - [-] Unknown Exceptions for Bird Whitechinned sapphire
2022-03-26 05:11:33,001 - ERROR - [-] Unknown Exceptions for Bird Whitechinned swift
2022-03-26 05:11:40,255 - ERROR - [-] Unknown Exceptions for Bird Whitechinned thistletail
2022-03-26 05:11:47,570 - ERROR - [-] Unknown Exceptions for Bird Whitechinned thrush
2022-03-26 05:11:54,871 - ERROR - [-] Unknown Exceptions for Bird Whitechinned woodcreeper
2022-03-26 05:12:01,650 - ERROR - [-] Unknown Exceptions for Bird Whitecollared blackbird
2022-03-26 05:12:09,218 - ERROR - [-] Unknown Exceptions for Bird Whitecollared foliagegleaner
2022-03-26 05:12:16,333 - ERROR - [-] Unknown Exceptions for Bird Whitecollared jay
2022-03-26 05:12:23,967 - ERROR - [-] Unknown Exceptions for Bird Whitecollared kite
2022-03-26 05:12:30,615 - ERROR - [-] Unknown Exceptions for Bird Whitecollared manakin
2022-03-26 05:12:38,393 - ERROR - [-] Unknown Exceptions for Bird Whitecollared monarch
2022-03-26 05:12:45,260 - ERROR - [-] Unknown Exceptions for Bird Whitecollared oliveback
2022-03-26 05:12:52,716 - ERROR - [-] Unknown Exceptions for Bird Whitecollared pigeon
2022-03-26 05:13:00,015 - ERROR - [-] Unknown Exceptions for Bird Whitecollared starling
2022-03-26 05:13:07,984 - ERROR - [-] Unknown Exceptions for Bird Whitecollared swift
2022-03-26 05:13:15,104 - ERROR - [-] Unknown Exceptions for Bird Whitecollared yuhina
2022-03-26 05:13:22,918 - ERROR - [-] Unknown Exceptions for Bird Whitecrested coquette
2022-03-26 05:13:30,056 - ERROR - [-] Unknown Exceptions for Bird Whitecrested elaenia
2022-03-26 05:13:37,139 - ERROR - [-] Unknown Exceptions for Bird Whitecrested guan
2022-03-26 05:13:44,028 - ERROR - [-] Unknown Exceptions for Bird Whitecrested helmetshrike
2022-03-26 05:13:51,141 - ERROR - [-] Unknown Exceptions for Bird Whitecrested hornbill
2022-03-26 05:13:58,273 - ERROR - [-] Unknown Exceptions for Bird Whitecrested laughingthrush
2022-03-26 05:14:05,197 - ERROR - [-] Unknown Exceptions for Bird Whitecrested spadebill
2022-03-26 05:14:12,291 - ERROR - [-] Unknown Exceptions for Bird Whitecrested tiger heron
2022-03-26 05:14:19,554 - ERROR - [-] Unknown Exceptions for Bird Whitecrested turaco
2022-03-26 05:14:26,357 - ERROR - [-] Unknown Exceptions for Bird Whitecrested tyrannulet
2022-03-26 05:14:34,008 - ERROR - [-] Unknown Exceptions for Bird Whitecrowned cliff chat
2022-03-26 05:14:41,075 - ERROR - [-] Unknown Exceptions for Bird Whitecrowned cuckoo
2022-03-26 05:14:48,630 - ERROR - [-] Unknown Exceptions for Bird Whitecrowned forktail
2022-03-26 05:14:55,923 - ERROR - [-] Unknown Exceptions for Bird Whitecrowned forktail
2022-03-26 05:15:03,852 - ERROR - [-] Unknown Exceptions for Bird Whitecrowned hornbill
2022-03-26 05:15:11,487 - ERROR - [-] Unknown Exceptions for Bird Whitecrowned lapwing
2022-03-26 05:15:18,791 - ERROR - [-] Unknown Exceptions for Bird Whitecrowned manakin
2022-03-26 05:15:26,083 - ERROR - [-] Unknown Exceptions for Bird Whitecrowned parrot
2022-03-26 05:15:33,699 - ERROR - [-] Unknown Exceptions for Bird Whitecrowned penduline tit
2022-03-26 05:15:41,043 - ERROR - [-] Unknown Exceptions for Bird Whitecrowned pigeon
2022-03-26 05:15:49,031 - ERROR - [-] Unknown Exceptions for Bird Whitecrowned robinchat
2022-03-26 05:15:56,117 - ERROR - [-] Unknown Exceptions for Bird Whitecrowned shama
2022-03-26 05:16:03,399 - ERROR - [-] Unknown Exceptions for Bird Whitecrowned sparrow
2022-03-26 05:16:10,528 - ERROR - [-] Unknown Exceptions for Bird Whitecrowned starling
2022-03-26 05:16:17,851 - ERROR - [-] Unknown Exceptions for Bird Whitecrowned tapaculo
2022-03-26 05:16:25,619 - ERROR - [-] Unknown Exceptions for Bird Whitecrowned wheatear
2022-03-26 05:16:33,150 - ERROR - [-] Unknown Exceptions for Bird Whiteeared barbet
2022-03-26 05:16:40,459 - ERROR - [-] Unknown Exceptions for Bird Whiteeared bronze cuckoo
2022-03-26 05:16:47,540 - ERROR - [-] Unknown Exceptions for Bird Whiteeared brown dove
2022-03-26 05:16:55,040 - ERROR - [-] Unknown Exceptions for Bird Whiteeared bulbul
2022-03-26 05:17:02,527 - ERROR - [-] Unknown Exceptions for Bird Whiteeared catbird
2022-03-26 05:17:10,097 - ERROR - [-] Unknown Exceptions for Bird Whiteeared conebill
2022-03-26 05:17:17,362 - ERROR - [-] Unknown Exceptions for Bird Whiteeared ground sparrow
2022-03-26 05:17:25,135 - ERROR - [-] Unknown Exceptions for Bird Whiteeared honeyeater
2022-03-26 05:17:33,077 - ERROR - [-] Unknown Exceptions for Bird Whiteeared hummingbird
2022-03-26 05:17:39,937 - ERROR - [-] Unknown Exceptions for Bird Whiteeared jacamar
2022-03-26 05:17:47,031 - ERROR - [-] Unknown Exceptions for Bird Whiteeared monarch
2022-03-26 05:17:54,483 - ERROR - [-] Unknown Exceptions for Bird Whiteeared myza
2022-03-26 05:18:01,972 - ERROR - [-] Unknown Exceptions for Bird Whiteeared night heron
2022-03-26 05:18:09,123 - ERROR - [-] Unknown Exceptions for Bird Whiteeared parakeet
2022-03-26 05:18:15,877 - ERROR - [-] Unknown Exceptions for Bird Whiteeared puffbird
2022-03-26 05:18:23,832 - ERROR - [-] Unknown Exceptions for Bird Whiteeared sibia
2022-03-26 05:18:31,115 - ERROR - [-] Unknown Exceptions for Bird Whiteeared solitaire
2022-03-26 05:18:38,197 - ERROR - [-] Unknown Exceptions for Bird Whiteeared tailorbird
2022-03-26 05:18:45,309 - ERROR - [-] Unknown Exceptions for Bird Whiteedged oriole
2022-03-26 05:18:53,067 - ERROR - [-] Unknown Exceptions for Bird Whiteeyed antwren
2022-03-26 05:19:01,107 - ERROR - [-] Unknown Exceptions for Bird Whiteeyed attila
2022-03-26 05:19:08,400 - ERROR - [-] Unknown Exceptions for Bird Whiteeyed attila1
2022-03-26 05:19:15,750 - ERROR - [-] Unknown Exceptions for Bird Whiteeyed buzzard
2022-03-26 05:19:23,022 - ERROR - [-] Unknown Exceptions for Bird Whiteeyed foliagegleaner
2022-03-26 05:19:30,159 - ERROR - [-] Unknown Exceptions for Bird Whiteeyed gull
2022-03-26 05:19:37,390 - ERROR - [-] Unknown Exceptions for Bird Whiteeyed parakeet
2022-03-26 05:19:44,567 - ERROR - [-] Unknown Exceptions for Bird Whiteeyed river martin
2022-03-26 05:19:51,181 - ERROR - [-] Unknown Exceptions for Bird Whiteeyed robin
2022-03-26 05:19:57,897 - ERROR - [-] Unknown Exceptions for Bird Whiteeyed slaty flycatcher
2022-03-26 05:20:05,391 - ERROR - [-] Unknown Exceptions for Bird Whiteeyed starling
2022-03-26 05:20:12,568 - ERROR - [-] Unknown Exceptions for Bird Whiteeyed stipplethroat
2022-03-26 05:20:19,358 - ERROR - [-] Unknown Exceptions for Bird Whiteeyed thrush
2022-03-26 05:20:26,926 - ERROR - [-] Unknown Exceptions for Bird Whiteeyed todytyrant
2022-03-26 05:20:34,370 - ERROR - [-] Unknown Exceptions for Bird Whiteeyed vireo
2022-03-26 05:20:41,734 - ERROR - [-] Unknown Exceptions for Bird Whitefaced cuckoodove
2022-03-26 05:20:48,811 - ERROR - [-] Unknown Exceptions for Bird Whitefaced heron
2022-03-26 05:20:56,688 - ERROR - [-] Unknown Exceptions for Bird Whitefaced ibis
2022-03-26 05:21:03,739 - ERROR - [-] Unknown Exceptions for Bird Whitefaced nunbird
2022-03-26 05:21:11,183 - ERROR - [-] Unknown Exceptions for Bird Whitefaced plover
2022-03-26 05:21:18,770 - ERROR - [-] Unknown Exceptions for Bird Whitefaced quaildove
2022-03-26 05:21:26,077 - ERROR - [-] Unknown Exceptions for Bird Whitefaced robin
2022-03-26 05:21:32,851 - ERROR - [-] Unknown Exceptions for Bird Whitefaced starling
2022-03-26 05:21:40,115 - ERROR - [-] Unknown Exceptions for Bird Whitefaced storm petrel
2022-03-26 05:21:47,580 - ERROR - [-] Unknown Exceptions for Bird Whitefaced whistling duck
2022-03-26 05:21:55,203 - ERROR - [-] Unknown Exceptions for Bird Whitefaced whitestart
2022-03-26 05:22:02,259 - ERROR - [-] Unknown Exceptions for Bird Whiteflanked antwren
2022-03-26 05:22:09,856 - ERROR - [-] Unknown Exceptions for Bird Whiteflanked sunbird
2022-03-26 05:22:17,308 - ERROR - [-] Unknown Exceptions for Bird Whitefronted amazon
2022-03-26 05:22:25,460 - ERROR - [-] Unknown Exceptions for Bird Whitefronted beeeater
2022-03-26 05:22:32,609 - ERROR - [-] Unknown Exceptions for Bird Whitefronted black chat
2022-03-26 05:22:40,379 - ERROR - [-] Unknown Exceptions for Bird Whitefronted chat
2022-03-26 05:22:47,935 - ERROR - [-] Unknown Exceptions for Bird Whitefronted falconet
2022-03-26 05:22:56,225 - ERROR - [-] Unknown Exceptions for Bird Whitefronted ground dove
2022-03-26 05:23:03,071 - ERROR - [-] Unknown Exceptions for Bird Whitefronted ground tyrant
2022-03-26 05:23:10,457 - ERROR - [-] Unknown Exceptions for Bird Whitefronted honeyeater
2022-03-26 05:23:18,235 - ERROR - [-] Unknown Exceptions for Bird Whitefronted manakin
2022-03-26 05:23:25,108 - ERROR - [-] Unknown Exceptions for Bird Whitefronted nunbird
2022-03-26 05:23:32,681 - ERROR - [-] Unknown Exceptions for Bird Whitefronted plover
2022-03-26 05:23:40,859 - ERROR - [-] Unknown Exceptions for Bird Whitefronted quaildove
2022-03-26 05:23:48,098 - ERROR - [-] Unknown Exceptions for Bird Whitefronted scops owl
2022-03-26 05:23:55,533 - ERROR - [-] Unknown Exceptions for Bird Whitefronted swift
2022-03-26 05:24:02,527 - ERROR - [-] Unknown Exceptions for Bird Whitefronted tern
2022-03-26 05:24:10,010 - ERROR - [-] Unknown Exceptions for Bird Whitefronted tit
2022-03-26 05:24:17,802 - ERROR - [-] Unknown Exceptions for Bird Whitefronted tyrannulet
2022-03-26 05:24:25,221 - ERROR - [-] Unknown Exceptions for Bird Whitefronted wattleeye
2022-03-26 05:24:31,989 - ERROR - [-] Unknown Exceptions for Bird Whitefronted whitestart
2022-03-26 05:24:39,376 - ERROR - [-] Unknown Exceptions for Bird Whitefronted woodpecker
2022-03-26 05:24:46,615 - ERROR - [-] Unknown Exceptions for Bird Whitegaped honeyeater
2022-03-26 05:24:53,536 - ERROR - [-] Unknown Exceptions for Bird Whitegorgeted flycatcher
