2022-03-26 01:43:01,018 - ERROR - [-] Unknown Exceptions for Bird Abbotts sunbird
2022-03-26 01:43:08,633 - ERROR - [-] Unknown Exceptions for Bird Abd alKuri sparrow
2022-03-26 01:44:53,840 - ERROR - [-] Unknown Exceptions for Bird Abyssinian waxbill
2022-03-26 01:45:08,031 - ERROR - [-] Unknown Exceptions for Bird Abyssinian whiteeye
2022-03-26 01:45:23,050 - ERROR - [-] Unknown Exceptions for Bird Acacia pied barbet
2022-03-26 01:45:29,734 - ERROR - [-] Unknown Exceptions for Bird Acacia tit
2022-03-26 01:46:08,177 - ERROR - [-] Unknown Exceptions for Bird Acre todytyrant
2022-03-26 01:46:31,478 - ERROR - [-] Unknown Exceptions for Bird Admiralty cicadabird
2022-03-26 01:46:38,064 - ERROR - [-] Unknown Exceptions for Bird Adélie penguin
2022-03-26 01:47:20,219 - ERROR - [-] Unknown Exceptions for Bird African black swift
2022-03-26 01:48:13,403 - ERROR - [-] Unknown Exceptions for Bird African crimsonwinged finch
2022-03-26 01:48:28,436 - ERROR - [-] Unknown Exceptions for Bird African cuckoohawk
2022-03-26 01:50:23,708 - ERROR - [-] Unknown Exceptions for Bird African grey flycatcher
2022-03-26 01:50:30,427 - ERROR - [-] Unknown Exceptions for Bird African grey hornbill
2022-03-26 01:50:37,441 - ERROR - [-] Unknown Exceptions for Bird African grey woodpecker
2022-03-26 01:50:45,115 - ERROR - [-] Unknown Exceptions for Bird African harrierhawk
2022-03-26 01:50:52,581 - ERROR - [-] Unknown Exceptions for Bird African hawkeagle
2022-03-26 01:51:19,000 - ERROR - [-] Unknown Exceptions for Bird African hoopoe
2022-03-26 01:51:44,519 - ERROR - [-] Unknown Exceptions for Bird African olive pigeon
2022-03-26 01:53:54,435 - ERROR - [-] Unknown Exceptions for Bird African redeyed bulbul
2022-03-26 01:54:21,480 - ERROR - [-] Unknown Exceptions for Bird African rock pipit
2022-03-26 01:54:47,912 - ERROR - [-] Unknown Exceptions for Bird African shrikeflycatcher
2022-03-26 01:56:10,442 - ERROR - [-] Unknown Exceptions for Bird African wattled lapwing
2022-03-26 01:56:45,189 - ERROR - [-] Unknown Exceptions for Bird Agile tittyrant
2022-03-26 01:57:00,114 - ERROR - [-] Unknown Exceptions for Bird Agulhas longbilled lark
2022-03-26 01:57:07,679 - ERROR - [-] Unknown Exceptions for Bird Ahanta spurfowl
2022-03-26 01:57:26,426 - ERROR - [-] Unknown Exceptions for Bird Akun eagleowl
2022-03-26 01:57:51,563 - ERROR - [-] Unknown Exceptions for Bird Alagoas foliagegleaner
2022-03-26 01:58:34,439 - ERROR - [-] Unknown Exceptions for Bird Albertine sooty boubou
2022-03-26 01:59:08,979 - ERROR - [-] Unknown Exceptions for Bird Aldabra whiteeye
2022-03-26 02:00:31,686 - ERROR - [-] Unknown Exceptions for Bird Alor myzomela
2022-03-26 02:00:47,168 - ERROR - [-] Unknown Exceptions for Bird Alpine chough
2022-03-26 02:04:00,364 - ERROR - [-] Unknown Exceptions for Bird Amazonian inezia
2022-03-26 02:04:25,828 - ERROR - [-] Unknown Exceptions for Bird Amazonian royal flycatcher
2022-03-26 02:05:10,227 - ERROR - [-] Unknown Exceptions for Bird Ambon whiteeye
2022-03-26 02:05:17,815 - ERROR - [-] Unknown Exceptions for Bird Amboyna cuckoodove
2022-03-26 02:05:43,833 - ERROR - [-] Unknown Exceptions for Bird American barn owl
2022-03-26 02:06:09,243 - ERROR - [-] Unknown Exceptions for Bird American black swift
2022-03-26 02:06:15,977 - ERROR - [-] Unknown Exceptions for Bird American bushtit
2022-03-26 02:06:50,700 - ERROR - [-] Unknown Exceptions for Bird American dusky flycatcher
2022-03-26 02:07:28,778 - ERROR - [-] Unknown Exceptions for Bird American gray flycatcher
2022-03-26 02:07:35,412 - ERROR - [-] Unknown Exceptions for Bird American herring gull
2022-03-26 02:07:56,709 - ERROR - [-] Unknown Exceptions for Bird American purple gallinule
2022-03-26 02:08:25,824 - ERROR - [-] Unknown Exceptions for Bird American threetoed woodpecker
2022-03-26 02:08:39,608 - ERROR - [-] Unknown Exceptions for Bird American white ibis
2022-03-26 02:09:06,323 - ERROR - [-] Unknown Exceptions for Bird American yellow warbler
2022-03-26 02:09:34,410 - ERROR - [-] Unknown Exceptions for Bird Amethystthroated mountaingem
2022-03-26 02:09:40,320 - ERROR - [-] Unknown Exceptions for Bird Amethystthroated sunangel
2022-03-26 02:09:53,642 - ERROR - [-] Unknown Exceptions for Bird Amsterdam albatross
2022-03-26 02:09:59,914 - ERROR - [-] Unknown Exceptions for Bird Amsterdam wigeon
2022-03-26 02:11:28,074 - ERROR - [-] Unknown Exceptions for Bird Andaman cuckoodove
2022-03-26 02:12:05,966 - ERROR - [-] Unknown Exceptions for Bird Andaman hawkowl
2022-03-26 02:13:21,321 - ERROR - [-] Unknown Exceptions for Bird Andean cockoftherock
2022-03-26 02:13:34,256 - ERROR - [-] Unknown Exceptions for Bird Andean coot
2022-03-26 02:14:43,182 - ERROR - [-] Unknown Exceptions for Bird Andean laniisoma
2022-03-26 02:16:20,936 - ERROR - [-] Unknown Exceptions for Bird Andean titspinetail
2022-03-26 02:16:27,060 - ERROR - [-] Unknown Exceptions for Bird Angolan batis
2022-03-26 02:16:32,859 - ERROR - [-] Unknown Exceptions for Bird Angolan cave chat
2022-03-26 02:16:38,895 - ERROR - [-] Unknown Exceptions for Bird Angolan lark
2022-03-26 02:16:45,319 - ERROR - [-] Unknown Exceptions for Bird Angolan slaty flycatcher
2022-03-26 02:16:52,048 - ERROR - [-] Unknown Exceptions for Bird Angolan swallow
2022-03-26 02:16:58,056 - ERROR - [-] Unknown Exceptions for Bird Angolan waxbill
2022-03-26 02:17:55,096 - ERROR - [-] Unknown Exceptions for Bird Annobón paradise flycatcher
2022-03-26 02:18:00,785 - ERROR - [-] Unknown Exceptions for Bird Annobón whiteeye
2022-03-26 02:18:13,639 - ERROR - [-] Unknown Exceptions for Bird Anteating chat
2022-03-26 02:18:54,102 - ERROR - [-] Unknown Exceptions for Bird Anthonys nightjar
2022-03-26 02:20:08,521 - ERROR - [-] Unknown Exceptions for Bird Antipodean albatross
2022-03-26 02:20:56,386 - ERROR - [-] Unknown Exceptions for Bird Apolo cotinga
2022-03-26 02:21:16,010 - ERROR - [-] Unknown Exceptions for Bird Apricotbreasted sunbird
2022-03-26 02:21:21,457 - ERROR - [-] Unknown Exceptions for Bird Apurímac brushfinch
2022-03-26 02:21:27,183 - ERROR - [-] Unknown Exceptions for Bird Apurímac spinetail
2022-03-26 02:21:40,217 - ERROR - [-] Unknown Exceptions for Bird Arabian accentor
2022-03-26 02:22:08,287 - ERROR - [-] Unknown Exceptions for Bird Arabian goldenwinged grosbeak
2022-03-26 02:22:29,612 - ERROR - [-] Unknown Exceptions for Bird Arabian serin
2022-03-26 02:23:29,269 - ERROR - [-] Unknown Exceptions for Bird Araucaria titspinetail
2022-03-26 02:23:59,988 - ERROR - [-] Unknown Exceptions for Bird Archbolds owletnightjar
2022-03-26 02:24:13,468 - ERROR - [-] Unknown Exceptions for Bird Archers ground robin
2022-03-26 02:24:19,498 - ERROR - [-] Unknown Exceptions for Bird Archers lark
2022-03-26 02:24:25,678 - ERROR - [-] Unknown Exceptions for Bird Arctic redpoll
2022-03-26 02:25:35,219 - ERROR - [-] Unknown Exceptions for Bird Arrowmarked babbler
2022-03-26 02:25:56,275 - ERROR - [-] Unknown Exceptions for Bird Ascension crake
2022-03-26 02:26:08,782 - ERROR - [-] Unknown Exceptions for Bird Ascension night heron
2022-03-26 02:26:21,563 - ERROR - [-] Unknown Exceptions for Bird Ashbreasted antbird
2022-03-26 02:26:27,630 - ERROR - [-] Unknown Exceptions for Bird Ashbreasted sierra finch
2022-03-26 02:26:33,630 - ERROR - [-] Unknown Exceptions for Bird Ashbreasted tittyrant
2022-03-26 02:26:40,341 - ERROR - [-] Unknown Exceptions for Bird Ashbrowed spinetail
2022-03-26 02:26:47,227 - ERROR - [-] Unknown Exceptions for Bird Ashcolored cuckoo
2022-03-26 02:26:53,433 - ERROR - [-] Unknown Exceptions for Bird Ashcolored tapaculo
2022-03-26 02:26:59,520 - ERROR - [-] Unknown Exceptions for Bird Ashthroated antwren
2022-03-26 02:27:05,569 - ERROR - [-] Unknown Exceptions for Bird Ashthroated casiornis
2022-03-26 02:27:12,028 - ERROR - [-] Unknown Exceptions for Bird Ashthroated crake
2022-03-26 02:27:18,225 - ERROR - [-] Unknown Exceptions for Bird Ashthroated flycatcher
2022-03-26 02:27:24,650 - ERROR - [-] Unknown Exceptions for Bird Ashthroated gnateater
2022-03-26 02:27:30,391 - ERROR - [-] Unknown Exceptions for Bird Ashwinged antwren
2022-03-26 02:28:42,505 - ERROR - [-] Unknown Exceptions for Bird Ashy myzomela
2022-03-26 02:28:50,989 - ERROR - [-] Unknown Exceptions for Bird Ashy prinia
2022-03-26 02:28:58,459 - ERROR - [-] Unknown Exceptions for Bird Ashy robin
2022-03-26 02:31:20,120 - ERROR - [-] Unknown Exceptions for Bird Ashybellied whiteeye
2022-03-26 02:31:27,041 - ERROR - [-] Unknown Exceptions for Bird Ashybreasted flycatcher
2022-03-26 02:31:33,614 - ERROR - [-] Unknown Exceptions for Bird Ashycrowned sparrowlark
2022-03-26 02:31:40,150 - ERROR - [-] Unknown Exceptions for Bird Ashyfaced owl
2022-03-26 02:32:04,642 - ERROR - [-] Unknown Exceptions for Bird Ashyfronted bulbul
2022-03-26 02:32:11,236 - ERROR - [-] Unknown Exceptions for Bird Ashyheaded babbler
2022-03-26 02:32:17,334 - ERROR - [-] Unknown Exceptions for Bird Ashyheaded goose
2022-03-26 02:32:23,979 - ERROR - [-] Unknown Exceptions for Bird Ashyheaded green pigeon
2022-03-26 02:32:29,979 - ERROR - [-] Unknown Exceptions for Bird Ashyheaded greenlet
2022-03-26 02:32:36,550 - ERROR - [-] Unknown Exceptions for Bird Ashyheaded laughingthrush
2022-03-26 02:32:43,067 - ERROR - [-] Unknown Exceptions for Bird Ashyheaded tyrannulet
2022-03-26 02:32:49,605 - ERROR - [-] Unknown Exceptions for Bird Ashythroated bush tanager
2022-03-26 02:32:56,052 - ERROR - [-] Unknown Exceptions for Bird Ashythroated parrotbill
2022-03-26 02:33:02,502 - ERROR - [-] Unknown Exceptions for Bird Ashythroated warbler
2022-03-26 02:33:23,168 - ERROR - [-] Unknown Exceptions for Bird Asian crimsonwinged finch
2022-03-26 02:33:52,476 - ERROR - [-] Unknown Exceptions for Bird Asian fairybluebird
2022-03-26 02:34:42,447 - ERROR - [-] Unknown Exceptions for Bird Asian redeyed bulbul
2022-03-26 02:34:55,227 - ERROR - [-] Unknown Exceptions for Bird Asian shorttoed lark
2022-03-26 02:35:33,153 - ERROR - [-] Unknown Exceptions for Bird Athi shorttoed lark
2022-03-26 02:35:39,678 - ERROR - [-] Unknown Exceptions for Bird Atitlán grebe
2022-03-26 02:35:54,796 - ERROR - [-] Unknown Exceptions for Bird Atlantic canary
2022-03-26 02:36:17,644 - ERROR - [-] Unknown Exceptions for Bird Atlantic royal flycatcher
2022-03-26 02:36:24,196 - ERROR - [-] Unknown Exceptions for Bird Atlantic yellownosed albatross
2022-03-26 02:36:30,565 - ERROR - [-] Unknown Exceptions for Bird Atlas pied flycatcher
2022-03-26 02:37:38,614 - ERROR - [-] Unknown Exceptions for Bird Audubons warbler
2022-03-26 02:37:51,864 - ERROR - [-] Unknown Exceptions for Bird Austens brown hornbill
2022-03-26 02:39:36,764 - ERROR - [-] Unknown Exceptions for Bird Australasian shoveler
2022-03-26 02:39:51,752 - ERROR - [-] Unknown Exceptions for Bird Australian boobook
2022-03-26 02:40:23,017 - ERROR - [-] Unknown Exceptions for Bird Australian golden whistler
2022-03-26 02:41:05,078 - ERROR - [-] Unknown Exceptions for Bird Australian owletnightjar
2022-03-26 02:41:10,934 - ERROR - [-] Unknown Exceptions for Bird Australian paintedsnipe
2022-03-26 02:41:24,103 - ERROR - [-] Unknown Exceptions for Bird Australian pied cormorant
2022-03-26 02:42:21,285 - ERROR - [-] Unknown Exceptions for Bird Australian white ibis
2022-03-26 02:42:26,747 - ERROR - [-] Unknown Exceptions for Bird Australian wood duck
2022-03-26 02:42:48,870 - ERROR - [-] Unknown Exceptions for Bird Ayress hawkeagle
2022-03-26 02:43:25,194 - ERROR - [-] Unknown Exceptions for Bird Azuero dove
2022-03-26 02:43:31,834 - ERROR - [-] Unknown Exceptions for Bird Azure dollarbird
2022-03-26 02:44:06,155 - ERROR - [-] Unknown Exceptions for Bird Azurebreasted pitta
2022-03-26 02:44:11,901 - ERROR - [-] Unknown Exceptions for Bird Azurecrested flycatcher
2022-03-26 02:44:17,470 - ERROR - [-] Unknown Exceptions for Bird Azurecrowned hummingbird
2022-03-26 02:44:23,671 - ERROR - [-] Unknown Exceptions for Bird Azurehooded jay
2022-03-26 02:44:29,597 - ERROR - [-] Unknown Exceptions for Bird Azurenaped jay
2022-03-26 02:44:35,480 - ERROR - [-] Unknown Exceptions for Bird Azurerumped tanager
2022-03-26 02:44:41,239 - ERROR - [-] Unknown Exceptions for Bird Azureshouldered tanager
2022-03-26 02:44:47,208 - ERROR - [-] Unknown Exceptions for Bird Azurewinged magpie
2022-03-26 02:45:27,793 - ERROR - [-] Unknown Exceptions for Bird Bagobo babbler
2022-03-26 02:46:47,708 - ERROR - [-] Unknown Exceptions for Bird Bahian mousecolored tapaculo
2022-03-26 02:47:52,804 - ERROR - [-] Unknown Exceptions for Bird Baja pygmy owl
2022-03-26 02:49:07,012 - ERROR - [-] Unknown Exceptions for Bird Bamboo foliagegleaner
2022-03-26 02:49:53,993 - ERROR - [-] Unknown Exceptions for Bird Bandbacked wren
2022-03-26 02:49:59,983 - ERROR - [-] Unknown Exceptions for Bird Bandbellied crake
2022-03-26 02:50:06,162 - ERROR - [-] Unknown Exceptions for Bird Bandbellied owl
2022-03-26 02:50:11,816 - ERROR - [-] Unknown Exceptions for Bird Bandrumped storm petrel
2022-03-26 02:50:17,809 - ERROR - [-] Unknown Exceptions for Bird Bandrumped swift
2022-03-26 02:50:24,095 - ERROR - [-] Unknown Exceptions for Bird Bandtailed antbird
2022-03-26 02:50:30,074 - ERROR - [-] Unknown Exceptions for Bird Bandtailed antshrike
2022-03-26 02:50:36,221 - ERROR - [-] Unknown Exceptions for Bird Bandtailed antwren
2022-03-26 02:50:43,200 - ERROR - [-] Unknown Exceptions for Bird Bandtailed barbthroat
2022-03-26 02:50:49,399 - ERROR - [-] Unknown Exceptions for Bird Bandtailed earthcreeper
2022-03-26 02:50:55,308 - ERROR - [-] Unknown Exceptions for Bird Bandtailed fruiteater
2022-03-26 02:51:01,131 - ERROR - [-] Unknown Exceptions for Bird Bandtailed guan
2022-03-26 02:51:06,934 - ERROR - [-] Unknown Exceptions for Bird Bandtailed hornero
2022-03-26 02:51:12,987 - ERROR - [-] Unknown Exceptions for Bird Bandtailed manakin
2022-03-26 02:51:18,980 - ERROR - [-] Unknown Exceptions for Bird Bandtailed nighthawk
2022-03-26 02:51:25,250 - ERROR - [-] Unknown Exceptions for Bird Bandtailed oropendola
2022-03-26 02:51:31,395 - ERROR - [-] Unknown Exceptions for Bird Bandtailed pigeon
2022-03-26 02:51:37,587 - ERROR - [-] Unknown Exceptions for Bird Bandtailed seedeater
2022-03-26 02:51:43,990 - ERROR - [-] Unknown Exceptions for Bird Bandtailed sierra finch
2022-03-26 02:51:50,228 - ERROR - [-] Unknown Exceptions for Bird Bandwinged nightjar
2022-03-26 02:52:45,817 - ERROR - [-] Unknown Exceptions for Bird Banded green sunbird
2022-03-26 02:54:00,725 - ERROR - [-] Unknown Exceptions for Bird Banded wattleeye
2022-03-26 02:54:27,240 - ERROR - [-] Unknown Exceptions for Bird Banded yellow robin
2022-03-26 02:54:56,980 - ERROR - [-] Unknown Exceptions for Bird Bangwa forest warbler
2022-03-26 02:55:45,942 - ERROR - [-] Unknown Exceptions for Bird Barbacked partridge
2022-03-26 02:55:52,135 - ERROR - [-] Unknown Exceptions for Bird Barbellied cuckooshrike
2022-03-26 02:55:58,206 - ERROR - [-] Unknown Exceptions for Bird Barbellied pitta
2022-03-26 02:56:04,369 - ERROR - [-] Unknown Exceptions for Bird Barbellied woodcreeper
2022-03-26 02:56:10,609 - ERROR - [-] Unknown Exceptions for Bird Barbellied woodpecker
2022-03-26 02:56:16,898 - ERROR - [-] Unknown Exceptions for Bird Barbreasted firefinch
2022-03-26 02:56:23,408 - ERROR - [-] Unknown Exceptions for Bird Barbreasted honeyeater
2022-03-26 02:56:29,499 - ERROR - [-] Unknown Exceptions for Bird Barbreasted piculet
2022-03-26 02:56:35,659 - ERROR - [-] Unknown Exceptions for Bird Barcrested antshrike
2022-03-26 02:56:41,788 - ERROR - [-] Unknown Exceptions for Bird Barheaded goose
2022-03-26 02:56:47,643 - ERROR - [-] Unknown Exceptions for Bird Barshouldered dove
2022-03-26 02:56:53,964 - ERROR - [-] Unknown Exceptions for Bird Bartailed cuckoodove
2022-03-26 02:56:59,791 - ERROR - [-] Unknown Exceptions for Bird Bartailed godwit
2022-03-26 02:57:05,729 - ERROR - [-] Unknown Exceptions for Bird Bartailed lark
2022-03-26 02:57:11,464 - ERROR - [-] Unknown Exceptions for Bird Bartailed treecreeper
2022-03-26 02:57:17,735 - ERROR - [-] Unknown Exceptions for Bird Bartailed trogon
2022-03-26 02:57:23,772 - ERROR - [-] Unknown Exceptions for Bird Barthroated apalis
2022-03-26 02:57:29,659 - ERROR - [-] Unknown Exceptions for Bird Barthroated minla
2022-03-26 02:57:36,294 - ERROR - [-] Unknown Exceptions for Bird Barwinged flycatchershrike
2022-03-26 02:57:42,498 - ERROR - [-] Unknown Exceptions for Bird Barwinged oriole
2022-03-26 02:57:49,218 - ERROR - [-] Unknown Exceptions for Bird Barwinged prinia
2022-03-26 02:57:55,372 - ERROR - [-] Unknown Exceptions for Bird Barwinged rail
2022-03-26 02:58:01,878 - ERROR - [-] Unknown Exceptions for Bird Barwinged weaver
2022-03-26 02:58:08,562 - ERROR - [-] Unknown Exceptions for Bird Barwinged wood wren
2022-03-26 02:58:14,783 - ERROR - [-] Unknown Exceptions for Bird Barwinged wrenbabbler
2022-03-26 02:58:48,206 - ERROR - [-] Unknown Exceptions for Bird Barecheeked babbler
2022-03-26 02:58:54,172 - ERROR - [-] Unknown Exceptions for Bird Barecheeked trogon
2022-03-26 02:59:00,490 - ERROR - [-] Unknown Exceptions for Bird Barecrowned antbird
2022-03-26 02:59:06,977 - ERROR - [-] Unknown Exceptions for Bird Bareeyed antbird
2022-03-26 02:59:13,523 - ERROR - [-] Unknown Exceptions for Bird Bareeyed myna
2022-03-26 02:59:19,170 - ERROR - [-] Unknown Exceptions for Bird Bareeyed pigeon
2022-03-26 02:59:25,124 - ERROR - [-] Unknown Exceptions for Bird Bareeyed rail
2022-03-26 02:59:31,899 - ERROR - [-] Unknown Exceptions for Bird Bareeyed thrush
2022-03-26 02:59:37,831 - ERROR - [-] Unknown Exceptions for Bird Bareeyed whiteeye
2022-03-26 02:59:44,348 - ERROR - [-] Unknown Exceptions for Bird Barefaced bulbul
2022-03-26 02:59:50,678 - ERROR - [-] Unknown Exceptions for Bird Barefaced curassow
2022-03-26 02:59:57,001 - ERROR - [-] Unknown Exceptions for Bird Barefaced goawaybird
2022-03-26 03:00:03,102 - ERROR - [-] Unknown Exceptions for Bird Barefaced ground dove
2022-03-26 03:00:09,200 - ERROR - [-] Unknown Exceptions for Bird Barefaced ibis
2022-03-26 03:00:15,230 - ERROR - [-] Unknown Exceptions for Bird Bareheaded laughingthrush
2022-03-26 03:00:21,200 - ERROR - [-] Unknown Exceptions for Bird Barelegged owl
2022-03-26 03:00:27,218 - ERROR - [-] Unknown Exceptions for Bird Barelegged swiftlet
2022-03-26 03:00:33,250 - ERROR - [-] Unknown Exceptions for Bird Barenecked fruitcrow
2022-03-26 03:00:38,790 - ERROR - [-] Unknown Exceptions for Bird Barenecked umbrellabird
2022-03-26 03:00:45,228 - ERROR - [-] Unknown Exceptions for Bird Bareshanked screech owl
2022-03-26 03:00:50,733 - ERROR - [-] Unknown Exceptions for Bird Barethroated bellbird
2022-03-26 03:00:56,861 - ERROR - [-] Unknown Exceptions for Bird Barethroated tiger heron
2022-03-26 03:01:02,589 - ERROR - [-] Unknown Exceptions for Bird Barethroated whistler
2022-03-26 03:01:08,991 - ERROR - [-] Unknown Exceptions for Bird Barka indigobird
2022-03-26 03:01:15,040 - ERROR - [-] Unknown Exceptions for Bird Barking imperial pigeon
2022-03-26 03:02:30,469 - ERROR - [-] Unknown Exceptions for Bird Barred cuckoodove
2022-03-26 03:02:50,210 - ERROR - [-] Unknown Exceptions for Bird Barred eagleowl
2022-03-26 03:03:19,658 - ERROR - [-] Unknown Exceptions for Bird Barred honey buzzard
2022-03-26 03:03:26,688 - ERROR - [-] Unknown Exceptions for Bird Barred honeyeater
2022-03-26 03:03:39,211 - ERROR - [-] Unknown Exceptions for Bird Barred longtailed cuckoo
2022-03-26 03:03:52,115 - ERROR - [-] Unknown Exceptions for Bird Barred owletnightjar
2022-03-26 03:04:31,530 - ERROR - [-] Unknown Exceptions for Bird Barred wrenwarbler
2022-03-26 03:04:51,449 - ERROR - [-] Unknown Exceptions for Bird Barusan cuckoodove
2022-03-26 03:06:19,361 - ERROR - [-] Unknown Exceptions for Bird Baudó oropendola
2022-03-26 03:06:25,600 - ERROR - [-] Unknown Exceptions for Bird Baumanns olive greenbul
2022-03-26 03:06:47,521 - ERROR - [-] Unknown Exceptions for Bird Bay hornero
2022-03-26 03:07:08,703 - ERROR - [-] Unknown Exceptions for Bird Baybacked shrike
2022-03-26 03:07:14,449 - ERROR - [-] Unknown Exceptions for Bird Baybreasted cuckoo
2022-03-26 03:07:20,404 - ERROR - [-] Unknown Exceptions for Bird Baybreasted warbler
2022-03-26 03:07:26,447 - ERROR - [-] Unknown Exceptions for Bird Baycapped wrenspinetail
2022-03-26 03:07:32,739 - ERROR - [-] Unknown Exceptions for Bird Baychested warbling finch
2022-03-26 03:07:39,320 - ERROR - [-] Unknown Exceptions for Bird Baycrowned brushfinch
2022-03-26 03:07:45,556 - ERROR - [-] Unknown Exceptions for Bird Bayheaded tanager
2022-03-26 03:07:52,113 - ERROR - [-] Unknown Exceptions for Bird Bayringed tyrannulet
2022-03-26 03:07:58,146 - ERROR - [-] Unknown Exceptions for Bird Bayvented cotinga
2022-03-26 03:08:17,564 - ERROR - [-] Unknown Exceptions for Bird Beach stonecurlew
2022-03-26 03:10:14,621 - ERROR - [-] Unknown Exceptions for Bird Beautiful sheartail
2022-03-26 03:12:26,493 - ERROR - [-] Unknown Exceptions for Bird Bengal bush lark
2022-03-26 03:12:39,772 - ERROR - [-] Unknown Exceptions for Bird Benguela longbilled lark
2022-03-26 03:13:20,177 - ERROR - [-] Unknown Exceptions for Bird Bermuda flicker
2022-03-26 03:13:26,332 - ERROR - [-] Unknown Exceptions for Bird Bermuda hawk
2022-03-26 03:13:32,627 - ERROR - [-] Unknown Exceptions for Bird Bermuda night heron
2022-03-26 03:13:44,946 - ERROR - [-] Unknown Exceptions for Bird Bermuda sawwhet owl
2022-03-26 03:13:51,970 - ERROR - [-] Unknown Exceptions for Bird Bermuda towhee
2022-03-26 03:14:34,250 - ERROR - [-] Unknown Exceptions for Bird Berylspangled tanager
2022-03-26 03:15:10,877 - ERROR - [-] Unknown Exceptions for Bird Biak black flycatcher
2022-03-26 03:15:39,273 - ERROR - [-] Unknown Exceptions for Bird Biak lorikeet
2022-03-26 03:16:21,993 - ERROR - [-] Unknown Exceptions for Bird Biak whiteeye
2022-03-26 03:17:35,392 - ERROR - [-] Unknown Exceptions for Bird Bicolored scrubwren
2022-03-26 03:17:49,187 - ERROR - [-] Unknown Exceptions for Bird Biddulphs ground jay
2022-03-26 03:18:43,907 - ERROR - [-] Unknown Exceptions for Bird Bismarck hanging parrot
2022-03-26 03:18:57,853 - ERROR - [-] Unknown Exceptions for Bird Bismarck pitta
2022-03-26 03:19:11,259 - ERROR - [-] Unknown Exceptions for Bird Bismarck whiteeye
2022-03-26 03:19:40,847 - ERROR - [-] Unknown Exceptions for Bird Black beeeater
2022-03-26 03:20:10,290 - ERROR - [-] Unknown Exceptions for Bird Black boubou
2022-03-26 03:21:29,702 - ERROR - [-] Unknown Exceptions for Bird Black cuckoodove
2022-03-26 03:23:29,769 - ERROR - [-] Unknown Exceptions for Bird Black hawkeagle
2022-03-26 03:24:03,571 - ERROR - [-] Unknown Exceptions for Bird Black imperial pigeon
2022-03-26 03:28:16,535 - ERROR - [-] Unknown Exceptions for Bird Black sparrowhawk
2022-03-26 03:30:01,839 - ERROR - [-] Unknown Exceptions for Bird Blackandbuff woodpecker
2022-03-26 03:30:09,123 - ERROR - [-] Unknown Exceptions for Bird Blackandchestnut eagle
2022-03-26 03:30:14,934 - ERROR - [-] Unknown Exceptions for Bird Blackandchestnut warbling finch
2022-03-26 03:30:20,806 - ERROR - [-] Unknown Exceptions for Bird Blackandcinnamon fantail
2022-03-26 03:30:26,950 - ERROR - [-] Unknown Exceptions for Bird Blackandcrimson oriole
2022-03-26 03:30:32,965 - ERROR - [-] Unknown Exceptions for Bird Blackandgold cotinga
2022-03-26 03:30:39,118 - ERROR - [-] Unknown Exceptions for Bird Blackandgold tanager
2022-03-26 03:30:45,325 - ERROR - [-] Unknown Exceptions for Bird Blackandorange flycatcher
2022-03-26 03:30:51,335 - ERROR - [-] Unknown Exceptions for Bird Blackandred broadbill
2022-03-26 03:30:57,256 - ERROR - [-] Unknown Exceptions for Bird Blackandrufous swallow
2022-03-26 03:31:03,367 - ERROR - [-] Unknown Exceptions for Bird Blackandrufous warbling finch
2022-03-26 03:31:09,505 - ERROR - [-] Unknown Exceptions for Bird Blackandtawny seedeater
2022-03-26 03:31:15,465 - ERROR - [-] Unknown Exceptions for Bird Blackandwhite antbird
2022-03-26 03:31:22,169 - ERROR - [-] Unknown Exceptions for Bird Blackandwhite becard
2022-03-26 03:31:28,352 - ERROR - [-] Unknown Exceptions for Bird Blackandwhite bulbul
2022-03-26 03:31:35,198 - ERROR - [-] Unknown Exceptions for Bird Blackandwhite hawkeagle
2022-03-26 03:31:41,646 - ERROR - [-] Unknown Exceptions for Bird Blackandwhite mannikin
2022-03-26 03:31:47,980 - ERROR - [-] Unknown Exceptions for Bird Blackandwhite monjita
2022-03-26 03:31:53,901 - ERROR - [-] Unknown Exceptions for Bird Blackandwhite owl
2022-03-26 03:31:59,597 - ERROR - [-] Unknown Exceptions for Bird Blackandwhite seedeater
2022-03-26 03:32:05,634 - ERROR - [-] Unknown Exceptions for Bird Blackandwhite shrikeflycatcher
2022-03-26 03:32:11,850 - ERROR - [-] Unknown Exceptions for Bird Blackandwhite tanager
2022-03-26 03:32:17,482 - ERROR - [-] Unknown Exceptions for Bird Blackandwhite todyflycatcher
2022-03-26 03:32:23,959 - ERROR - [-] Unknown Exceptions for Bird Blackandwhite triller
2022-03-26 03:32:30,023 - ERROR - [-] Unknown Exceptions for Bird Blackandwhite warbler
2022-03-26 03:32:36,338 - ERROR - [-] Unknown Exceptions for Bird Blackandwhitecasqued hornbill
2022-03-26 03:32:42,224 - ERROR - [-] Unknown Exceptions for Bird Blackandyellow broadbill
2022-03-26 03:32:48,803 - ERROR - [-] Unknown Exceptions for Bird Blackandyellow grosbeak
2022-03-26 03:32:55,492 - ERROR - [-] Unknown Exceptions for Bird Blackandyellow phainoptila
2022-03-26 03:33:01,823 - ERROR - [-] Unknown Exceptions for Bird Blackandyellow tanager
2022-03-26 03:33:08,764 - ERROR - [-] Unknown Exceptions for Bird Blackbacked antshrike
2022-03-26 03:33:14,951 - ERROR - [-] Unknown Exceptions for Bird Blackbacked barbet
2022-03-26 03:33:21,973 - ERROR - [-] Unknown Exceptions for Bird Blackbacked bittern
2022-03-26 03:33:28,709 - ERROR - [-] Unknown Exceptions for Bird Blackbacked bush tanager
2022-03-26 03:33:34,913 - ERROR - [-] Unknown Exceptions for Bird Blackbacked butcherbird
2022-03-26 03:33:40,963 - ERROR - [-] Unknown Exceptions for Bird Blackbacked cisticola
2022-03-26 03:33:46,839 - ERROR - [-] Unknown Exceptions for Bird Blackbacked forktail
2022-03-26 03:33:53,632 - ERROR - [-] Unknown Exceptions for Bird Blackbacked grosbeak
2022-03-26 03:33:59,776 - ERROR - [-] Unknown Exceptions for Bird Blackbacked oriole
2022-03-26 03:34:06,458 - ERROR - [-] Unknown Exceptions for Bird Blackbacked puffback
2022-03-26 03:34:12,736 - ERROR - [-] Unknown Exceptions for Bird Blackbacked swamphen
2022-03-26 03:34:19,248 - ERROR - [-] Unknown Exceptions for Bird Blackbacked tanager
2022-03-26 03:34:25,468 - ERROR - [-] Unknown Exceptions for Bird Blackbacked thornbill
2022-03-26 03:34:31,514 - ERROR - [-] Unknown Exceptions for Bird Blackbacked thrush
2022-03-26 03:34:37,554 - ERROR - [-] Unknown Exceptions for Bird Blackbacked todyflycatcher
2022-03-26 03:34:43,738 - ERROR - [-] Unknown Exceptions for Bird Blackbacked water tyrant
2022-03-26 03:34:49,967 - ERROR - [-] Unknown Exceptions for Bird Blackbacked woodpecker
2022-03-26 03:34:56,189 - ERROR - [-] Unknown Exceptions for Bird Blackbanded barbet
2022-03-26 03:35:03,056 - ERROR - [-] Unknown Exceptions for Bird Blackbanded crake
2022-03-26 03:35:09,781 - ERROR - [-] Unknown Exceptions for Bird Blackbanded flycatcher
2022-03-26 03:35:16,181 - ERROR - [-] Unknown Exceptions for Bird Blackbanded fruit dove
2022-03-26 03:35:22,250 - ERROR - [-] Unknown Exceptions for Bird Blackbanded owl
2022-03-26 03:35:28,227 - ERROR - [-] Unknown Exceptions for Bird Blackbanded woodcreeper
2022-03-26 03:35:34,778 - ERROR - [-] Unknown Exceptions for Bird Blackbellied antwren
2022-03-26 03:35:41,327 - ERROR - [-] Unknown Exceptions for Bird Blackbellied bustard
2022-03-26 03:35:47,930 - ERROR - [-] Unknown Exceptions for Bird Blackbellied cuckoo
2022-03-26 03:35:54,507 - ERROR - [-] Unknown Exceptions for Bird Blackbellied cuckooshrike
2022-03-26 03:36:08,520 - ERROR - [-] Unknown Exceptions for Bird Blackbellied firefinch
2022-03-26 03:36:16,033 - ERROR - [-] Unknown Exceptions for Bird Blackbellied gnateater
2022-03-26 03:36:31,167 - ERROR - [-] Unknown Exceptions for Bird Blackbellied hummingbird
2022-03-26 03:36:38,135 - ERROR - [-] Unknown Exceptions for Bird Blackbellied malkoha
2022-03-26 03:36:44,928 - ERROR - [-] Unknown Exceptions for Bird Blackbellied myzomela
2022-03-26 03:36:50,862 - ERROR - [-] Unknown Exceptions for Bird Blackbellied sandgrouse
2022-03-26 03:36:57,048 - ERROR - [-] Unknown Exceptions for Bird Blackbellied seedcracker
2022-03-26 03:37:03,171 - ERROR - [-] Unknown Exceptions for Bird Blackbellied seedeater
2022-03-26 03:37:10,070 - ERROR - [-] Unknown Exceptions for Bird Blackbellied starling
2022-03-26 03:37:16,080 - ERROR - [-] Unknown Exceptions for Bird Blackbellied storm petrel
2022-03-26 03:37:22,390 - ERROR - [-] Unknown Exceptions for Bird Blackbellied sunbird
2022-03-26 03:37:28,377 - ERROR - [-] Unknown Exceptions for Bird Blackbellied tern
2022-03-26 03:37:34,717 - ERROR - [-] Unknown Exceptions for Bird Blackbellied thorntail
2022-03-26 03:37:40,718 - ERROR - [-] Unknown Exceptions for Bird Blackbellied whistling duck
2022-03-26 03:37:46,693 - ERROR - [-] Unknown Exceptions for Bird Blackbellied wren
2022-03-26 03:37:52,814 - ERROR - [-] Unknown Exceptions for Bird Blackbelted flowerpecker
2022-03-26 03:37:58,906 - ERROR - [-] Unknown Exceptions for Bird Blackbibbed cicadabird
2022-03-26 03:38:05,237 - ERROR - [-] Unknown Exceptions for Bird Blackbibbed monarch
2022-03-26 03:38:11,435 - ERROR - [-] Unknown Exceptions for Bird Blackbibbed tit
2022-03-26 03:38:17,702 - ERROR - [-] Unknown Exceptions for Bird Blackbilled amazon
2022-03-26 03:38:23,981 - ERROR - [-] Unknown Exceptions for Bird Blackbilled barbet
2022-03-26 03:38:30,893 - ERROR - [-] Unknown Exceptions for Bird Blackbilled brushturkey
2022-03-26 03:38:37,246 - ERROR - [-] Unknown Exceptions for Bird Blackbilled capercaillie
2022-03-26 03:38:43,228 - ERROR - [-] Unknown Exceptions for Bird Blackbilled coucal
2022-03-26 03:38:49,176 - ERROR - [-] Unknown Exceptions for Bird Blackbilled cuckoo
2022-03-26 03:38:55,091 - ERROR - [-] Unknown Exceptions for Bird Blackbilled flycatcher
2022-03-26 03:39:01,394 - ERROR - [-] Unknown Exceptions for Bird Blackbilled gull
2022-03-26 03:39:07,453 - ERROR - [-] Unknown Exceptions for Bird Blackbilled koel
2022-03-26 03:39:13,797 - ERROR - [-] Unknown Exceptions for Bird Blackbilled magpie
2022-03-26 03:39:20,141 - ERROR - [-] Unknown Exceptions for Bird Blackbilled mountain toucan
2022-03-26 03:39:27,031 - ERROR - [-] Unknown Exceptions for Bird Blackbilled nightingalethrush
2022-03-26 03:39:33,714 - ERROR - [-] Unknown Exceptions for Bird Blackbilled peppershrike
2022-03-26 03:39:40,330 - ERROR - [-] Unknown Exceptions for Bird Blackbilled scythebill
2022-03-26 03:39:46,928 - ERROR - [-] Unknown Exceptions for Bird Blackbilled seed finch
2022-03-26 03:39:53,365 - ERROR - [-] Unknown Exceptions for Bird Blackbilled shriketyrant
2022-03-26 03:39:59,450 - ERROR - [-] Unknown Exceptions for Bird Blackbilled sicklebill
2022-03-26 03:40:05,866 - ERROR - [-] Unknown Exceptions for Bird Blackbilled streamertail
2022-03-26 03:40:11,838 - ERROR - [-] Unknown Exceptions for Bird Blackbilled thrush
2022-03-26 03:40:18,719 - ERROR - [-] Unknown Exceptions for Bird Blackbilled treehunter
2022-03-26 03:40:24,721 - ERROR - [-] Unknown Exceptions for Bird Blackbilled turaco
2022-03-26 03:40:31,168 - ERROR - [-] Unknown Exceptions for Bird Blackbilled weaver
2022-03-26 03:40:38,048 - ERROR - [-] Unknown Exceptions for Bird Blackbilled wood dove
2022-03-26 03:40:44,481 - ERROR - [-] Unknown Exceptions for Bird Blackbilled wood hoopoe
2022-03-26 03:40:51,260 - ERROR - [-] Unknown Exceptions for Bird Blackbodied woodpecker
2022-03-26 03:40:57,734 - ERROR - [-] Unknown Exceptions for Bird Blackbreasted barbet
2022-03-26 03:41:04,267 - ERROR - [-] Unknown Exceptions for Bird Blackbreasted boatbill
2022-03-26 03:41:10,297 - ERROR - [-] Unknown Exceptions for Bird Blackbreasted buttonquail
2022-03-26 03:41:16,694 - ERROR - [-] Unknown Exceptions for Bird Blackbreasted buzzard
2022-03-26 03:41:22,599 - ERROR - [-] Unknown Exceptions for Bird Blackbreasted hillstar
2022-03-26 03:41:28,655 - ERROR - [-] Unknown Exceptions for Bird Blackbreasted mannikin
2022-03-26 03:41:34,830 - ERROR - [-] Unknown Exceptions for Bird Blackbreasted myzomela
2022-03-26 03:41:40,968 - ERROR - [-] Unknown Exceptions for Bird Blackbreasted parrotbill
2022-03-26 03:41:47,399 - ERROR - [-] Unknown Exceptions for Bird Blackbreasted puffbird
2022-03-26 03:41:53,315 - ERROR - [-] Unknown Exceptions for Bird Blackbreasted puffleg
2022-03-26 03:41:59,680 - ERROR - [-] Unknown Exceptions for Bird Blackbreasted thrush
2022-03-26 03:42:06,081 - ERROR - [-] Unknown Exceptions for Bird Blackbreasted weaver
2022-03-26 03:42:12,914 - ERROR - [-] Unknown Exceptions for Bird Blackbreasted wood quail
2022-03-26 03:42:19,111 - ERROR - [-] Unknown Exceptions for Bird Blackbrowed albatross
2022-03-26 03:42:25,335 - ERROR - [-] Unknown Exceptions for Bird Blackbrowed babbler
2022-03-26 03:42:31,457 - ERROR - [-] Unknown Exceptions for Bird Blackbrowed barbet
2022-03-26 03:42:38,134 - ERROR - [-] Unknown Exceptions for Bird Blackbrowed bushtit
2022-03-26 03:42:44,709 - ERROR - [-] Unknown Exceptions for Bird Blackbrowed fulvetta
2022-03-26 03:42:50,834 - ERROR - [-] Unknown Exceptions for Bird Blackbrowed greenbul
2022-03-26 03:42:57,329 - ERROR - [-] Unknown Exceptions for Bird Blackbrowed reed warbler
2022-03-26 03:43:04,411 - ERROR - [-] Unknown Exceptions for Bird Blackbrowed triller
2022-03-26 03:43:10,722 - ERROR - [-] Unknown Exceptions for Bird Blackcapped antwren
2022-03-26 03:43:17,121 - ERROR - [-] Unknown Exceptions for Bird Blackcapped apalis
2022-03-26 03:43:23,486 - ERROR - [-] Unknown Exceptions for Bird Blackcapped babbler
2022-03-26 03:43:29,904 - ERROR - [-] Unknown Exceptions for Bird Blackcapped becard
2022-03-26 03:43:36,843 - ERROR - [-] Unknown Exceptions for Bird Blackcapped bulbul
2022-03-26 03:43:43,739 - ERROR - [-] Unknown Exceptions for Bird Blackcapped catbird
2022-03-26 03:43:49,858 - ERROR - [-] Unknown Exceptions for Bird Blackcapped chickadee
2022-03-26 03:43:56,517 - ERROR - [-] Unknown Exceptions for Bird Blackcapped donacobius
2022-03-26 03:44:02,379 - ERROR - [-] Unknown Exceptions for Bird Blackcapped flycatcher
2022-03-26 03:44:08,817 - ERROR - [-] Unknown Exceptions for Bird Blackcapped foliagegleaner
2022-03-26 03:44:15,804 - ERROR - [-] Unknown Exceptions for Bird Blackcapped gnatcatcher
2022-03-26 03:44:22,382 - ERROR - [-] Unknown Exceptions for Bird Blackcapped hemispingus
2022-03-26 03:44:28,515 - ERROR - [-] Unknown Exceptions for Bird Blackcapped kingfisher
2022-03-26 03:44:35,096 - ERROR - [-] Unknown Exceptions for Bird Blackcapped lory
2022-03-26 03:44:41,279 - ERROR - [-] Unknown Exceptions for Bird Blackcapped paradise kingfisher
2022-03-26 03:44:47,209 - ERROR - [-] Unknown Exceptions for Bird Blackcapped parakeet
2022-03-26 03:44:53,512 - ERROR - [-] Unknown Exceptions for Bird Blackcapped petrel
2022-03-26 03:44:59,878 - ERROR - [-] Unknown Exceptions for Bird Blackcapped piprites
2022-03-26 03:45:06,144 - ERROR - [-] Unknown Exceptions for Bird Blackcapped pygmy tyrant
2022-03-26 03:45:13,014 - ERROR - [-] Unknown Exceptions for Bird Blackcapped screech owl
2022-03-26 03:45:19,242 - ERROR - [-] Unknown Exceptions for Bird Blackcapped siskin
2022-03-26 03:45:25,753 - ERROR - [-] Unknown Exceptions for Bird Blackcapped social weaver
2022-03-26 03:45:31,878 - ERROR - [-] Unknown Exceptions for Bird Blackcapped sparrow
2022-03-26 03:45:38,629 - ERROR - [-] Unknown Exceptions for Bird Blackcapped speirops
2022-03-26 03:45:45,435 - ERROR - [-] Unknown Exceptions for Bird Blackcapped swallow
2022-03-26 03:45:51,998 - ERROR - [-] Unknown Exceptions for Bird Blackcapped tanager
2022-03-26 03:45:57,886 - ERROR - [-] Unknown Exceptions for Bird Blackcapped tinamou
2022-03-26 03:46:04,504 - ERROR - [-] Unknown Exceptions for Bird Blackcapped tyrannulet
2022-03-26 03:46:11,210 - ERROR - [-] Unknown Exceptions for Bird Blackcapped vireo
2022-03-26 03:46:18,265 - ERROR - [-] Unknown Exceptions for Bird Blackcapped warbling finch
2022-03-26 03:46:24,878 - ERROR - [-] Unknown Exceptions for Bird Blackcapped whiteeye
2022-03-26 03:46:31,670 - ERROR - [-] Unknown Exceptions for Bird Blackcapped woodland warbler
2022-03-26 03:46:38,616 - ERROR - [-] Unknown Exceptions for Bird Blackcasqued hornbill
2022-03-26 03:46:45,512 - ERROR - [-] Unknown Exceptions for Bird Blackcheeked ant tanager
2022-03-26 03:46:52,123 - ERROR - [-] Unknown Exceptions for Bird Blackcheeked gnateater
2022-03-26 03:46:58,339 - ERROR - [-] Unknown Exceptions for Bird Blackcheeked lovebird
2022-03-26 03:47:04,943 - ERROR - [-] Unknown Exceptions for Bird Blackcheeked warbler
2022-03-26 03:47:12,151 - ERROR - [-] Unknown Exceptions for Bird Blackcheeked waxbill
2022-03-26 03:47:18,578 - ERROR - [-] Unknown Exceptions for Bird Blackcheeked woodpecker
2022-03-26 03:47:25,028 - ERROR - [-] Unknown Exceptions for Bird Blackchested buzzardeagle
2022-03-26 03:47:31,955 - ERROR - [-] Unknown Exceptions for Bird Blackchested fruiteater
2022-03-26 03:47:38,348 - ERROR - [-] Unknown Exceptions for Bird Blackchested jay
2022-03-26 03:47:44,731 - ERROR - [-] Unknown Exceptions for Bird Blackchested mountain tanager
2022-03-26 03:47:51,743 - ERROR - [-] Unknown Exceptions for Bird Blackchested prinia
2022-03-26 03:47:58,043 - ERROR - [-] Unknown Exceptions for Bird Blackchested snake eagle
2022-03-26 03:48:04,257 - ERROR - [-] Unknown Exceptions for Bird Blackchested sparrow
2022-03-26 03:48:10,535 - ERROR - [-] Unknown Exceptions for Bird Blackchested tyrant
2022-03-26 03:48:17,368 - ERROR - [-] Unknown Exceptions for Bird Blackchinned antbird
2022-03-26 03:48:24,192 - ERROR - [-] Unknown Exceptions for Bird Blackchinned babbler
2022-03-26 03:48:30,796 - ERROR - [-] Unknown Exceptions for Bird Blackchinned fruit dove
2022-03-26 03:48:37,633 - ERROR - [-] Unknown Exceptions for Bird Blackchinned honeyeater
2022-03-26 03:48:43,974 - ERROR - [-] Unknown Exceptions for Bird Blackchinned hummingbird
2022-03-26 03:48:50,620 - ERROR - [-] Unknown Exceptions for Bird Blackchinned monarch
2022-03-26 03:48:56,787 - ERROR - [-] Unknown Exceptions for Bird Blackchinned mountain tanager
2022-03-26 03:49:03,680 - ERROR - [-] Unknown Exceptions for Bird Blackchinned robin
2022-03-26 03:49:10,487 - ERROR - [-] Unknown Exceptions for Bird Blackchinned siskin
2022-03-26 03:49:17,021 - ERROR - [-] Unknown Exceptions for Bird Blackchinned sparrow
2022-03-26 03:49:23,461 - ERROR - [-] Unknown Exceptions for Bird Blackchinned weaver
2022-03-26 03:49:30,410 - ERROR - [-] Unknown Exceptions for Bird Blackchinned whistler
2022-03-26 03:49:36,496 - ERROR - [-] Unknown Exceptions for Bird Blackchinned yuhina
2022-03-26 03:49:43,115 - ERROR - [-] Unknown Exceptions for Bird Blackcollared apalis
2022-03-26 03:49:49,586 - ERROR - [-] Unknown Exceptions for Bird Blackcollared barbet
2022-03-26 03:49:56,052 - ERROR - [-] Unknown Exceptions for Bird Blackcollared bulbul
2022-03-26 03:50:02,415 - ERROR - [-] Unknown Exceptions for Bird Blackcollared hawk
2022-03-26 03:50:09,240 - ERROR - [-] Unknown Exceptions for Bird Blackcollared jay
2022-03-26 03:50:16,421 - ERROR - [-] Unknown Exceptions for Bird Blackcollared lovebird
2022-03-26 03:50:22,809 - ERROR - [-] Unknown Exceptions for Bird Blackcollared starling
2022-03-26 03:50:29,074 - ERROR - [-] Unknown Exceptions for Bird Blackcollared swallow
2022-03-26 03:50:35,311 - ERROR - [-] Unknown Exceptions for Bird Blackcowled oriole
2022-03-26 03:50:41,531 - ERROR - [-] Unknown Exceptions for Bird Blackcowled saltator
2022-03-26 03:50:48,145 - ERROR - [-] Unknown Exceptions for Bird Blackcrested antshrike
2022-03-26 03:50:55,477 - ERROR - [-] Unknown Exceptions for Bird Blackcrested bulbul
2022-03-26 03:51:02,077 - ERROR - [-] Unknown Exceptions for Bird Blackcrested coquette
2022-03-26 03:51:09,297 - ERROR - [-] Unknown Exceptions for Bird Blackcrested finch
2022-03-26 03:51:15,333 - ERROR - [-] Unknown Exceptions for Bird Blackcrested tittyrant
2022-03-26 03:51:21,755 - ERROR - [-] Unknown Exceptions for Bird Blackcrested titmouse
2022-03-26 03:51:27,933 - ERROR - [-] Unknown Exceptions for Bird Blackcrested warbler
2022-03-26 03:51:34,230 - ERROR - [-] Unknown Exceptions for Bird Blackcrowned antpitta
2022-03-26 03:51:40,487 - ERROR - [-] Unknown Exceptions for Bird Blackcrowned antshrike
2022-03-26 03:51:46,967 - ERROR - [-] Unknown Exceptions for Bird Blackcrowned babbler
2022-03-26 03:51:53,286 - ERROR - [-] Unknown Exceptions for Bird Blackcrowned barwing
2022-03-26 03:51:59,495 - ERROR - [-] Unknown Exceptions for Bird Blackcrowned fulvetta
2022-03-26 03:52:05,730 - ERROR - [-] Unknown Exceptions for Bird Blackcrowned monjita
2022-03-26 03:52:11,887 - ERROR - [-] Unknown Exceptions for Bird Blackcrowned night heron
2022-03-26 03:52:18,393 - ERROR - [-] Unknown Exceptions for Bird Blackcrowned pitta
2022-03-26 03:52:24,882 - ERROR - [-] Unknown Exceptions for Bird Blackcrowned sparrowlark
2022-03-26 03:52:30,506 - ERROR - [-] Unknown Exceptions for Bird Blackcrowned tanager
2022-03-26 03:52:36,676 - ERROR - [-] Unknown Exceptions for Bird Blackcrowned tchagra
2022-03-26 03:52:42,813 - ERROR - [-] Unknown Exceptions for Bird Blackcrowned tityra
2022-03-26 03:52:48,858 - ERROR - [-] Unknown Exceptions for Bird Blackcrowned waxbill
2022-03-26 03:52:54,538 - ERROR - [-] Unknown Exceptions for Bird Blackcrowned whiteeye
2022-03-26 03:53:00,854 - ERROR - [-] Unknown Exceptions for Bird Blackdotted piculet
2022-03-26 03:53:07,515 - ERROR - [-] Unknown Exceptions for Bird Blackeared catbird
2022-03-26 03:53:14,367 - ERROR - [-] Unknown Exceptions for Bird Blackeared cuckoo
2022-03-26 03:53:21,382 - ERROR - [-] Unknown Exceptions for Bird Blackeared fairy
2022-03-26 03:53:27,679 - ERROR - [-] Unknown Exceptions for Bird Blackeared ground thrush
2022-03-26 03:53:34,296 - ERROR - [-] Unknown Exceptions for Bird Blackeared hemispingus
2022-03-26 03:53:41,198 - ERROR - [-] Unknown Exceptions for Bird Blackeared miner
2022-03-26 03:53:47,577 - ERROR - [-] Unknown Exceptions for Bird Blackeared oriole
2022-03-26 03:53:54,116 - ERROR - [-] Unknown Exceptions for Bird Blackeared seedeater
2022-03-26 03:54:00,019 - ERROR - [-] Unknown Exceptions for Bird Blackeared shrikebabbler
2022-03-26 03:54:06,070 - ERROR - [-] Unknown Exceptions for Bird Blackeared sparrowlark
2022-03-26 03:54:13,348 - ERROR - [-] Unknown Exceptions for Bird Blackeared warbler
2022-03-26 03:54:19,634 - ERROR - [-] Unknown Exceptions for Bird Blackeared wood quail
2022-03-26 03:54:26,803 - ERROR - [-] Unknown Exceptions for Bird Blackfaced antbird
2022-03-26 03:54:33,705 - ERROR - [-] Unknown Exceptions for Bird Blackfaced antthrush
2022-03-26 03:54:40,732 - ERROR - [-] Unknown Exceptions for Bird Blackfaced babbler
2022-03-26 03:54:47,942 - ERROR - [-] Unknown Exceptions for Bird Blackfaced bunting
2022-03-26 03:54:54,994 - ERROR - [-] Unknown Exceptions for Bird Blackfaced canary
2022-03-26 03:55:01,568 - ERROR - [-] Unknown Exceptions for Bird Blackfaced cormorant
2022-03-26 03:55:07,945 - ERROR - [-] Unknown Exceptions for Bird Blackfaced cotinga
2022-03-26 03:55:14,276 - ERROR - [-] Unknown Exceptions for Bird Blackfaced coucal
2022-03-26 03:55:21,131 - ERROR - [-] Unknown Exceptions for Bird Blackfaced cuckooshrike
2022-03-26 03:55:27,383 - ERROR - [-] Unknown Exceptions for Bird Blackfaced dacnis
2022-03-26 03:55:33,986 - ERROR - [-] Unknown Exceptions for Bird Blackfaced firefinch
2022-03-26 03:55:40,548 - ERROR - [-] Unknown Exceptions for Bird Blackfaced friarbird
2022-03-26 03:55:46,828 - ERROR - [-] Unknown Exceptions for Bird Blackfaced grassquit
2022-03-26 03:55:52,964 - ERROR - [-] Unknown Exceptions for Bird Blackfaced grosbeak
2022-03-26 03:55:59,064 - ERROR - [-] Unknown Exceptions for Bird Blackfaced hawk
2022-03-26 03:56:05,191 - ERROR - [-] Unknown Exceptions for Bird Blackfaced ibis
2022-03-26 03:56:11,855 - ERROR - [-] Unknown Exceptions for Bird Blackfaced laughingthrush
2022-03-26 03:56:18,144 - ERROR - [-] Unknown Exceptions for Bird Blackfaced monarch
2022-03-26 03:56:24,382 - ERROR - [-] Unknown Exceptions for Bird Blackfaced munia
2022-03-26 03:56:30,792 - ERROR - [-] Unknown Exceptions for Bird Blackfaced pitta
2022-03-26 03:56:37,634 - ERROR - [-] Unknown Exceptions for Bird Blackfaced prinia
2022-03-26 03:56:43,985 - ERROR - [-] Unknown Exceptions for Bird Blackfaced rufous warbler
2022-03-26 03:56:50,471 - ERROR - [-] Unknown Exceptions for Bird Blackfaced sandgrouse
2022-03-26 03:56:56,745 - ERROR - [-] Unknown Exceptions for Bird Blackfaced sheathbill
2022-03-26 03:57:03,635 - ERROR - [-] Unknown Exceptions for Bird Blackfaced solitaire
2022-03-26 03:57:10,392 - ERROR - [-] Unknown Exceptions for Bird Blackfaced spoonbill
2022-03-26 03:57:17,322 - ERROR - [-] Unknown Exceptions for Bird Blackfaced tanager
2022-03-26 03:57:23,686 - ERROR - [-] Unknown Exceptions for Bird Blackfaced warbler
2022-03-26 03:57:30,262 - ERROR - [-] Unknown Exceptions for Bird Blackfaced waxbill
2022-03-26 03:57:36,905 - ERROR - [-] Unknown Exceptions for Bird Blackfaced woodswallow
2022-03-26 03:57:43,382 - ERROR - [-] Unknown Exceptions for Bird Blackfooted albatross
2022-03-26 03:57:49,876 - ERROR - [-] Unknown Exceptions for Bird Blackfronted brushfinch
2022-03-26 03:57:56,287 - ERROR - [-] Unknown Exceptions for Bird Blackfronted bushshrike
2022-03-26 03:58:02,386 - ERROR - [-] Unknown Exceptions for Bird Blackfronted dotterel
2022-03-26 03:58:08,372 - ERROR - [-] Unknown Exceptions for Bird Blackfronted flowerpecker
2022-03-26 03:58:14,978 - ERROR - [-] Unknown Exceptions for Bird Blackfronted ground tyrant
2022-03-26 03:58:21,390 - ERROR - [-] Unknown Exceptions for Bird Blackfronted nunbird
2022-03-26 03:58:28,745 - ERROR - [-] Unknown Exceptions for Bird Blackfronted parakeet
2022-03-26 03:58:35,112 - ERROR - [-] Unknown Exceptions for Bird Blackfronted piping guan
2022-03-26 03:58:41,236 - ERROR - [-] Unknown Exceptions for Bird Blackfronted spurfowl
2022-03-26 03:58:47,927 - ERROR - [-] Unknown Exceptions for Bird Blackfronted tern
2022-03-26 03:58:54,382 - ERROR - [-] Unknown Exceptions for Bird Blackfronted tyrannulet
2022-03-26 03:59:00,595 - ERROR - [-] Unknown Exceptions for Bird Blackfronted whiteeye
2022-03-26 03:59:07,065 - ERROR - [-] Unknown Exceptions for Bird Blackfronted wood quail
2022-03-26 03:59:13,936 - ERROR - [-] Unknown Exceptions for Bird Blackgirdled barbet
2022-03-26 03:59:20,332 - ERROR - [-] Unknown Exceptions for Bird Blackgoggled tanager
2022-03-26 03:59:27,802 - ERROR - [-] Unknown Exceptions for Bird Blackheaded antbird
2022-03-26 03:59:34,634 - ERROR - [-] Unknown Exceptions for Bird Blackheaded antthrush
2022-03-26 03:59:41,130 - ERROR - [-] Unknown Exceptions for Bird Blackheaded apalis
2022-03-26 03:59:47,544 - ERROR - [-] Unknown Exceptions for Bird Blackheaded beeeater
2022-03-26 03:59:53,802 - ERROR - [-] Unknown Exceptions for Bird Blackheaded berryeater
2022-03-26 03:59:59,823 - ERROR - [-] Unknown Exceptions for Bird Blackheaded brushfinch
2022-03-26 04:00:06,219 - ERROR - [-] Unknown Exceptions for Bird Blackheaded bulbul
2022-03-26 04:00:12,587 - ERROR - [-] Unknown Exceptions for Bird Blackheaded bunting
2022-03-26 04:00:19,110 - ERROR - [-] Unknown Exceptions for Bird Blackheaded canary
2022-03-26 04:00:24,965 - ERROR - [-] Unknown Exceptions for Bird Blackheaded cuckooshrike
2022-03-26 04:00:34,741 - ERROR - [-] Unknown Exceptions for Bird Blackheaded duck
2022-03-26 04:00:40,739 - ERROR - [-] Unknown Exceptions for Bird Blackheaded gonolek
2022-03-26 04:00:47,028 - ERROR - [-] Unknown Exceptions for Bird Blackheaded greenfinch
2022-03-26 04:00:53,799 - ERROR - [-] Unknown Exceptions for Bird Blackheaded grosbeak
2022-03-26 04:00:59,881 - ERROR - [-] Unknown Exceptions for Bird Blackheaded gull
2022-03-26 04:01:06,015 - ERROR - [-] Unknown Exceptions for Bird Blackheaded hemispingus
2022-03-26 04:01:12,986 - ERROR - [-] Unknown Exceptions for Bird Blackheaded heron
2022-03-26 04:01:19,649 - ERROR - [-] Unknown Exceptions for Bird Blackheaded honeyeater
2022-03-26 04:01:25,640 - ERROR - [-] Unknown Exceptions for Bird Blackheaded ibis
2022-03-26 04:01:31,506 - ERROR - [-] Unknown Exceptions for Bird Blackheaded jay
2022-03-26 04:01:38,093 - ERROR - [-] Unknown Exceptions for Bird Blackheaded lapwing
2022-03-26 04:01:43,946 - ERROR - [-] Unknown Exceptions for Bird Blackheaded myzomela
2022-03-26 04:01:50,422 - ERROR - [-] Unknown Exceptions for Bird Blackheaded nightingalethrush
2022-03-26 04:01:56,752 - ERROR - [-] Unknown Exceptions for Bird Blackheaded oriole
2022-03-26 04:02:03,090 - ERROR - [-] Unknown Exceptions for Bird Blackheaded parrot
2022-03-26 04:02:09,841 - ERROR - [-] Unknown Exceptions for Bird Blackheaded parrotbill
2022-03-26 04:02:16,306 - ERROR - [-] Unknown Exceptions for Bird Blackheaded penduline tit
2022-03-26 04:02:22,712 - ERROR - [-] Unknown Exceptions for Bird Blackheaded rufous warbler
2022-03-26 04:02:28,655 - ERROR - [-] Unknown Exceptions for Bird Blackheaded saltator
2022-03-26 04:02:34,997 - ERROR - [-] Unknown Exceptions for Bird Blackheaded shrikebabbler
2022-03-26 04:02:41,686 - ERROR - [-] Unknown Exceptions for Bird Blackheaded sibia
2022-03-26 04:02:48,272 - ERROR - [-] Unknown Exceptions for Bird Blackheaded siskin
2022-03-26 04:02:54,761 - ERROR - [-] Unknown Exceptions for Bird Blackheaded tailorbird
2022-03-26 04:03:01,744 - ERROR - [-] Unknown Exceptions for Bird Blackheaded tanager
2022-03-26 04:03:08,767 - ERROR - [-] Unknown Exceptions for Bird Blackheaded todyflycatcher
2022-03-26 04:03:15,970 - ERROR - [-] Unknown Exceptions for Bird Blackheaded trogon
2022-03-26 04:03:22,912 - ERROR - [-] Unknown Exceptions for Bird Blackheaded waxbill
2022-03-26 04:03:29,232 - ERROR - [-] Unknown Exceptions for Bird Blackheaded weaver
2022-03-26 04:03:36,200 - ERROR - [-] Unknown Exceptions for Bird Blackheaded whistler
2022-03-26 04:03:42,479 - ERROR - [-] Unknown Exceptions for Bird Blackheaded woodpecker
2022-03-26 04:03:48,298 - ERROR - [-] Unknown Exceptions for Bird Blackhooded antshrike
2022-03-26 04:03:55,126 - ERROR - [-] Unknown Exceptions for Bird Blackhooded antwren
2022-03-26 04:04:01,860 - ERROR - [-] Unknown Exceptions for Bird Blackhooded coucal
2022-03-26 04:04:08,653 - ERROR - [-] Unknown Exceptions for Bird Blackhooded laughingthrush
2022-03-26 04:04:15,928 - ERROR - [-] Unknown Exceptions for Bird Blackhooded oriole
2022-03-26 04:04:22,401 - ERROR - [-] Unknown Exceptions for Bird Blackhooded sierra finch
2022-03-26 04:04:29,414 - ERROR - [-] Unknown Exceptions for Bird Blackhooded sunbeam
2022-03-26 04:04:35,418 - ERROR - [-] Unknown Exceptions for Bird Blackhooded thrush
2022-03-26 04:04:41,652 - ERROR - [-] Unknown Exceptions for Bird Blacklegged dacnis
2022-03-26 04:04:48,268 - ERROR - [-] Unknown Exceptions for Bird Blacklegged kittiwake
2022-03-26 04:04:54,279 - ERROR - [-] Unknown Exceptions for Bird Blacklegged parrot
2022-03-26 04:05:00,969 - ERROR - [-] Unknown Exceptions for Bird Blacklegged seriema
2022-03-26 04:05:09,263 - ERROR - [-] Unknown Exceptions for Bird Blacklored babbler
2022-03-26 04:05:15,820 - ERROR - [-] Unknown Exceptions for Bird Blacklored cisticola
2022-03-26 04:05:21,971 - ERROR - [-] Unknown Exceptions for Bird Blacklored parrot
2022-03-26 04:05:28,014 - ERROR - [-] Unknown Exceptions for Bird Blacklored waxbill
2022-03-26 04:05:34,450 - ERROR - [-] Unknown Exceptions for Bird Blacklored yellowthroat
2022-03-26 04:05:41,401 - ERROR - [-] Unknown Exceptions for Bird Blackmantled goshawk
2022-03-26 04:05:47,937 - ERROR - [-] Unknown Exceptions for Bird Blackmasked finch
2022-03-26 04:05:54,263 - ERROR - [-] Unknown Exceptions for Bird Blacknaped fruit dove
2022-03-26 04:06:01,041 - ERROR - [-] Unknown Exceptions for Bird Blacknaped monarch
2022-03-26 04:06:07,782 - ERROR - [-] Unknown Exceptions for Bird Blacknaped oriole
2022-03-26 04:06:14,171 - ERROR - [-] Unknown Exceptions for Bird Blacknaped tern
2022-03-26 04:06:20,761 - ERROR - [-] Unknown Exceptions for Bird Blacknecked aracari
2022-03-26 04:06:27,256 - ERROR - [-] Unknown Exceptions for Bird Blacknecked crane
2022-03-26 04:06:34,489 - ERROR - [-] Unknown Exceptions for Bird Blacknecked eremomela
2022-03-26 04:06:41,294 - ERROR - [-] Unknown Exceptions for Bird Blacknecked grebe
2022-03-26 04:06:47,792 - ERROR - [-] Unknown Exceptions for Bird Blacknecked red cotinga
2022-03-26 04:06:53,997 - ERROR - [-] Unknown Exceptions for Bird Blacknecked stilt
2022-03-26 04:07:00,291 - ERROR - [-] Unknown Exceptions for Bird Blacknecked stork
2022-03-26 04:07:06,293 - ERROR - [-] Unknown Exceptions for Bird Blacknecked swan
2022-03-26 04:07:12,583 - ERROR - [-] Unknown Exceptions for Bird Blacknecked wattleeye
2022-03-26 04:07:19,713 - ERROR - [-] Unknown Exceptions for Bird Blacknecked weaver
2022-03-26 04:07:25,703 - ERROR - [-] Unknown Exceptions for Bird Blacknecked woodpecker
2022-03-26 04:07:32,750 - ERROR - [-] Unknown Exceptions for Bird Blacknecklaced honeyeater
2022-03-26 04:07:39,825 - ERROR - [-] Unknown Exceptions for Bird Blacknecklaced scimitar babbler
2022-03-26 04:07:46,343 - ERROR - [-] Unknown Exceptions for Bird Blacknest swiftlet
2022-03-26 04:07:52,800 - ERROR - [-] Unknown Exceptions for Bird Blackpolled yellowthroat
2022-03-26 04:07:59,444 - ERROR - [-] Unknown Exceptions for Bird Blackringed whiteeye
2022-03-26 04:08:05,498 - ERROR - [-] Unknown Exceptions for Bird Blackrumped buttonquail
2022-03-26 04:08:12,488 - ERROR - [-] Unknown Exceptions for Bird Blackrumped flameback
2022-03-26 04:08:18,902 - ERROR - [-] Unknown Exceptions for Bird Blackrumped magpie
2022-03-26 04:08:25,666 - ERROR - [-] Unknown Exceptions for Bird Blackrumped waxbill
2022-03-26 04:08:32,373 - ERROR - [-] Unknown Exceptions for Bird Blackshouldered cicadabird
2022-03-26 04:08:39,227 - ERROR - [-] Unknown Exceptions for Bird Blackshouldered kite
2022-03-26 04:08:45,756 - ERROR - [-] Unknown Exceptions for Bird Blackshouldered nightjar
2022-03-26 04:08:52,144 - ERROR - [-] Unknown Exceptions for Bird Blacksided flowerpecker
2022-03-26 04:08:58,478 - ERROR - [-] Unknown Exceptions for Bird Blacksided robin
2022-03-26 04:09:04,846 - ERROR - [-] Unknown Exceptions for Bird Blackspectacled brushfinch
2022-03-26 04:09:13,629 - ERROR - [-] Unknown Exceptions for Bird Blackspotted barbet
2022-03-26 04:09:20,642 - ERROR - [-] Unknown Exceptions for Bird Blackspotted bareeye
2022-03-26 04:09:26,526 - ERROR - [-] Unknown Exceptions for Bird Blackstreaked puffbird
2022-03-26 04:09:33,280 - ERROR - [-] Unknown Exceptions for Bird Blackstreaked scimitar babbler
2022-03-26 04:09:39,731 - ERROR - [-] Unknown Exceptions for Bird Blackstriped sparrow
2022-03-26 04:09:45,884 - ERROR - [-] Unknown Exceptions for Bird Blackstriped woodcreeper
2022-03-26 04:09:51,948 - ERROR - [-] Unknown Exceptions for Bird Blacktailed antbird
2022-03-26 04:09:57,846 - ERROR - [-] Unknown Exceptions for Bird Blacktailed cisticola
2022-03-26 04:10:04,130 - ERROR - [-] Unknown Exceptions for Bird Blacktailed crake
2022-03-26 04:10:11,922 - ERROR - [-] Unknown Exceptions for Bird Blacktailed gnatcatcher
2022-03-26 04:10:18,277 - ERROR - [-] Unknown Exceptions for Bird Blacktailed godwit
2022-03-26 04:10:24,854 - ERROR - [-] Unknown Exceptions for Bird Blacktailed gull
2022-03-26 04:10:31,437 - ERROR - [-] Unknown Exceptions for Bird Blacktailed leaftosser
2022-03-26 04:10:38,076 - ERROR - [-] Unknown Exceptions for Bird Blacktailed monarch
2022-03-26 04:10:44,583 - ERROR - [-] Unknown Exceptions for Bird Blacktailed myiobius
2022-03-26 04:10:51,374 - ERROR - [-] Unknown Exceptions for Bird Blacktailed nativehen
2022-03-26 04:10:58,562 - ERROR - [-] Unknown Exceptions for Bird Blacktailed tityra
2022-03-26 04:11:04,635 - ERROR - [-] Unknown Exceptions for Bird Blacktailed trainbearer
2022-03-26 04:11:11,575 - ERROR - [-] Unknown Exceptions for Bird Blacktailed treecreeper
2022-03-26 04:11:17,849 - ERROR - [-] Unknown Exceptions for Bird Blacktailed trogon
2022-03-26 04:11:24,661 - ERROR - [-] Unknown Exceptions for Bird Blackthighed falconet
2022-03-26 04:11:31,088 - ERROR - [-] Unknown Exceptions for Bird Blackthighed grosbeak
2022-03-26 04:11:37,446 - ERROR - [-] Unknown Exceptions for Bird Blackthighed puffleg
2022-03-26 04:11:44,118 - ERROR - [-] Unknown Exceptions for Bird Blackthroated accentor
2022-03-26 04:11:51,059 - ERROR - [-] Unknown Exceptions for Bird Blackthroated antbird
2022-03-26 04:11:57,563 - ERROR - [-] Unknown Exceptions for Bird Blackthroated antshrike
2022-03-26 04:12:03,806 - ERROR - [-] Unknown Exceptions for Bird Blackthroated apalis
2022-03-26 04:12:09,965 - ERROR - [-] Unknown Exceptions for Bird Blackthroated babbler
2022-03-26 04:12:16,396 - ERROR - [-] Unknown Exceptions for Bird Blackthroated barbet
2022-03-26 04:12:22,482 - ERROR - [-] Unknown Exceptions for Bird Blackthroated blue warbler
2022-03-26 04:12:29,332 - ERROR - [-] Unknown Exceptions for Bird Blackthroated brilliant
2022-03-26 04:12:36,150 - ERROR - [-] Unknown Exceptions for Bird Blackthroated bushtit
2022-03-26 04:12:42,338 - ERROR - [-] Unknown Exceptions for Bird Blackthroated canary
2022-03-26 04:12:48,952 - ERROR - [-] Unknown Exceptions for Bird Blackthroated coucal
2022-03-26 04:12:55,547 - ERROR - [-] Unknown Exceptions for Bird Blackthroated euphonia
2022-03-26 04:13:02,753 - ERROR - [-] Unknown Exceptions for Bird Blackthroated finch
2022-03-26 04:13:09,890 - ERROR - [-] Unknown Exceptions for Bird Blackthroated flowerpiercer
2022-03-26 04:13:16,542 - ERROR - [-] Unknown Exceptions for Bird Blackthroated gray warbler
2022-03-26 04:13:23,183 - ERROR - [-] Unknown Exceptions for Bird Blackthroated green warbler
2022-03-26 04:13:29,837 - ERROR - [-] Unknown Exceptions for Bird Blackthroated grosbeak
2022-03-26 04:13:36,979 - ERROR - [-] Unknown Exceptions for Bird Blackthroated hermit
2022-03-26 04:13:44,096 - ERROR - [-] Unknown Exceptions for Bird Blackthroated honeyeater
2022-03-26 04:13:51,337 - ERROR - [-] Unknown Exceptions for Bird Blackthroated huethuet
2022-03-26 04:13:58,605 - ERROR - [-] Unknown Exceptions for Bird Blackthroated jay
2022-03-26 04:14:04,920 - ERROR - [-] Unknown Exceptions for Bird Blackthroated laughingthrush
2022-03-26 04:14:11,635 - ERROR - [-] Unknown Exceptions for Bird Blackthroated loon
2022-03-26 04:14:17,972 - ERROR - [-] Unknown Exceptions for Bird Blackthroated magpiejay
2022-03-26 04:14:24,499 - ERROR - [-] Unknown Exceptions for Bird Blackthroated mango
2022-03-26 04:14:31,670 - ERROR - [-] Unknown Exceptions for Bird Blackthroated munia
2022-03-26 04:14:38,957 - ERROR - [-] Unknown Exceptions for Bird Blackthroated parrotbill
2022-03-26 04:14:45,878 - ERROR - [-] Unknown Exceptions for Bird Blackthroated prinia
2022-03-26 04:14:52,064 - ERROR - [-] Unknown Exceptions for Bird Blackthroated robin
2022-03-26 04:14:58,351 - ERROR - [-] Unknown Exceptions for Bird Blackthroated saltator
2022-03-26 04:15:04,482 - ERROR - [-] Unknown Exceptions for Bird Blackthroated shriketanager
2022-03-26 04:15:11,065 - ERROR - [-] Unknown Exceptions for Bird Blackthroated shrikebill
2022-03-26 04:15:17,655 - ERROR - [-] Unknown Exceptions for Bird Blackthroated sparrow
2022-03-26 04:15:24,218 - ERROR - [-] Unknown Exceptions for Bird Blackthroated spinetail
2022-03-26 04:15:30,906 - ERROR - [-] Unknown Exceptions for Bird Blackthroated sunbird
2022-03-26 04:15:37,162 - ERROR - [-] Unknown Exceptions for Bird Blackthroated thistletail
2022-03-26 04:15:43,988 - ERROR - [-] Unknown Exceptions for Bird Blackthroated thrush
2022-03-26 04:15:50,523 - ERROR - [-] Unknown Exceptions for Bird Blackthroated todytyrant
2022-03-26 04:15:56,717 - ERROR - [-] Unknown Exceptions for Bird Blackthroated toucanet
2022-03-26 04:16:02,739 - ERROR - [-] Unknown Exceptions for Bird Blackthroated trogon
2022-03-26 04:16:09,021 - ERROR - [-] Unknown Exceptions for Bird Blackthroated wattleeye
2022-03-26 04:16:15,596 - ERROR - [-] Unknown Exceptions for Bird Blackthroated whipbird
2022-03-26 04:16:21,811 - ERROR - [-] Unknown Exceptions for Bird Blackthroated wren
2022-03-26 04:16:28,025 - ERROR - [-] Unknown Exceptions for Bird Blackthroated wrenbabbler
2022-03-26 04:16:34,137 - ERROR - [-] Unknown Exceptions for Bird Blacktipped cotinga
2022-03-26 04:16:40,177 - ERROR - [-] Unknown Exceptions for Bird Blacktipped monarch
2022-03-26 04:16:46,389 - ERROR - [-] Unknown Exceptions for Bird Blackvented oriole
2022-03-26 04:16:52,964 - ERROR - [-] Unknown Exceptions for Bird Blackvented shearwater
2022-03-26 04:16:59,387 - ERROR - [-] Unknown Exceptions for Bird Blackwhiskered vireo
2022-03-26 04:17:05,745 - ERROR - [-] Unknown Exceptions for Bird Blackwinged cuckooshrike
2022-03-26 04:17:11,706 - ERROR - [-] Unknown Exceptions for Bird Blackwinged flycatchershrike
2022-03-26 04:17:17,715 - ERROR - [-] Unknown Exceptions for Bird Blackwinged ground dove
2022-03-26 04:17:24,060 - ERROR - [-] Unknown Exceptions for Bird Blackwinged kite
2022-03-26 04:17:30,111 - ERROR - [-] Unknown Exceptions for Bird Blackwinged lapwing
2022-03-26 04:17:36,109 - ERROR - [-] Unknown Exceptions for Bird Blackwinged lory
2022-03-26 04:17:41,919 - ERROR - [-] Unknown Exceptions for Bird Blackwinged lovebird
2022-03-26 04:17:48,222 - ERROR - [-] Unknown Exceptions for Bird Blackwinged monarch
2022-03-26 04:17:54,193 - ERROR - [-] Unknown Exceptions for Bird Blackwinged oriole
2022-03-26 04:18:00,215 - ERROR - [-] Unknown Exceptions for Bird Blackwinged parrot
2022-03-26 04:18:06,221 - ERROR - [-] Unknown Exceptions for Bird Blackwinged petrel
2022-03-26 04:18:12,323 - ERROR - [-] Unknown Exceptions for Bird Blackwinged pratincole
2022-03-26 04:18:18,951 - ERROR - [-] Unknown Exceptions for Bird Blackwinged red bishop
2022-03-26 04:18:24,948 - ERROR - [-] Unknown Exceptions for Bird Blackwinged saltator
2022-03-26 04:18:31,031 - ERROR - [-] Unknown Exceptions for Bird Blackwinged snowfinch
2022-03-26 04:18:37,457 - ERROR - [-] Unknown Exceptions for Bird Blackwinged starling
2022-03-26 04:18:43,301 - ERROR - [-] Unknown Exceptions for Bird Blackwinged stilt
2022-03-26 04:19:18,293 - ERROR - [-] Unknown Exceptions for Bird Blackish chattyrant
2022-03-26 04:20:22,817 - ERROR - [-] Unknown Exceptions for Bird Blackishblue seedeater
2022-03-26 04:20:30,243 - ERROR - [-] Unknown Exceptions for Bird Blackishgrey antshrike
2022-03-26 04:20:35,960 - ERROR - [-] Unknown Exceptions for Bird Blackishheaded spinetail
2022-03-26 04:21:45,976 - ERROR - [-] Unknown Exceptions for Bird Blazewinged parakeet
2022-03-26 04:21:51,925 - ERROR - [-] Unknown Exceptions for Bird Blondcrested woodpecker
2022-03-26 04:22:05,250 - ERROR - [-] Unknown Exceptions for Bird Bloodbreasted flowerpecker
2022-03-26 04:22:29,444 - ERROR - [-] Unknown Exceptions for Bird Bloodcolored woodpecker
2022-03-26 04:22:36,361 - ERROR - [-] Unknown Exceptions for Bird Bloodeared parakeet
2022-03-26 04:22:43,053 - ERROR - [-] Unknown Exceptions for Bird Blossomheaded parakeet
2022-03-26 04:22:58,455 - ERROR - [-] Unknown Exceptions for Bird Blue birdofparadise
2022-03-26 04:24:29,992 - ERROR - [-] Unknown Exceptions for Bird Blue jewelbabbler
2022-03-26 04:24:36,590 - ERROR - [-] Unknown Exceptions for Bird Blue korhaan
2022-03-26 04:26:12,076 - ERROR - [-] Unknown Exceptions for Bird Blue waxbill
2022-03-26 04:26:24,538 - ERROR - [-] Unknown Exceptions for Bird Blueandblack tanager
2022-03-26 04:26:30,227 - ERROR - [-] Unknown Exceptions for Bird Blueandgold tanager
2022-03-26 04:26:36,124 - ERROR - [-] Unknown Exceptions for Bird Blueandwhite flycatcher
2022-03-26 04:26:42,503 - ERROR - [-] Unknown Exceptions for Bird Blueandwhite kingfisher
2022-03-26 04:26:48,653 - ERROR - [-] Unknown Exceptions for Bird Blueandwhite mockingbird
2022-03-26 04:26:54,847 - ERROR - [-] Unknown Exceptions for Bird Blueandwhite swallow
2022-03-26 04:27:01,076 - ERROR - [-] Unknown Exceptions for Bird Blueandyellow macaw
2022-03-26 04:27:07,725 - ERROR - [-] Unknown Exceptions for Bird Blueandyellow tanager
2022-03-26 04:27:13,894 - ERROR - [-] Unknown Exceptions for Bird Bluebacked conebill
2022-03-26 04:27:20,123 - ERROR - [-] Unknown Exceptions for Bird Bluebacked manakin
2022-03-26 04:27:26,072 - ERROR - [-] Unknown Exceptions for Bird Bluebacked parrot
2022-03-26 04:27:33,941 - ERROR - [-] Unknown Exceptions for Bird Bluebacked tanager
2022-03-26 04:27:39,951 - ERROR - [-] Unknown Exceptions for Bird Bluebanded kingfisher
2022-03-26 04:27:45,866 - ERROR - [-] Unknown Exceptions for Bird Bluebanded pitta
2022-03-26 04:27:51,813 - ERROR - [-] Unknown Exceptions for Bird Bluebanded toucanet
2022-03-26 04:27:57,495 - ERROR - [-] Unknown Exceptions for Bird Bluebearded beeeater
2022-03-26 04:28:03,321 - ERROR - [-] Unknown Exceptions for Bird Bluebearded helmetcrest
2022-03-26 04:28:09,038 - ERROR - [-] Unknown Exceptions for Bird Bluebellied parrot
2022-03-26 04:28:15,024 - ERROR - [-] Unknown Exceptions for Bird Bluebellied roller
2022-03-26 04:28:21,363 - ERROR - [-] Unknown Exceptions for Bird Bluebilled black tyrant
2022-03-26 04:28:27,745 - ERROR - [-] Unknown Exceptions for Bird Bluebilled curassow
2022-03-26 04:28:33,847 - ERROR - [-] Unknown Exceptions for Bird Bluebilled duck
2022-03-26 04:28:39,408 - ERROR - [-] Unknown Exceptions for Bird Bluebilled malimbe
2022-03-26 04:28:45,118 - ERROR - [-] Unknown Exceptions for Bird Bluebilled teal
2022-03-26 04:28:51,967 - ERROR - [-] Unknown Exceptions for Bird Blueblack grassquit
2022-03-26 04:28:58,129 - ERROR - [-] Unknown Exceptions for Bird Blueblack grosbeak
2022-03-26 04:29:04,680 - ERROR - [-] Unknown Exceptions for Bird Blueblack kingfisher
2022-03-26 04:29:10,989 - ERROR - [-] Unknown Exceptions for Bird Bluebreasted beeeater
2022-03-26 04:29:17,504 - ERROR - [-] Unknown Exceptions for Bird Bluebreasted blue flycatcher
2022-03-26 04:29:23,649 - ERROR - [-] Unknown Exceptions for Bird Bluebreasted fairywren
2022-03-26 04:29:30,260 - ERROR - [-] Unknown Exceptions for Bird Bluebreasted kingfisher
2022-03-26 04:29:36,501 - ERROR - [-] Unknown Exceptions for Bird Bluebrowed tanager
2022-03-26 04:29:43,535 - ERROR - [-] Unknown Exceptions for Bird Bluecapped cordonbleu
2022-03-26 04:29:49,031 - ERROR - [-] Unknown Exceptions for Bird Bluecapped fruit dove
2022-03-26 04:29:54,858 - ERROR - [-] Unknown Exceptions for Bird Bluecapped ifrit
2022-03-26 04:30:01,171 - ERROR - [-] Unknown Exceptions for Bird Bluecapped motmot
2022-03-26 04:30:08,473 - ERROR - [-] Unknown Exceptions for Bird Bluecapped puffleg
2022-03-26 04:30:14,867 - ERROR - [-] Unknown Exceptions for Bird Bluecapped redstart
2022-03-26 04:30:21,184 - ERROR - [-] Unknown Exceptions for Bird Bluecapped rock thrush
2022-03-26 04:30:27,336 - ERROR - [-] Unknown Exceptions for Bird Bluecapped tanager
2022-03-26 04:30:33,535 - ERROR - [-] Unknown Exceptions for Bird Bluecheeked amazon
2022-03-26 04:30:39,545 - ERROR - [-] Unknown Exceptions for Bird Bluecheeked beeeater
2022-03-26 04:30:45,871 - ERROR - [-] Unknown Exceptions for Bird Bluecheeked flowerpecker
2022-03-26 04:30:51,900 - ERROR - [-] Unknown Exceptions for Bird Bluechested hummingbird
2022-03-26 04:30:57,893 - ERROR - [-] Unknown Exceptions for Bird Bluechinned sapphire
2022-03-26 04:31:04,302 - ERROR - [-] Unknown Exceptions for Bird Bluecollared parrot
2022-03-26 04:31:10,674 - ERROR - [-] Unknown Exceptions for Bird Bluecrowned chlorophonia
2022-03-26 04:31:16,827 - ERROR - [-] Unknown Exceptions for Bird Bluecrowned hanging parrot
2022-03-26 04:31:23,271 - ERROR - [-] Unknown Exceptions for Bird Bluecrowned laughingthrush
2022-03-26 04:31:29,062 - ERROR - [-] Unknown Exceptions for Bird Bluecrowned lorikeet
2022-03-26 04:31:34,692 - ERROR - [-] Unknown Exceptions for Bird Bluecrowned manakin
2022-03-26 04:31:40,879 - ERROR - [-] Unknown Exceptions for Bird Bluecrowned parakeet
2022-03-26 04:31:47,128 - ERROR - [-] Unknown Exceptions for Bird Bluecrowned rackettail
2022-03-26 04:31:53,525 - ERROR - [-] Unknown Exceptions for Bird Bluecrowned trogon
2022-03-26 04:31:59,890 - ERROR - [-] Unknown Exceptions for Bird Blueeared barbet
2022-03-26 04:32:05,982 - ERROR - [-] Unknown Exceptions for Bird Blueeared kingfisher
2022-03-26 04:32:12,123 - ERROR - [-] Unknown Exceptions for Bird Blueeared lory
2022-03-26 04:32:18,360 - ERROR - [-] Unknown Exceptions for Bird Blueeyed cockatoo
2022-03-26 04:32:24,477 - ERROR - [-] Unknown Exceptions for Bird Blueeyed ground dove
2022-03-26 04:32:30,964 - ERROR - [-] Unknown Exceptions for Bird Bluefaced honeyeater
2022-03-26 04:32:37,373 - ERROR - [-] Unknown Exceptions for Bird Bluefaced malkoha
2022-03-26 04:32:43,479 - ERROR - [-] Unknown Exceptions for Bird Bluefaced parrotfinch
2022-03-26 04:32:49,152 - ERROR - [-] Unknown Exceptions for Bird Bluefaced rail
2022-03-26 04:32:55,214 - ERROR - [-] Unknown Exceptions for Bird Bluefooted booby
2022-03-26 04:33:01,777 - ERROR - [-] Unknown Exceptions for Bird Bluefronted blue flycatcher
2022-03-26 04:33:08,131 - ERROR - [-] Unknown Exceptions for Bird Bluefronted lancebill
2022-03-26 04:33:14,025 - ERROR - [-] Unknown Exceptions for Bird Bluefronted lorikeet
2022-03-26 04:33:20,199 - ERROR - [-] Unknown Exceptions for Bird Bluefronted parrotlet
2022-03-26 04:34:35,322 - ERROR - [-] Unknown Exceptions for Bird Bluefronted redstart
2022-03-26 04:34:42,572 - ERROR - [-] Unknown Exceptions for Bird Bluefronted robin
2022-03-26 04:34:48,935 - ERROR - [-] Unknown Exceptions for Bird Bluegray gnatcatcher
2022-03-26 04:34:55,321 - ERROR - [-] Unknown Exceptions for Bird Bluegray tanager
2022-03-26 04:35:01,449 - ERROR - [-] Unknown Exceptions for Bird Blueheaded beeeater
2022-03-26 04:35:07,836 - ERROR - [-] Unknown Exceptions for Bird Blueheaded coucal
2022-03-26 04:35:14,154 - ERROR - [-] Unknown Exceptions for Bird Blueheaded crested flycatcher
2022-03-26 04:35:21,162 - ERROR - [-] Unknown Exceptions for Bird Blueheaded fantail
2022-03-26 04:35:27,591 - ERROR - [-] Unknown Exceptions for Bird Blueheaded hummingbird
2022-03-26 04:35:33,579 - ERROR - [-] Unknown Exceptions for Bird Blueheaded macaw
2022-03-26 04:35:39,649 - ERROR - [-] Unknown Exceptions for Bird Blueheaded parrot
2022-03-26 04:35:45,924 - ERROR - [-] Unknown Exceptions for Bird Blueheaded pitta
2022-03-26 04:35:51,883 - ERROR - [-] Unknown Exceptions for Bird Blueheaded quaildove
2022-03-26 04:35:58,214 - ERROR - [-] Unknown Exceptions for Bird Blueheaded rackettail
2022-03-26 04:36:04,459 - ERROR - [-] Unknown Exceptions for Bird Blueheaded sapphire
2022-03-26 04:36:10,923 - ERROR - [-] Unknown Exceptions for Bird Blueheaded sunbird
2022-03-26 04:36:17,174 - ERROR - [-] Unknown Exceptions for Bird Blueheaded vireo
2022-03-26 04:36:23,120 - ERROR - [-] Unknown Exceptions for Bird Blueheaded wood dove
2022-03-26 04:36:29,345 - ERROR - [-] Unknown Exceptions for Bird Bluelored antbird
2022-03-26 04:36:36,226 - ERROR - [-] Unknown Exceptions for Bird Bluemantled crested flycatcher
2022-03-26 04:36:42,743 - ERROR - [-] Unknown Exceptions for Bird Bluemantled thornbill
2022-03-26 04:36:49,744 - ERROR - [-] Unknown Exceptions for Bird Bluemasked leafbird
2022-03-26 04:36:56,554 - ERROR - [-] Unknown Exceptions for Bird Bluemoustached beeeater
2022-03-26 04:37:03,734 - ERROR - [-] Unknown Exceptions for Bird Bluenaped chlorophonia
2022-03-26 04:37:10,059 - ERROR - [-] Unknown Exceptions for Bird Bluenaped mousebird
2022-03-26 04:37:15,848 - ERROR - [-] Unknown Exceptions for Bird Bluenaped parrot
2022-03-26 04:37:21,648 - ERROR - [-] Unknown Exceptions for Bird Bluenaped pitta
2022-03-26 04:37:27,649 - ERROR - [-] Unknown Exceptions for Bird Bluenecked jacamar
2022-03-26 04:37:33,656 - ERROR - [-] Unknown Exceptions for Bird Bluenecked tanager
2022-03-26 04:37:39,914 - ERROR - [-] Unknown Exceptions for Bird Bluerumped manakin
2022-03-26 04:37:45,854 - ERROR - [-] Unknown Exceptions for Bird Bluerumped parrot
2022-03-26 04:37:51,926 - ERROR - [-] Unknown Exceptions for Bird Bluerumped pitta
2022-03-26 04:37:57,715 - ERROR - [-] Unknown Exceptions for Bird Blueshouldered robinchat
2022-03-26 04:38:03,699 - ERROR - [-] Unknown Exceptions for Bird Bluespotted wood dove
2022-03-26 04:38:09,591 - ERROR - [-] Unknown Exceptions for Bird Bluestreaked lory
2022-03-26 04:38:15,649 - ERROR - [-] Unknown Exceptions for Bird Bluetailed beeeater
2022-03-26 04:38:21,519 - ERROR - [-] Unknown Exceptions for Bird Bluetailed emerald
2022-03-26 04:38:27,946 - ERROR - [-] Unknown Exceptions for Bird Bluetailed hummingbird
2022-03-26 04:38:33,875 - ERROR - [-] Unknown Exceptions for Bird Bluethroated barbet
2022-03-26 04:38:40,146 - ERROR - [-] Unknown Exceptions for Bird Bluethroated beeeater
