2022-03-26 01:51:21,249 - ERROR - [-] Unknown Exceptions for Bird Dullblue flycatcher
2022-03-26 01:51:28,817 - ERROR - [-] Unknown Exceptions for Bird Dullcoloured grassquit
2022-03-26 01:51:35,919 - ERROR - [-] Unknown Exceptions for Bird Dullmantled antbird
2022-03-26 01:52:53,082 - ERROR - [-] Unknown Exceptions for Bird Dusky bush tanager
2022-03-26 01:53:30,153 - ERROR - [-] Unknown Exceptions for Bird Dusky eagleowl
2022-03-26 01:54:33,256 - ERROR - [-] Unknown Exceptions for Bird Dusky indigobird
2022-03-26 01:54:49,953 - ERROR - [-] Unknown Exceptions for Bird Dusky leaftosser
2022-03-26 01:54:57,948 - ERROR - [-] Unknown Exceptions for Bird Dusky longtailed cuckoo
2022-03-26 01:55:15,428 - ERROR - [-] Unknown Exceptions for Bird Dusky megapode
2022-03-26 01:58:12,938 - ERROR - [-] Unknown Exceptions for Bird Dusky whiteeye
2022-03-26 01:58:28,355 - ERROR - [-] Unknown Exceptions for Bird Duskybacked jacamar
2022-03-26 01:58:35,088 - ERROR - [-] Unknown Exceptions for Bird Duskybilled parrotlet
2022-03-26 01:58:42,666 - ERROR - [-] Unknown Exceptions for Bird Duskyblue flycatcher
2022-03-26 01:58:50,475 - ERROR - [-] Unknown Exceptions for Bird Duskybrown oriole
2022-03-26 01:58:57,751 - ERROR - [-] Unknown Exceptions for Bird Duskycapped flycatcher
2022-03-26 01:59:04,697 - ERROR - [-] Unknown Exceptions for Bird Duskycapped greenlet
2022-03-26 01:59:11,455 - ERROR - [-] Unknown Exceptions for Bird Duskychested flycatcher
2022-03-26 01:59:18,917 - ERROR - [-] Unknown Exceptions for Bird Duskyfaced tanager
2022-03-26 01:59:25,584 - ERROR - [-] Unknown Exceptions for Bird Duskygreen oropendola
2022-03-26 01:59:32,146 - ERROR - [-] Unknown Exceptions for Bird Duskyheaded brushfinch
2022-03-26 01:59:38,881 - ERROR - [-] Unknown Exceptions for Bird Duskyheaded parakeet
2022-03-26 01:59:45,314 - ERROR - [-] Unknown Exceptions for Bird Duskylegged guan
2022-03-26 01:59:52,201 - ERROR - [-] Unknown Exceptions for Bird Duskytailed antbird
2022-03-26 01:59:58,958 - ERROR - [-] Unknown Exceptions for Bird Duskytailed canastero
2022-03-26 02:00:05,947 - ERROR - [-] Unknown Exceptions for Bird Duskytailed flatbill
2022-03-26 02:00:12,506 - ERROR - [-] Unknown Exceptions for Bird Duskythroated antshrike
2022-03-26 02:00:20,090 - ERROR - [-] Unknown Exceptions for Bird Duskythroated hermit
2022-03-26 02:01:30,191 - ERROR - [-] Unknown Exceptions for Bird Dwarf longbill
2022-03-26 02:01:37,532 - ERROR - [-] Unknown Exceptions for Bird Dwarf sparrowhawk
2022-03-26 02:01:52,943 - ERROR - [-] Unknown Exceptions for Bird Dwarf tyrantmanakin
2022-03-26 02:03:04,631 - ERROR - [-] Unknown Exceptions for Bird East Amazonian fireeye
2022-03-26 02:03:29,925 - ERROR - [-] Unknown Exceptions for Bird East Brazilian pygmy owl
2022-03-26 02:03:37,358 - ERROR - [-] Unknown Exceptions for Bird East Coast boubou
2022-03-26 02:04:12,945 - ERROR - [-] Unknown Exceptions for Bird Eastern alpine mannikin
2022-03-26 02:04:20,198 - ERROR - [-] Unknown Exceptions for Bird Eastern barn owl
2022-03-26 02:04:36,346 - ERROR - [-] Unknown Exceptions for Bird Eastern blackeared wheatear
2022-03-26 02:04:43,821 - ERROR - [-] Unknown Exceptions for Bird Eastern blackheaded batis
2022-03-26 02:04:59,929 - ERROR - [-] Unknown Exceptions for Bird Eastern bluebonnet
2022-03-26 02:05:17,494 - ERROR - [-] Unknown Exceptions for Bird Eastern bronzenaped pigeon
2022-03-26 02:05:33,799 - ERROR - [-] Unknown Exceptions for Bird Eastern cattle egret
2022-03-26 02:05:50,515 - ERROR - [-] Unknown Exceptions for Bird Eastern chattanager
2022-03-26 02:06:14,085 - ERROR - [-] Unknown Exceptions for Bird Eastern doublecollared sunbird
2022-03-26 02:06:21,581 - ERROR - [-] Unknown Exceptions for Bird Eastern golden weaver
2022-03-26 02:06:29,127 - ERROR - [-] Unknown Exceptions for Bird Eastern grass owl
2022-03-26 02:06:36,101 - ERROR - [-] Unknown Exceptions for Bird Eastern grey woodpecker
2022-03-26 02:06:43,433 - ERROR - [-] Unknown Exceptions for Bird Eastern ground parrot
2022-03-26 02:06:50,673 - ERROR - [-] Unknown Exceptions for Bird Eastern imperial eagle
2022-03-26 02:06:57,765 - ERROR - [-] Unknown Exceptions for Bird Eastern jungle crow
2022-03-26 02:07:14,998 - ERROR - [-] Unknown Exceptions for Bird Eastern longbilled lark
2022-03-26 02:08:01,307 - ERROR - [-] Unknown Exceptions for Bird Eastern osprey
2022-03-26 02:08:08,262 - ERROR - [-] Unknown Exceptions for Bird Eastern parotia
2022-03-26 02:08:21,999 - ERROR - [-] Unknown Exceptions for Bird Eastern plantaineater
2022-03-26 02:08:58,965 - ERROR - [-] Unknown Exceptions for Bird Eastern spotbilled duck
2022-03-26 02:09:26,801 - ERROR - [-] Unknown Exceptions for Bird Eastern violetbacked sunbird
2022-03-26 02:09:32,617 - ERROR - [-] Unknown Exceptions for Bird Eastern wattled cuckooshrike
2022-03-26 02:09:38,392 - ERROR - [-] Unknown Exceptions for Bird Eastern whippoorwill
2022-03-26 02:09:58,750 - ERROR - [-] Unknown Exceptions for Bird Eastern woodhaunter
2022-03-26 02:10:21,325 - ERROR - [-] Unknown Exceptions for Bird Eastern yellowbilled hornbill
2022-03-26 02:10:29,114 - ERROR - [-] Unknown Exceptions for Bird Eastern yellowspotted barbet
2022-03-26 02:11:35,780 - ERROR - [-] Unknown Exceptions for Bird Ecuadorian rail
2022-03-26 02:11:41,854 - ERROR - [-] Unknown Exceptions for Bird Ecuadorian seedeater
2022-03-26 02:12:14,421 - ERROR - [-] Unknown Exceptions for Bird Ediblenest swiftlet
2022-03-26 02:13:16,786 - ERROR - [-] Unknown Exceptions for Bird El Oro tapaculo
2022-03-26 02:15:48,957 - ERROR - [-] Unknown Exceptions for Bird Emei Shan liocichla
2022-03-26 02:16:22,584 - ERROR - [-] Unknown Exceptions for Bird Emeraldbellied puffleg
2022-03-26 02:16:28,994 - ERROR - [-] Unknown Exceptions for Bird Emeraldchinned hummingbird
2022-03-26 02:16:35,304 - ERROR - [-] Unknown Exceptions for Bird Emeraldspotted wood dove
2022-03-26 02:16:48,498 - ERROR - [-] Unknown Exceptions for Bird Emperor birdofparadise
2022-03-26 02:17:29,864 - ERROR - [-] Unknown Exceptions for Bird Enggano cuckoodove
2022-03-26 02:17:35,622 - ERROR - [-] Unknown Exceptions for Bird Enggano hill myna
2022-03-26 02:17:50,054 - ERROR - [-] Unknown Exceptions for Bird Enggano thrush
2022-03-26 02:18:09,335 - ERROR - [-] Unknown Exceptions for Bird Equatorial greytail
2022-03-26 02:18:14,846 - ERROR - [-] Unknown Exceptions for Bird Erckels spurfowl
2022-03-26 02:18:20,538 - ERROR - [-] Unknown Exceptions for Bird Erectcrested penguin
2022-03-26 02:18:27,515 - ERROR - [-] Unknown Exceptions for Bird Eskimo curlew
2022-03-26 02:18:46,511 - ERROR - [-] Unknown Exceptions for Bird Española cactus finch
2022-03-26 02:19:41,555 - ERROR - [-] Unknown Exceptions for Bird Eurasian bittern
2022-03-26 02:20:40,797 - ERROR - [-] Unknown Exceptions for Bird Eurasian eagleowl
2022-03-26 02:21:56,335 - ERROR - [-] Unknown Exceptions for Bird Eurasian rock pipit
2022-03-26 02:22:37,331 - ERROR - [-] Unknown Exceptions for Bird Eurasian stonecurlew
2022-03-26 02:22:43,932 - ERROR - [-] Unknown Exceptions for Bird Eurasian teal
2022-03-26 02:22:50,001 - ERROR - [-] Unknown Exceptions for Bird Eurasian threetoed woodpecker
2022-03-26 02:23:09,358 - ERROR - [-] Unknown Exceptions for Bird Eurasian whimbrel
2022-03-26 02:23:43,162 - ERROR - [-] Unknown Exceptions for Bird European beeeater
2022-03-26 02:23:49,246 - ERROR - [-] Unknown Exceptions for Bird European crested tit
2022-03-26 02:24:11,420 - ERROR - [-] Unknown Exceptions for Bird European green woodpecker
2022-03-26 02:24:25,313 - ERROR - [-] Unknown Exceptions for Bird European herring gull
2022-03-26 02:24:38,163 - ERROR - [-] Unknown Exceptions for Bird European nightjar
2022-03-26 02:26:06,005 - ERROR - [-] Unknown Exceptions for Bird Everetts whiteeye
2022-03-26 02:26:18,989 - ERROR - [-] Unknown Exceptions for Bird Eversmanns redstart
2022-03-26 02:26:32,141 - ERROR - [-] Unknown Exceptions for Bird Eyeringed flatbill
2022-03-26 02:26:38,446 - ERROR - [-] Unknown Exceptions for Bird Eyeringed thistletail
2022-03-26 02:26:44,761 - ERROR - [-] Unknown Exceptions for Bird Eyeringed todytyrant
2022-03-26 02:27:05,444 - ERROR - [-] Unknown Exceptions for Bird Eyebrowed wrenbabbler
2022-03-26 02:28:17,878 - ERROR - [-] Unknown Exceptions for Bird Falcated wrenbabbler
2022-03-26 02:28:26,289 - ERROR - [-] Unknown Exceptions for Bird Falkensteins greenbul
2022-03-26 02:28:39,973 - ERROR - [-] Unknown Exceptions for Bird Falkland steamer duck
2022-03-26 02:28:48,461 - ERROR - [-] Unknown Exceptions for Bird Familiar chat
2022-03-26 02:28:58,466 - ERROR - [-] Unknown Exceptions for Bird Fantailed berrypecker
2022-03-26 02:29:50,536 - ERROR - [-] Unknown Exceptions for Bird Fantailed cuckoo
2022-03-26 02:29:56,974 - ERROR - [-] Unknown Exceptions for Bird Fantailed gerygone
2022-03-26 02:30:49,661 - ERROR - [-] Unknown Exceptions for Bird Fantailed grassbird
2022-03-26 02:30:56,461 - ERROR - [-] Unknown Exceptions for Bird Fantailed raven
2022-03-26 02:31:02,681 - ERROR - [-] Unknown Exceptions for Bird Fantailed warbler
2022-03-26 02:31:08,667 - ERROR - [-] Unknown Exceptions for Bird Fantailed widowbird
2022-03-26 02:31:42,933 - ERROR - [-] Unknown Exceptions for Bird Fanti sawwing
2022-03-26 02:32:18,481 - ERROR - [-] Unknown Exceptions for Bird Fatu Hiva monarch
2022-03-26 02:32:25,197 - ERROR - [-] Unknown Exceptions for Bird Fawnbreasted bowerbird
2022-03-26 02:32:31,787 - ERROR - [-] Unknown Exceptions for Bird Fawnbreasted brilliant
2022-03-26 02:32:38,435 - ERROR - [-] Unknown Exceptions for Bird Fawnbreasted tanager
2022-03-26 02:32:45,474 - ERROR - [-] Unknown Exceptions for Bird Fawnbreasted thrush
2022-03-26 02:32:52,069 - ERROR - [-] Unknown Exceptions for Bird Fawnbreasted waxbill
2022-03-26 02:32:58,811 - ERROR - [-] Unknown Exceptions for Bird Fawnbreasted whistler
2022-03-26 02:33:05,909 - ERROR - [-] Unknown Exceptions for Bird Fawnbreasted wren
2022-03-26 02:33:12,431 - ERROR - [-] Unknown Exceptions for Bird Fawncoloured lark
2022-03-26 02:33:32,530 - ERROR - [-] Unknown Exceptions for Bird Feline owletnightjar
2022-03-26 02:33:46,777 - ERROR - [-] Unknown Exceptions for Bird Fernando Po batis
2022-03-26 02:33:53,453 - ERROR - [-] Unknown Exceptions for Bird Fernando Po speirops
2022-03-26 02:33:59,629 - ERROR - [-] Unknown Exceptions for Bird Fernando Po swift
2022-03-26 02:35:04,191 - ERROR - [-] Unknown Exceptions for Bird Ferruginousbacked antbird
2022-03-26 02:35:10,185 - ERROR - [-] Unknown Exceptions for Bird Festive amazon
2022-03-26 02:35:55,239 - ERROR - [-] Unknown Exceptions for Bird Fierybilled aracari
2022-03-26 02:36:02,038 - ERROR - [-] Unknown Exceptions for Bird Fierybreasted bushshrike
2022-03-26 02:36:07,808 - ERROR - [-] Unknown Exceptions for Bird Fierybrowed starling
2022-03-26 02:36:13,776 - ERROR - [-] Unknown Exceptions for Bird Fierycapped manakin
2022-03-26 02:36:20,082 - ERROR - [-] Unknown Exceptions for Bird Fierynecked nightjar
2022-03-26 02:36:26,556 - ERROR - [-] Unknown Exceptions for Bird Fieryshouldered parakeet
2022-03-26 02:36:33,283 - ERROR - [-] Unknown Exceptions for Bird Fierytailed awlbill
2022-03-26 02:36:40,008 - ERROR - [-] Unknown Exceptions for Bird Fierythroated fruiteater
2022-03-26 02:36:46,694 - ERROR - [-] Unknown Exceptions for Bird Fierythroated hummingbird
2022-03-26 02:36:53,278 - ERROR - [-] Unknown Exceptions for Bird Fierythroated metaltail
2022-03-26 02:37:36,494 - ERROR - [-] Unknown Exceptions for Bird Fiji wattled honeyeater
2022-03-26 02:37:52,202 - ERROR - [-] Unknown Exceptions for Bird Fiji whiteeye
2022-03-26 02:38:06,226 - ERROR - [-] Unknown Exceptions for Bird Finebanded woodpecker
2022-03-26 02:38:12,146 - ERROR - [-] Unknown Exceptions for Bird Finebarred piculet
2022-03-26 02:38:17,873 - ERROR - [-] Unknown Exceptions for Bird Finespotted woodpecker
2022-03-26 02:39:00,298 - ERROR - [-] Unknown Exceptions for Bird Finschs parakeet
2022-03-26 02:39:16,209 - ERROR - [-] Unknown Exceptions for Bird Finschs rufous thrush
2022-03-26 02:39:36,787 - ERROR - [-] Unknown Exceptions for Bird Firebellied woodpecker
2022-03-26 02:39:43,437 - ERROR - [-] Unknown Exceptions for Bird Firebreasted flowerpecker
2022-03-26 02:39:49,664 - ERROR - [-] Unknown Exceptions for Bird Firecapped tit
2022-03-26 02:39:55,572 - ERROR - [-] Unknown Exceptions for Bird Firecrested alethe
2022-03-26 02:40:01,878 - ERROR - [-] Unknown Exceptions for Bird Fireeyed diucon
2022-03-26 02:40:08,991 - ERROR - [-] Unknown Exceptions for Bird Firefronted bishop
2022-03-26 02:40:16,220 - ERROR - [-] Unknown Exceptions for Bird Firemaned bowerbird
2022-03-26 02:40:22,473 - ERROR - [-] Unknown Exceptions for Bird Firetailed myzornis
2022-03-26 02:40:28,613 - ERROR - [-] Unknown Exceptions for Bird Firetailed sunbird
2022-03-26 02:40:35,442 - ERROR - [-] Unknown Exceptions for Bird Firetufted barbet
2022-03-26 02:40:48,643 - ERROR - [-] Unknown Exceptions for Bird Firewoodgatherer
2022-03-26 02:41:15,169 - ERROR - [-] Unknown Exceptions for Bird Fischers sparrowlark
2022-03-26 02:41:42,976 - ERROR - [-] Unknown Exceptions for Bird Fivecolored barbet
2022-03-26 02:41:49,334 - ERROR - [-] Unknown Exceptions for Bird Fivecolored munia
2022-03-26 02:41:55,501 - ERROR - [-] Unknown Exceptions for Bird Fivestriped sparrow
2022-03-26 02:42:15,400 - ERROR - [-] Unknown Exceptions for Bird Flamebreasted flowerpecker
2022-03-26 02:42:21,302 - ERROR - [-] Unknown Exceptions for Bird Flamebreasted fruit dove
2022-03-26 02:42:27,177 - ERROR - [-] Unknown Exceptions for Bird Flamebreasted sunbird
2022-03-26 02:42:34,342 - ERROR - [-] Unknown Exceptions for Bird Flamecolored tanager
2022-03-26 02:42:40,658 - ERROR - [-] Unknown Exceptions for Bird Flamecrested manakin
2022-03-26 02:42:46,815 - ERROR - [-] Unknown Exceptions for Bird Flamecrested tanager
2022-03-26 02:42:52,719 - ERROR - [-] Unknown Exceptions for Bird Flamecrowned flowerpecker
2022-03-26 02:42:59,271 - ERROR - [-] Unknown Exceptions for Bird Flameeared honeyeater
2022-03-26 02:43:05,539 - ERROR - [-] Unknown Exceptions for Bird Flamefaced tanager
2022-03-26 02:43:12,127 - ERROR - [-] Unknown Exceptions for Bird Flamefronted barbet
2022-03-26 02:43:18,061 - ERROR - [-] Unknown Exceptions for Bird Flamerumped tanager
2022-03-26 02:43:23,804 - ERROR - [-] Unknown Exceptions for Bird Flametempled babbler
2022-03-26 02:43:30,205 - ERROR - [-] Unknown Exceptions for Bird Flamethroated bulbul
2022-03-26 02:43:36,589 - ERROR - [-] Unknown Exceptions for Bird Flamethroated sunangel
2022-03-26 02:43:42,688 - ERROR - [-] Unknown Exceptions for Bird Flamethroated warbler
2022-03-26 02:43:48,819 - ERROR - [-] Unknown Exceptions for Bird Flamewinged parakeet
2022-03-26 02:44:09,384 - ERROR - [-] Unknown Exceptions for Bird Flammulated bamboo tyrant
2022-03-26 02:44:44,093 - ERROR - [-] Unknown Exceptions for Bird Flatbilled kingfisher
2022-03-26 02:44:50,067 - ERROR - [-] Unknown Exceptions for Bird Flatbilled vireo
2022-03-26 02:45:19,810 - ERROR - [-] Unknown Exceptions for Bird Fleshfooted shearwater
2022-03-26 02:45:47,954 - ERROR - [-] Unknown Exceptions for Bird Flores Sea cuckoodove
2022-03-26 02:46:12,227 - ERROR - [-] Unknown Exceptions for Bird Flores hawkeagle
2022-03-26 02:46:39,766 - ERROR - [-] Unknown Exceptions for Bird Fluffybacked titbabbler
2022-03-26 02:47:49,334 - ERROR - [-] Unknown Exceptions for Bird Forbess forest rail
2022-03-26 02:47:55,453 - ERROR - [-] Unknown Exceptions for Bird Forbess mannikin
2022-03-26 02:48:08,235 - ERROR - [-] Unknown Exceptions for Bird ForbesWatsons swift
2022-03-26 02:48:14,048 - ERROR - [-] Unknown Exceptions for Bird Forest batis
2022-03-26 02:48:40,159 - ERROR - [-] Unknown Exceptions for Bird Forest doublecollared sunbird
2022-03-26 02:50:15,824 - ERROR - [-] Unknown Exceptions for Bird Forest whiteeye
2022-03-26 02:50:21,456 - ERROR - [-] Unknown Exceptions for Bird Forest wood hoopoe
2022-03-26 02:50:27,627 - ERROR - [-] Unknown Exceptions for Bird Forktailed drongo
2022-03-26 02:50:33,609 - ERROR - [-] Unknown Exceptions for Bird Forktailed drongocuckoo
2022-03-26 02:50:39,993 - ERROR - [-] Unknown Exceptions for Bird Forktailed flycatcher
2022-03-26 02:50:46,165 - ERROR - [-] Unknown Exceptions for Bird Forktailed storm petrel
2022-03-26 02:50:52,694 - ERROR - [-] Unknown Exceptions for Bird Forktailed sunbird
2022-03-26 02:50:58,611 - ERROR - [-] Unknown Exceptions for Bird Forktailed todytyrant
2022-03-26 02:51:04,346 - ERROR - [-] Unknown Exceptions for Bird Forktailed woodnymph
2022-03-26 02:51:17,449 - ERROR - [-] Unknown Exceptions for Bird Fortyspotted pardalote
2022-03-26 02:51:23,886 - ERROR - [-] Unknown Exceptions for Bird Fourbanded sandgrouse
2022-03-26 02:51:29,792 - ERROR - [-] Unknown Exceptions for Bird Foveaux shag
2022-03-26 02:52:18,182 - ERROR - [-] Unknown Exceptions for Bird Frasers eagleowl
2022-03-26 02:52:24,482 - ERROR - [-] Unknown Exceptions for Bird Frasers forest flycatcher
2022-03-26 02:52:30,466 - ERROR - [-] Unknown Exceptions for Bird Frasers rufous thrush
2022-03-26 02:52:44,002 - ERROR - [-] Unknown Exceptions for Bird Frecklebreasted thornbird
2022-03-26 02:52:50,242 - ERROR - [-] Unknown Exceptions for Bird Frecklebreasted woodpecker
2022-03-26 02:53:30,335 - ERROR - [-] Unknown Exceptions for Bird Frillnecked monarch
2022-03-26 02:53:50,570 - ERROR - [-] Unknown Exceptions for Bird Fringebacked fireeye
2022-03-26 02:53:56,344 - ERROR - [-] Unknown Exceptions for Bird Fruithunter
2022-03-26 02:54:10,023 - ERROR - [-] Unknown Exceptions for Bird Fuegian steamer duck
2022-03-26 02:54:16,581 - ERROR - [-] Unknown Exceptions for Bird Fuertess parrot
2022-03-26 02:54:44,152 - ERROR - [-] Unknown Exceptions for Bird Fulvous babbler
2022-03-26 02:55:04,060 - ERROR - [-] Unknown Exceptions for Bird Fulvous shriketanager
2022-03-26 02:55:24,957 - ERROR - [-] Unknown Exceptions for Bird Fulvousbreasted flatbill
2022-03-26 02:55:30,833 - ERROR - [-] Unknown Exceptions for Bird Fulvousbreasted woodpecker
2022-03-26 02:55:36,526 - ERROR - [-] Unknown Exceptions for Bird Fulvouschested jungle flycatcher
2022-03-26 02:55:42,436 - ERROR - [-] Unknown Exceptions for Bird Fulvouschinned nunlet
2022-03-26 02:55:48,182 - ERROR - [-] Unknown Exceptions for Bird Fulvouscrested tanager
2022-03-26 02:55:55,023 - ERROR - [-] Unknown Exceptions for Bird Fulvousheaded brushfinch
2022-03-26 02:56:01,194 - ERROR - [-] Unknown Exceptions for Bird Fulvousheaded tanager
2022-03-26 02:56:07,365 - ERROR - [-] Unknown Exceptions for Bird Fulvousvented euphonia
2022-03-26 02:57:18,386 - ERROR - [-] Unknown Exceptions for Bird Gabela helmetshrike
2022-03-26 02:57:24,421 - ERROR - [-] Unknown Exceptions for Bird Gabon batis
2022-03-26 02:58:01,363 - ERROR - [-] Unknown Exceptions for Bird Galapagos crake
2022-03-26 02:58:28,711 - ERROR - [-] Unknown Exceptions for Bird Galápagos dove
2022-03-26 02:58:34,240 - ERROR - [-] Unknown Exceptions for Bird Galápagos martin
2022-03-26 02:58:39,762 - ERROR - [-] Unknown Exceptions for Bird Galápagos mockingbird
2022-03-26 02:58:45,799 - ERROR - [-] Unknown Exceptions for Bird Galápagos petrel
2022-03-26 02:58:51,553 - ERROR - [-] Unknown Exceptions for Bird Galápagos shearwater
2022-03-26 02:59:12,440 - ERROR - [-] Unknown Exceptions for Bird Ganggang cockatoo
2022-03-26 03:00:09,143 - ERROR - [-] Unknown Exceptions for Bird Garnetthroated hummingbird
2022-03-26 03:00:15,262 - ERROR - [-] Unknown Exceptions for Bird Garretts reed warbler
2022-03-26 03:01:12,580 - ERROR - [-] Unknown Exceptions for Bird Germains peacockpheasant
2022-03-26 03:03:28,121 - ERROR - [-] Unknown Exceptions for Bird Giant sunbird
2022-03-26 03:03:34,102 - ERROR - [-] Unknown Exceptions for Bird Giant swiftlet
2022-03-26 03:03:48,095 - ERROR - [-] Unknown Exceptions for Bird Giant whiteeye
2022-03-26 03:04:07,524 - ERROR - [-] Unknown Exceptions for Bird Gibberbird
2022-03-26 03:04:50,471 - ERROR - [-] Unknown Exceptions for Bird Gilded sapphire
2022-03-26 03:05:04,238 - ERROR - [-] Unknown Exceptions for Bird Gilliards honeyeater
2022-03-26 03:05:10,230 - ERROR - [-] Unknown Exceptions for Bird Giltedged tanager
2022-03-26 03:05:16,133 - ERROR - [-] Unknown Exceptions for Bird Gizo whiteeye
2022-03-26 03:05:41,956 - ERROR - [-] Unknown Exceptions for Bird Glaucousblue grosbeak
2022-03-26 03:05:48,154 - ERROR - [-] Unknown Exceptions for Bird Glaucouswinged gull
2022-03-26 03:05:53,918 - ERROR - [-] Unknown Exceptions for Bird Glisteninggreen tanager
2022-03-26 03:05:59,883 - ERROR - [-] Unknown Exceptions for Bird Glittering kingfisher
2022-03-26 03:06:05,447 - ERROR - [-] Unknown Exceptions for Bird Glitteringbellied emerald
2022-03-26 03:06:11,392 - ERROR - [-] Unknown Exceptions for Bird Glitteringthroated emerald
2022-03-26 03:06:51,385 - ERROR - [-] Unknown Exceptions for Bird Glossybacked becard
2022-03-26 03:06:57,096 - ERROR - [-] Unknown Exceptions for Bird Glossybacked drongo
2022-03-26 03:07:02,845 - ERROR - [-] Unknown Exceptions for Bird Glossyblack thrush
2022-03-26 03:07:08,698 - ERROR - [-] Unknown Exceptions for Bird Glossymantled manucode
2022-03-26 03:07:14,639 - ERROR - [-] Unknown Exceptions for Bird Glowthroated hummingbird
2022-03-26 03:07:47,066 - ERROR - [-] Unknown Exceptions for Bird Gola malimbe
2022-03-26 03:07:53,727 - ERROR - [-] Unknown Exceptions for Bird Goldringed tanager
2022-03-26 03:08:45,220 - ERROR - [-] Unknown Exceptions for Bird Golden fruit dove
2022-03-26 03:10:28,895 - ERROR - [-] Unknown Exceptions for Bird Golden whiteeye
2022-03-26 03:10:34,412 - ERROR - [-] Unknown Exceptions for Bird Goldenbacked bishop
2022-03-26 03:10:40,070 - ERROR - [-] Unknown Exceptions for Bird Goldenbacked mountain tanager
2022-03-26 03:10:45,695 - ERROR - [-] Unknown Exceptions for Bird Goldenbacked weaver
2022-03-26 03:10:51,590 - ERROR - [-] Unknown Exceptions for Bird Goldenbacked whistler
2022-03-26 03:10:57,703 - ERROR - [-] Unknown Exceptions for Bird Goldenbellied flycatcher
2022-03-26 03:11:03,624 - ERROR - [-] Unknown Exceptions for Bird Goldenbellied flyrobin
2022-03-26 03:11:09,671 - ERROR - [-] Unknown Exceptions for Bird Goldenbellied gerygone
2022-03-26 03:11:15,531 - ERROR - [-] Unknown Exceptions for Bird Goldenbellied starfrontlet
2022-03-26 03:11:21,643 - ERROR - [-] Unknown Exceptions for Bird Goldenbellied warbler
2022-03-26 03:11:28,409 - ERROR - [-] Unknown Exceptions for Bird Goldenbellied whiteeye
2022-03-26 03:11:34,569 - ERROR - [-] Unknown Exceptions for Bird Goldenbilled saltator
2022-03-26 03:11:40,690 - ERROR - [-] Unknown Exceptions for Bird Goldenbreasted bunting
2022-03-26 03:11:46,465 - ERROR - [-] Unknown Exceptions for Bird Goldenbreasted fruiteater
2022-03-26 03:11:52,377 - ERROR - [-] Unknown Exceptions for Bird Goldenbreasted fulvetta
2022-03-26 03:11:58,147 - ERROR - [-] Unknown Exceptions for Bird Goldenbreasted puffleg
2022-03-26 03:12:03,840 - ERROR - [-] Unknown Exceptions for Bird Goldenbreasted starling
2022-03-26 03:12:09,832 - ERROR - [-] Unknown Exceptions for Bird Goldenbrowed chattyrant
2022-03-26 03:12:15,772 - ERROR - [-] Unknown Exceptions for Bird Goldenbrowed chlorophonia
2022-03-26 03:12:21,238 - ERROR - [-] Unknown Exceptions for Bird Goldenbrowed warbler
2022-03-26 03:12:26,933 - ERROR - [-] Unknown Exceptions for Bird Goldencapped parakeet
2022-03-26 03:12:32,580 - ERROR - [-] Unknown Exceptions for Bird Goldencheeked warbler
2022-03-26 03:12:38,522 - ERROR - [-] Unknown Exceptions for Bird Goldencheeked woodpecker
2022-03-26 03:12:44,520 - ERROR - [-] Unknown Exceptions for Bird Goldenchested tanager
2022-03-26 03:12:50,781 - ERROR - [-] Unknown Exceptions for Bird Goldenchevroned tanager
2022-03-26 03:12:57,367 - ERROR - [-] Unknown Exceptions for Bird Goldencollared honeycreeper
2022-03-26 03:13:04,849 - ERROR - [-] Unknown Exceptions for Bird Goldencollared macaw
2022-03-26 03:13:11,445 - ERROR - [-] Unknown Exceptions for Bird Goldencollared manakin
2022-03-26 03:13:17,878 - ERROR - [-] Unknown Exceptions for Bird Goldencollared tanager
2022-03-26 03:13:23,894 - ERROR - [-] Unknown Exceptions for Bird Goldencollared toucanet
2022-03-26 03:13:29,830 - ERROR - [-] Unknown Exceptions for Bird Goldencollared woodpecker
2022-03-26 03:13:35,787 - ERROR - [-] Unknown Exceptions for Bird Goldencrested myna
2022-03-26 03:13:41,409 - ERROR - [-] Unknown Exceptions for Bird Goldencrowned babbler
2022-03-26 03:13:47,233 - ERROR - [-] Unknown Exceptions for Bird Goldencrowned emerald
2022-03-26 03:13:53,361 - ERROR - [-] Unknown Exceptions for Bird Goldencrowned flycatcher
2022-03-26 03:13:59,676 - ERROR - [-] Unknown Exceptions for Bird Goldencrowned kinglet
2022-03-26 03:14:05,709 - ERROR - [-] Unknown Exceptions for Bird Goldencrowned manakin
2022-03-26 03:14:11,365 - ERROR - [-] Unknown Exceptions for Bird Goldencrowned spadebill
2022-03-26 03:14:17,903 - ERROR - [-] Unknown Exceptions for Bird Goldencrowned sparrow
2022-03-26 03:14:23,770 - ERROR - [-] Unknown Exceptions for Bird Goldencrowned tanager
2022-03-26 03:14:30,343 - ERROR - [-] Unknown Exceptions for Bird Goldencrowned warbler
2022-03-26 03:14:36,274 - ERROR - [-] Unknown Exceptions for Bird Goldeneared tanager
2022-03-26 03:14:43,203 - ERROR - [-] Unknown Exceptions for Bird Goldeneyed flowerpiercer
2022-03-26 03:14:49,656 - ERROR - [-] Unknown Exceptions for Bird Goldenfaced tyrannulet
2022-03-26 03:14:55,623 - ERROR - [-] Unknown Exceptions for Bird Goldenfronted bowerbird
2022-03-26 03:15:01,316 - ERROR - [-] Unknown Exceptions for Bird Goldenfronted fulvetta
2022-03-26 03:15:07,691 - ERROR - [-] Unknown Exceptions for Bird Goldenfronted greenlet
2022-03-26 03:15:13,388 - ERROR - [-] Unknown Exceptions for Bird Goldenfronted leafbird
2022-03-26 03:15:18,818 - ERROR - [-] Unknown Exceptions for Bird Goldenfronted whitestart
2022-03-26 03:15:24,946 - ERROR - [-] Unknown Exceptions for Bird Goldenfronted woodpecker
2022-03-26 03:15:30,972 - ERROR - [-] Unknown Exceptions for Bird Goldengreen woodpecker
2022-03-26 03:15:37,419 - ERROR - [-] Unknown Exceptions for Bird Goldenheaded cisticola
2022-03-26 03:15:43,749 - ERROR - [-] Unknown Exceptions for Bird Goldenheaded manakin
2022-03-26 03:15:49,533 - ERROR - [-] Unknown Exceptions for Bird Goldenheaded quetzal
2022-03-26 03:15:56,034 - ERROR - [-] Unknown Exceptions for Bird Goldenhooded tanager
2022-03-26 03:16:02,387 - ERROR - [-] Unknown Exceptions for Bird Goldenmantled rackettail
2022-03-26 03:16:08,307 - ERROR - [-] Unknown Exceptions for Bird Goldennaped barbet
2022-03-26 03:16:14,771 - ERROR - [-] Unknown Exceptions for Bird Goldennaped finch
2022-03-26 03:16:21,189 - ERROR - [-] Unknown Exceptions for Bird Goldennaped tanager
2022-03-26 03:16:27,698 - ERROR - [-] Unknown Exceptions for Bird Goldennaped weaver
2022-03-26 03:16:34,435 - ERROR - [-] Unknown Exceptions for Bird Goldennaped woodpecker
2022-03-26 03:16:40,728 - ERROR - [-] Unknown Exceptions for Bird Goldenolive woodpecker
2022-03-26 03:16:46,997 - ERROR - [-] Unknown Exceptions for Bird Goldenplumed parakeet
2022-03-26 03:16:53,638 - ERROR - [-] Unknown Exceptions for Bird Goldenrumped euphonia
2022-03-26 03:17:00,153 - ERROR - [-] Unknown Exceptions for Bird Goldenrumped flowerpecker
2022-03-26 03:17:06,492 - ERROR - [-] Unknown Exceptions for Bird Goldenshouldered parrot
2022-03-26 03:17:12,718 - ERROR - [-] Unknown Exceptions for Bird Goldensided euphonia
2022-03-26 03:17:18,876 - ERROR - [-] Unknown Exceptions for Bird Goldenspangled piculet
2022-03-26 03:17:24,731 - ERROR - [-] Unknown Exceptions for Bird Goldenspotted ground dove
2022-03-26 03:17:30,714 - ERROR - [-] Unknown Exceptions for Bird Goldentailed parrotlet
2022-03-26 03:17:37,102 - ERROR - [-] Unknown Exceptions for Bird Goldentailed sapphire
2022-03-26 03:17:43,375 - ERROR - [-] Unknown Exceptions for Bird Goldentailed woodpecker
2022-03-26 03:17:49,222 - ERROR - [-] Unknown Exceptions for Bird Goldenthroated barbet
2022-03-26 03:17:56,436 - ERROR - [-] Unknown Exceptions for Bird Goldentufted mountain grackle
2022-03-26 03:18:02,794 - ERROR - [-] Unknown Exceptions for Bird Goldenwhiskered barbet
2022-03-26 03:18:09,030 - ERROR - [-] Unknown Exceptions for Bird Goldenwinged cacique
2022-03-26 03:18:16,194 - ERROR - [-] Unknown Exceptions for Bird Goldenwinged laughingthrush
2022-03-26 03:18:22,421 - ERROR - [-] Unknown Exceptions for Bird Goldenwinged manakin
2022-03-26 03:18:29,388 - ERROR - [-] Unknown Exceptions for Bird Goldenwinged parakeet
2022-03-26 03:18:35,553 - ERROR - [-] Unknown Exceptions for Bird Goldenwinged sparrow
2022-03-26 03:18:41,537 - ERROR - [-] Unknown Exceptions for Bird Goldenwinged sunbird
2022-03-26 03:18:47,883 - ERROR - [-] Unknown Exceptions for Bird Goldenwinged todyflycatcher
2022-03-26 03:18:54,870 - ERROR - [-] Unknown Exceptions for Bird Goldenwinged warbler
2022-03-26 03:19:08,851 - ERROR - [-] Unknown Exceptions for Bird Goldies birdofparadise
2022-03-26 03:19:23,148 - ERROR - [-] Unknown Exceptions for Bird Goldmans warbler
2022-03-26 03:19:43,617 - ERROR - [-] Unknown Exceptions for Bird Goliath imperial pigeon
2022-03-26 03:19:50,186 - ERROR - [-] Unknown Exceptions for Bird Gorgeous bushshrike
2022-03-26 03:20:55,146 - ERROR - [-] Unknown Exceptions for Bird Goulds emerald
2022-03-26 03:21:15,798 - ERROR - [-] Unknown Exceptions for Bird Goulds nightingalethrush
2022-03-26 03:22:47,155 - ERROR - [-] Unknown Exceptions for Bird Grand Comoro drongo
2022-03-26 03:23:14,521 - ERROR - [-] Unknown Exceptions for Bird Grants wood hoopoe
2022-03-26 03:23:28,111 - ERROR - [-] Unknown Exceptions for Bird Grassgreen tanager
2022-03-26 03:25:25,224 - ERROR - [-] Unknown Exceptions for Bird Graybarred wren
2022-03-26 03:25:31,111 - ERROR - [-] Unknown Exceptions for Bird Graycrowned rosy finch
2022-03-26 03:25:37,048 - ERROR - [-] Unknown Exceptions for Bird Grayheaded kite
2022-03-26 03:25:43,101 - ERROR - [-] Unknown Exceptions for Bird Graylined hawk
2022-03-26 03:25:49,110 - ERROR - [-] Unknown Exceptions for Bird Graythroated warbling finch
2022-03-26 03:26:16,855 - ERROR - [-] Unknown Exceptions for Bird Great Nicobar serpent eagle
2022-03-26 03:27:04,488 - ERROR - [-] Unknown Exceptions for Bird Great blackbacked gull
2022-03-26 03:27:59,924 - ERROR - [-] Unknown Exceptions for Bird Great cuckoodove
2022-03-26 03:29:00,403 - ERROR - [-] Unknown Exceptions for Bird Great grey owl
2022-03-26 03:29:06,279 - ERROR - [-] Unknown Exceptions for Bird Great grey shrike
2022-03-26 03:29:13,619 - ERROR - [-] Unknown Exceptions for Bird Great hanging parrot
2022-03-26 03:31:11,884 - ERROR - [-] Unknown Exceptions for Bird Great shriketyrant
2022-03-26 03:32:14,188 - ERROR - [-] Unknown Exceptions for Bird Great stonecurlew
2022-03-26 03:32:20,554 - ERROR - [-] Unknown Exceptions for Bird Great swallowtailed swift
2022-03-26 03:33:12,526 - ERROR - [-] Unknown Exceptions for Bird Greatbilled hermit
2022-03-26 03:33:19,420 - ERROR - [-] Unknown Exceptions for Bird Greatbilled heron
2022-03-26 03:33:25,780 - ERROR - [-] Unknown Exceptions for Bird Greatbilled kingfisher
2022-03-26 03:33:32,235 - ERROR - [-] Unknown Exceptions for Bird Greatbilled mannikin
2022-03-26 03:33:38,047 - ERROR - [-] Unknown Exceptions for Bird Greatbilled parrot
2022-03-26 03:33:44,625 - ERROR - [-] Unknown Exceptions for Bird Greatbilled seed finch
2022-03-26 03:33:51,699 - ERROR - [-] Unknown Exceptions for Bird Greattailed grackle
2022-03-26 03:33:57,815 - ERROR - [-] Unknown Exceptions for Bird Greatwinged petrel
2022-03-26 03:34:40,739 - ERROR - [-] Unknown Exceptions for Bird Greater birdofparadise
2022-03-26 03:34:46,756 - ERROR - [-] Unknown Exceptions for Bird Greater blueeared starling
2022-03-26 03:35:01,668 - ERROR - [-] Unknown Exceptions for Bird Greater crested tern
2022-03-26 03:35:08,687 - ERROR - [-] Unknown Exceptions for Bird Greater doublecollared sunbird
2022-03-26 03:36:10,013 - ERROR - [-] Unknown Exceptions for Bird Greater hoopoelark
2022-03-26 03:37:03,402 - ERROR - [-] Unknown Exceptions for Bird Greater paintedsnipe
2022-03-26 03:37:24,054 - ERROR - [-] Unknown Exceptions for Bird Greater rackettailed drongo
2022-03-26 03:37:43,671 - ERROR - [-] Unknown Exceptions for Bird Greater sagegrouse
2022-03-26 03:38:11,614 - ERROR - [-] Unknown Exceptions for Bird Greater shorttoed lark
2022-03-26 03:38:18,307 - ERROR - [-] Unknown Exceptions for Bird Greater sooty owl
2022-03-26 03:38:59,668 - ERROR - [-] Unknown Exceptions for Bird Greater wagtailtyrant
2022-03-26 03:39:05,586 - ERROR - [-] Unknown Exceptions for Bird Greater whitefronted goose
2022-03-26 03:39:19,230 - ERROR - [-] Unknown Exceptions for Bird Greater yellowheaded vulture
2022-03-26 03:40:11,311 - ERROR - [-] Unknown Exceptions for Bird Green beeeater
2022-03-26 03:43:16,517 - ERROR - [-] Unknown Exceptions for Bird Green pheasant
2022-03-26 03:43:30,468 - ERROR - [-] Unknown Exceptions for Bird Green rackettail
2022-03-26 03:43:52,744 - ERROR - [-] Unknown Exceptions for Bird Green shrikebabbler
2022-03-26 03:43:59,138 - ERROR - [-] Unknown Exceptions for Bird Green shrikevireo
2022-03-26 03:44:27,511 - ERROR - [-] Unknown Exceptions for Bird Green warblerfinch
2022-03-26 03:44:33,596 - ERROR - [-] Unknown Exceptions for Bird Green whiteeye
2022-03-26 03:44:39,444 - ERROR - [-] Unknown Exceptions for Bird Green wood hoopoe
2022-03-26 03:44:45,774 - ERROR - [-] Unknown Exceptions for Bird Greenandblack fruiteater
2022-03-26 03:44:52,437 - ERROR - [-] Unknown Exceptions for Bird Greenandgold tanager
2022-03-26 03:44:58,428 - ERROR - [-] Unknown Exceptions for Bird Greenandrufous kingfisher
2022-03-26 03:45:05,192 - ERROR - [-] Unknown Exceptions for Bird Greenandwhite hummingbird
2022-03-26 03:45:13,011 - ERROR - [-] Unknown Exceptions for Bird Greenbacked becard
2022-03-26 03:45:19,260 - ERROR - [-] Unknown Exceptions for Bird Greenbacked camaroptera
2022-03-26 03:45:25,566 - ERROR - [-] Unknown Exceptions for Bird Greenbacked eremomela
2022-03-26 03:45:32,343 - ERROR - [-] Unknown Exceptions for Bird Greenbacked firecrown
2022-03-26 03:45:38,676 - ERROR - [-] Unknown Exceptions for Bird Greenbacked flycatcher
2022-03-26 03:45:45,244 - ERROR - [-] Unknown Exceptions for Bird Greenbacked gerygone
2022-03-26 03:45:52,302 - ERROR - [-] Unknown Exceptions for Bird Greenbacked hillstar
2022-03-26 03:45:58,937 - ERROR - [-] Unknown Exceptions for Bird Greenbacked honeybird
2022-03-26 03:46:05,831 - ERROR - [-] Unknown Exceptions for Bird Greenbacked honeyeater
2022-03-26 03:46:12,420 - ERROR - [-] Unknown Exceptions for Bird Greenbacked kingfisher
2022-03-26 03:46:19,058 - ERROR - [-] Unknown Exceptions for Bird Greenbacked robin
2022-03-26 03:46:25,582 - ERROR - [-] Unknown Exceptions for Bird Greenbacked sparrow
2022-03-26 03:46:32,484 - ERROR - [-] Unknown Exceptions for Bird Greenbacked tit
2022-03-26 03:46:39,297 - ERROR - [-] Unknown Exceptions for Bird Greenbacked trogon
2022-03-26 03:46:45,828 - ERROR - [-] Unknown Exceptions for Bird Greenbacked twinspot
2022-03-26 03:46:52,295 - ERROR - [-] Unknown Exceptions for Bird Greenbacked whistler
2022-03-26 03:46:58,943 - ERROR - [-] Unknown Exceptions for Bird Greenbacked whiteeye
2022-03-26 03:47:05,313 - ERROR - [-] Unknown Exceptions for Bird Greenbacked woodpecker
2022-03-26 03:47:12,512 - ERROR - [-] Unknown Exceptions for Bird Greenbarred woodpecker
2022-03-26 03:47:19,518 - ERROR - [-] Unknown Exceptions for Bird Greenbearded helmetcrest
2022-03-26 03:47:26,265 - ERROR - [-] Unknown Exceptions for Bird Greenbellied hummingbird
2022-03-26 03:47:32,879 - ERROR - [-] Unknown Exceptions for Bird Greenbilled coucal
2022-03-26 03:47:39,310 - ERROR - [-] Unknown Exceptions for Bird Greenbilled malkoha
2022-03-26 03:47:46,024 - ERROR - [-] Unknown Exceptions for Bird Greenbilled toucan
2022-03-26 03:47:52,253 - ERROR - [-] Unknown Exceptions for Bird Greenbreasted bushshrike
2022-03-26 03:47:58,599 - ERROR - [-] Unknown Exceptions for Bird Greenbreasted mango
2022-03-26 03:48:05,101 - ERROR - [-] Unknown Exceptions for Bird Greenbreasted mountaingem
2022-03-26 03:48:11,625 - ERROR - [-] Unknown Exceptions for Bird Greenbreasted pitta
2022-03-26 03:48:18,195 - ERROR - [-] Unknown Exceptions for Bird Greencapped eremomela
2022-03-26 03:48:24,508 - ERROR - [-] Unknown Exceptions for Bird Greencapped tanager
2022-03-26 03:48:30,854 - ERROR - [-] Unknown Exceptions for Bird Greencheeked parakeet
2022-03-26 03:48:37,184 - ERROR - [-] Unknown Exceptions for Bird Greenchinned euphonia
2022-03-26 03:48:43,589 - ERROR - [-] Unknown Exceptions for Bird Greencrowned brilliant
2022-03-26 03:48:50,445 - ERROR - [-] Unknown Exceptions for Bird Greencrowned plovercrest
2022-03-26 03:48:56,910 - ERROR - [-] Unknown Exceptions for Bird Greencrowned warbler
2022-03-26 03:49:03,487 - ERROR - [-] Unknown Exceptions for Bird Greeneared barbet
2022-03-26 03:49:10,350 - ERROR - [-] Unknown Exceptions for Bird Greenfaced parrotfinch
2022-03-26 03:49:16,580 - ERROR - [-] Unknown Exceptions for Bird Greenfronted hummingbird
2022-03-26 03:49:22,853 - ERROR - [-] Unknown Exceptions for Bird Greenfronted lancebill
2022-03-26 03:49:29,576 - ERROR - [-] Unknown Exceptions for Bird Greenheaded hillstar
2022-03-26 03:49:36,104 - ERROR - [-] Unknown Exceptions for Bird Greenheaded oriole
2022-03-26 03:49:42,989 - ERROR - [-] Unknown Exceptions for Bird Greenheaded sunbird
2022-03-26 03:49:49,926 - ERROR - [-] Unknown Exceptions for Bird Greenheaded tanager
2022-03-26 03:49:56,632 - ERROR - [-] Unknown Exceptions for Bird Greenlegged partridge
2022-03-26 03:50:03,122 - ERROR - [-] Unknown Exceptions for Bird Greennaped tanager
2022-03-26 03:50:10,318 - ERROR - [-] Unknown Exceptions for Bird Greenrumped parrotlet
2022-03-26 03:50:17,458 - ERROR - [-] Unknown Exceptions for Bird Greenstriped brushfinch
2022-03-26 03:50:24,261 - ERROR - [-] Unknown Exceptions for Bird Greentailed bristlebill
2022-03-26 03:50:30,608 - ERROR - [-] Unknown Exceptions for Bird Greentailed emerald
2022-03-26 03:50:36,620 - ERROR - [-] Unknown Exceptions for Bird Greentailed goldenthroat
2022-03-26 03:50:42,798 - ERROR - [-] Unknown Exceptions for Bird Greentailed jacamar
2022-03-26 03:50:49,170 - ERROR - [-] Unknown Exceptions for Bird Greentailed sunbird
2022-03-26 03:50:55,364 - ERROR - [-] Unknown Exceptions for Bird Greentailed towhee
2022-03-26 03:51:02,073 - ERROR - [-] Unknown Exceptions for Bird Greentailed trainbearer
2022-03-26 03:51:08,667 - ERROR - [-] Unknown Exceptions for Bird Greentailed warbler
2022-03-26 03:51:14,897 - ERROR - [-] Unknown Exceptions for Bird Greenthighed parrot
2022-03-26 03:51:21,160 - ERROR - [-] Unknown Exceptions for Bird Greenthroated carib
2022-03-26 03:51:27,008 - ERROR - [-] Unknown Exceptions for Bird Greenthroated mango
2022-03-26 03:51:33,242 - ERROR - [-] Unknown Exceptions for Bird Greenthroated mountaingem
2022-03-26 03:51:39,444 - ERROR - [-] Unknown Exceptions for Bird Greenthroated sunbird
2022-03-26 03:51:45,871 - ERROR - [-] Unknown Exceptions for Bird Greenwinged pytilia
2022-03-26 03:51:52,193 - ERROR - [-] Unknown Exceptions for Bird Greenwinged saltator
2022-03-26 03:51:59,482 - ERROR - [-] Unknown Exceptions for Bird Greenwinged teal
2022-03-26 03:53:00,917 - ERROR - [-] Unknown Exceptions for Bird Grey antbird
2022-03-26 03:53:07,410 - ERROR - [-] Unknown Exceptions for Bird Grey antwren
2022-03-26 03:53:14,261 - ERROR - [-] Unknown Exceptions for Bird Grey apalis
2022-03-26 03:53:21,247 - ERROR - [-] Unknown Exceptions for Bird Grey bunting
2022-03-26 03:53:27,439 - ERROR - [-] Unknown Exceptions for Bird Grey bush chat
2022-03-26 03:53:33,696 - ERROR - [-] Unknown Exceptions for Bird Grey butcherbird
2022-03-26 03:53:40,609 - ERROR - [-] Unknown Exceptions for Bird Grey crested tit
2022-03-26 03:53:47,076 - ERROR - [-] Unknown Exceptions for Bird Grey crow
2022-03-26 03:53:53,998 - ERROR - [-] Unknown Exceptions for Bird Grey crowned crane
2022-03-26 03:54:00,871 - ERROR - [-] Unknown Exceptions for Bird Grey cuckooshrike
2022-03-26 03:54:07,024 - ERROR - [-] Unknown Exceptions for Bird Grey currawong
2022-03-26 03:54:14,098 - ERROR - [-] Unknown Exceptions for Bird Grey elaenia
2022-03-26 03:54:20,533 - ERROR - [-] Unknown Exceptions for Bird Grey emutail
2022-03-26 03:54:27,589 - ERROR - [-] Unknown Exceptions for Bird Grey falcon
2022-03-26 03:54:34,421 - ERROR - [-] Unknown Exceptions for Bird Grey fantail
2022-03-26 03:54:40,580 - ERROR - [-] Unknown Exceptions for Bird Grey francolin
2022-03-26 03:54:47,396 - ERROR - [-] Unknown Exceptions for Bird Grey friarbird
2022-03-26 03:54:54,226 - ERROR - [-] Unknown Exceptions for Bird Grey gerygone
2022-03-26 03:55:00,786 - ERROR - [-] Unknown Exceptions for Bird Grey goawaybird
2022-03-26 03:55:07,829 - ERROR - [-] Unknown Exceptions for Bird Grey goshawk
2022-03-26 03:55:14,149 - ERROR - [-] Unknown Exceptions for Bird Grey grasswren
2022-03-26 03:55:20,863 - ERROR - [-] Unknown Exceptions for Bird Grey ground thrush
2022-03-26 03:55:27,335 - ERROR - [-] Unknown Exceptions for Bird Grey gull
2022-03-26 03:55:33,747 - ERROR - [-] Unknown Exceptions for Bird Grey heron
2022-03-26 03:55:39,889 - ERROR - [-] Unknown Exceptions for Bird Grey honeyeater
2022-03-26 03:55:46,005 - ERROR - [-] Unknown Exceptions for Bird Grey hypocolius
2022-03-26 03:55:52,199 - ERROR - [-] Unknown Exceptions for Bird Grey imperial pigeon
2022-03-26 03:55:58,767 - ERROR - [-] Unknown Exceptions for Bird Grey junglefowl
2022-03-26 03:56:05,060 - ERROR - [-] Unknown Exceptions for Bird Grey kestrel
2022-03-26 03:56:11,152 - ERROR - [-] Unknown Exceptions for Bird Grey laughingthrush
2022-03-26 03:56:17,485 - ERROR - [-] Unknown Exceptions for Bird Grey longbill
2022-03-26 03:56:23,509 - ERROR - [-] Unknown Exceptions for Bird Grey monjita
2022-03-26 03:56:29,754 - ERROR - [-] Unknown Exceptions for Bird Grey nightjar
2022-03-26 03:56:36,507 - ERROR - [-] Unknown Exceptions for Bird Grey noddy
2022-03-26 03:56:43,149 - ERROR - [-] Unknown Exceptions for Bird Grey parrot
2022-03-26 03:56:50,483 - ERROR - [-] Unknown Exceptions for Bird Grey partridge
2022-03-26 03:56:56,538 - ERROR - [-] Unknown Exceptions for Bird Grey peacockpheasant
2022-03-26 03:57:03,466 - ERROR - [-] Unknown Exceptions for Bird Grey penduline tit
2022-03-26 03:57:10,443 - ERROR - [-] Unknown Exceptions for Bird Grey petrel
2022-03-26 03:57:17,336 - ERROR - [-] Unknown Exceptions for Bird Grey pileated finch
2022-03-26 03:57:24,341 - ERROR - [-] Unknown Exceptions for Bird Grey plover
2022-03-26 03:57:31,272 - ERROR - [-] Unknown Exceptions for Bird Grey pratincole
2022-03-26 03:57:37,638 - ERROR - [-] Unknown Exceptions for Bird Grey seedeater
2022-03-26 03:57:44,540 - ERROR - [-] Unknown Exceptions for Bird Grey shrikethrush
2022-03-26 03:57:51,232 - ERROR - [-] Unknown Exceptions for Bird Grey sibia
2022-03-26 03:57:57,435 - ERROR - [-] Unknown Exceptions for Bird Grey silkyflycatcher
2022-03-26 03:58:03,763 - ERROR - [-] Unknown Exceptions for Bird Grey sunbird
2022-03-26 03:58:09,782 - ERROR - [-] Unknown Exceptions for Bird Grey teal
2022-03-26 03:58:15,567 - ERROR - [-] Unknown Exceptions for Bird Grey thornbill
2022-03-26 03:58:21,515 - ERROR - [-] Unknown Exceptions for Bird Grey tinamou
2022-03-26 03:58:29,121 - ERROR - [-] Unknown Exceptions for Bird Grey tit
2022-03-26 03:58:35,473 - ERROR - [-] Unknown Exceptions for Bird Grey titflycatcher
2022-03-26 03:58:41,734 - ERROR - [-] Unknown Exceptions for Bird Grey treepie
2022-03-26 03:58:47,640 - ERROR - [-] Unknown Exceptions for Bird Grey trembler
2022-03-26 03:58:53,839 - ERROR - [-] Unknown Exceptions for Bird Grey wagtail
2022-03-26 03:59:00,197 - ERROR - [-] Unknown Exceptions for Bird Grey warblerfinch
2022-03-26 03:59:06,513 - ERROR - [-] Unknown Exceptions for Bird Grey waxbill
2022-03-26 03:59:13,427 - ERROR - [-] Unknown Exceptions for Bird Grey whistler
2022-03-26 03:59:19,732 - ERROR - [-] Unknown Exceptions for Bird Grey wren
2022-03-26 03:59:25,968 - ERROR - [-] Unknown Exceptions for Bird Grey wrenwarbler
2022-03-26 03:59:32,077 - ERROR - [-] Unknown Exceptions for Bird Greyandbuff woodpecker
2022-03-26 03:59:38,442 - ERROR - [-] Unknown Exceptions for Bird Greyandgold tanager
2022-03-26 03:59:44,739 - ERROR - [-] Unknown Exceptions for Bird Greyandgold warbler
2022-03-26 03:59:50,682 - ERROR - [-] Unknown Exceptions for Bird Greyandwhite tyrannulet
2022-03-26 03:59:56,635 - ERROR - [-] Unknown Exceptions for Bird Greybacked camaroptera
2022-03-26 04:00:03,843 - ERROR - [-] Unknown Exceptions for Bird Greybacked cisticola
2022-03-26 04:00:11,007 - ERROR - [-] Unknown Exceptions for Bird Greybacked fiscal
2022-03-26 04:00:16,980 - ERROR - [-] Unknown Exceptions for Bird Greybacked hawk
2022-03-26 04:00:23,215 - ERROR - [-] Unknown Exceptions for Bird Greybacked shrike
2022-03-26 04:00:31,195 - ERROR - [-] Unknown Exceptions for Bird Greybacked sparrowlark
2022-03-26 04:00:37,981 - ERROR - [-] Unknown Exceptions for Bird Greybacked storm petrel
2022-03-26 04:00:44,320 - ERROR - [-] Unknown Exceptions for Bird Greybacked tachuri
2022-03-26 04:00:50,372 - ERROR - [-] Unknown Exceptions for Bird Greybacked tailorbird
2022-03-26 04:00:56,580 - ERROR - [-] Unknown Exceptions for Bird Greybacked thrush
2022-03-26 04:01:03,016 - ERROR - [-] Unknown Exceptions for Bird Greybanded mannikin
2022-03-26 04:01:09,106 - ERROR - [-] Unknown Exceptions for Bird Greybellied antbird
2022-03-26 04:01:15,358 - ERROR - [-] Unknown Exceptions for Bird Greybellied bulbul
2022-03-26 04:01:21,560 - ERROR - [-] Unknown Exceptions for Bird Greybellied comet
2022-03-26 04:01:27,952 - ERROR - [-] Unknown Exceptions for Bird Greybellied cuckoo
2022-03-26 04:01:33,826 - ERROR - [-] Unknown Exceptions for Bird Greybellied flowerpiercer
2022-03-26 04:01:39,693 - ERROR - [-] Unknown Exceptions for Bird Greybellied hawk
2022-03-26 04:01:46,511 - ERROR - [-] Unknown Exceptions for Bird Greybellied shriketyrant
2022-03-26 04:01:52,855 - ERROR - [-] Unknown Exceptions for Bird Greybellied spinetail
2022-03-26 04:01:59,487 - ERROR - [-] Unknown Exceptions for Bird Greybellied tesia
2022-03-26 04:02:05,504 - ERROR - [-] Unknown Exceptions for Bird Greybellied wrenbabbler
2022-03-26 04:02:11,781 - ERROR - [-] Unknown Exceptions for Bird Greybreasted babbler
2022-03-26 04:02:17,748 - ERROR - [-] Unknown Exceptions for Bird Greybreasted crake
2022-03-26 04:02:23,789 - ERROR - [-] Unknown Exceptions for Bird Greybreasted flycatcher
2022-03-26 04:02:29,695 - ERROR - [-] Unknown Exceptions for Bird Greybreasted martin
2022-03-26 04:02:36,143 - ERROR - [-] Unknown Exceptions for Bird Greybreasted mountain toucan
2022-03-26 04:02:42,516 - ERROR - [-] Unknown Exceptions for Bird Greybreasted parakeet
2022-03-26 04:02:49,163 - ERROR - [-] Unknown Exceptions for Bird Greybreasted partridge
2022-03-26 04:02:56,020 - ERROR - [-] Unknown Exceptions for Bird Greybreasted prinia
2022-03-26 04:03:02,954 - ERROR - [-] Unknown Exceptions for Bird Greybreasted sabrewing
2022-03-26 04:03:09,748 - ERROR - [-] Unknown Exceptions for Bird Greybreasted seedsnipe
2022-03-26 04:03:16,577 - ERROR - [-] Unknown Exceptions for Bird Greybreasted spiderhunter
2022-03-26 04:03:23,048 - ERROR - [-] Unknown Exceptions for Bird Greybreasted spurfowl
2022-03-26 04:03:29,784 - ERROR - [-] Unknown Exceptions for Bird Greybreasted wood wren
2022-03-26 04:03:36,333 - ERROR - [-] Unknown Exceptions for Bird Greybreasted woodpecker
2022-03-26 04:03:42,428 - ERROR - [-] Unknown Exceptions for Bird Greybrowed brushfinch
2022-03-26 04:03:48,859 - ERROR - [-] Unknown Exceptions for Bird Greybrown whiteeye
2022-03-26 04:03:55,667 - ERROR - [-] Unknown Exceptions for Bird Greycapped cicadabird
2022-03-26 04:04:01,710 - ERROR - [-] Unknown Exceptions for Bird Greycapped cuckoo
2022-03-26 04:04:08,730 - ERROR - [-] Unknown Exceptions for Bird Greycapped flycatcher
2022-03-26 04:04:15,999 - ERROR - [-] Unknown Exceptions for Bird Greycapped greenfinch
2022-03-26 04:04:22,548 - ERROR - [-] Unknown Exceptions for Bird Greycapped hemispingus
2022-03-26 04:04:29,025 - ERROR - [-] Unknown Exceptions for Bird Greycapped pygmy woodpecker
2022-03-26 04:04:36,034 - ERROR - [-] Unknown Exceptions for Bird Greycapped social weaver
2022-03-26 04:04:41,898 - ERROR - [-] Unknown Exceptions for Bird Greycapped tyrannulet
2022-03-26 04:04:48,566 - ERROR - [-] Unknown Exceptions for Bird Greycapped warbler
2022-03-26 04:04:54,388 - ERROR - [-] Unknown Exceptions for Bird Greycheeked bulbul
2022-03-26 04:05:00,625 - ERROR - [-] Unknown Exceptions for Bird Greycheeked fulvetta
2022-03-26 04:05:07,831 - ERROR - [-] Unknown Exceptions for Bird Greycheeked green pigeon
2022-03-26 04:05:14,578 - ERROR - [-] Unknown Exceptions for Bird Greycheeked nunlet
2022-03-26 04:05:21,172 - ERROR - [-] Unknown Exceptions for Bird Greycheeked parakeet
2022-03-26 04:05:27,648 - ERROR - [-] Unknown Exceptions for Bird Greycheeked thrush
2022-03-26 04:05:33,956 - ERROR - [-] Unknown Exceptions for Bird Greycheeked titbabbler
2022-03-26 04:05:40,748 - ERROR - [-] Unknown Exceptions for Bird Greycheeked warbler
2022-03-26 04:05:47,365 - ERROR - [-] Unknown Exceptions for Bird Greychested babbler
2022-03-26 04:05:54,506 - ERROR - [-] Unknown Exceptions for Bird Greychested dove
2022-03-26 04:06:01,521 - ERROR - [-] Unknown Exceptions for Bird Greychested greenlet
2022-03-26 04:06:08,099 - ERROR - [-] Unknown Exceptions for Bird Greychested jungle flycatcher
2022-03-26 04:06:14,775 - ERROR - [-] Unknown Exceptions for Bird Greychinned hermit
2022-03-26 04:06:21,550 - ERROR - [-] Unknown Exceptions for Bird Greychinned minivet
2022-03-26 04:06:27,563 - ERROR - [-] Unknown Exceptions for Bird Greychinned sunbird
2022-03-26 04:06:34,005 - ERROR - [-] Unknown Exceptions for Bird Greycollared becard
2022-03-26 04:06:40,700 - ERROR - [-] Unknown Exceptions for Bird Greycollared oriole
2022-03-26 04:06:47,799 - ERROR - [-] Unknown Exceptions for Bird Greycowled wood rail
2022-03-26 04:06:54,461 - ERROR - [-] Unknown Exceptions for Bird Greycrested cacholote
2022-03-26 04:07:00,955 - ERROR - [-] Unknown Exceptions for Bird Greycrested finch
2022-03-26 04:07:06,899 - ERROR - [-] Unknown Exceptions for Bird Greycrested helmetshrike
2022-03-26 04:07:13,262 - ERROR - [-] Unknown Exceptions for Bird Greycrowned babbler
2022-03-26 04:07:19,603 - ERROR - [-] Unknown Exceptions for Bird Greycrowned crocias
2022-03-26 04:07:25,558 - ERROR - [-] Unknown Exceptions for Bird Greycrowned flatbill
2022-03-26 04:07:31,753 - ERROR - [-] Unknown Exceptions for Bird Greycrowned mannikin
2022-03-26 04:07:38,293 - ERROR - [-] Unknown Exceptions for Bird Greycrowned prinia
2022-03-26 04:07:45,051 - ERROR - [-] Unknown Exceptions for Bird Greycrowned tanager
2022-03-26 04:07:51,653 - ERROR - [-] Unknown Exceptions for Bird Greycrowned tetraka
2022-03-26 04:07:58,157 - ERROR - [-] Unknown Exceptions for Bird Greycrowned warbler
2022-03-26 04:08:05,023 - ERROR - [-] Unknown Exceptions for Bird Greycrowned woodpecker
2022-03-26 04:08:11,420 - ERROR - [-] Unknown Exceptions for Bird Greycrowned yellowthroat
2022-03-26 04:08:18,350 - ERROR - [-] Unknown Exceptions for Bird Greyeared brushfinch
2022-03-26 04:08:25,748 - ERROR - [-] Unknown Exceptions for Bird Greyeared honeyeater
2022-03-26 04:08:32,164 - ERROR - [-] Unknown Exceptions for Bird Greyeyed bulbul
2022-03-26 04:08:39,082 - ERROR - [-] Unknown Exceptions for Bird Greyeyed greenlet
2022-03-26 04:08:45,615 - ERROR - [-] Unknown Exceptions for Bird Greyfaced buzzard
2022-03-26 04:08:52,334 - ERROR - [-] Unknown Exceptions for Bird Greyfaced petrel
2022-03-26 04:08:58,597 - ERROR - [-] Unknown Exceptions for Bird Greyfaced titbabbler
2022-03-26 04:09:04,656 - ERROR - [-] Unknown Exceptions for Bird Greyflanked cinclodes
2022-03-26 04:09:12,994 - ERROR - [-] Unknown Exceptions for Bird Greyfronted dove
2022-03-26 04:09:19,889 - ERROR - [-] Unknown Exceptions for Bird Greyfronted green pigeon
2022-03-26 04:09:26,063 - ERROR - [-] Unknown Exceptions for Bird Greyfronted honeyeater
2022-03-26 04:09:32,924 - ERROR - [-] Unknown Exceptions for Bird Greyfronted quaildove
2022-03-26 04:09:39,615 - ERROR - [-] Unknown Exceptions for Bird Greygreen fruit dove
2022-03-26 04:09:45,928 - ERROR - [-] Unknown Exceptions for Bird Greygreen scrubwren
2022-03-26 04:09:52,337 - ERROR - [-] Unknown Exceptions for Bird Greyheaded albatross
2022-03-26 04:09:58,862 - ERROR - [-] Unknown Exceptions for Bird Greyheaded antbird
2022-03-26 04:10:04,928 - ERROR - [-] Unknown Exceptions for Bird Greyheaded babbler
2022-03-26 04:10:12,055 - ERROR - [-] Unknown Exceptions for Bird Greyheaded batis
2022-03-26 04:10:18,406 - ERROR - [-] Unknown Exceptions for Bird Greyheaded bristlebill
2022-03-26 04:10:24,940 - ERROR - [-] Unknown Exceptions for Bird Greyheaded broadbill
2022-03-26 04:10:31,484 - ERROR - [-] Unknown Exceptions for Bird Greyheaded bulbul
2022-03-26 04:10:38,599 - ERROR - [-] Unknown Exceptions for Bird Greyheaded bullfinch
2022-03-26 04:10:45,141 - ERROR - [-] Unknown Exceptions for Bird Greyheaded bushshrike
2022-03-26 04:10:52,227 - ERROR - [-] Unknown Exceptions for Bird Greyheaded canaryflycatcher
2022-03-26 04:10:59,440 - ERROR - [-] Unknown Exceptions for Bird Greyheaded chachalaca
2022-03-26 04:11:05,705 - ERROR - [-] Unknown Exceptions for Bird Greyheaded chickadee
2022-03-26 04:11:11,959 - ERROR - [-] Unknown Exceptions for Bird Greyheaded cuckooshrike
2022-03-26 04:11:18,047 - ERROR - [-] Unknown Exceptions for Bird Greyheaded dove
2022-03-26 04:11:24,978 - ERROR - [-] Unknown Exceptions for Bird Greyheaded fish eagle
2022-03-26 04:11:31,234 - ERROR - [-] Unknown Exceptions for Bird Greyheaded fruit dove
2022-03-26 04:11:37,374 - ERROR - [-] Unknown Exceptions for Bird Greyheaded goshawk
2022-03-26 04:11:43,924 - ERROR - [-] Unknown Exceptions for Bird Greyheaded greenbul
2022-03-26 04:11:50,645 - ERROR - [-] Unknown Exceptions for Bird Greyheaded gull
2022-03-26 04:11:57,161 - ERROR - [-] Unknown Exceptions for Bird Greyheaded honeyeater
2022-03-26 04:12:03,507 - ERROR - [-] Unknown Exceptions for Bird Greyheaded imperial pigeon
2022-03-26 04:12:10,283 - ERROR - [-] Unknown Exceptions for Bird Greyheaded kingfisher
2022-03-26 04:12:16,979 - ERROR - [-] Unknown Exceptions for Bird Greyheaded lapwing
2022-03-26 04:12:23,296 - ERROR - [-] Unknown Exceptions for Bird Greyheaded lovebird
2022-03-26 04:12:30,050 - ERROR - [-] Unknown Exceptions for Bird Greyheaded mannikin
2022-03-26 04:12:36,209 - ERROR - [-] Unknown Exceptions for Bird Greyheaded nigrita
2022-03-26 04:12:42,812 - ERROR - [-] Unknown Exceptions for Bird Greyheaded oliveback
2022-03-26 04:12:49,438 - ERROR - [-] Unknown Exceptions for Bird Greyheaded parakeet
2022-03-26 04:12:55,738 - ERROR - [-] Unknown Exceptions for Bird Greyheaded parrotbill
2022-03-26 04:13:02,167 - ERROR - [-] Unknown Exceptions for Bird Greyheaded piprites
2022-03-26 04:13:08,709 - ERROR - [-] Unknown Exceptions for Bird Greyheaded robin
2022-03-26 04:13:15,411 - ERROR - [-] Unknown Exceptions for Bird Greyheaded silverbill
2022-03-26 04:13:22,681 - ERROR - [-] Unknown Exceptions for Bird Greyheaded spinetail
2022-03-26 04:13:29,400 - ERROR - [-] Unknown Exceptions for Bird Greyheaded sunbird
2022-03-26 04:13:36,378 - ERROR - [-] Unknown Exceptions for Bird Greyheaded swamphen
2022-03-26 04:13:43,442 - ERROR - [-] Unknown Exceptions for Bird Greyheaded tanager
2022-03-26 04:13:50,253 - ERROR - [-] Unknown Exceptions for Bird Greyheaded warbler
2022-03-26 04:13:57,216 - ERROR - [-] Unknown Exceptions for Bird Greyheaded woodpecker
2022-03-26 04:14:03,934 - ERROR - [-] Unknown Exceptions for Bird Greyhooded attila
2022-03-26 04:14:11,080 - ERROR - [-] Unknown Exceptions for Bird Greyhooded bush tanager
2022-03-26 04:14:17,903 - ERROR - [-] Unknown Exceptions for Bird Greyhooded flycatcher
2022-03-26 04:14:24,252 - ERROR - [-] Unknown Exceptions for Bird Greyhooded fulvetta
2022-03-26 04:14:31,300 - ERROR - [-] Unknown Exceptions for Bird Greyhooded parakeet
2022-03-26 04:14:38,094 - ERROR - [-] Unknown Exceptions for Bird Greyhooded parrotbill
2022-03-26 04:14:44,903 - ERROR - [-] Unknown Exceptions for Bird Greyhooded sierra finch
2022-03-26 04:14:51,530 - ERROR - [-] Unknown Exceptions for Bird Greyhooded sunbird
2022-03-26 04:14:58,200 - ERROR - [-] Unknown Exceptions for Bird Greyhooded warbler
2022-03-26 04:15:05,251 - ERROR - [-] Unknown Exceptions for Bird Greyhooded whiteeye
2022-03-26 04:15:12,948 - ERROR - [-] Unknown Exceptions for Bird Greylegged tinamou
2022-03-26 04:15:19,511 - ERROR - [-] Unknown Exceptions for Bird Greymantled wren
2022-03-26 04:15:25,588 - ERROR - [-] Unknown Exceptions for Bird Greynaped antpitta
2022-03-26 04:15:32,176 - ERROR - [-] Unknown Exceptions for Bird Greynecked bunting
2022-03-26 04:15:38,802 - ERROR - [-] Unknown Exceptions for Bird Greynecked rockfowl
2022-03-26 04:15:44,765 - ERROR - [-] Unknown Exceptions for Bird Greyolive greenbul
2022-03-26 04:15:51,883 - ERROR - [-] Unknown Exceptions for Bird Greyrumped swallow
2022-03-26 04:15:58,576 - ERROR - [-] Unknown Exceptions for Bird Greyrumped swift
2022-03-26 04:16:05,060 - ERROR - [-] Unknown Exceptions for Bird Greyrumped swiftlet
2022-03-26 04:16:11,206 - ERROR - [-] Unknown Exceptions for Bird Greyrumped treeswift
2022-03-26 04:16:17,852 - ERROR - [-] Unknown Exceptions for Bird Greysided bush warbler
2022-03-26 04:16:24,163 - ERROR - [-] Unknown Exceptions for Bird Greysided flowerpecker
2022-03-26 04:16:30,460 - ERROR - [-] Unknown Exceptions for Bird Greysided laughingthrush
2022-03-26 04:16:36,633 - ERROR - [-] Unknown Exceptions for Bird Greysided scimitar babbler
2022-03-26 04:16:42,782 - ERROR - [-] Unknown Exceptions for Bird Greysided thrush
2022-03-26 04:16:48,713 - ERROR - [-] Unknown Exceptions for Bird Greystreaked flycatcher
2022-03-26 04:16:55,191 - ERROR - [-] Unknown Exceptions for Bird Greystreaked honeyeater
2022-03-26 04:17:01,765 - ERROR - [-] Unknown Exceptions for Bird Greystriped spurfowl
2022-03-26 04:17:08,164 - ERROR - [-] Unknown Exceptions for Bird Greytailed mountaingem
2022-03-26 04:17:14,075 - ERROR - [-] Unknown Exceptions for Bird Greytailed piha
2022-03-26 04:17:20,133 - ERROR - [-] Unknown Exceptions for Bird Greytailed tattler
2022-03-26 04:17:26,152 - ERROR - [-] Unknown Exceptions for Bird Greythroated babbler
2022-03-26 04:17:32,107 - ERROR - [-] Unknown Exceptions for Bird Greythroated barbet
2022-03-26 04:17:39,763 - ERROR - [-] Unknown Exceptions for Bird Greythroated chat
2022-03-26 04:17:45,527 - ERROR - [-] Unknown Exceptions for Bird Greythroated leaftosser
2022-03-26 04:17:51,784 - ERROR - [-] Unknown Exceptions for Bird Greythroated martin
2022-03-26 04:17:58,015 - ERROR - [-] Unknown Exceptions for Bird Greythroated rail
2022-03-26 04:18:03,995 - ERROR - [-] Unknown Exceptions for Bird Greythroated sunbird
2022-03-26 04:18:10,081 - ERROR - [-] Unknown Exceptions for Bird Greythroated titflycatcher
2022-03-26 04:18:16,539 - ERROR - [-] Unknown Exceptions for Bird Greythroated warbler
2022-03-26 04:18:22,892 - ERROR - [-] Unknown Exceptions for Bird Greythroated whiteeye
2022-03-26 04:18:29,048 - ERROR - [-] Unknown Exceptions for Bird Greywinged Inca finch
2022-03-26 04:18:34,944 - ERROR - [-] Unknown Exceptions for Bird Greywinged blackbird
2022-03-26 04:18:41,133 - ERROR - [-] Unknown Exceptions for Bird Greywinged cotinga
2022-03-26 04:18:47,061 - ERROR - [-] Unknown Exceptions for Bird Greywinged francolin
2022-03-26 04:18:53,045 - ERROR - [-] Unknown Exceptions for Bird Greywinged robinchat
2022-03-26 04:18:59,206 - ERROR - [-] Unknown Exceptions for Bird Greywinged trumpeter
2022-03-26 04:19:05,678 - ERROR - [-] Unknown Exceptions for Bird Greyish eagleowl
2022-03-26 04:19:12,026 - ERROR - [-] Unknown Exceptions for Bird Greyish miner
2022-03-26 04:19:17,908 - ERROR - [-] Unknown Exceptions for Bird Greyish mourner
2022-03-26 04:19:24,096 - ERROR - [-] Unknown Exceptions for Bird Greyish piculet
2022-03-26 04:19:29,931 - ERROR - [-] Unknown Exceptions for Bird Greyish saltator
2022-03-26 04:19:35,909 - ERROR - [-] Unknown Exceptions for Bird Greylag goose
2022-03-26 04:19:41,613 - ERROR - [-] Unknown Exceptions for Bird Griffon vulture
2022-03-26 04:19:55,115 - ERROR - [-] Unknown Exceptions for Bird Groovebilled ani
2022-03-26 04:20:00,891 - ERROR - [-] Unknown Exceptions for Bird Groovebilled toucanet
2022-03-26 04:20:08,043 - ERROR - [-] Unknown Exceptions for Bird Grosbeak starling
2022-03-26 04:22:32,552 - ERROR - [-] Unknown Exceptions for Bird Guaiquinima whitestart
2022-03-26 04:23:09,578 - ERROR - [-] Unknown Exceptions for Bird Guatemalan pygmy owl
2022-03-26 04:23:30,618 - ERROR - [-] Unknown Exceptions for Bird Guianan cockoftherock
2022-03-26 04:23:57,111 - ERROR - [-] Unknown Exceptions for Bird Guianan schiffornis
2022-03-26 04:25:08,818 - ERROR - [-] Unknown Exceptions for Bird Gullbilled tern
2022-03-26 04:25:49,518 - ERROR - [-] Unknown Exceptions for Bird Guttulate foliagegleaner
2022-03-26 04:26:01,793 - ERROR - [-] Unknown Exceptions for Bird Güldenstädts redstart
2022-03-26 04:26:35,922 - ERROR - [-] Unknown Exceptions for Bird Hainan peacockpheasant
2022-03-26 04:26:41,821 - ERROR - [-] Unknown Exceptions for Bird Haircrested drongo
2022-03-26 04:26:54,648 - ERROR - [-] Unknown Exceptions for Bird Hairybacked bulbul
2022-03-26 04:27:00,791 - ERROR - [-] Unknown Exceptions for Bird Hairybreasted barbet
2022-03-26 04:27:07,290 - ERROR - [-] Unknown Exceptions for Bird Hairycrested antbird
2022-03-26 04:27:13,734 - ERROR - [-] Unknown Exceptions for Bird Halfcollared kingfisher
2022-03-26 04:27:19,945 - ERROR - [-] Unknown Exceptions for Bird Halfcollared sparrow
2022-03-26 04:27:54,949 - ERROR - [-] Unknown Exceptions for Bird Halmahera paradisecrow
2022-03-26 04:28:36,225 - ERROR - [-] Unknown Exceptions for Bird Handsome spurfowl
2022-03-26 04:28:49,995 - ERROR - [-] Unknown Exceptions for Bird Hangnest todytyrant
2022-03-26 04:30:39,876 - ERROR - [-] Unknown Exceptions for Bird Hartlaubs spurfowl
2022-03-26 04:30:54,426 - ERROR - [-] Unknown Exceptions for Bird Harwoods spurfowl
2022-03-26 04:32:25,958 - ERROR - [-] Unknown Exceptions for Bird Hawaii \u014d\u014d
2022-03-26 04:32:41,258 - ERROR - [-] Unknown Exceptions for Bird Hawkinss rail
2022-03-26 04:32:53,588 - ERROR - [-] Unknown Exceptions for Bird Hazelfronted pygmy tyrant
2022-03-26 04:33:08,546 - ERROR - [-] Unknown Exceptions for Bird Heartspotted woodpecker
2022-03-26 04:33:44,342 - ERROR - [-] Unknown Exceptions for Bird Heinroths shearwater
2022-03-26 04:34:37,306 - ERROR - [-] Unknown Exceptions for Bird Hellmayrs pipit
2022-03-26 04:36:32,052 - ERROR - [-] Unknown Exceptions for Bird Hendersons ground jay
2022-03-26 04:36:38,803 - ERROR - [-] Unknown Exceptions for Bird Hennacapped foliagegleaner
2022-03-26 04:36:45,344 - ERROR - [-] Unknown Exceptions for Bird Hennahooded foliagegleaner
2022-03-26 04:38:03,775 - ERROR - [-] Unknown Exceptions for Bird Heuglins spurfowl
2022-03-26 04:38:16,919 - ERROR - [-] Unknown Exceptions for Bird Heuglins whiteeye
2022-03-26 04:38:51,410 - ERROR - [-] Unknown Exceptions for Bird Hildebrandts spurfowl
2022-03-26 04:39:46,485 - ERROR - [-] Unknown Exceptions for Bird Himalayan blacklored tit
2022-03-26 04:41:15,257 - ERROR - [-] Unknown Exceptions for Bird Himalayan shrikebabbler
2022-03-26 04:41:41,473 - ERROR - [-] Unknown Exceptions for Bird Himalayan vulture
2022-03-26 04:41:47,330 - ERROR - [-] Unknown Exceptions for Bird Himalayan whitebrowed rosefinch
2022-03-26 04:42:09,093 - ERROR - [-] Unknown Exceptions for Bird Hispaniolan amazon
2022-03-26 04:42:36,874 - ERROR - [-] Unknown Exceptions for Bird Hispaniolan nightjar
2022-03-26 04:42:50,573 - ERROR - [-] Unknown Exceptions for Bird Hispaniolan palm crow
2022-03-26 04:43:40,011 - ERROR - [-] Unknown Exceptions for Bird Hoaryheaded grebe
2022-03-26 04:43:45,808 - ERROR - [-] Unknown Exceptions for Bird Hoarythroated barwing
2022-03-26 04:43:51,258 - ERROR - [-] Unknown Exceptions for Bird Hoarythroated spinetail
2022-03-26 04:44:13,625 - ERROR - [-] Unknown Exceptions for Bird Hodgsons hawkcuckoo
2022-03-26 04:44:39,947 - ERROR - [-] Unknown Exceptions for Bird Hodgsons treecreeper
2022-03-26 04:44:55,474 - ERROR - [-] Unknown Exceptions for Bird Hoffmanns woodpecker
2022-03-26 04:47:18,581 - ERROR - [-] Unknown Exceptions for Bird Hofmanns sunbird
2022-03-26 04:47:32,709 - ERROR - [-] Unknown Exceptions for Bird Hombrons kingfisher
2022-03-26 04:47:52,923 - ERROR - [-] Unknown Exceptions for Bird Hood mockingbird
2022-03-26 04:48:41,775 - ERROR - [-] Unknown Exceptions for Bird Hooded dotterel
2022-03-26 04:49:09,132 - ERROR - [-] Unknown Exceptions for Bird Hooded mannikin
