2022-04-02 12:47:58,860 - ERROR - [-] Unknown Exceptions for Bird Bird Name
2022-04-02 12:48:06,927 - ERROR - [-] Unknown Exceptions for Bird Binomial Name
2022-04-02 12:49:41,707 - ERROR - [-] Unknown Exceptions for Bird akiapōlāau
2022-04-02 12:50:09,671 - ERROR - [-] Unknown Exceptions for Bird ākohekohe
2022-04-02 12:50:17,764 - ERROR - [-] Unknown Exceptions for Bird americanbushtit
2022-04-02 12:50:25,144 - ERROR - [-] Unknown Exceptions for Bird americanpurplegallinule
2022-04-02 12:50:32,647 - ERROR - [-] Unknown Exceptions for Bird americanthreetoedwoodpecker
2022-04-02 12:50:39,993 - ERROR - [-] Unknown Exceptions for Bird americanyellowwarbler
2022-04-02 12:50:47,051 - ERROR - [-] Unknown Exceptions for Bird andeancoot
2022-04-02 12:51:13,912 - ERROR - [-] Unknown Exceptions for Bird archboldsowletnightjar
2022-04-02 12:51:20,624 - ERROR - [-] Unknown Exceptions for Bird archerslark
2022-04-02 12:51:27,761 - ERROR - [-] Unknown Exceptions for Bird audubonswarbler
2022-04-02 12:51:34,937 - ERROR - [-] Unknown Exceptions for Bird ayresshawkeagle
2022-04-02 12:51:42,084 - ERROR - [-] Unknown Exceptions for Bird barwingedrail
2022-04-02 12:51:49,389 - ERROR - [-] Unknown Exceptions for Bird bermudatowhee
2022-04-02 12:51:59,938 - ERROR - [-] Unknown Exceptions for Bird bicoloredscrubwren
2022-04-02 12:52:06,752 - ERROR - [-] Unknown Exceptions for Bird blackandwhitewarbler
2022-04-02 12:52:13,798 - ERROR - [-] Unknown Exceptions for Bird blackcappedbabbler
2022-04-02 12:52:21,267 - ERROR - [-] Unknown Exceptions for Bird blackcrownedbabbler
2022-04-02 12:52:28,445 - ERROR - [-] Unknown Exceptions for Bird blackfacedlaughingthrush
2022-04-02 12:52:35,270 - ERROR - [-] Unknown Exceptions for Bird blackfacedprinia
2022-04-02 12:52:42,437 - ERROR - [-] Unknown Exceptions for Bird blackheadedweaver
2022-04-02 12:52:50,153 - ERROR - [-] Unknown Exceptions for Bird blackhoodedlaughingthrush
2022-04-02 12:52:57,603 - ERROR - [-] Unknown Exceptions for Bird blackloredyellowthroat
2022-04-02 12:53:04,415 - ERROR - [-] Unknown Exceptions for Bird blackthroatedbushtit
2022-04-02 12:53:11,896 - ERROR - [-] Unknown Exceptions for Bird blackwingedkite
2022-04-02 12:53:19,759 - ERROR - [-] Unknown Exceptions for Bird blueearedkingfisher
2022-04-02 12:53:27,029 - ERROR - [-] Unknown Exceptions for Bird bluefootedbooby
2022-04-02 12:53:33,654 - ERROR - [-] Unknown Exceptions for Bird bluemoustachedbeeeater
2022-04-02 12:53:41,475 - ERROR - [-] Unknown Exceptions for Bird bluethroatedsapphire
2022-04-02 12:53:48,446 - ERROR - [-] Unknown Exceptions for Bird bluewingedparakeet
2022-04-02 12:53:55,708 - ERROR - [-] Unknown Exceptions for Bird bluewingedparrotlet
2022-04-02 12:54:03,144 - ERROR - [-] Unknown Exceptions for Bird boldstripedtitbabbler
2022-04-02 12:54:11,294 - ERROR - [-] Unknown Exceptions for Bird bolivianwhitecrownedtapaculo
2022-04-02 12:54:20,488 - ERROR - [-] Unknown Exceptions for Bird borneanforktail
2022-04-02 12:54:29,430 - ERROR - [-] Unknown Exceptions for Bird brownbelliedstipplethroat
2022-04-02 12:54:36,433 - ERROR - [-] Unknown Exceptions for Bird browncheekedrail
2022-04-02 12:54:44,116 - ERROR - [-] Unknown Exceptions for Bird brownheadedcowbird
2022-04-02 12:54:51,516 - ERROR - [-] Unknown Exceptions for Bird campbellteal
2022-04-02 12:54:58,444 - ERROR - [-] Unknown Exceptions for Bird caribbeanhornero
2022-04-02 12:55:05,488 - ERROR - [-] Unknown Exceptions for Bird ceruleanparadiseflycatcher
2022-04-02 12:55:12,506 - ERROR - [-] Unknown Exceptions for Bird chestnutbackedscimitarbabbler
2022-04-02 12:55:19,379 - ERROR - [-] Unknown Exceptions for Bird chiriquiquaildove
2022-04-02 12:55:26,431 - ERROR - [-] Unknown Exceptions for Bird chiriquiyellowthroat
2022-04-02 12:55:33,516 - ERROR - [-] Unknown Exceptions for Bird chocowarbler
2022-04-02 12:55:40,423 - ERROR - [-] Unknown Exceptions for Bird citrinelorikeet
2022-04-02 12:55:47,050 - ERROR - [-] Unknown Exceptions for Bird commondiucafinch
2022-04-02 12:55:53,772 - ERROR - [-] Unknown Exceptions for Bird commonmyna
2022-04-02 12:56:01,152 - ERROR - [-] Unknown Exceptions for Bird commonpheasant
2022-04-02 12:56:07,768 - ERROR - [-] Unknown Exceptions for Bird crimsonbelliedparakeet
2022-04-02 12:56:14,699 - ERROR - [-] Unknown Exceptions for Bird crimsonhoodedmyzomela
2022-04-02 12:56:21,804 - ERROR - [-] Unknown Exceptions for Bird cubanpalmcrow
2022-04-02 12:56:28,632 - ERROR - [-] Unknown Exceptions for Bird darkeyedjunco
2022-04-02 12:56:35,716 - ERROR - [-] Unknown Exceptions for Bird deignansprinia
2022-04-02 12:56:42,430 - ERROR - [-] Unknown Exceptions for Bird doublecrestedcormorant
2022-04-02 12:56:49,154 - ERROR - [-] Unknown Exceptions for Bird duskyleaftosser
2022-04-02 12:56:55,645 - ERROR - [-] Unknown Exceptions for Bird duskyheadedparakeet
2022-04-02 12:57:02,523 - ERROR - [-] Unknown Exceptions for Bird dwarflongbill
2022-04-02 12:57:09,493 - ERROR - [-] Unknown Exceptions for Bird elorotapaculo
2022-04-02 12:57:16,493 - ERROR - [-] Unknown Exceptions for Bird emeraldtoucanet
2022-04-02 12:57:23,002 - ERROR - [-] Unknown Exceptions for Bird eurasianrockpipit
2022-04-02 12:57:29,915 - ERROR - [-] Unknown Exceptions for Bird europeanherringgull
2022-04-02 12:57:37,116 - ERROR - [-] Unknown Exceptions for Bird forktailedsunbird
2022-04-02 12:57:44,053 - ERROR - [-] Unknown Exceptions for Bird galapagoscrake
2022-04-02 12:57:50,932 - ERROR - [-] Unknown Exceptions for Bird goldencollaredmacaw
2022-04-02 12:57:57,885 - ERROR - [-] Unknown Exceptions for Bird goldeneyedflowerpiercer
2022-04-02 12:58:04,839 - ERROR - [-] Unknown Exceptions for Bird goldenthroatedbarbet
2022-04-02 12:58:12,060 - ERROR - [-] Unknown Exceptions for Bird goldmanswarbler
2022-04-02 12:58:18,755 - ERROR - [-] Unknown Exceptions for Bird gouldsnightingalethrush
2022-04-02 12:58:25,265 - ERROR - [-] Unknown Exceptions for Bird grantswoodhoopoe
2022-04-02 12:58:32,468 - ERROR - [-] Unknown Exceptions for Bird greatgreyowl
2022-04-02 12:58:39,512 - ERROR - [-] Unknown Exceptions for Bird greenbeeeater
2022-04-02 12:58:46,571 - ERROR - [-] Unknown Exceptions for Bird greenwoodhoopoe
2022-04-02 12:58:53,334 - ERROR - [-] Unknown Exceptions for Bird greenbackedwhiteeye
2022-04-02 12:59:00,090 - ERROR - [-] Unknown Exceptions for Bird greenbackedwoodpecker
2022-04-02 12:59:07,083 - ERROR - [-] Unknown Exceptions for Bird greenwingedteal
2022-04-02 12:59:14,214 - ERROR - [-] Unknown Exceptions for Bird greybutcherbird
2022-04-02 12:59:23,057 - ERROR - [-] Unknown Exceptions for Bird greycrownedcrane
2022-04-02 12:59:30,079 - ERROR - [-] Unknown Exceptions for Bird greygerygone
2022-04-02 12:59:37,153 - ERROR - [-] Unknown Exceptions for Bird greygoawaybird
2022-04-02 12:59:44,149 - ERROR - [-] Unknown Exceptions for Bird greythornbill
2022-04-02 12:59:51,283 - ERROR - [-] Unknown Exceptions for Bird greywaxbill
2022-04-02 12:59:58,434 - ERROR - [-] Unknown Exceptions for Bird greybreastedprinia
2022-04-02 13:00:05,795 - ERROR - [-] Unknown Exceptions for Bird greycrownedflatbill
2022-04-02 13:00:13,067 - ERROR - [-] Unknown Exceptions for Bird greyishsaltator
2022-04-02 13:00:23,163 - ERROR - [-] Unknown Exceptions for Bird griffonvulture
2022-04-02 13:00:30,245 - ERROR - [-] Unknown Exceptions for Bird gunnisongrouse
2022-04-02 13:00:37,580 - ERROR - [-] Unknown Exceptions for Bird handsomespurfowl
2022-04-02 13:00:44,614 - ERROR - [-] Unknown Exceptions for Bird hawaiiōō
2022-04-02 13:00:51,567 - ERROR - [-] Unknown Exceptions for Bird hawkinssrail
2022-04-02 13:00:58,271 - ERROR - [-] Unknown Exceptions for Bird himalayanwhitebrowedrosefinch
2022-04-02 13:01:05,005 - ERROR - [-] Unknown Exceptions for Bird hispaniolanpalmcrow
2022-04-02 13:01:11,714 - ERROR - [-] Unknown Exceptions for Bird hornbillfriarbird
2022-04-02 13:01:18,700 - ERROR - [-] Unknown Exceptions for Bird hosespartridge
2022-04-02 13:01:26,908 - ERROR - [-] Unknown Exceptions for Bird islandswiftlet
2022-04-02 13:01:37,685 - ERROR - [-] Unknown Exceptions for Bird kagu
2022-04-02 13:01:48,863 - ERROR - [-] Unknown Exceptions for Bird kāmao
2022-04-02 13:01:57,911 - ERROR - [-] Unknown Exceptions for Bird kauainukupuu
2022-04-02 13:02:06,342 - ERROR - [-] Unknown Exceptions for Bird kauaiōō
2022-04-02 13:02:15,329 - ERROR - [-] Unknown Exceptions for Bird kolombangarawhiteeye
2022-04-02 13:02:23,116 - ERROR - [-] Unknown Exceptions for Bird lānaihookbill
2022-04-02 13:02:30,690 - ERROR - [-] Unknown Exceptions for Bird largespottednutcracker
2022-04-02 13:02:37,878 - ERROR - [-] Unknown Exceptions for Bird layardswoodcreeper
2022-04-02 13:02:45,603 - ERROR - [-] Unknown Exceptions for Bird lessershorttoedlark
2022-04-02 13:02:53,607 - ERROR - [-] Unknown Exceptions for Bird limestonewrenbabbler
2022-04-02 13:03:01,204 - ERROR - [-] Unknown Exceptions for Bird littlebustard
2022-04-02 13:03:09,936 - ERROR - [-] Unknown Exceptions for Bird longtailedcisticola
2022-04-02 13:03:16,944 - ERROR - [-] Unknown Exceptions for Bird lulustodyflycatcher
2022-04-02 13:03:23,926 - ERROR - [-] Unknown Exceptions for Bird macquarieparakeet
2022-04-02 13:03:32,236 - ERROR - [-] Unknown Exceptions for Bird madagascanbluepigeon
2022-04-02 13:03:43,019 - ERROR - [-] Unknown Exceptions for Bird madagascanbuttonquail
2022-04-02 13:03:52,370 - ERROR - [-] Unknown Exceptions for Bird madagascancisticola
2022-04-02 13:04:01,605 - ERROR - [-] Unknown Exceptions for Bird madagascancuckoo
2022-04-02 13:04:11,142 - ERROR - [-] Unknown Exceptions for Bird madagascancuckooshrike
2022-04-02 13:04:20,401 - ERROR - [-] Unknown Exceptions for Bird madagascanfisheagle
2022-04-02 13:04:29,315 - ERROR - [-] Unknown Exceptions for Bird madagascanflufftail
2022-04-02 13:04:38,447 - ERROR - [-] Unknown Exceptions for Bird madagascangrebe
2022-04-02 13:04:46,719 - ERROR - [-] Unknown Exceptions for Bird madagascangreenpigeon
2022-04-02 13:04:55,392 - ERROR - [-] Unknown Exceptions for Bird madagascanharrierhawk
2022-04-02 13:05:03,453 - ERROR - [-] Unknown Exceptions for Bird madagascanibis
2022-04-02 13:05:12,451 - ERROR - [-] Unknown Exceptions for Bird madagascanjacana
2022-04-02 13:05:21,028 - ERROR - [-] Unknown Exceptions for Bird madagascanlark
2022-04-02 13:05:28,986 - ERROR - [-] Unknown Exceptions for Bird madagascanmagpierobin
2022-04-02 13:05:37,194 - ERROR - [-] Unknown Exceptions for Bird madagascanmannikin
2022-04-02 13:05:45,697 - ERROR - [-] Unknown Exceptions for Bird madagascannightjar
2022-04-02 13:05:54,497 - ERROR - [-] Unknown Exceptions for Bird madagascanowl
2022-04-02 13:06:02,759 - ERROR - [-] Unknown Exceptions for Bird madagascanpartridge
2022-04-02 13:06:11,965 - ERROR - [-] Unknown Exceptions for Bird madagascanplover
2022-04-02 13:06:20,319 - ERROR - [-] Unknown Exceptions for Bird madagascanpochard
2022-04-02 13:06:29,156 - ERROR - [-] Unknown Exceptions for Bird madagascanpratincole
2022-04-02 13:06:37,978 - ERROR - [-] Unknown Exceptions for Bird madagascanpygmykingfisher
2022-04-02 13:06:46,087 - ERROR - [-] Unknown Exceptions for Bird madagascanrail
2022-04-02 13:06:55,259 - ERROR - [-] Unknown Exceptions for Bird madagascansandgrouse
2022-04-02 13:07:04,172 - ERROR - [-] Unknown Exceptions for Bird madagascanserpenteagle
2022-04-02 13:07:13,052 - ERROR - [-] Unknown Exceptions for Bird madagascansnipe
2022-04-02 13:07:21,910 - ERROR - [-] Unknown Exceptions for Bird madagascansparrowhawk
2022-04-02 13:07:30,597 - ERROR - [-] Unknown Exceptions for Bird madagascanspinetail
2022-04-02 13:07:38,600 - ERROR - [-] Unknown Exceptions for Bird madagascanstarling
2022-04-02 13:07:47,216 - ERROR - [-] Unknown Exceptions for Bird madagascanstonechat
2022-04-02 13:07:55,609 - ERROR - [-] Unknown Exceptions for Bird madagascanswampwarbler
2022-04-02 13:08:04,882 - ERROR - [-] Unknown Exceptions for Bird madagascanwagtail
2022-04-02 13:08:14,165 - ERROR - [-] Unknown Exceptions for Bird madagascanwoodrail
2022-04-02 13:08:23,075 - ERROR - [-] Unknown Exceptions for Bird madagascanyellowbrow
2022-04-02 13:08:32,689 - ERROR - [-] Unknown Exceptions for Bird malaysiancrestedargus
2022-04-02 13:08:41,644 - ERROR - [-] Unknown Exceptions for Bird malaysianpartridge
2022-04-02 13:08:49,949 - ERROR - [-] Unknown Exceptions for Bird mangrovewarbler
2022-04-02 13:09:11,691 - ERROR - [-] Unknown Exceptions for Bird marbledduck
2022-04-02 13:09:20,658 - ERROR - [-] Unknown Exceptions for Bird maroonbeltedchattyrant
2022-04-02 13:09:30,288 - ERROR - [-] Unknown Exceptions for Bird marvellousspatuletail
2022-04-02 13:09:39,600 - ERROR - [-] Unknown Exceptions for Bird matogrossoswift
2022-04-02 13:09:48,516 - ERROR - [-] Unknown Exceptions for Bird mauiakepa
2022-04-02 13:09:58,050 - ERROR - [-] Unknown Exceptions for Bird mauinukupuu
2022-04-02 13:10:07,473 - ERROR - [-] Unknown Exceptions for Bird méridasunangel
2022-04-02 13:10:28,712 - ERROR - [-] Unknown Exceptions for Bird mourningdove
2022-04-02 13:10:37,779 - ERROR - [-] Unknown Exceptions for Bird myrtlewarbler
2022-04-02 13:10:59,462 - ERROR - [-] Unknown Exceptions for Bird newguineafriarbird
2022-04-02 13:11:07,427 - ERROR - [-] Unknown Exceptions for Bird newzealandmerganser
2022-04-02 13:11:16,768 - ERROR - [-] Unknown Exceptions for Bird northernmountaincacique
2022-04-02 13:11:24,900 - ERROR - [-] Unknown Exceptions for Bird northernwhitecrownedtapaculo
2022-04-02 13:11:33,031 - ERROR - [-] Unknown Exceptions for Bird oahualauahio
2022-04-02 13:11:41,536 - ERROR - [-] Unknown Exceptions for Bird ochreoriole
2022-04-02 13:11:49,834 - ERROR - [-] Unknown Exceptions for Bird olivebrownoriole
2022-04-02 13:12:02,002 - ERROR - [-] Unknown Exceptions for Bird olomao
2022-04-02 13:12:10,702 - ERROR - [-] Unknown Exceptions for Bird ōmao
2022-04-02 13:12:19,415 - ERROR - [-] Unknown Exceptions for Bird orangeeyedflatbill
2022-04-02 13:12:27,725 - ERROR - [-] Unknown Exceptions for Bird ōū
2022-04-02 13:12:36,699 - ERROR - [-] Unknown Exceptions for Bird pacifichornero
2022-04-02 13:12:44,839 - ERROR - [-] Unknown Exceptions for Bird pacificlongtailedcuckoo
2022-04-02 13:12:53,595 - ERROR - [-] Unknown Exceptions for Bird pacifictuftedcheek
2022-04-02 13:13:02,510 - ERROR - [-] Unknown Exceptions for Bird paintedwhitestart
2022-04-02 13:13:11,061 - ERROR - [-] Unknown Exceptions for Bird paletippedinezia
2022-04-02 13:13:19,301 - ERROR - [-] Unknown Exceptions for Bird panamaniantyrannulet
2022-04-02 13:13:28,489 - ERROR - [-] Unknown Exceptions for Bird pandersgroundjay
2022-04-02 13:13:49,941 - ERROR - [-] Unknown Exceptions for Bird passerellailiacamegarhyncha
2022-04-02 13:13:58,626 - ERROR - [-] Unknown Exceptions for Bird piedmyna
2022-04-02 13:14:07,380 - ERROR - [-] Unknown Exceptions for Bird plaininezia
2022-04-02 13:14:29,606 - ERROR - [-] Unknown Exceptions for Bird pleskesgroundjay
2022-04-02 13:14:38,493 - ERROR - [-] Unknown Exceptions for Bird plumbeoustyrant
2022-04-02 13:14:47,516 - ERROR - [-] Unknown Exceptions for Bird plumthroatedcotinga
2022-04-02 13:14:57,101 - ERROR - [-] Unknown Exceptions for Bird poouli
2022-04-02 13:15:05,868 - ERROR - [-] Unknown Exceptions for Bird redfoxsparrow
2022-04-02 13:15:14,878 - ERROR - [-] Unknown Exceptions for Bird redtanager
2022-04-02 13:15:23,615 - ERROR - [-] Unknown Exceptions for Bird redbreastedmerganser
2022-04-02 13:15:31,943 - ERROR - [-] Unknown Exceptions for Bird redchestedcuckoo
2022-04-02 13:15:39,824 - ERROR - [-] Unknown Exceptions for Bird redeyedvireo
2022-04-02 13:15:48,206 - ERROR - [-] Unknown Exceptions for Bird redfootedbooby
2022-04-02 13:15:56,568 - ERROR - [-] Unknown Exceptions for Bird redfrontedcoot
2022-04-02 13:16:06,679 - ERROR - [-] Unknown Exceptions for Bird redgarteredcoot
2022-04-02 13:16:14,800 - ERROR - [-] Unknown Exceptions for Bird redwingedblackbird
2022-04-02 13:16:23,030 - ERROR - [-] Unknown Exceptions for Bird réuniongreywhiteeye
2022-04-02 13:16:31,630 - ERROR - [-] Unknown Exceptions for Bird ringbilledgull
2022-04-02 13:16:39,777 - ERROR - [-] Unknown Exceptions for Bird rockdove
2022-04-02 13:16:49,440 - ERROR - [-] Unknown Exceptions for Bird rocklovingcisticola
2022-04-02 13:16:57,807 - ERROR - [-] Unknown Exceptions for Bird roraimanwarbler
2022-04-02 13:17:06,828 - ERROR - [-] Unknown Exceptions for Bird rufousbackedstipplethroat
2022-04-02 13:17:16,586 - ERROR - [-] Unknown Exceptions for Bird rufoustailedjungleflycatcher
2022-04-02 13:17:26,087 - ERROR - [-] Unknown Exceptions for Bird rufouswingedantwren
2022-04-02 13:17:35,436 - ERROR - [-] Unknown Exceptions for Bird russetbackedjungleflycatcher
2022-04-02 13:17:43,660 - ERROR - [-] Unknown Exceptions for Bird rustythroatedwrenbabbler
2022-04-02 13:17:53,540 - ERROR - [-] Unknown Exceptions for Bird sandmartin
2022-04-02 13:18:02,745 - ERROR - [-] Unknown Exceptions for Bird shorttailedfinch
2022-04-02 13:18:11,890 - ERROR - [-] Unknown Exceptions for Bird shorttailedshearwater
2022-04-02 13:18:21,114 - ERROR - [-] Unknown Exceptions for Bird sicklebilledvanga
2022-04-02 13:18:30,229 - ERROR - [-] Unknown Exceptions for Bird slatecoloredfoxsparrow
2022-04-02 13:18:38,730 - ERROR - [-] Unknown Exceptions for Bird slatyrobin
2022-04-02 13:18:48,183 - ERROR - [-] Unknown Exceptions for Bird slatycrownedantpitta
2022-04-02 13:18:58,691 - ERROR - [-] Unknown Exceptions for Bird slatyheadedtodyflycatcher
2022-04-02 13:19:08,133 - ERROR - [-] Unknown Exceptions for Bird somalishorttoedlark
2022-04-02 13:19:15,615 - ERROR - [-] Unknown Exceptions for Bird sootyfoxsparrow
2022-04-02 13:19:24,457 - ERROR - [-] Unknown Exceptions for Bird sootywoodpecker
2022-04-02 13:19:33,963 - ERROR - [-] Unknown Exceptions for Bird sootyheadedwren
2022-04-02 13:19:41,909 - ERROR - [-] Unknown Exceptions for Bird southamericansnipe
2022-04-02 13:19:49,749 - ERROR - [-] Unknown Exceptions for Bird southernchestnuttailedantbird
2022-04-02 13:19:58,702 - ERROR - [-] Unknown Exceptions for Bird southernmountaincacique
2022-04-02 13:20:07,224 - ERROR - [-] Unknown Exceptions for Bird southernyellowthroat
2022-04-02 13:20:15,976 - ERROR - [-] Unknown Exceptions for Bird spanishimperialeagle
2022-04-02 13:20:24,393 - ERROR - [-] Unknown Exceptions for Bird spotbreastedheleia
2022-04-02 13:20:33,769 - ERROR - [-] Unknown Exceptions for Bird spottedowl
2022-04-02 13:20:41,981 - ERROR - [-] Unknown Exceptions for Bird srilankawhiteeye
2022-04-02 13:20:51,372 - ERROR - [-] Unknown Exceptions for Bird stejnegersstonechat
2022-04-02 13:20:59,597 - ERROR - [-] Unknown Exceptions for Bird streakbreastedjungleflycatcher
2022-04-02 13:21:08,361 - ERROR - [-] Unknown Exceptions for Bird streakheadedantbird
2022-04-02 13:21:16,406 - ERROR - [-] Unknown Exceptions for Bird stripecappedsparrow
2022-04-02 13:21:25,102 - ERROR - [-] Unknown Exceptions for Bird subtropicalcacique
2022-04-02 13:21:33,371 - ERROR - [-] Unknown Exceptions for Bird sulphurcrestedcockatoo
2022-04-02 13:21:42,556 - ERROR - [-] Unknown Exceptions for Bird sulphurrumpedmyiobius
2022-04-02 13:21:51,865 - ERROR - [-] Unknown Exceptions for Bird swinhoesprinia
2022-04-02 13:22:00,631 - ERROR - [-] Unknown Exceptions for Bird tasmanstarling
2022-04-02 13:22:09,314 - ERROR - [-] Unknown Exceptions for Bird tepuiflycatcher
2022-04-02 13:22:18,376 - ERROR - [-] Unknown Exceptions for Bird thickbilledfoxsparrow
2022-04-02 13:22:26,551 - ERROR - [-] Unknown Exceptions for Bird toothbilledtanager
2022-04-02 13:22:35,660 - ERROR - [-] Unknown Exceptions for Bird tristanmoorhen
2022-04-02 13:22:44,111 - ERROR - [-] Unknown Exceptions for Bird tschudiswoodcreeper
2022-04-02 13:23:05,821 - ERROR - [-] Unknown Exceptions for Bird ulaaihawane
2022-04-02 13:23:14,845 - ERROR - [-] Unknown Exceptions for Bird vauriesnightjar
2022-04-02 13:23:23,892 - ERROR - [-] Unknown Exceptions for Bird versicoloredmonarch
2022-04-02 13:23:32,920 - ERROR - [-] Unknown Exceptions for Bird violethoodedstarling
2022-04-02 13:23:42,566 - ERROR - [-] Unknown Exceptions for Bird westernblackheadedbatis
2022-04-02 13:23:51,114 - ERROR - [-] Unknown Exceptions for Bird westernosprey
2022-04-02 13:23:59,715 - ERROR - [-] Unknown Exceptions for Bird whiteeyedstipplethroat
2022-04-02 13:24:07,903 - ERROR - [-] Unknown Exceptions for Bird whiteeyedvireo
2022-04-02 13:24:16,406 - ERROR - [-] Unknown Exceptions for Bird whitefrontedtyrannulet
2022-04-02 13:24:24,310 - ERROR - [-] Unknown Exceptions for Bird whiterimmedwarbler
2022-04-02 13:24:33,299 - ERROR - [-] Unknown Exceptions for Bird whitethroatedantbird
2022-04-02 13:24:43,211 - ERROR - [-] Unknown Exceptions for Bird whitethroatedcacholote
2022-04-02 13:24:51,858 - ERROR - [-] Unknown Exceptions for Bird whitethroatedlaughingthrush
2022-04-02 13:25:02,272 - ERROR - [-] Unknown Exceptions for Bird whitethroatedsparrow
2022-04-02 13:25:13,080 - ERROR - [-] Unknown Exceptions for Bird whitethroatedtoucanet
2022-04-02 13:25:21,864 - ERROR - [-] Unknown Exceptions for Bird whitetippedmonarch
2022-04-02 13:25:30,067 - ERROR - [-] Unknown Exceptions for Bird whitewingeddiucafinch
2022-04-02 13:25:39,076 - ERROR - [-] Unknown Exceptions for Bird whitewingedscoter
2022-04-02 13:25:47,988 - ERROR - [-] Unknown Exceptions for Bird yellowbelliedbushwarbler
2022-04-02 13:25:57,394 - ERROR - [-] Unknown Exceptions for Bird yellowbilledcuckoo
2022-04-02 13:26:06,506 - ERROR - [-] Unknown Exceptions for Bird yellowheadedblackbird
2022-04-02 13:26:15,982 - ERROR - [-] Unknown Exceptions for Bird yellowthroatedminer
2022-04-02 13:26:24,417 - ERROR - [-] Unknown Exceptions for Bird yellowthroatedvireo
2022-04-02 13:26:33,814 - ERROR - [-] Unknown Exceptions for Bird yellowtufteddacnis
2022-04-02 13:26:42,786 - ERROR - [-] Unknown Exceptions for Bird yungaswarbler
