2022-03-26 21:36:15,922 - ERROR - Unknown Exceptions for Bird-Spotted woodcreeper
2022-03-26 21:36:24,117 - ERROR - Unknown Exceptions for Bird-Spotted wren
2022-03-26 21:36:24,697 - ERROR - Unknown Exceptions for Bird-Spotthroat
2022-03-26 21:36:25,154 - ERROR - Unknown Exceptions for Bird-Spotthroated babbler
2022-03-26 21:36:25,758 - ERROR - Unknown Exceptions for Bird-Spotthroated flameback
2022-03-26 21:36:26,199 - ERROR - Unknown Exceptions for Bird-Spotthroated hummingbird
2022-03-26 21:36:26,655 - ERROR - Unknown Exceptions for Bird-Spotthroated woodcreeper
2022-03-26 21:36:26,913 - ERROR - Unknown Exceptions for Bird-Spotwinged antbird
2022-03-26 21:36:27,210 - ERROR - Unknown Exceptions for Bird-Spotwinged antshrike
2022-03-26 21:36:27,500 - ERROR - Unknown Exceptions for Bird-Spotwinged falconet
2022-03-26 21:36:27,776 - ERROR - Unknown Exceptions for Bird-Spotwinged grosbeak
2022-03-26 21:36:28,181 - ERROR - Unknown Exceptions for Bird-Spotwinged monarch
2022-03-26 21:37:47,593 - ERROR - Unknown Exceptions for Bird-Spruce grouse
2022-03-26 21:46:04,385 - ERROR - Unknown Exceptions for Bird-Stephanies astrapia
2022-03-26 21:46:11,473 - ERROR - Unknown Exceptions for Bird-Stephans emerald dove
2022-03-26 21:46:11,796 - ERROR - Unknown Exceptions for Bird-Stephens lorikeet
2022-03-26 21:46:12,538 - ERROR - Unknown Exceptions for Bird-Steppe eagle
2022-03-26 21:46:12,929 - ERROR - Unknown Exceptions for Bird-Stierlings woodpecker
2022-03-26 21:46:13,179 - ERROR - Unknown Exceptions for Bird-Stierlings wrenwarbler
2022-03-26 21:46:13,551 - ERROR - Unknown Exceptions for Bird-Stiless tapaculo
2022-03-26 21:46:13,813 - ERROR - Unknown Exceptions for Bird-Stilt sandpiper
2022-03-26 21:46:14,053 - ERROR - Unknown Exceptions for Bird-Stipplethroated antwren
2022-03-26 21:46:14,307 - ERROR - Unknown Exceptions for Bird-Stitchbird
2022-03-26 21:46:14,582 - ERROR - Unknown Exceptions for Bird-Stock dove
2022-03-26 21:46:14,853 - ERROR - Unknown Exceptions for Bird-Stolid flycatcher
2022-03-26 21:46:15,110 - ERROR - Unknown Exceptions for Bird-Stone partridge
2022-03-26 21:56:44,972 - ERROR - Unknown Exceptions for Bird-Striated heron
2022-03-26 22:26:37,751 - ERROR - Unknown Exceptions for Bird-Swainsons spurfowl
2022-03-26 23:33:46,856 - ERROR - Unknown Exceptions for Bird-Twite
2022-03-26 23:36:06,275 - ERROR - Unknown Exceptions for Bird-Ultramarine grosbeak
2022-03-27 00:01:01,556 - ERROR - Unknown Exceptions for Bird-Violet turaco
2022-03-27 00:03:41,436 - ERROR - Unknown Exceptions for Bird-Visayan broadbill
