2022-04-05 22:56:06,892 - ERROR - Unknown Exceptions for Bird-Cape Longclaw
2022-04-05 22:56:22,192 - ERROR - Unknown Exceptions for Bird-Yellow-throated Longclaw
2022-04-05 22:57:35,145 - ERROR - Unknown Exceptions for Bird-Cape Longclaw
2022-04-05 22:57:47,490 - ERROR - Unknown Exceptions for Bird-Yellow-throated Longclaw
2022-04-05 22:58:00,747 - ERROR - Unknown Exceptions for Bird-Pangani Longclaw
2022-04-05 22:58:17,596 - ERROR - Unknown Exceptions for Bird-Rosy-throated Longclaw
2022-04-05 22:58:32,040 - ERROR - Unknown Exceptions for Bird-Grimwood's Longclaw
2022-04-05 22:58:46,132 - ERROR - Unknown Exceptions for Bird-Sharpe's Longclaw
2022-04-05 22:59:00,621 - ERROR - Unknown Exceptions for Bird-Yellow-breasted Pipit
2022-04-05 22:59:14,311 - ERROR - Unknown Exceptions for Bird-Golden Pipit
2022-04-05 22:59:27,217 - ERROR - Unknown Exceptions for Bird-Madagascar Wagtail
2022-04-05 22:59:40,809 - ERROR - Unknown Exceptions for Bird-Mountain Wagtail
2022-04-05 22:59:56,455 - ERROR - Unknown Exceptions for Bird-Cape Wagtail
2022-04-05 23:00:11,790 - ERROR - Unknown Exceptions for Bird-Western Yellow Wagtail
2022-04-05 23:00:28,103 - ERROR - Unknown Exceptions for Bird-African Pied Wagtail
2022-04-05 23:00:47,206 - ERROR - Unknown Exceptions for Bird-Grey Wagtail
2022-04-05 23:01:02,457 - ERROR - Unknown Exceptions for Bird-Citrine Wagtail
2022-04-05 23:01:21,579 - ERROR - Unknown Exceptions for Bird-Eastern Yellow Wagtail
2022-04-05 23:01:37,765 - ERROR - Unknown Exceptions for Bird-White-browed Wagtail
2022-04-05 23:01:51,093 - ERROR - Unknown Exceptions for Bird-Mekong Wagtail
2022-04-05 23:02:04,687 - ERROR - Unknown Exceptions for Bird-Japanese Wagtail
2022-04-05 23:02:18,200 - ERROR - Unknown Exceptions for Bird-White Wagtail
2022-04-05 23:02:31,666 - ERROR - Unknown Exceptions for Bird-Sao Tome Short-tail
2022-04-05 23:02:45,976 - ERROR - Unknown Exceptions for Bird-Common Chaffinch
2022-04-05 23:02:58,567 - ERROR - Unknown Exceptions for Bird-Tenerife Blue Chaffinch
2022-04-05 23:03:13,166 - ERROR - Unknown Exceptions for Bird-Gran Canaria Blue Chaffinch
2022-04-05 23:03:27,295 - ERROR - Unknown Exceptions for Bird-Brambling
2022-04-05 23:03:40,222 - ERROR - Unknown Exceptions for Bird-Yellow-collared Chlorophonia
2022-04-05 23:03:52,752 - ERROR - Unknown Exceptions for Bird-Blue-naped Chlorophonia
2022-04-05 23:04:06,061 - ERROR - Unknown Exceptions for Bird-Chestnut-breasted Chlorophonia
2022-04-05 23:04:19,330 - ERROR - Unknown Exceptions for Bird-Blue-crowned Chlorophonia
2022-04-05 23:04:33,832 - ERROR - Unknown Exceptions for Bird-Golden-browed Chlorophonia
2022-04-05 23:04:47,127 - ERROR - Unknown Exceptions for Bird-Jamaican Euphonia
2022-04-05 23:05:00,629 - ERROR - Unknown Exceptions for Bird-Plumbeous Euphonia
2022-04-05 23:05:13,499 - ERROR - Unknown Exceptions for Bird-Scrub Euphonia
2022-04-05 23:05:30,058 - ERROR - Unknown Exceptions for Bird-Yellow-crowned Euphonia
2022-04-05 23:05:44,991 - ERROR - Unknown Exceptions for Bird-Purple-throated Euphonia
2022-04-05 23:05:59,476 - ERROR - Unknown Exceptions for Bird-Trinidad Euphonia
2022-04-05 23:06:15,870 - ERROR - Unknown Exceptions for Bird-Velvet-fronted Euphonia
2022-04-05 23:06:29,627 - ERROR - Unknown Exceptions for Bird-Orange-crowned Euphonia
2022-04-05 23:06:43,058 - ERROR - Unknown Exceptions for Bird-Finsch's Euphonia
2022-04-05 23:06:56,188 - ERROR - Unknown Exceptions for Bird-Violaceous Euphonia
2022-04-05 23:07:13,544 - ERROR - Unknown Exceptions for Bird-Thick-billed Euphonia
2022-04-05 23:07:26,573 - ERROR - Unknown Exceptions for Bird-Yellow-throated Euphonia
2022-04-05 23:07:39,146 - ERROR - Unknown Exceptions for Bird-Green-throated Euphonia
2022-04-05 23:07:51,698 - ERROR - Unknown Exceptions for Bird-Elegant Euphonia
2022-04-05 23:08:05,525 - ERROR - Unknown Exceptions for Bird-Golden-rumped Euphonia
2022-04-05 23:08:19,337 - ERROR - Unknown Exceptions for Bird-Hispaniolan Euphonia
2022-04-05 23:08:31,761 - ERROR - Unknown Exceptions for Bird-Puerto Rican Euphonia
2022-04-05 23:08:43,804 - ERROR - Unknown Exceptions for Bird-Lesser Antillean Euphonia
2022-04-05 23:08:56,015 - ERROR - Unknown Exceptions for Bird-Fulvous-vented Euphonia
2022-04-05 23:09:08,356 - ERROR - Unknown Exceptions for Bird-Spot-crowned Euphonia
2022-04-05 23:09:21,032 - ERROR - Unknown Exceptions for Bird-Olive-backed Euphonia
2022-04-05 23:09:33,273 - ERROR - Unknown Exceptions for Bird-White-lored Euphonia
2022-04-05 23:09:45,406 - ERROR - Unknown Exceptions for Bird-Bronze-green Euphonia
2022-04-05 23:09:58,095 - ERROR - Unknown Exceptions for Bird-White-vented Euphonia
2022-04-05 23:10:14,478 - ERROR - Unknown Exceptions for Bird-Tawny-capped Euphonia
2022-04-05 23:10:26,090 - ERROR - Unknown Exceptions for Bird-Orange-bellied Euphonia
2022-04-05 23:10:38,563 - ERROR - Unknown Exceptions for Bird-Rufous-bellied Euphonia
2022-04-05 23:10:51,031 - ERROR - Unknown Exceptions for Bird-Chestnut-bellied Euphonia
2022-04-05 23:11:04,271 - ERROR - Unknown Exceptions for Bird-Golden-sided Euphonia
2022-04-05 23:11:17,323 - ERROR - Unknown Exceptions for Bird-Black-and-yellow Grosbeak
2022-04-05 23:11:29,552 - ERROR - Unknown Exceptions for Bird-Collared Grosbeak
2022-04-05 23:11:41,529 - ERROR - Unknown Exceptions for Bird-Spot-winged Grosbeak
2022-04-05 23:11:53,033 - ERROR - Unknown Exceptions for Bird-White-winged Grosbeak
2022-04-05 23:12:07,573 - ERROR - Unknown Exceptions for Bird-Evening Grosbeak
2022-04-05 23:12:21,015 - ERROR - Unknown Exceptions for Bird-Hooded Grosbeak
2022-04-05 23:12:33,463 - ERROR - Unknown Exceptions for Bird-Hawfinch
2022-04-05 23:12:46,425 - ERROR - Unknown Exceptions for Bird-Chinese Grosbeak
2022-04-05 23:12:59,566 - ERROR - Unknown Exceptions for Bird-Japanese Grosbeak
2022-04-05 23:13:12,373 - ERROR - Unknown Exceptions for Bird-Poo-uli
2022-04-05 23:13:24,518 - ERROR - Unknown Exceptions for Bird-Oahu Alauahio
2022-04-05 23:13:36,530 - ERROR - Unknown Exceptions for Bird-Kakawahie
2022-04-05 23:13:49,809 - ERROR - Unknown Exceptions for Bird-Maui Alauahio
2022-04-05 23:14:02,286 - ERROR - Unknown Exceptions for Bird-Akikiki
2022-04-05 23:14:15,359 - ERROR - Unknown Exceptions for Bird-Laysan Finch
2022-04-05 23:14:27,352 - ERROR - Unknown Exceptions for Bird-Nihoa Finch
2022-04-05 23:14:39,077 - ERROR - Unknown Exceptions for Bird-Greater Koa-finch
2022-04-05 23:14:51,419 - ERROR - Unknown Exceptions for Bird-Lesser Koa-finch
2022-04-05 23:15:03,678 - ERROR - Unknown Exceptions for Bird-Kona Grosbeak
2022-04-05 23:15:16,560 - ERROR - Unknown Exceptions for Bird-Palila
2022-04-05 23:15:29,934 - ERROR - Unknown Exceptions for Bird-Ou
2022-04-05 23:15:42,405 - ERROR - Unknown Exceptions for Bird-Lanai Hookbill
